2023-10-05 11:30:39,796 [INFO] ADCParametersView:116 -                Rank 1 : true
2023-10-05 11:30:39,811 [INFO] ADCParametersView:116 -                Rank 1 : true
2023-10-05 11:30:39,812 [INFO] ADCParametersView:116 -                Rank 1 : true
2023-10-05 11:30:39,812 [INFO] ADCParametersView:116 -                Rank 1 : true
2023-10-05 11:30:39,812 [INFO] ADCParametersView:116 -                Rank 1 : true
2023-10-05 11:30:39,812 [INFO] ADCParametersView:116 -                Rank 1 : true
2023-10-05 11:30:39,812 [INFO] ADCParametersView:116 -                Rank 1 : true
2023-10-05 11:30:39,812 [INFO] ADCParametersView:116 -                Rank 1 : true
2023-10-05 11:30:39,812 [INFO] ADCParametersView:116 -                Rank 1 : true
2023-10-05 11:30:39,812 [INFO] ADCParametersView:116 -                Rank 1 : true
2023-10-05 11:30:39,812 [INFO] ADCParametersView:116 -                Rank 1 : true
2023-10-05 11:30:39,812 [INFO] ADCParametersView:116 -                Rank 1 : true
2023-10-05 11:30:39,812 [INFO] ADCParametersView:116 -                Rank 1 : true
2023-10-05 11:30:39,813 [INFO] ADCParametersView:116 -                Rank 1 : true
2023-10-05 11:30:39,848 [INFO] ADCParametersView:116 -                Rank 1 : true
2023-10-05 11:30:39,849 [INFO] ADCParametersView:116 -                Rank 1 : true
2023-10-05 11:30:39,850 [INFO] ADCParametersView:116 -                Rank 1 : true
2023-10-05 11:30:39,850 [INFO] ADCParametersView:116 -                Rank 1 : true
2023-10-05 11:30:39,850 [INFO] ADCParametersView:116 -                Rank 1 : true
2023-10-05 11:30:39,850 [INFO] ADCParametersView:116 -                Rank 1 : true
2023-10-05 11:30:39,850 [INFO] ADCParametersView:116 -                Rank 1 : true
2023-10-05 11:30:39,850 [INFO] ADCParametersView:116 -                Rank 1 : true
2023-10-05 11:30:39,850 [INFO] ADCParametersView:116 -                Rank 1 : true
2023-10-05 11:30:39,850 [INFO] ADCParametersView:116 -                Rank 1 : true
2023-10-05 11:30:39,850 [INFO] ADCParametersView:116 -                Rank 1 : true
2023-10-05 11:30:39,850 [INFO] ADCParametersView:116 -                Rank 1 : true
2023-10-05 11:30:39,850 [INFO] ADCParametersView:116 -                Rank 1 : true
2023-10-05 11:30:39,850 [INFO] ADCParametersView:116 -                Rank 1 : true
2023-10-05 11:30:39,850 [INFO] ADCParametersView:116 -                Rank 1 : true
2023-10-05 11:30:39,870 [INFO] ADCParametersView:116 -                Rank 1 : true
2023-10-05 11:30:39,871 [INFO] ADCParametersView:116 -                Rank 1 : true
2023-10-05 11:30:39,872 [INFO] ADCParametersView:116 -                Rank 1 : true
2023-10-05 11:30:39,872 [INFO] ADCParametersView:116 -                Rank 1 : true
2023-10-05 11:30:39,872 [INFO] ADCParametersView:116 -                Rank 1 : true
2023-10-05 11:30:39,872 [INFO] ADCParametersView:116 -                Rank 1 : true
2023-10-05 11:30:39,872 [INFO] ADCParametersView:116 -                Rank 1 : true
2023-10-05 11:30:39,872 [INFO] ADCParametersView:116 -                Rank 1 : true
2023-10-05 11:30:39,872 [INFO] ADCParametersView:116 -                Rank 1 : true
2023-10-05 11:30:39,872 [INFO] ADCParametersView:116 -                Rank 1 : true
2023-10-05 11:30:39,872 [INFO] ADCParametersView:116 -                Rank 1 : true
2023-10-05 11:30:39,872 [INFO] ADCParametersView:116 -                Rank 1 : true
2023-10-05 11:30:39,872 [INFO] ADCParametersView:116 -                Rank 1 : true
2023-10-05 11:30:39,872 [INFO] ADCParametersView:116 -                Rank 1 : true
2023-10-05 11:30:39,872 [INFO] ADCParametersView:116 -                Rank 1 : true
2023-10-05 11:30:39,890 [INFO] ADCParametersView:116 -                Rank 1 : true
2023-10-05 11:30:39,892 [INFO] ADCParametersView:116 -                Rank 1 : true
2023-10-05 11:30:39,892 [INFO] ADCParametersView:116 -                Rank 1 : true
2023-10-05 11:30:39,892 [INFO] ADCParametersView:116 -                Rank 1 : true
2023-10-05 11:30:39,892 [INFO] ADCParametersView:116 -                Rank 1 : true
2023-10-05 11:30:39,893 [INFO] ADCParametersView:116 -                Rank 1 : true
2023-10-05 11:30:39,893 [INFO] ADCParametersView:116 -                Rank 1 : true
2023-10-05 11:30:39,893 [INFO] ADCParametersView:116 -                Rank 1 : true
2023-10-05 11:30:39,893 [INFO] ADCParametersView:116 -                Rank 1 : true
2023-10-05 11:30:39,893 [INFO] ADCParametersView:116 -                Rank 1 : true
2023-10-05 11:30:39,893 [INFO] ADCParametersView:116 -                Rank 1 : true
2023-10-05 11:30:39,893 [INFO] ADCParametersView:116 -                Rank 1 : true
2023-10-05 11:30:39,893 [INFO] ADCParametersView:116 -                Rank 1 : true
2023-10-05 11:30:39,893 [INFO] ADCParametersView:116 -                Rank 1 : true
2023-10-05 11:30:39,893 [INFO] ADCParametersView:116 -                Rank 1 : true
2023-10-05 11:30:39,914 [INFO] ADCParametersView:116 -                Rank 1 : true
2023-10-05 11:30:47,344 [INFO] SpinnerEditorADC:65 - is string kkkk
2023-10-05 11:31:23,575 [INFO] NvicIntPanel:101 - NVIC parent = com.st.microxplorer.plugins.ip.nvic.MultiNvicIntPanel[,0,0,0x0,invalid,layout=javax.swing.BoxLayout,alignmentX=0.0,alignmentY=0.0,border=,flags=9,maximumSize=,minimumSize=,preferredSize=]
2023-10-05 11:31:23,654 [INFO] NvicIntPanel:101 - NVIC parent = com.st.microxplorer.plugins.ip.nvic.MultiNvicIntPanel[,0,0,0x0,invalid,layout=javax.swing.BoxLayout,alignmentX=0.0,alignmentY=0.0,border=,flags=9,maximumSize=,minimumSize=,preferredSize=]
2023-10-05 11:31:23,747 [INFO] NvicIntPanel:101 - NVIC parent = com.st.microxplorer.plugins.ip.nvic.MultiNvicIntPanel[,0,0,0x0,invalid,layout=javax.swing.BoxLayout,alignmentX=0.0,alignmentY=0.0,border=,flags=9,maximumSize=,minimumSize=,preferredSize=]
2023-10-05 11:31:23,821 [INFO] NvicIntPanel:101 - NVIC parent = com.st.microxplorer.plugins.ip.nvic.MultiNvicIntPanel[,0,0,0x0,invalid,layout=javax.swing.BoxLayout,alignmentX=0.0,alignmentY=0.0,border=,flags=9,maximumSize=,minimumSize=,preferredSize=]
2023-10-05 11:31:23,853 [INFO] ADCParametersView:116 -                Rank 1 : true
2023-10-05 11:31:23,855 [INFO] ADCParametersView:116 -                Rank 1 : true
2023-10-05 11:31:23,855 [INFO] ADCParametersView:116 -                Rank 1 : true
2023-10-05 11:31:23,855 [INFO] ADCParametersView:116 -                Rank 1 : true
2023-10-05 11:31:23,855 [INFO] ADCParametersView:116 -                Rank 1 : true
2023-10-05 11:31:23,855 [INFO] ADCParametersView:116 -                Rank 1 : true
2023-10-05 11:31:23,855 [INFO] ADCParametersView:116 -                Rank 1 : true
2023-10-05 11:31:23,856 [INFO] ADCParametersView:116 -                Rank 1 : true
2023-10-05 11:31:23,856 [INFO] ADCParametersView:116 -                Rank 1 : true
2023-10-05 11:31:23,856 [INFO] ADCParametersView:116 -                Rank 1 : true
2023-10-05 11:31:23,856 [INFO] ADCParametersView:116 -                Rank 1 : true
2023-10-05 11:31:23,856 [INFO] ADCParametersView:116 -                Rank 1 : true
2023-10-05 11:31:23,856 [INFO] ADCParametersView:116 -                Rank 1 : true
2023-10-05 11:31:23,856 [INFO] ADCParametersView:116 -                Rank 1 : true
2023-10-05 11:31:23,883 [INFO] ADCParametersView:116 -                Rank 1 : true
2023-10-05 11:31:23,883 [INFO] ADCParametersView:116 -                Rank 1 : true
2023-10-05 11:31:23,883 [INFO] ADCParametersView:116 -        *      Rank 2 : false
2023-10-05 11:31:32,805 [INFO] ADCParametersView:116 -                Rank 1 : true
2023-10-05 11:31:32,805 [INFO] ADCParametersView:116 -        *      Rank 2 : true
2023-10-05 11:31:43,618 [INFO] NvicIntPanel:101 - NVIC parent = com.st.microxplorer.plugins.ip.nvic.MultiNvicIntPanel[,0,0,0x0,invalid,layout=javax.swing.BoxLayout,alignmentX=0.0,alignmentY=0.0,border=,flags=9,maximumSize=,minimumSize=,preferredSize=]
2023-10-05 11:31:43,659 [INFO] ADCParametersView:116 -                Rank 1 : true
2023-10-05 11:31:43,660 [INFO] ADCParametersView:116 -        *      Rank 2 : true
2023-10-05 11:31:43,662 [INFO] ADCParametersView:116 -                Rank 1 : true
2023-10-05 11:31:43,662 [INFO] ADCParametersView:116 -        *      Rank 2 : true
2023-10-05 11:31:43,662 [INFO] ADCParametersView:116 -                Rank 1 : true
2023-10-05 11:31:43,662 [INFO] ADCParametersView:116 -        *      Rank 2 : true
2023-10-05 11:31:43,662 [INFO] ADCParametersView:116 -                Rank 1 : true
2023-10-05 11:31:43,662 [INFO] ADCParametersView:116 -        *      Rank 2 : true
2023-10-05 11:31:43,662 [INFO] ADCParametersView:116 -                Rank 1 : true
2023-10-05 11:31:43,662 [INFO] ADCParametersView:116 -        *      Rank 2 : true
2023-10-05 11:31:43,662 [INFO] ADCParametersView:116 -                Rank 1 : true
2023-10-05 11:31:43,662 [INFO] ADCParametersView:116 -        *      Rank 2 : true
2023-10-05 11:31:43,662 [INFO] ADCParametersView:116 -                Rank 1 : true
2023-10-05 11:31:43,662 [INFO] ADCParametersView:116 -        *      Rank 2 : true
2023-10-05 11:31:43,663 [INFO] ADCParametersView:116 -                Rank 1 : true
2023-10-05 11:31:43,663 [INFO] ADCParametersView:116 -        *      Rank 2 : true
2023-10-05 11:31:43,663 [INFO] ADCParametersView:116 -                Rank 1 : true
2023-10-05 11:31:43,663 [INFO] ADCParametersView:116 -        *      Rank 2 : true
2023-10-05 11:31:43,663 [INFO] ADCParametersView:116 -                Rank 1 : true
2023-10-05 11:31:43,663 [INFO] ADCParametersView:116 -        *      Rank 2 : true
2023-10-05 11:31:43,663 [INFO] ADCParametersView:116 -                Rank 1 : true
2023-10-05 11:31:43,663 [INFO] ADCParametersView:116 -        *      Rank 2 : true
2023-10-05 11:31:43,670 [INFO] ADCParametersView:116 -                Rank 1 : true
2023-10-05 11:31:43,670 [INFO] ADCParametersView:116 -        *      Rank 2 : true
2023-10-05 11:31:43,670 [INFO] ADCParametersView:116 -                Rank 1 : true
2023-10-05 11:31:43,670 [INFO] ADCParametersView:116 -        *      Rank 2 : true
2023-10-05 11:31:43,670 [INFO] ADCParametersView:116 -                Rank 1 : true
2023-10-05 11:31:43,670 [INFO] ADCParametersView:116 -        *      Rank 2 : true
2023-10-05 11:31:43,671 [INFO] ADCParametersView:116 -        *      Rank 2 : true
2023-10-05 11:31:43,693 [INFO] ADCParametersView:116 -                Rank 1 : true
2023-10-05 11:31:43,693 [INFO] ADCParametersView:116 -                Rank 1 : true
2023-10-05 11:31:43,693 [INFO] ADCParametersView:116 -                Rank 2 : true
2023-10-05 11:32:15,119 [INFO] SpinnerEditorADC:65 - is string kkkk
2023-10-05 11:32:18,239 [INFO] NvicIntPanel:101 - NVIC parent = com.st.microxplorer.plugins.ip.nvic.MultiNvicIntPanel[,0,0,0x0,invalid,layout=javax.swing.BoxLayout,alignmentX=0.0,alignmentY=0.0,border=,flags=9,maximumSize=,minimumSize=,preferredSize=]
2023-10-05 11:32:18,281 [INFO] ADCParametersView:116 -                Rank 1 : true
2023-10-05 11:32:18,309 [INFO] ADCParametersView:116 -                Rank 2 : true
2023-10-05 11:32:18,311 [INFO] ADCParametersView:116 -                Rank 1 : true
2023-10-05 11:32:18,311 [INFO] ADCParametersView:116 -                Rank 2 : true
2023-10-05 11:32:18,311 [INFO] ADCParametersView:116 -                Rank 1 : true
2023-10-05 11:32:18,311 [INFO] ADCParametersView:116 -                Rank 2 : true
2023-10-05 11:32:18,311 [INFO] ADCParametersView:116 -                Rank 1 : true
2023-10-05 11:32:18,311 [INFO] ADCParametersView:116 -                Rank 2 : true
2023-10-05 11:32:18,311 [INFO] ADCParametersView:116 -                Rank 1 : true
2023-10-05 11:32:18,311 [INFO] ADCParametersView:116 -                Rank 2 : true
2023-10-05 11:32:18,311 [INFO] ADCParametersView:116 -                Rank 1 : true
2023-10-05 11:32:18,311 [INFO] ADCParametersView:116 -                Rank 2 : true
2023-10-05 11:32:18,311 [INFO] ADCParametersView:116 -                Rank 1 : true
2023-10-05 11:32:18,311 [INFO] ADCParametersView:116 -                Rank 2 : true
2023-10-05 11:32:18,311 [INFO] ADCParametersView:116 -                Rank 1 : true
2023-10-05 11:32:18,311 [INFO] ADCParametersView:116 -                Rank 2 : true
2023-10-05 11:32:18,311 [INFO] ADCParametersView:116 -                Rank 1 : true
2023-10-05 11:32:18,313 [INFO] ADCParametersView:116 -                Rank 2 : true
2023-10-05 11:32:18,313 [INFO] ADCParametersView:116 -                Rank 1 : true
2023-10-05 11:32:18,313 [INFO] ADCParametersView:116 -                Rank 2 : true
2023-10-05 11:32:18,313 [INFO] ADCParametersView:116 -                Rank 1 : true
2023-10-05 11:32:18,313 [INFO] ADCParametersView:116 -                Rank 2 : true
2023-10-05 11:32:18,313 [INFO] ADCParametersView:116 -                Rank 1 : true
2023-10-05 11:32:18,313 [INFO] ADCParametersView:116 -                Rank 2 : true
2023-10-05 11:32:18,313 [INFO] ADCParametersView:116 -                Rank 1 : true
2023-10-05 11:32:18,313 [INFO] ADCParametersView:116 -                Rank 2 : true
2023-10-05 11:32:18,313 [INFO] ADCParametersView:116 -                Rank 1 : true
2023-10-05 11:32:18,313 [INFO] ADCParametersView:116 -                Rank 2 : true
2023-10-05 11:32:18,313 [INFO] ADCParametersView:116 -                Rank 2 : true
2023-10-05 11:32:18,328 [INFO] ADCParametersView:116 -                Rank 1 : true
2023-10-05 11:32:18,330 [INFO] SpinnerEditorADC:65 - is string kkkk
2023-10-05 11:32:18,361 [INFO] ADCParametersView:116 -                Rank 1 : true
2023-10-05 11:32:18,362 [INFO] ADCParametersView:116 -                Rank 1 : true
2023-10-05 11:32:18,362 [INFO] ADCParametersView:116 -                Rank 1 : true
2023-10-05 11:32:18,362 [INFO] ADCParametersView:116 -                Rank 1 : true
2023-10-05 11:32:18,362 [INFO] ADCParametersView:116 -                Rank 1 : true
2023-10-05 11:32:18,362 [INFO] ADCParametersView:116 -                Rank 1 : true
2023-10-05 11:32:18,362 [INFO] ADCParametersView:116 -                Rank 1 : true
2023-10-05 11:32:18,362 [INFO] ADCParametersView:116 -                Rank 1 : true
2023-10-05 11:32:18,362 [INFO] ADCParametersView:116 -                Rank 1 : true
2023-10-05 11:32:18,362 [INFO] ADCParametersView:116 -                Rank 1 : true
2023-10-05 11:32:18,362 [INFO] ADCParametersView:116 -                Rank 1 : true
2023-10-05 11:32:18,362 [INFO] ADCParametersView:116 -                Rank 1 : true
2023-10-05 11:32:18,362 [INFO] ADCParametersView:116 -                Rank 1 : true
2023-10-05 11:32:18,362 [INFO] ADCParametersView:116 -                Rank 1 : true
2023-10-05 11:32:18,382 [INFO] ADCParametersView:116 -                Rank 1 : true
2023-10-05 11:33:01,664 [INFO] ADCParametersView:116 -                Rank 1 : true
2023-10-05 11:33:01,665 [INFO] ADCParametersView:116 -                Rank 1 : true
2023-10-05 11:33:01,665 [INFO] ADCParametersView:116 -                Rank 1 : true
2023-10-05 11:33:01,665 [INFO] ADCParametersView:116 -                Rank 1 : true
2023-10-05 11:33:01,665 [INFO] ADCParametersView:116 -                Rank 1 : true
2023-10-05 11:33:01,665 [INFO] ADCParametersView:116 -                Rank 1 : true
2023-10-05 11:33:01,665 [INFO] ADCParametersView:116 -                Rank 1 : true
2023-10-05 11:33:01,665 [INFO] ADCParametersView:116 -                Rank 1 : true
2023-10-05 11:33:01,665 [INFO] ADCParametersView:116 -                Rank 1 : true
2023-10-05 11:33:01,665 [INFO] ADCParametersView:116 -                Rank 1 : true
2023-10-05 11:33:01,665 [INFO] ADCParametersView:116 -                Rank 1 : true
2023-10-05 11:33:01,665 [INFO] ADCParametersView:116 -                Rank 1 : true
2023-10-05 11:33:01,665 [INFO] ADCParametersView:116 -                Rank 1 : true
2023-10-05 11:33:01,665 [INFO] ADCParametersView:116 -                Rank 1 : true
2023-10-05 11:33:01,683 [INFO] ADCParametersView:116 -                Rank 1 : true
2023-10-05 11:33:01,709 [INFO] ADCParametersView:116 -                Rank 1 : true
2023-10-05 11:33:01,710 [INFO] ADCParametersView:116 -                Rank 1 : true
2023-10-05 11:33:01,710 [INFO] ADCParametersView:116 -                Rank 1 : true
2023-10-05 11:33:01,710 [INFO] ADCParametersView:116 -                Rank 1 : true
2023-10-05 11:33:01,710 [INFO] ADCParametersView:116 -                Rank 1 : true
2023-10-05 11:33:01,710 [INFO] ADCParametersView:116 -                Rank 1 : true
2023-10-05 11:33:01,710 [INFO] ADCParametersView:116 -                Rank 1 : true
2023-10-05 11:33:01,711 [INFO] ADCParametersView:116 -                Rank 1 : true
2023-10-05 11:33:01,711 [INFO] ADCParametersView:116 -                Rank 1 : true
2023-10-05 11:33:01,711 [INFO] ADCParametersView:116 -                Rank 1 : true
2023-10-05 11:33:01,711 [INFO] ADCParametersView:116 -                Rank 1 : true
2023-10-05 11:33:01,711 [INFO] ADCParametersView:116 -                Rank 1 : true
2023-10-05 11:33:01,711 [INFO] ADCParametersView:116 -                Rank 1 : true
2023-10-05 11:33:01,711 [INFO] ADCParametersView:116 -                Rank 1 : true
2023-10-05 11:33:01,734 [INFO] ADCParametersView:116 -                Rank 1 : true
2023-10-05 11:33:01,829 [INFO] ADCParametersView:116 -                Rank 1 : true
2023-10-05 11:33:01,830 [INFO] ADCParametersView:116 -                Rank 1 : true
2023-10-05 11:33:01,830 [INFO] ADCParametersView:116 -                Rank 1 : true
2023-10-05 11:33:01,831 [INFO] ADCParametersView:116 -                Rank 1 : true
2023-10-05 11:33:01,831 [INFO] ADCParametersView:116 -                Rank 1 : true
2023-10-05 11:33:01,831 [INFO] ADCParametersView:116 -                Rank 1 : true
2023-10-05 11:33:01,831 [INFO] ADCParametersView:116 -                Rank 1 : true
2023-10-05 11:33:01,831 [INFO] ADCParametersView:116 -                Rank 1 : true
2023-10-05 11:33:01,831 [INFO] ADCParametersView:116 -                Rank 1 : true
2023-10-05 11:33:01,831 [INFO] ADCParametersView:116 -                Rank 1 : true
2023-10-05 11:33:01,831 [INFO] ADCParametersView:116 -                Rank 1 : true
2023-10-05 11:33:01,831 [INFO] ADCParametersView:116 -                Rank 1 : true
2023-10-05 11:33:01,831 [INFO] ADCParametersView:116 -                Rank 1 : true
2023-10-05 11:33:01,831 [INFO] ADCParametersView:116 -                Rank 1 : true
2023-10-05 11:33:01,858 [INFO] ADCParametersView:116 -                Rank 1 : true
2023-10-05 11:33:01,895 [INFO] ADCParametersView:116 -                Rank 1 : true
2023-10-05 11:33:01,896 [INFO] ADCParametersView:116 -                Rank 1 : true
2023-10-05 11:33:01,897 [INFO] ADCParametersView:116 -                Rank 1 : true
2023-10-05 11:33:01,897 [INFO] ADCParametersView:116 -                Rank 1 : true
2023-10-05 11:33:01,897 [INFO] ADCParametersView:116 -                Rank 1 : true
2023-10-05 11:33:01,897 [INFO] ADCParametersView:116 -                Rank 1 : true
2023-10-05 11:33:01,897 [INFO] ADCParametersView:116 -                Rank 1 : true
2023-10-05 11:33:01,897 [INFO] ADCParametersView:116 -                Rank 1 : true
2023-10-05 11:33:01,897 [INFO] ADCParametersView:116 -                Rank 1 : true
2023-10-05 11:33:01,897 [INFO] ADCParametersView:116 -                Rank 1 : true
2023-10-05 11:33:01,897 [INFO] ADCParametersView:116 -                Rank 1 : true
2023-10-05 11:33:01,897 [INFO] ADCParametersView:116 -                Rank 1 : true
2023-10-05 11:33:01,897 [INFO] ADCParametersView:116 -                Rank 1 : true
2023-10-05 11:33:01,897 [INFO] ADCParametersView:116 -                Rank 1 : true
2023-10-05 11:33:01,919 [INFO] ADCParametersView:116 -                Rank 1 : true
2023-10-05 11:34:17,057 [INFO] ADCParametersView:116 -                Rank 1 : true
2023-10-05 11:34:17,058 [INFO] ADCParametersView:116 -                Rank 1 : true
2023-10-05 11:34:17,058 [INFO] ADCParametersView:116 -                Rank 1 : true
2023-10-05 11:34:17,058 [INFO] ADCParametersView:116 -                Rank 1 : true
2023-10-05 11:34:17,058 [INFO] ADCParametersView:116 -                Rank 1 : true
2023-10-05 11:34:17,058 [INFO] ADCParametersView:116 -                Rank 1 : true
2023-10-05 11:34:17,058 [INFO] ADCParametersView:116 -                Rank 1 : true
2023-10-05 11:34:17,058 [INFO] ADCParametersView:116 -                Rank 1 : true
2023-10-05 11:34:17,058 [INFO] ADCParametersView:116 -                Rank 1 : true
2023-10-05 11:34:17,058 [INFO] ADCParametersView:116 -                Rank 1 : true
2023-10-05 11:34:17,058 [INFO] ADCParametersView:116 -                Rank 1 : true
2023-10-05 11:34:17,058 [INFO] ADCParametersView:116 -                Rank 1 : true
2023-10-05 11:34:17,058 [INFO] ADCParametersView:116 -                Rank 1 : true
2023-10-05 11:34:17,058 [INFO] ADCParametersView:116 -                Rank 1 : true
2023-10-05 11:34:17,074 [INFO] ADCParametersView:116 -                Rank 1 : true
2023-10-05 11:34:32,494 [INFO] SpinnerEditorADC:65 - is string kkkk
2023-10-05 11:34:38,335 [INFO] ADCParametersView:116 -                Rank 1 : true
2023-10-05 11:34:38,338 [INFO] ADCParametersView:116 -                Rank 1 : true
2023-10-05 11:34:38,338 [INFO] ADCParametersView:116 -                Rank 1 : true
2023-10-05 11:34:38,338 [INFO] ADCParametersView:116 -                Rank 1 : true
2023-10-05 11:34:38,338 [INFO] ADCParametersView:116 -                Rank 1 : true
2023-10-05 11:34:38,338 [INFO] ADCParametersView:116 -                Rank 1 : true
2023-10-05 11:34:38,338 [INFO] ADCParametersView:116 -                Rank 1 : true
2023-10-05 11:34:38,338 [INFO] ADCParametersView:116 -                Rank 1 : true
2023-10-05 11:34:38,338 [INFO] ADCParametersView:116 -                Rank 1 : true
2023-10-05 11:34:38,338 [INFO] ADCParametersView:116 -                Rank 1 : true
2023-10-05 11:34:38,338 [INFO] ADCParametersView:116 -                Rank 1 : true
2023-10-05 11:34:38,338 [INFO] ADCParametersView:116 -                Rank 1 : true
2023-10-05 11:34:38,338 [INFO] ADCParametersView:116 -                Rank 1 : true
2023-10-05 11:34:38,338 [INFO] ADCParametersView:116 -                Rank 1 : true
2023-10-05 11:34:38,346 [INFO] ADCParametersView:116 -                Rank 1 : true
2023-10-05 11:34:38,346 [INFO] ADCParametersView:116 -                Rank 1 : true
2023-10-05 11:34:38,346 [INFO] ADCParametersView:116 -        *      Rank 2 : false
2023-10-05 11:34:38,361 [INFO] ADCParametersView:116 -                Rank 1 : true
2023-10-05 11:34:38,361 [INFO] ADCParametersView:116 -        *      Rank 2 : false
2023-10-05 11:34:38,361 [INFO] ADCParametersView:116 -                Rank 1 : true
2023-10-05 11:34:38,361 [INFO] ADCParametersView:116 -        *      Rank 2 : false
2023-10-05 11:34:38,361 [INFO] ADCParametersView:116 -                Rank 1 : true
2023-10-05 11:34:38,361 [INFO] ADCParametersView:116 -        *      Rank 2 : false
2023-10-05 11:34:38,362 [INFO] ADCParametersView:116 -                Rank 1 : true
2023-10-05 11:34:38,362 [INFO] ADCParametersView:116 -        *      Rank 2 : false
2023-10-05 11:34:38,362 [INFO] ADCParametersView:116 -                Rank 1 : true
2023-10-05 11:34:38,362 [INFO] ADCParametersView:116 -        *      Rank 2 : false
2023-10-05 11:34:38,362 [INFO] ADCParametersView:116 -                Rank 1 : true
2023-10-05 11:34:38,362 [INFO] ADCParametersView:116 -        *      Rank 2 : false
2023-10-05 11:34:38,362 [INFO] ADCParametersView:116 -                Rank 1 : true
2023-10-05 11:34:38,362 [INFO] ADCParametersView:116 -        *      Rank 2 : false
2023-10-05 11:34:38,362 [INFO] ADCParametersView:116 -                Rank 1 : true
2023-10-05 11:34:38,362 [INFO] ADCParametersView:116 -        *      Rank 2 : false
2023-10-05 11:34:38,362 [INFO] ADCParametersView:116 -                Rank 1 : true
2023-10-05 11:34:38,362 [INFO] ADCParametersView:116 -        *      Rank 2 : false
2023-10-05 11:34:38,362 [INFO] ADCParametersView:116 -                Rank 1 : true
2023-10-05 11:34:38,362 [INFO] ADCParametersView:116 -        *      Rank 2 : false
2023-10-05 11:34:38,362 [INFO] ADCParametersView:116 -                Rank 1 : true
2023-10-05 11:34:38,362 [INFO] ADCParametersView:116 -        *      Rank 2 : false
2023-10-05 11:34:38,362 [INFO] ADCParametersView:116 -                Rank 1 : true
2023-10-05 11:34:38,362 [INFO] ADCParametersView:116 -        *      Rank 2 : false
2023-10-05 11:34:38,362 [INFO] ADCParametersView:116 -                Rank 1 : true
2023-10-05 11:34:38,362 [INFO] ADCParametersView:116 -        *      Rank 2 : false
2023-10-05 11:34:38,362 [INFO] ADCParametersView:116 -                Rank 1 : true
2023-10-05 11:34:38,362 [INFO] ADCParametersView:116 -        *      Rank 2 : false
2023-10-05 11:34:38,362 [INFO] ADCParametersView:116 -        *      Rank 2 : false
2023-10-05 11:34:38,369 [INFO] ADCParametersView:116 -                Rank 1 : true
2023-10-05 11:34:38,369 [INFO] ADCParametersView:116 -                Rank 1 : true
2023-10-05 11:34:38,369 [INFO] ADCParametersView:116 -        *      Rank 2 : false
2023-10-05 11:34:38,445 [INFO] NvicIntPanel:101 - NVIC parent = com.st.microxplorer.plugins.ip.nvic.MultiNvicIntPanel[,0,0,0x0,invalid,layout=javax.swing.BoxLayout,alignmentX=0.0,alignmentY=0.0,border=,flags=9,maximumSize=,minimumSize=,preferredSize=]
2023-10-05 11:34:38,518 [INFO] NvicIntPanel:101 - NVIC parent = com.st.microxplorer.plugins.ip.nvic.MultiNvicIntPanel[,0,0,0x0,invalid,layout=javax.swing.BoxLayout,alignmentX=0.0,alignmentY=0.0,border=,flags=9,maximumSize=,minimumSize=,preferredSize=]
2023-10-05 11:34:38,610 [INFO] NvicIntPanel:101 - NVIC parent = com.st.microxplorer.plugins.ip.nvic.MultiNvicIntPanel[,0,0,0x0,invalid,layout=javax.swing.BoxLayout,alignmentX=0.0,alignmentY=0.0,border=,flags=9,maximumSize=,minimumSize=,preferredSize=]
2023-10-05 11:34:38,646 [INFO] ADCParametersView:116 -                Rank 1 : true
2023-10-05 11:34:38,646 [INFO] ADCParametersView:116 -        *      Rank 2 : false
2023-10-05 11:34:38,647 [INFO] ADCParametersView:116 -                Rank 1 : true
2023-10-05 11:34:38,647 [INFO] ADCParametersView:116 -        *      Rank 2 : false
2023-10-05 11:34:38,647 [INFO] ADCParametersView:116 -                Rank 1 : true
2023-10-05 11:34:38,647 [INFO] ADCParametersView:116 -        *      Rank 2 : false
2023-10-05 11:34:38,647 [INFO] ADCParametersView:116 -                Rank 1 : true
2023-10-05 11:34:38,647 [INFO] ADCParametersView:116 -        *      Rank 2 : false
2023-10-05 11:34:38,647 [INFO] ADCParametersView:116 -                Rank 1 : true
2023-10-05 11:34:38,647 [INFO] ADCParametersView:116 -        *      Rank 2 : false
2023-10-05 11:34:38,647 [INFO] ADCParametersView:116 -                Rank 1 : true
2023-10-05 11:34:38,647 [INFO] ADCParametersView:116 -        *      Rank 2 : false
2023-10-05 11:34:38,647 [INFO] ADCParametersView:116 -                Rank 1 : true
2023-10-05 11:34:38,647 [INFO] ADCParametersView:116 -        *      Rank 2 : false
2023-10-05 11:34:38,648 [INFO] ADCParametersView:116 -                Rank 1 : true
2023-10-05 11:34:38,648 [INFO] ADCParametersView:116 -        *      Rank 2 : false
2023-10-05 11:34:38,648 [INFO] ADCParametersView:116 -                Rank 1 : true
2023-10-05 11:34:38,648 [INFO] ADCParametersView:116 -        *      Rank 2 : false
2023-10-05 11:34:38,648 [INFO] ADCParametersView:116 -                Rank 1 : true
2023-10-05 11:34:38,648 [INFO] ADCParametersView:116 -        *      Rank 2 : false
2023-10-05 11:34:38,648 [INFO] ADCParametersView:116 -                Rank 1 : true
2023-10-05 11:34:38,648 [INFO] ADCParametersView:116 -        *      Rank 2 : false
2023-10-05 11:34:38,648 [INFO] ADCParametersView:116 -                Rank 1 : true
2023-10-05 11:34:38,648 [INFO] ADCParametersView:116 -        *      Rank 2 : false
2023-10-05 11:34:38,648 [INFO] ADCParametersView:116 -                Rank 1 : true
2023-10-05 11:34:38,648 [INFO] ADCParametersView:116 -        *      Rank 2 : false
2023-10-05 11:34:38,648 [INFO] ADCParametersView:116 -                Rank 1 : true
2023-10-05 11:34:38,648 [INFO] ADCParametersView:116 -        *      Rank 2 : false
2023-10-05 11:34:38,648 [INFO] ADCParametersView:116 -        *      Rank 2 : false
2023-10-05 11:34:38,669 [INFO] ADCParametersView:116 -                Rank 1 : true
2023-10-05 11:34:38,669 [INFO] ADCParametersView:116 -                Rank 1 : true
2023-10-05 11:34:38,669 [INFO] ADCParametersView:116 -        *      Rank 2 : false
2023-10-05 11:34:38,671 [INFO] SpinnerEditorADC:65 - is string kkkk
2023-10-05 11:34:39,198 [INFO] ADCParametersView:116 -                Rank 1 : true
2023-10-05 11:34:39,198 [INFO] ADCParametersView:116 -        *      Rank 2 : false
2023-10-05 11:34:39,200 [INFO] ADCParametersView:116 -                Rank 1 : true
2023-10-05 11:34:39,200 [INFO] ADCParametersView:116 -        *      Rank 2 : false
2023-10-05 11:34:39,200 [INFO] ADCParametersView:116 -                Rank 1 : true
2023-10-05 11:34:39,200 [INFO] ADCParametersView:116 -        *      Rank 2 : false
2023-10-05 11:34:39,200 [INFO] ADCParametersView:116 -                Rank 1 : true
2023-10-05 11:34:39,200 [INFO] ADCParametersView:116 -        *      Rank 2 : false
2023-10-05 11:34:39,200 [INFO] ADCParametersView:116 -                Rank 1 : true
2023-10-05 11:34:39,200 [INFO] ADCParametersView:116 -        *      Rank 2 : false
2023-10-05 11:34:39,200 [INFO] ADCParametersView:116 -                Rank 1 : true
2023-10-05 11:34:39,200 [INFO] ADCParametersView:116 -        *      Rank 2 : false
2023-10-05 11:34:39,200 [INFO] ADCParametersView:116 -                Rank 1 : true
2023-10-05 11:34:39,200 [INFO] ADCParametersView:116 -        *      Rank 2 : false
2023-10-05 11:34:39,200 [INFO] ADCParametersView:116 -                Rank 1 : true
2023-10-05 11:34:39,200 [INFO] ADCParametersView:116 -        *      Rank 2 : false
2023-10-05 11:34:39,200 [INFO] ADCParametersView:116 -                Rank 1 : true
2023-10-05 11:34:39,200 [INFO] ADCParametersView:116 -        *      Rank 2 : false
2023-10-05 11:34:39,200 [INFO] ADCParametersView:116 -                Rank 1 : true
2023-10-05 11:34:39,200 [INFO] ADCParametersView:116 -        *      Rank 2 : false
2023-10-05 11:34:39,200 [INFO] ADCParametersView:116 -                Rank 1 : true
2023-10-05 11:34:39,200 [INFO] ADCParametersView:116 -        *      Rank 2 : false
2023-10-05 11:34:39,200 [INFO] ADCParametersView:116 -                Rank 1 : true
2023-10-05 11:34:39,200 [INFO] ADCParametersView:116 -        *      Rank 2 : false
2023-10-05 11:34:39,200 [INFO] ADCParametersView:116 -                Rank 1 : true
2023-10-05 11:34:39,200 [INFO] ADCParametersView:116 -        *      Rank 2 : false
2023-10-05 11:34:39,200 [INFO] ADCParametersView:116 -                Rank 1 : true
2023-10-05 11:34:39,200 [INFO] ADCParametersView:116 -        *      Rank 2 : false
2023-10-05 11:34:39,200 [INFO] ADCParametersView:116 -        *      Rank 2 : false
2023-10-05 11:34:39,217 [INFO] ADCParametersView:116 -                Rank 1 : true
2023-10-05 11:34:39,217 [INFO] ADCParametersView:116 -                Rank 1 : true
2023-10-05 11:34:39,217 [INFO] ADCParametersView:116 -                Rank 2 : false
2023-10-05 11:34:45,188 [INFO] ADCParametersView:116 -                Rank 1 : true
2023-10-05 11:34:45,189 [INFO] ADCParametersView:116 -                Rank 2 : true
2023-10-05 11:34:48,195 [INFO] NvicIntPanel:101 - NVIC parent = com.st.microxplorer.plugins.ip.nvic.MultiNvicIntPanel[,0,0,0x0,invalid,layout=javax.swing.BoxLayout,alignmentX=0.0,alignmentY=0.0,border=,flags=9,maximumSize=,minimumSize=,preferredSize=]
2023-10-05 11:34:48,234 [INFO] ADCParametersView:116 -                Rank 1 : true
2023-10-05 11:34:48,234 [INFO] ADCParametersView:116 -                Rank 2 : true
2023-10-05 11:34:48,236 [INFO] ADCParametersView:116 -                Rank 1 : true
2023-10-05 11:34:48,236 [INFO] ADCParametersView:116 -                Rank 2 : true
2023-10-05 11:34:48,236 [INFO] ADCParametersView:116 -                Rank 1 : true
2023-10-05 11:34:48,236 [INFO] ADCParametersView:116 -                Rank 2 : true
2023-10-05 11:34:48,236 [INFO] ADCParametersView:116 -                Rank 1 : true
2023-10-05 11:34:48,236 [INFO] ADCParametersView:116 -                Rank 2 : true
2023-10-05 11:34:48,236 [INFO] ADCParametersView:116 -                Rank 1 : true
2023-10-05 11:34:48,236 [INFO] ADCParametersView:116 -                Rank 2 : true
2023-10-05 11:34:48,237 [INFO] ADCParametersView:116 -                Rank 1 : true
2023-10-05 11:34:48,237 [INFO] ADCParametersView:116 -                Rank 2 : true
2023-10-05 11:34:48,237 [INFO] ADCParametersView:116 -                Rank 1 : true
2023-10-05 11:34:48,237 [INFO] ADCParametersView:116 -                Rank 2 : true
2023-10-05 11:34:48,237 [INFO] ADCParametersView:116 -                Rank 1 : true
2023-10-05 11:34:48,237 [INFO] ADCParametersView:116 -                Rank 2 : true
2023-10-05 11:34:48,237 [INFO] ADCParametersView:116 -                Rank 1 : true
2023-10-05 11:34:48,237 [INFO] ADCParametersView:116 -                Rank 2 : true
2023-10-05 11:34:48,237 [INFO] ADCParametersView:116 -                Rank 1 : true
2023-10-05 11:34:48,237 [INFO] ADCParametersView:116 -                Rank 2 : true
2023-10-05 11:34:48,237 [INFO] ADCParametersView:116 -                Rank 1 : true
2023-10-05 11:34:48,237 [INFO] ADCParametersView:116 -                Rank 2 : true
2023-10-05 11:34:48,237 [INFO] ADCParametersView:116 -                Rank 1 : true
2023-10-05 11:34:48,237 [INFO] ADCParametersView:116 -                Rank 2 : true
2023-10-05 11:34:48,237 [INFO] ADCParametersView:116 -                Rank 1 : true
2023-10-05 11:34:48,237 [INFO] ADCParametersView:116 -                Rank 2 : true
2023-10-05 11:34:48,237 [INFO] ADCParametersView:116 -                Rank 1 : true
2023-10-05 11:34:48,237 [INFO] ADCParametersView:116 -                Rank 2 : true
2023-10-05 11:34:48,237 [INFO] ADCParametersView:116 -                Rank 2 : true
2023-10-05 11:34:48,256 [INFO] ADCParametersView:116 -                Rank 1 : true
2023-10-05 11:34:48,256 [INFO] ADCParametersView:116 -                Rank 1 : true
2023-10-05 11:34:48,256 [INFO] ADCParametersView:116 -                Rank 2 : true
2023-10-05 11:34:50,584 [INFO] NvicIntPanel:101 - NVIC parent = com.st.microxplorer.plugins.ip.nvic.MultiNvicIntPanel[,0,0,0x0,invalid,layout=javax.swing.BoxLayout,alignmentX=0.0,alignmentY=0.0,border=,flags=9,maximumSize=,minimumSize=,preferredSize=]
2023-10-05 11:34:50,639 [INFO] ADCParametersView:116 -                Rank 1 : true
2023-10-05 11:34:50,640 [INFO] ADCParametersView:116 -                Rank 2 : true
2023-10-05 11:34:50,641 [INFO] ADCParametersView:116 -                Rank 1 : true
2023-10-05 11:34:50,641 [INFO] ADCParametersView:116 -                Rank 2 : true
2023-10-05 11:34:50,641 [INFO] ADCParametersView:116 -                Rank 1 : true
2023-10-05 11:34:50,641 [INFO] ADCParametersView:116 -                Rank 2 : true
2023-10-05 11:34:50,641 [INFO] ADCParametersView:116 -                Rank 1 : true
2023-10-05 11:34:50,641 [INFO] ADCParametersView:116 -                Rank 2 : true
2023-10-05 11:34:50,641 [INFO] ADCParametersView:116 -                Rank 1 : true
2023-10-05 11:34:50,641 [INFO] ADCParametersView:116 -                Rank 2 : true
2023-10-05 11:34:50,641 [INFO] ADCParametersView:116 -                Rank 1 : true
2023-10-05 11:34:50,641 [INFO] ADCParametersView:116 -                Rank 2 : true
2023-10-05 11:34:50,641 [INFO] ADCParametersView:116 -                Rank 1 : true
2023-10-05 11:34:50,641 [INFO] ADCParametersView:116 -                Rank 2 : true
2023-10-05 11:34:50,641 [INFO] ADCParametersView:116 -                Rank 1 : true
2023-10-05 11:34:50,641 [INFO] ADCParametersView:116 -                Rank 2 : true
2023-10-05 11:34:50,641 [INFO] ADCParametersView:116 -                Rank 1 : true
2023-10-05 11:34:50,641 [INFO] ADCParametersView:116 -                Rank 2 : true
2023-10-05 11:34:50,641 [INFO] ADCParametersView:116 -                Rank 1 : true
2023-10-05 11:34:50,641 [INFO] ADCParametersView:116 -                Rank 2 : true
2023-10-05 11:34:50,641 [INFO] ADCParametersView:116 -                Rank 1 : true
2023-10-05 11:34:50,641 [INFO] ADCParametersView:116 -                Rank 2 : true
2023-10-05 11:34:50,641 [INFO] ADCParametersView:116 -                Rank 1 : true
2023-10-05 11:34:50,641 [INFO] ADCParametersView:116 -                Rank 2 : true
2023-10-05 11:34:50,642 [INFO] ADCParametersView:116 -                Rank 1 : true
2023-10-05 11:34:50,642 [INFO] ADCParametersView:116 -                Rank 2 : true
2023-10-05 11:34:50,642 [INFO] ADCParametersView:116 -                Rank 1 : true
2023-10-05 11:34:50,642 [INFO] ADCParametersView:116 -                Rank 2 : true
2023-10-05 11:34:50,642 [INFO] ADCParametersView:116 -                Rank 2 : true
2023-10-05 11:34:50,661 [INFO] ADCParametersView:116 -                Rank 1 : true
2023-10-05 11:34:50,661 [INFO] ADCParametersView:116 -                Rank 1 : true
2023-10-05 11:34:50,661 [INFO] ADCParametersView:116 -                Rank 2 : true
2023-10-05 11:36:00,943 [INFO] ADCParametersView:116 -                Rank 1 : true
2023-10-05 11:36:00,943 [INFO] ADCParametersView:116 -                Rank 2 : true
2023-10-05 11:36:00,945 [INFO] ADCParametersView:116 -                Rank 1 : true
2023-10-05 11:36:00,945 [INFO] ADCParametersView:116 -                Rank 2 : true
2023-10-05 11:36:00,945 [INFO] ADCParametersView:116 -                Rank 1 : true
2023-10-05 11:36:00,945 [INFO] ADCParametersView:116 -                Rank 2 : true
2023-10-05 11:36:00,945 [INFO] ADCParametersView:116 -                Rank 1 : true
2023-10-05 11:36:00,945 [INFO] ADCParametersView:116 -                Rank 2 : true
2023-10-05 11:36:00,945 [INFO] ADCParametersView:116 -                Rank 1 : true
2023-10-05 11:36:00,945 [INFO] ADCParametersView:116 -                Rank 2 : true
2023-10-05 11:36:00,945 [INFO] ADCParametersView:116 -                Rank 1 : true
2023-10-05 11:36:00,945 [INFO] ADCParametersView:116 -                Rank 2 : true
2023-10-05 11:36:00,945 [INFO] ADCParametersView:116 -                Rank 1 : true
2023-10-05 11:36:00,945 [INFO] ADCParametersView:116 -                Rank 2 : true
2023-10-05 11:36:00,945 [INFO] ADCParametersView:116 -                Rank 1 : true
2023-10-05 11:36:00,946 [INFO] ADCParametersView:116 -                Rank 2 : true
2023-10-05 11:36:00,946 [INFO] ADCParametersView:116 -                Rank 1 : true
2023-10-05 11:36:00,946 [INFO] ADCParametersView:116 -                Rank 2 : true
2023-10-05 11:36:00,946 [INFO] ADCParametersView:116 -                Rank 1 : true
2023-10-05 11:36:00,946 [INFO] ADCParametersView:116 -                Rank 2 : true
2023-10-05 11:36:00,946 [INFO] ADCParametersView:116 -                Rank 1 : true
2023-10-05 11:36:00,946 [INFO] ADCParametersView:116 -                Rank 2 : true
2023-10-05 11:36:00,946 [INFO] ADCParametersView:116 -                Rank 1 : true
2023-10-05 11:36:00,946 [INFO] ADCParametersView:116 -                Rank 2 : true
2023-10-05 11:36:00,946 [INFO] ADCParametersView:116 -                Rank 1 : true
2023-10-05 11:36:00,946 [INFO] ADCParametersView:116 -                Rank 2 : true
2023-10-05 11:36:00,946 [INFO] ADCParametersView:116 -                Rank 1 : true
2023-10-05 11:36:00,946 [INFO] ADCParametersView:116 -                Rank 2 : true
2023-10-05 11:36:00,946 [INFO] ADCParametersView:116 -                Rank 2 : true
2023-10-05 11:36:00,986 [INFO] ADCParametersView:116 -                Rank 1 : true
2023-10-05 11:36:00,986 [INFO] ADCParametersView:116 -                Rank 1 : true
2023-10-05 11:36:00,986 [INFO] ADCParametersView:116 -                Rank 2 : true
2023-10-05 11:36:00,987 [INFO] ADCParametersView:116 -                Rank 1 : true
2023-10-05 11:36:00,987 [INFO] ADCParametersView:116 -                Rank 2 : true
2023-10-05 11:36:00,988 [INFO] ADCParametersView:116 -                Rank 1 : true
2023-10-05 11:36:00,988 [INFO] ADCParametersView:116 -                Rank 2 : true
2023-10-05 11:36:00,989 [INFO] ADCParametersView:116 -                Rank 1 : true
2023-10-05 11:36:00,989 [INFO] ADCParametersView:116 -                Rank 2 : true
2023-10-05 11:36:00,989 [INFO] ADCParametersView:116 -                Rank 1 : true
2023-10-05 11:36:00,989 [INFO] ADCParametersView:116 -                Rank 2 : true
2023-10-05 11:36:00,989 [INFO] ADCParametersView:116 -                Rank 1 : true
2023-10-05 11:36:00,989 [INFO] ADCParametersView:116 -                Rank 2 : true
2023-10-05 11:36:00,989 [INFO] ADCParametersView:116 -                Rank 1 : true
2023-10-05 11:36:00,989 [INFO] ADCParametersView:116 -                Rank 2 : true
2023-10-05 11:36:00,989 [INFO] ADCParametersView:116 -                Rank 1 : true
2023-10-05 11:36:00,989 [INFO] ADCParametersView:116 -                Rank 2 : true
2023-10-05 11:36:00,989 [INFO] ADCParametersView:116 -                Rank 1 : true
2023-10-05 11:36:00,989 [INFO] ADCParametersView:116 -                Rank 2 : true
2023-10-05 11:36:00,989 [INFO] ADCParametersView:116 -                Rank 1 : true
2023-10-05 11:36:00,989 [INFO] ADCParametersView:116 -                Rank 2 : true
2023-10-05 11:36:00,989 [INFO] ADCParametersView:116 -                Rank 1 : true
2023-10-05 11:36:00,989 [INFO] ADCParametersView:116 -                Rank 2 : true
2023-10-05 11:36:00,989 [INFO] ADCParametersView:116 -                Rank 1 : true
2023-10-05 11:36:00,989 [INFO] ADCParametersView:116 -                Rank 2 : true
2023-10-05 11:36:00,989 [INFO] ADCParametersView:116 -                Rank 1 : true
2023-10-05 11:36:00,989 [INFO] ADCParametersView:116 -                Rank 2 : true
2023-10-05 11:36:00,989 [INFO] ADCParametersView:116 -                Rank 1 : true
2023-10-05 11:36:00,989 [INFO] ADCParametersView:116 -                Rank 2 : true
2023-10-05 11:36:00,989 [INFO] ADCParametersView:116 -                Rank 1 : true
2023-10-05 11:36:00,989 [INFO] ADCParametersView:116 -                Rank 2 : true
2023-10-05 11:36:00,989 [INFO] ADCParametersView:116 -                Rank 2 : true
2023-10-05 11:36:01,011 [INFO] ADCParametersView:116 -                Rank 1 : true
2023-10-05 11:36:01,011 [INFO] ADCParametersView:116 -                Rank 1 : true
2023-10-05 11:36:01,011 [INFO] ADCParametersView:116 -                Rank 2 : true
2023-10-05 11:36:01,012 [INFO] ADCParametersView:116 -                Rank 1 : true
2023-10-05 11:36:01,012 [INFO] ADCParametersView:116 -                Rank 2 : true
2023-10-05 11:36:01,012 [INFO] ADCParametersView:116 -                Rank 1 : true
2023-10-05 11:36:01,012 [INFO] ADCParametersView:116 -                Rank 2 : true
2023-10-05 11:36:01,012 [INFO] ADCParametersView:116 -                Rank 1 : true
2023-10-05 11:36:01,012 [INFO] ADCParametersView:116 -                Rank 2 : true
2023-10-05 11:36:01,012 [INFO] ADCParametersView:116 -                Rank 1 : true
2023-10-05 11:36:01,013 [INFO] ADCParametersView:116 -                Rank 2 : true
2023-10-05 11:36:01,013 [INFO] ADCParametersView:116 -                Rank 1 : true
2023-10-05 11:36:01,013 [INFO] ADCParametersView:116 -                Rank 2 : true
2023-10-05 11:36:01,013 [INFO] ADCParametersView:116 -                Rank 1 : true
2023-10-05 11:36:01,013 [INFO] ADCParametersView:116 -                Rank 2 : true
2023-10-05 11:36:01,013 [INFO] ADCParametersView:116 -                Rank 1 : true
2023-10-05 11:36:01,013 [INFO] ADCParametersView:116 -                Rank 2 : true
2023-10-05 11:36:01,013 [INFO] ADCParametersView:116 -                Rank 1 : true
2023-10-05 11:36:01,013 [INFO] ADCParametersView:116 -                Rank 2 : true
2023-10-05 11:36:01,013 [INFO] ADCParametersView:116 -                Rank 1 : true
2023-10-05 11:36:01,013 [INFO] ADCParametersView:116 -                Rank 2 : true
2023-10-05 11:36:01,013 [INFO] ADCParametersView:116 -                Rank 1 : true
2023-10-05 11:36:01,013 [INFO] ADCParametersView:116 -                Rank 2 : true
2023-10-05 11:36:01,013 [INFO] ADCParametersView:116 -                Rank 1 : true
2023-10-05 11:36:01,013 [INFO] ADCParametersView:116 -                Rank 2 : true
2023-10-05 11:36:01,013 [INFO] ADCParametersView:116 -                Rank 1 : true
2023-10-05 11:36:01,013 [INFO] ADCParametersView:116 -                Rank 2 : true
2023-10-05 11:36:01,013 [INFO] ADCParametersView:116 -                Rank 1 : true
2023-10-05 11:36:01,013 [INFO] ADCParametersView:116 -                Rank 2 : true
2023-10-05 11:36:01,013 [INFO] ADCParametersView:116 -                Rank 1 : true
2023-10-05 11:36:01,013 [INFO] ADCParametersView:116 -                Rank 2 : true
2023-10-05 11:36:01,013 [INFO] ADCParametersView:116 -                Rank 2 : true
2023-10-05 11:36:01,030 [INFO] ADCParametersView:116 -                Rank 1 : true
2023-10-05 11:36:01,030 [INFO] ADCParametersView:116 -                Rank 1 : true
2023-10-05 11:36:01,030 [INFO] ADCParametersView:116 -                Rank 2 : true
2023-10-05 11:36:01,030 [INFO] ADCParametersView:116 -                Rank 1 : true
2023-10-05 11:36:01,030 [INFO] ADCParametersView:116 -                Rank 2 : true
2023-10-05 11:36:01,031 [INFO] ADCParametersView:116 -                Rank 1 : true
2023-10-05 11:36:01,031 [INFO] ADCParametersView:116 -                Rank 2 : true
2023-10-05 11:36:01,031 [INFO] ADCParametersView:116 -                Rank 1 : true
2023-10-05 11:36:01,031 [INFO] ADCParametersView:116 -                Rank 2 : true
2023-10-05 11:36:01,031 [INFO] ADCParametersView:116 -                Rank 1 : true
2023-10-05 11:36:01,031 [INFO] ADCParametersView:116 -                Rank 2 : true
2023-10-05 11:36:01,031 [INFO] ADCParametersView:116 -                Rank 1 : true
2023-10-05 11:36:01,031 [INFO] ADCParametersView:116 -                Rank 2 : true
2023-10-05 11:36:01,032 [INFO] ADCParametersView:116 -                Rank 1 : true
2023-10-05 11:36:01,032 [INFO] ADCParametersView:116 -                Rank 2 : true
2023-10-05 11:36:01,032 [INFO] ADCParametersView:116 -                Rank 1 : true
2023-10-05 11:36:01,032 [INFO] ADCParametersView:116 -                Rank 2 : true
2023-10-05 11:36:01,032 [INFO] ADCParametersView:116 -                Rank 1 : true
2023-10-05 11:36:01,032 [INFO] ADCParametersView:116 -                Rank 2 : true
2023-10-05 11:36:01,032 [INFO] ADCParametersView:116 -                Rank 1 : true
2023-10-05 11:36:01,032 [INFO] ADCParametersView:116 -                Rank 2 : true
2023-10-05 11:36:01,032 [INFO] ADCParametersView:116 -                Rank 1 : true
2023-10-05 11:36:01,032 [INFO] ADCParametersView:116 -                Rank 2 : true
2023-10-05 11:36:01,032 [INFO] ADCParametersView:116 -                Rank 1 : true
2023-10-05 11:36:01,032 [INFO] ADCParametersView:116 -                Rank 2 : true
2023-10-05 11:36:01,032 [INFO] ADCParametersView:116 -                Rank 1 : true
2023-10-05 11:36:01,032 [INFO] ADCParametersView:116 -                Rank 2 : true
2023-10-05 11:36:01,032 [INFO] ADCParametersView:116 -                Rank 1 : true
2023-10-05 11:36:01,032 [INFO] ADCParametersView:116 -                Rank 2 : true
2023-10-05 11:36:01,032 [INFO] ADCParametersView:116 -                Rank 1 : true
2023-10-05 11:36:01,032 [INFO] ADCParametersView:116 -                Rank 2 : true
2023-10-05 11:36:01,032 [INFO] ADCParametersView:116 -                Rank 2 : true
2023-10-05 11:36:01,048 [INFO] ADCParametersView:116 -                Rank 1 : true
2023-10-05 11:36:01,048 [INFO] ADCParametersView:116 -                Rank 1 : true
2023-10-05 11:36:01,048 [INFO] ADCParametersView:116 -                Rank 2 : true
2023-10-05 11:36:01,049 [INFO] ADCParametersView:116 -                Rank 1 : true
2023-10-05 11:36:01,049 [INFO] ADCParametersView:116 -                Rank 2 : true
2023-10-05 11:36:01,049 [INFO] ADCParametersView:116 -                Rank 1 : true
2023-10-05 11:36:01,049 [INFO] ADCParametersView:116 -                Rank 2 : true
2023-10-05 11:36:01,049 [INFO] ADCParametersView:116 -                Rank 1 : true
2023-10-05 11:36:01,049 [INFO] ADCParametersView:116 -                Rank 2 : true
2023-10-05 11:36:01,049 [INFO] ADCParametersView:116 -                Rank 1 : true
2023-10-05 11:36:01,049 [INFO] ADCParametersView:116 -                Rank 2 : true
2023-10-05 11:36:01,049 [INFO] ADCParametersView:116 -                Rank 1 : true
2023-10-05 11:36:01,049 [INFO] ADCParametersView:116 -                Rank 2 : true
2023-10-05 11:36:01,050 [INFO] ADCParametersView:116 -                Rank 1 : true
2023-10-05 11:36:01,050 [INFO] ADCParametersView:116 -                Rank 2 : true
2023-10-05 11:36:01,050 [INFO] ADCParametersView:116 -                Rank 1 : true
2023-10-05 11:36:01,050 [INFO] ADCParametersView:116 -                Rank 2 : true
2023-10-05 11:36:01,050 [INFO] ADCParametersView:116 -                Rank 1 : true
2023-10-05 11:36:01,050 [INFO] ADCParametersView:116 -                Rank 2 : true
2023-10-05 11:36:01,050 [INFO] ADCParametersView:116 -                Rank 1 : true
2023-10-05 11:36:01,050 [INFO] ADCParametersView:116 -                Rank 2 : true
2023-10-05 11:36:01,050 [INFO] ADCParametersView:116 -                Rank 1 : true
2023-10-05 11:36:01,050 [INFO] ADCParametersView:116 -                Rank 2 : true
2023-10-05 11:36:01,050 [INFO] ADCParametersView:116 -                Rank 1 : true
2023-10-05 11:36:01,050 [INFO] ADCParametersView:116 -                Rank 2 : true
2023-10-05 11:36:01,050 [INFO] ADCParametersView:116 -                Rank 1 : true
2023-10-05 11:36:01,050 [INFO] ADCParametersView:116 -                Rank 2 : true
2023-10-05 11:36:01,050 [INFO] ADCParametersView:116 -                Rank 1 : true
2023-10-05 11:36:01,050 [INFO] ADCParametersView:116 -                Rank 2 : true
2023-10-05 11:36:01,050 [INFO] ADCParametersView:116 -                Rank 1 : true
2023-10-05 11:36:01,050 [INFO] ADCParametersView:116 -                Rank 2 : true
2023-10-05 11:36:01,050 [INFO] ADCParametersView:116 -                Rank 2 : true
2023-10-05 11:36:01,065 [INFO] ADCParametersView:116 -                Rank 1 : true
2023-10-05 11:36:01,065 [INFO] ADCParametersView:116 -                Rank 1 : true
2023-10-05 11:36:01,065 [INFO] ADCParametersView:116 -                Rank 2 : true
2023-10-05 11:36:01,066 [INFO] ADCParametersView:116 -                Rank 1 : true
2023-10-05 11:36:01,066 [INFO] ADCParametersView:116 -                Rank 2 : true
2023-10-05 11:36:01,066 [INFO] ADCParametersView:116 -                Rank 1 : true
2023-10-05 11:36:01,066 [INFO] ADCParametersView:116 -                Rank 2 : true
2023-10-05 11:36:01,066 [INFO] ADCParametersView:116 -                Rank 1 : true
2023-10-05 11:36:01,066 [INFO] ADCParametersView:116 -                Rank 2 : true
2023-10-05 11:36:01,066 [INFO] ADCParametersView:116 -                Rank 1 : true
2023-10-05 11:36:01,066 [INFO] ADCParametersView:116 -                Rank 2 : true
2023-10-05 11:36:01,067 [INFO] ADCParametersView:116 -                Rank 1 : true
2023-10-05 11:36:01,067 [INFO] ADCParametersView:116 -                Rank 2 : true
2023-10-05 11:36:01,067 [INFO] ADCParametersView:116 -                Rank 1 : true
2023-10-05 11:36:01,067 [INFO] ADCParametersView:116 -                Rank 2 : true
2023-10-05 11:36:01,067 [INFO] ADCParametersView:116 -                Rank 1 : true
2023-10-05 11:36:01,067 [INFO] ADCParametersView:116 -                Rank 2 : true
2023-10-05 11:36:01,067 [INFO] ADCParametersView:116 -                Rank 1 : true
2023-10-05 11:36:01,067 [INFO] ADCParametersView:116 -                Rank 2 : true
2023-10-05 11:36:01,067 [INFO] ADCParametersView:116 -                Rank 1 : true
2023-10-05 11:36:01,067 [INFO] ADCParametersView:116 -                Rank 2 : true
2023-10-05 11:36:01,067 [INFO] ADCParametersView:116 -                Rank 1 : true
2023-10-05 11:36:01,067 [INFO] ADCParametersView:116 -                Rank 2 : true
2023-10-05 11:36:01,067 [INFO] ADCParametersView:116 -                Rank 1 : true
2023-10-05 11:36:01,067 [INFO] ADCParametersView:116 -                Rank 2 : true
2023-10-05 11:36:01,067 [INFO] ADCParametersView:116 -                Rank 1 : true
2023-10-05 11:36:01,067 [INFO] ADCParametersView:116 -                Rank 2 : true
2023-10-05 11:36:01,067 [INFO] ADCParametersView:116 -                Rank 1 : true
2023-10-05 11:36:01,067 [INFO] ADCParametersView:116 -                Rank 2 : true
2023-10-05 11:36:01,067 [INFO] ADCParametersView:116 -                Rank 1 : true
2023-10-05 11:36:01,067 [INFO] ADCParametersView:116 -                Rank 2 : true
2023-10-05 11:36:01,067 [INFO] ADCParametersView:116 -                Rank 2 : true
2023-10-05 11:36:01,082 [INFO] ADCParametersView:116 -                Rank 1 : true
2023-10-05 11:36:01,082 [INFO] ADCParametersView:116 -                Rank 1 : true
2023-10-05 11:36:01,082 [INFO] ADCParametersView:116 -                Rank 2 : true
2023-10-05 11:36:03,642 [INFO] UtilMem:75 - End SaveConfig() Used Memory: 841088744 Bytes (1073741824)
2023-10-05 11:36:05,689 [INFO] UtilMem:75 - End SaveConfig() Used Memory: 865205992 Bytes (1073741824)
2023-10-05 11:36:07,694 [INFO] UtilMem:75 - End SaveConfig() Used Memory: 935460584 Bytes (1073741824)
2023-10-05 11:36:07,989 [INFO] BlockDiagram:2759 - set Specific Code input for plugin: NVIC
2023-10-05 11:36:07,990 [INFO] BlockDiagram:2759 - set Specific Code input for plugin: USART
2023-10-05 11:36:07,990 [INFO] BlockDiagram:2759 - set Specific Code input for plugin: TIM1_8
2023-10-05 11:36:07,990 [INFO] BlockDiagram:2759 - set Specific Code input for plugin: SYS
2023-10-05 11:36:07,990 [INFO] BlockDiagram:2759 - set Specific Code input for plugin: GPIO
2023-10-05 11:36:07,990 [INFO] BlockDiagram:2759 - set Specific Code input for plugin: ADC
2023-10-05 11:36:07,990 [INFO] BlockDiagram:2759 - set Specific Code input for plugin: RCC
2023-10-05 11:36:07,990 [INFO] BlockDiagram:2759 - set Specific Code input for plugin: I2C
2023-10-05 11:36:07,992 [INFO] CodeGenerator:799 - code generatio: config db path: C:\ST\STM32CubeIDE_1.13.1\STM32CubeIDE\plugins\com.st.stm32cube.common.mx_6.9.1.202307191849\\db\
2023-10-05 11:36:07,999 [WARN] IP:2114 - I2C_Coeff_DF not found: check if there is a RefParameter without a condition.
2023-10-05 11:36:07,999 [WARN] IP:2114 - Analog_Filter not found: check if there is a RefParameter without a condition.
2023-10-05 11:36:08,221 [INFO] CodeEngine:255 - oldGeneratedFile, D:\JU\Microdata_Technology\Mikrodatateknik_HT2023\labs\lab5\adc\MXTmpFiles\license.tmp_save
2023-10-05 11:36:08,363 [INFO] CodeEngine:279 - Generated code: D:\JU\Microdata_Technology\Mikrodatateknik_HT2023\labs\lab5\adc\MXTmpFiles\license.tmp
2023-10-05 11:36:08,403 [INFO] CodeEngine:255 - oldGeneratedFile, D:\JU\Microdata_Technology\Mikrodatateknik_HT2023\labs\lab5\adc\MXTmpFiles\gpio.tmp_save
2023-10-05 11:36:08,604 [INFO] CodeEngine:279 - Generated code: D:\JU\Microdata_Technology\Mikrodatateknik_HT2023\labs\lab5\adc\MXTmpFiles\gpio.tmp
2023-10-05 11:36:08,846 [INFO] CodeEngine:255 - oldGeneratedFile, D:\JU\Microdata_Technology\Mikrodatateknik_HT2023\labs\lab5\adc\Core\Src\stm32f4xx_it.c_save
2023-10-05 11:36:09,109 [INFO] CodeEngine:279 - Generated code: D:\JU\Microdata_Technology\Mikrodatateknik_HT2023\labs\lab5\adc\Core\Src\stm32f4xx_it.c
2023-10-05 11:36:09,121 [INFO] CodeEngine:255 - oldGeneratedFile, D:\JU\Microdata_Technology\Mikrodatateknik_HT2023\labs\lab5\adc\Core\Inc\stm32f4xx_it.h_save
2023-10-05 11:36:09,211 [INFO] CodeEngine:279 - Generated code: D:\JU\Microdata_Technology\Mikrodatateknik_HT2023\labs\lab5\adc\Core\Inc\stm32f4xx_it.h
2023-10-05 11:36:09,271 [INFO] CodeEngine:255 - oldGeneratedFile, D:\JU\Microdata_Technology\Mikrodatateknik_HT2023\labs\lab5\adc\Core\Src\stm32f4xx_hal_msp.c_save
2023-10-05 11:36:09,565 [INFO] CodeEngine:279 - Generated code: D:\JU\Microdata_Technology\Mikrodatateknik_HT2023\labs\lab5\adc\Core\Src\stm32f4xx_hal_msp.c
2023-10-05 11:36:09,609 [INFO] CodeEngine:255 - oldGeneratedFile, D:\JU\Microdata_Technology\Mikrodatateknik_HT2023\labs\lab5\adc\MXTmpFiles\system.tmp_save
2023-10-05 11:36:09,730 [INFO] CodeEngine:279 - Generated code: D:\JU\Microdata_Technology\Mikrodatateknik_HT2023\labs\lab5\adc\MXTmpFiles\system.tmp
2023-10-05 11:36:09,788 [INFO] CodeEngine:311 - oldGeneratedFile, D:\JU\Microdata_Technology\Mikrodatateknik_HT2023\labs\lab5\adc\Core\Inc\stm32f4xx_hal_conf.h_save
2023-10-05 11:36:10,081 [INFO] CodeEngine:335 - Generated code: D:\JU\Microdata_Technology\Mikrodatateknik_HT2023\labs\lab5\adc\Core\Inc\stm32f4xx_hal_conf.h
2023-10-05 11:36:10,171 [WARN] IPConfigManager:3431 - IP not found : TIM
2023-10-05 11:36:10,172 [WARN] CodeGenerator:3760 - IP not found : null
2023-10-05 11:36:10,204 [INFO] CodeEngine:255 - oldGeneratedFile, D:\JU\Microdata_Technology\Mikrodatateknik_HT2023\labs\lab5\adc\Core\Inc\main.h_save
2023-10-05 11:36:10,373 [INFO] CodeEngine:279 - Generated code: D:\JU\Microdata_Technology\Mikrodatateknik_HT2023\labs\lab5\adc\Core\Inc\main.h
2023-10-05 11:36:10,419 [INFO] CodeEngine:255 - oldGeneratedFile, D:\JU\Microdata_Technology\Mikrodatateknik_HT2023\labs\lab5\adc\Core\Src\main.c_save
2023-10-05 11:36:10,626 [INFO] CodeEngine:279 - Generated code: D:\JU\Microdata_Technology\Mikrodatateknik_HT2023\labs\lab5\adc\Core\Src\main.c
2023-10-05 11:36:11,246 [INFO] ProjectBuilder:3064 - Time for Copy HAL[1] : 142mS.
2023-10-05 11:36:11,249 [INFO] ProjectBuilder:4404 - Project Generator version: 4.1.0
2023-10-05 11:36:11,511 [INFO] ConfigFileManager:1457 - The Die is : DIE431
2023-10-05 11:36:14,324 [INFO] ProjectBuilder:4626 - Time for Generating toolchain IDE Files: 3075mS.
2023-10-05 11:36:14,325 [INFO] ProjectBuilder:2935 - Time for Copy CMSIS : 1mS.
2023-10-05 11:36:14,326 [INFO] ProjectBuilder:2935 - Time for Copy CMSIS : 0mS.
2023-10-05 13:44:01,656 [INFO] ADCParametersView:116 -                Rank 1 : true
2023-10-05 13:44:01,656 [INFO] ADCParametersView:116 -                Rank 2 : true
2023-10-05 13:44:01,657 [INFO] ADCParametersView:116 -                Rank 1 : true
2023-10-05 13:44:01,657 [INFO] ADCParametersView:116 -                Rank 2 : true
2023-10-05 13:44:01,657 [INFO] ADCParametersView:116 -                Rank 1 : true
2023-10-05 13:44:01,657 [INFO] ADCParametersView:116 -                Rank 2 : true
2023-10-05 13:44:01,657 [INFO] ADCParametersView:116 -                Rank 1 : true
2023-10-05 13:44:01,657 [INFO] ADCParametersView:116 -                Rank 2 : true
2023-10-05 13:44:01,658 [INFO] ADCParametersView:116 -                Rank 1 : true
2023-10-05 13:44:01,658 [INFO] ADCParametersView:116 -                Rank 2 : true
2023-10-05 13:44:01,658 [INFO] ADCParametersView:116 -                Rank 1 : true
2023-10-05 13:44:01,658 [INFO] ADCParametersView:116 -                Rank 2 : true
2023-10-05 13:44:01,658 [INFO] ADCParametersView:116 -                Rank 1 : true
2023-10-05 13:44:01,658 [INFO] ADCParametersView:116 -                Rank 2 : true
2023-10-05 13:44:01,658 [INFO] ADCParametersView:116 -                Rank 1 : true
2023-10-05 13:44:01,658 [INFO] ADCParametersView:116 -                Rank 2 : true
2023-10-05 13:44:01,658 [INFO] ADCParametersView:116 -                Rank 1 : true
2023-10-05 13:44:01,658 [INFO] ADCParametersView:116 -                Rank 2 : true
2023-10-05 13:44:01,658 [INFO] ADCParametersView:116 -                Rank 1 : true
2023-10-05 13:44:01,658 [INFO] ADCParametersView:116 -                Rank 2 : true
2023-10-05 13:44:01,658 [INFO] ADCParametersView:116 -                Rank 1 : true
2023-10-05 13:44:01,658 [INFO] ADCParametersView:116 -                Rank 2 : true
2023-10-05 13:44:01,658 [INFO] ADCParametersView:116 -                Rank 1 : true
2023-10-05 13:44:01,658 [INFO] ADCParametersView:116 -                Rank 2 : true
2023-10-05 13:44:01,658 [INFO] ADCParametersView:116 -                Rank 1 : true
2023-10-05 13:44:01,658 [INFO] ADCParametersView:116 -                Rank 2 : true
2023-10-05 13:44:01,658 [INFO] ADCParametersView:116 -                Rank 1 : true
2023-10-05 13:44:01,658 [INFO] ADCParametersView:116 -                Rank 2 : true
2023-10-05 13:44:01,658 [INFO] ADCParametersView:116 -                Rank 2 : true
2023-10-05 13:44:01,679 [INFO] ADCParametersView:116 -                Rank 1 : true
2023-10-05 13:44:01,679 [INFO] ADCParametersView:116 -                Rank 1 : true
2023-10-05 13:44:01,679 [INFO] ADCParametersView:116 -                Rank 2 : true
2023-10-05 13:44:01,704 [INFO] ADCParametersView:116 -                Rank 1 : true
2023-10-05 13:44:01,704 [INFO] ADCParametersView:116 -                Rank 2 : true
2023-10-05 13:44:01,704 [INFO] ADCParametersView:116 -                Rank 1 : true
2023-10-05 13:44:01,705 [INFO] ADCParametersView:116 -                Rank 2 : true
2023-10-05 13:44:01,705 [INFO] ADCParametersView:116 -                Rank 1 : true
2023-10-05 13:44:01,705 [INFO] ADCParametersView:116 -                Rank 2 : true
2023-10-05 13:44:01,705 [INFO] ADCParametersView:116 -                Rank 1 : true
2023-10-05 13:44:01,705 [INFO] ADCParametersView:116 -                Rank 2 : true
2023-10-05 13:44:01,705 [INFO] ADCParametersView:116 -                Rank 1 : true
2023-10-05 13:44:01,705 [INFO] ADCParametersView:116 -                Rank 2 : true
2023-10-05 13:44:01,705 [INFO] ADCParametersView:116 -                Rank 1 : true
2023-10-05 13:44:01,705 [INFO] ADCParametersView:116 -                Rank 2 : true
2023-10-05 13:44:01,705 [INFO] ADCParametersView:116 -                Rank 1 : true
2023-10-05 13:44:01,705 [INFO] ADCParametersView:116 -                Rank 2 : true
2023-10-05 13:44:01,705 [INFO] ADCParametersView:116 -                Rank 1 : true
2023-10-05 13:44:01,705 [INFO] ADCParametersView:116 -                Rank 2 : true
2023-10-05 13:44:01,705 [INFO] ADCParametersView:116 -                Rank 1 : true
2023-10-05 13:44:01,705 [INFO] ADCParametersView:116 -                Rank 2 : true
2023-10-05 13:44:01,705 [INFO] ADCParametersView:116 -                Rank 1 : true
2023-10-05 13:44:01,705 [INFO] ADCParametersView:116 -                Rank 2 : true
2023-10-05 13:44:01,705 [INFO] ADCParametersView:116 -                Rank 1 : true
2023-10-05 13:44:01,705 [INFO] ADCParametersView:116 -                Rank 2 : true
2023-10-05 13:44:01,705 [INFO] ADCParametersView:116 -                Rank 1 : true
2023-10-05 13:44:01,705 [INFO] ADCParametersView:116 -                Rank 2 : true
2023-10-05 13:44:01,705 [INFO] ADCParametersView:116 -                Rank 1 : true
2023-10-05 13:44:01,705 [INFO] ADCParametersView:116 -                Rank 2 : true
2023-10-05 13:44:01,705 [INFO] ADCParametersView:116 -                Rank 1 : true
2023-10-05 13:44:01,705 [INFO] ADCParametersView:116 -                Rank 2 : true
2023-10-05 13:44:01,705 [INFO] ADCParametersView:116 -                Rank 2 : true
2023-10-05 13:44:01,726 [INFO] ADCParametersView:116 -                Rank 1 : true
2023-10-05 13:44:01,726 [INFO] ADCParametersView:116 -                Rank 1 : true
2023-10-05 13:44:01,726 [INFO] ADCParametersView:116 -                Rank 2 : true
