2023-09-21 17:44:34,354 [INFO] NvicIntPanel:101 - NVIC parent = com.st.microxplorer.plugins.ip.nvic.MultiNvicIntPanel[,0,0,0x0,invalid,layout=javax.swing.BoxLayout,alignmentX=0.0,alignmentY=0.0,border=,flags=9,maximumSize=,minimumSize=,preferredSize=]
2023-09-21 17:51:30,096 [INFO] NvicIntPanel:101 - NVIC parent = com.st.microxplorer.plugins.ip.nvic.MultiNvicIntPanel[,0,0,0x0,invalid,layout=javax.swing.BoxLayout,alignmentX=0.0,alignmentY=0.0,border=,flags=9,maximumSize=,minimumSize=,preferredSize=]
2023-09-21 17:52:53,786 [INFO] NvicIntPanel:101 - NVIC parent = com.st.microxplorer.plugins.ip.nvic.MultiNvicIntPanel[,0,0,0x0,invalid,layout=javax.swing.BoxLayout,alignmentX=0.0,alignmentY=0.0,border=,flags=9,maximumSize=,minimumSize=,preferredSize=]
2023-09-21 17:53:41,922 [INFO] NvicIntPanel:101 - NVIC parent = com.st.microxplorer.plugins.ip.nvic.MultiNvicIntPanel[,0,0,0x0,invalid,layout=javax.swing.BoxLayout,alignmentX=0.0,alignmentY=0.0,border=,flags=9,maximumSize=,minimumSize=,preferredSize=]
2023-09-21 17:53:49,348 [INFO] NvicIntPanel:101 - NVIC parent = com.st.microxplorer.plugins.ip.nvic.MultiNvicIntPanel[,0,0,0x0,invalid,layout=javax.swing.BoxLayout,alignmentX=0.0,alignmentY=0.0,border=,flags=9,maximumSize=,minimumSize=,preferredSize=]
2023-09-21 17:54:33,039 [INFO] NvicIntPanel:101 - NVIC parent = com.st.microxplorer.plugins.ip.nvic.MultiNvicIntPanel[,0,0,0x0,invalid,layout=javax.swing.BoxLayout,alignmentX=0.0,alignmentY=0.0,border=,flags=9,maximumSize=,minimumSize=,preferredSize=]
2023-09-21 17:58:24,120 [INFO] NvicIntPanel:101 - NVIC parent = com.st.microxplorer.plugins.ip.nvic.MultiNvicIntPanel[,0,0,0x0,invalid,layout=javax.swing.BoxLayout,alignmentX=0.0,alignmentY=0.0,border=,flags=9,maximumSize=,minimumSize=,preferredSize=]
2023-09-21 17:59:13,975 [INFO] UtilMem:75 - End SaveConfig() Used Memory: 501689048 Bytes (1073741824)
2023-09-21 17:59:15,501 [INFO] UtilMem:75 - End SaveConfig() Used Memory: 527381208 Bytes (1073741824)
2023-09-21 17:59:18,094 [INFO] UtilMem:75 - End SaveConfig() Used Memory: 599206616 Bytes (1073741824)
2023-09-21 17:59:18,556 [INFO] BlockDiagram:2759 - set Specific Code input for plugin: NVIC
2023-09-21 17:59:18,556 [INFO] BlockDiagram:2759 - set Specific Code input for plugin: USART
2023-09-21 17:59:18,556 [INFO] BlockDiagram:2759 - set Specific Code input for plugin: TIM1_8
2023-09-21 17:59:18,556 [INFO] BlockDiagram:2759 - set Specific Code input for plugin: SYS
2023-09-21 17:59:18,556 [INFO] BlockDiagram:2759 - set Specific Code input for plugin: GPIO
2023-09-21 17:59:18,556 [INFO] BlockDiagram:2759 - set Specific Code input for plugin: RCC
2023-09-21 17:59:18,558 [INFO] CodeGenerator:799 - code generatio: config db path: C:\ST\STM32CubeIDE_1.13.1\STM32CubeIDE\plugins\com.st.stm32cube.common.mx_6.9.1.202307191849\\db\
2023-09-21 17:59:18,939 [INFO] CodeEngine:255 - oldGeneratedFile, D:\JU\Microdata_Technology\Mikrodatateknik_HT2023\labs\lab3\klocka_och_knapp\MXTmpFiles\license.tmp_save
2023-09-21 17:59:19,614 [INFO] CodeEngine:279 - Generated code: D:\JU\Microdata_Technology\Mikrodatateknik_HT2023\labs\lab3\klocka_och_knapp\MXTmpFiles\license.tmp
2023-09-21 17:59:19,694 [INFO] CodeEngine:255 - oldGeneratedFile, D:\JU\Microdata_Technology\Mikrodatateknik_HT2023\labs\lab3\klocka_och_knapp\MXTmpFiles\gpio.tmp_save
2023-09-21 17:59:19,857 [INFO] CodeEngine:279 - Generated code: D:\JU\Microdata_Technology\Mikrodatateknik_HT2023\labs\lab3\klocka_och_knapp\MXTmpFiles\gpio.tmp
2023-09-21 17:59:20,078 [INFO] CodeEngine:255 - oldGeneratedFile, D:\JU\Microdata_Technology\Mikrodatateknik_HT2023\labs\lab3\klocka_och_knapp\Core\Src\stm32f4xx_it.c_save
2023-09-21 17:59:20,246 [INFO] CodeEngine:279 - Generated code: D:\JU\Microdata_Technology\Mikrodatateknik_HT2023\labs\lab3\klocka_och_knapp\Core\Src\stm32f4xx_it.c
2023-09-21 17:59:20,261 [INFO] CodeEngine:255 - oldGeneratedFile, D:\JU\Microdata_Technology\Mikrodatateknik_HT2023\labs\lab3\klocka_och_knapp\Core\Inc\stm32f4xx_it.h_save
2023-09-21 17:59:20,368 [INFO] CodeEngine:279 - Generated code: D:\JU\Microdata_Technology\Mikrodatateknik_HT2023\labs\lab3\klocka_och_knapp\Core\Inc\stm32f4xx_it.h
2023-09-21 17:59:20,406 [INFO] CodeEngine:255 - oldGeneratedFile, D:\JU\Microdata_Technology\Mikrodatateknik_HT2023\labs\lab3\klocka_och_knapp\Core\Src\stm32f4xx_hal_msp.c_save
2023-09-21 17:59:20,567 [INFO] CodeEngine:279 - Generated code: D:\JU\Microdata_Technology\Mikrodatateknik_HT2023\labs\lab3\klocka_och_knapp\Core\Src\stm32f4xx_hal_msp.c
2023-09-21 17:59:20,616 [INFO] CodeEngine:255 - oldGeneratedFile, D:\JU\Microdata_Technology\Mikrodatateknik_HT2023\labs\lab3\klocka_och_knapp\MXTmpFiles\system.tmp_save
2023-09-21 17:59:20,693 [INFO] CodeEngine:279 - Generated code: D:\JU\Microdata_Technology\Mikrodatateknik_HT2023\labs\lab3\klocka_och_knapp\MXTmpFiles\system.tmp
2023-09-21 17:59:20,724 [INFO] CodeEngine:311 - oldGeneratedFile, D:\JU\Microdata_Technology\Mikrodatateknik_HT2023\labs\lab3\klocka_och_knapp\Core\Inc\stm32f4xx_hal_conf.h_save
2023-09-21 17:59:20,838 [INFO] CodeEngine:335 - Generated code: D:\JU\Microdata_Technology\Mikrodatateknik_HT2023\labs\lab3\klocka_och_knapp\Core\Inc\stm32f4xx_hal_conf.h
2023-09-21 17:59:20,931 [WARN] IPConfigManager:3431 - IP not found : TIM
2023-09-21 17:59:20,933 [WARN] CodeGenerator:3760 - IP not found : null
2023-09-21 17:59:20,961 [INFO] CodeEngine:255 - oldGeneratedFile, D:\JU\Microdata_Technology\Mikrodatateknik_HT2023\labs\lab3\klocka_och_knapp\Core\Inc\main.h_save
2023-09-21 17:59:21,081 [INFO] CodeEngine:279 - Generated code: D:\JU\Microdata_Technology\Mikrodatateknik_HT2023\labs\lab3\klocka_och_knapp\Core\Inc\main.h
2023-09-21 17:59:21,165 [INFO] CodeEngine:255 - oldGeneratedFile, D:\JU\Microdata_Technology\Mikrodatateknik_HT2023\labs\lab3\klocka_och_knapp\Core\Src\main.c_save
2023-09-21 17:59:21,403 [INFO] CodeEngine:279 - Generated code: D:\JU\Microdata_Technology\Mikrodatateknik_HT2023\labs\lab3\klocka_och_knapp\Core\Src\main.c
2023-09-21 17:59:22,140 [INFO] ProjectBuilder:3064 - Time for Copy HAL[1] : 218mS.
2023-09-21 17:59:22,147 [INFO] ProjectBuilder:4404 - Project Generator version: 4.1.0
2023-09-21 17:59:22,415 [INFO] ConfigFileManager:1457 - The Die is : DIE431
2023-09-21 17:59:22,434 [INFO] ApiDbMcu:507 - Load IP Config File for FATFS
2023-09-21 17:59:22,451 [INFO] ApiDbMcu:507 - Load IP Config File for FREERTOS
2023-09-21 17:59:22,469 [INFO] ApiDbMcu:507 - Load IP Config File for LIBJPEG
2023-09-21 17:59:22,519 [INFO] ApiDbMcu:507 - Load IP Config File for MBEDTLS
2023-09-21 17:59:22,538 [INFO] ApiDbMcu:507 - Load IP Config File for USB_DEVICE
2023-09-21 17:59:22,553 [INFO] ApiDbMcu:507 - Load IP Config File for USB_HOST
