2023-09-18 10:26:35,000 [INFO] Activator:176 - 


2023-09-18 10:26:35,005 [INFO] Activator:177 - !SESSION log4j initialized
2023-09-18 10:26:39,205 [INFO] LogOutputStream:77 - [STDOUT_REDIRECT] 
2023-09-18 10:26:40,736 [INFO] ApplicationProperties:184 - Using Application install path: C:\ST\STM32CubeIDE_1.13.1\STM32CubeIDE\plugins\com.st.stm32cube.common.mx_6.9.1.202307191849
2023-09-18 10:26:40,751 [INFO] DbMcusXml:78 - Set database path to: C:\ST\STM32CubeIDE_1.13.1\STM32CubeIDE\plugins\com.st.stm32cube.common.mx_6.9.1.202307191849\\db\/mcu/
2023-09-18 10:26:40,751 [INFO] ApiDb:274 - Set plugin database path to: C:\ST\STM32CubeIDE_1.13.1\STM32CubeIDE\plugins\com.st.stm32cube.common.mx_6.9.1.202307191849\\db\/plugins/boardmanager/
2023-09-18 10:26:40,752 [WARN] ApiDb:259 - Overriding images path with different value:  => C:\ST\STM32CubeIDE_1.13.1\STM32CubeIDE\plugins\com.st.stm32cube.common.mx_6.9.1.202307191849\\db\/plugins/mcufinder/images/
2023-09-18 10:26:40,766 [INFO] ApiDb:250 - Set database path to: C:\Users\Mahmu\.stmcufinder\plugins\mcufinder//mcu/
2023-09-18 10:26:40,767 [INFO] DbMcusAds:125 - Set database path to: C:\Users\Mahmu\.stmcufinder\plugins\mcufinder//mcu/
2023-09-18 10:26:40,768 [INFO] CrossReferenceDbSqlite:203 - Set database path to: C:\Users\Mahmu\.stmcufinder\plugins\mcufinder//mcu/cs/
2023-09-18 10:26:40,873 [INFO] RulesReader:64 - Compatibility file has been processed (293 Rules)
2023-09-18 10:26:40,945 [INFO] DbMcusXml:78 - Set database path to: C:\ST\STM32CubeIDE_1.13.1\STM32CubeIDE\plugins\com.st.stm32cube.common.mx_6.9.1.202307191849\\db\/mcu/
2023-09-18 10:26:40,945 [INFO] ApiDb:274 - Set plugin database path to: C:\ST\STM32CubeIDE_1.13.1\STM32CubeIDE\plugins\com.st.stm32cube.common.mx_6.9.1.202307191849\\db\/plugins/boardmanager/
2023-09-18 10:26:40,945 [INFO] ApiDb:261 - Set plugin images path to: C:\ST\STM32CubeIDE_1.13.1\STM32CubeIDE\plugins\com.st.stm32cube.common.mx_6.9.1.202307191849\\db\/plugins/mcufinder/images/
2023-09-18 10:26:40,945 [WARN] DbFile:41 - Overriding database path with different value: C:\Users\Mahmu\.stmcufinder\plugins\mcufinder/ => C:\Users\Mahmu\.stmcufinder\plugins\mcufinder
2023-09-18 10:26:40,945 [INFO] ApiDb:250 - Set database path to: C:\Users\Mahmu\.stmcufinder\plugins\mcufinder//mcu/
2023-09-18 10:26:40,946 [WARN] DbFile:41 - Overriding database path with different value: C:\Users\Mahmu\.stmcufinder\plugins\mcufinder/ => C:\Users\Mahmu\.stmcufinder\plugins\mcufinder
2023-09-18 10:26:40,946 [INFO] DbMcusAds:125 - Set database path to: C:\Users\Mahmu\.stmcufinder\plugins\mcufinder//mcu/
2023-09-18 10:26:40,946 [WARN] DbFile:41 - Overriding database path with different value: C:\Users\Mahmu\.stmcufinder\plugins\mcufinder/ => C:\Users\Mahmu\.stmcufinder\plugins\mcufinder
2023-09-18 10:26:40,946 [WARN] DbFile:41 - Overriding database path with different value: C:\Users\Mahmu\.stmcufinder\plugins\mcufinder/ => C:\Users\Mahmu\.stmcufinder\plugins\mcufinder
2023-09-18 10:26:40,946 [INFO] CrossReferenceDbSqlite:203 - Set database path to: C:\Users\Mahmu\.stmcufinder\plugins\mcufinder//mcu/cs/
2023-09-18 10:26:41,017 [INFO] MainPanel:262 - HeapMemory: 268435456
2023-09-18 10:26:41,122 [INFO] DbMcusXml:78 - Set database path to: C:\ST\STM32CubeIDE_1.13.1\STM32CubeIDE\plugins\com.st.stm32cube.common.mx_6.9.1.202307191849\\db\/mcu/
2023-09-18 10:26:41,122 [INFO] ApiDb:274 - Set plugin database path to: C:\ST\STM32CubeIDE_1.13.1\STM32CubeIDE\plugins\com.st.stm32cube.common.mx_6.9.1.202307191849\\db\/plugins/boardmanager/
2023-09-18 10:26:41,123 [INFO] ApiDb:261 - Set plugin images path to: C:\ST\STM32CubeIDE_1.13.1\STM32CubeIDE\plugins\com.st.stm32cube.common.mx_6.9.1.202307191849\\db\/plugins/mcufinder/images/
2023-09-18 10:26:41,123 [WARN] DbFile:41 - Overriding database path with different value: C:\Users\Mahmu\.stmcufinder\plugins\mcufinder/ => C:\Users\Mahmu\.stmcufinder\plugins\mcufinder
2023-09-18 10:26:41,123 [INFO] ApiDb:250 - Set database path to: C:\Users\Mahmu\.stmcufinder\plugins\mcufinder//mcu/
2023-09-18 10:26:41,123 [WARN] DbFile:41 - Overriding database path with different value: C:\Users\Mahmu\.stmcufinder\plugins\mcufinder/ => C:\Users\Mahmu\.stmcufinder\plugins\mcufinder
2023-09-18 10:26:41,123 [INFO] DbMcusAds:125 - Set database path to: C:\Users\Mahmu\.stmcufinder\plugins\mcufinder//mcu/
2023-09-18 10:26:41,123 [WARN] DbFile:41 - Overriding database path with different value: C:\Users\Mahmu\.stmcufinder\plugins\mcufinder/ => C:\Users\Mahmu\.stmcufinder\plugins\mcufinder
2023-09-18 10:26:41,123 [WARN] DbFile:41 - Overriding database path with different value: C:\Users\Mahmu\.stmcufinder\plugins\mcufinder/ => C:\Users\Mahmu\.stmcufinder\plugins\mcufinder
2023-09-18 10:26:41,124 [INFO] CrossReferenceDbSqlite:203 - Set database path to: C:\Users\Mahmu\.stmcufinder\plugins\mcufinder//mcu/cs/
2023-09-18 10:26:41,142 [INFO] ApplicationProperties:184 - Using Application install path: C:\ST\STM32CubeIDE_1.13.1\STM32CubeIDE\plugins\com.st.stm32cube.common.mx_6.9.1.202307191849
2023-09-18 10:26:41,143 [INFO] PluginManage:196 - Search for loadable plugins [exclusion list=, ]
2023-09-18 10:26:41,145 [INFO] PluginManage:310 - Check plugin analytics
2023-09-18 10:26:41,308 [INFO] AnalyticsPlugin:253 - Accepted Software Licenses: 
2023-09-18 10:26:41,309 [INFO] AnalyticsPlugin:255 - Accepted CMSIS Pack Licenses: 
2023-09-18 10:26:41,309 [INFO] AnalyticsPlugin:257 - Accepted Firmware Licenses: FW.F4.1.27.0
2023-09-18 10:26:41,311 [INFO] PluginManage:359 - Loaded plugin analytics (category:tool,tabindex:-1)
2023-09-18 10:26:41,312 [INFO] PluginManage:310 - Check plugin cadmodel
2023-09-18 10:26:41,323 [INFO] CADModel:105 - Init CAD model plugin
2023-09-18 10:26:41,323 [INFO] PluginManage:359 - Loaded plugin cadmodel (category:power,tabindex:5)
2023-09-18 10:26:41,323 [INFO] PluginManage:310 - Check plugin clock
2023-09-18 10:26:41,338 [INFO] PluginManage:359 - Loaded plugin clock (category:base,tabindex:2)
2023-09-18 10:26:41,338 [INFO] PluginManage:310 - Check plugin ddr
2023-09-18 10:26:41,341 [INFO] PluginManage:359 - Loaded plugin ddr (category:tool,tabindex:6)
2023-09-18 10:26:41,341 [INFO] PluginManage:310 - Check plugin filemanager
2023-09-18 10:26:41,449 [INFO] PluginManage:359 - Loaded plugin filemanager (category:base,tabindex:10)
2023-09-18 10:26:41,449 [INFO] PluginManage:310 - Check plugin ipmanager
2023-09-18 10:26:41,456 [INFO] PluginManage:359 - Loaded plugin ipmanager (category:base,tabindex:5)
2023-09-18 10:26:41,457 [INFO] PluginManage:310 - Check plugin lpbam
2023-09-18 10:26:41,475 [INFO] PluginManage:359 - Loaded plugin lpbam (category:base,tabindex:0)
2023-09-18 10:26:41,476 [INFO] PluginManage:310 - Check plugin memorymap
2023-09-18 10:26:41,501 [INFO] PluginManage:359 - Loaded plugin memorymap (category:base,tabindex:4)
2023-09-18 10:26:41,501 [INFO] PluginManage:310 - Check plugin pinoutandconfiguration
2023-09-18 10:26:41,518 [INFO] PluginManage:359 - Loaded plugin pinoutandconfiguration (category:base,tabindex:1)
2023-09-18 10:26:41,518 [INFO] PluginManage:310 - Check plugin pinoutconfig
2023-09-18 10:26:41,607 [WARN] SupportedApi:132 - Cannot load RTOS API schema: s4s-elt-must-match.1: The content of 'definitions' must match (annotation?, (simpleType | complexType)?, (unique | key | keyref)*)). A problem was found starting at: attribute.
2023-09-18 10:26:41,712 [INFO] PluginManage:359 - Loaded plugin pinoutconfig (category:base,tabindex:0)
2023-09-18 10:26:41,712 [INFO] PluginManage:310 - Check plugin power
2023-09-18 10:26:41,729 [INFO] PluginManage:359 - Loaded plugin power (category:power,tabindex:4)
2023-09-18 10:26:41,729 [INFO] PluginManage:310 - Check plugin projectmanager
2023-09-18 10:26:41,738 [INFO] PluginManage:359 - Loaded plugin projectmanager (category:projectmanager,tabindex:3)
2023-09-18 10:26:41,739 [INFO] PluginManage:310 - Check plugin thirdparty
2023-09-18 10:26:42,006 [INFO] PluginManage:359 - Loaded plugin thirdparty (category:base,tabindex:-1)
2023-09-18 10:26:42,006 [WARN] IntegrityCheckThread:84 - waiting for thirdparty lock release [integrity check]
2023-09-18 10:26:42,006 [INFO] PluginManage:310 - Check plugin tools
2023-09-18 10:26:42,006 [INFO] IntegrityCheckThread:86 - entering critical section [integrity check]
2023-09-18 10:26:42,007 [INFO] ThirdPartyUpdaterWithRetryManager:70 - Updater plugin not ready yet. [1/15]
2023-09-18 10:26:42,032 [INFO] PluginManage:359 - Loaded plugin tools (category:base,tabindex:7)
2023-09-18 10:26:42,032 [INFO] PluginManage:310 - Check plugin tutovideos
2023-09-18 10:26:42,227 [INFO] PluginManage:359 - Loaded plugin tutovideos (category:base,tabindex:-1)
2023-09-18 10:26:42,227 [INFO] PluginManage:310 - Check plugin updater
2023-09-18 10:26:42,238 [INFO] PluginManage:359 - Loaded plugin updater (category:base,tabindex:12)
2023-09-18 10:26:42,238 [INFO] PluginManage:310 - Check plugin userauth
2023-09-18 10:26:42,244 [INFO] UserAuth:113 - Init User Auth plugin
2023-09-18 10:26:42,244 [INFO] PluginManage:359 - Loaded plugin userauth (category:base,tabindex:14)
2023-09-18 10:26:42,244 [INFO] PluginManage:283 - PluginManage : Loaded plugins [17]
2023-09-18 10:26:42,443 [INFO] PinOutPanel:1499 - setPackage(No Configuration,No Configuration)
2023-09-18 10:26:42,545 [INFO] CADModel:165 - CPN selected for project level
2023-09-18 10:26:42,546 [INFO] CADModel:114 - Register for checkConnection events
2023-09-18 10:26:42,574 [INFO] IPUIPlugin:80 - create IPUIPlugin
2023-09-18 10:26:42,574 [INFO] PluginManager:220 - loadIPPluginJar : add adc
2023-09-18 10:26:42,608 [INFO] IPUIPlugin:80 - create IPUIPlugin
2023-09-18 10:26:42,609 [INFO] PluginManager:220 - loadIPPluginJar : add aes
2023-09-18 10:26:42,637 [INFO] IPUIPlugin:80 - create IPUIPlugin
2023-09-18 10:26:42,638 [INFO] PluginManager:220 - loadIPPluginJar : add can
2023-09-18 10:26:42,660 [INFO] IPUIPlugin:80 - create IPUIPlugin
2023-09-18 10:26:42,660 [INFO] PluginManager:220 - loadIPPluginJar : add comp
2023-09-18 10:26:42,690 [INFO] IPUIPlugin:80 - create IPUIPlugin
2023-09-18 10:26:42,690 [INFO] PluginManager:220 - loadIPPluginJar : add cryp
2023-09-18 10:26:42,710 [INFO] IPUIPlugin:80 - create IPUIPlugin
2023-09-18 10:26:42,710 [INFO] PluginManager:220 - loadIPPluginJar : add dfsdm
2023-09-18 10:26:42,723 [INFO] IPUIPlugin:80 - create IPUIPlugin
2023-09-18 10:26:42,724 [INFO] PluginManager:220 - loadIPPluginJar : add dma
2023-09-18 10:26:42,752 [INFO] IPUIPlugin:80 - create IPUIPlugin
2023-09-18 10:26:42,752 [INFO] PluginManager:220 - loadIPPluginJar : add dma3
2023-09-18 10:26:42,765 [INFO] IPUIPlugin:80 - create IPUIPlugin
2023-09-18 10:26:42,766 [INFO] PluginManager:220 - loadIPPluginJar : add fatfs
2023-09-18 10:26:42,804 [INFO] IPUIPlugin:80 - create IPUIPlugin
2023-09-18 10:26:42,804 [INFO] PluginManager:220 - loadIPPluginJar : add fmc
2023-09-18 10:26:42,817 [INFO] IPUIPlugin:80 - create IPUIPlugin
2023-09-18 10:26:42,817 [INFO] PluginManager:220 - loadIPPluginJar : add freertos
2023-09-18 10:26:42,833 [INFO] IPUIPlugin:80 - create IPUIPlugin
2023-09-18 10:26:42,834 [INFO] PluginManager:220 - loadIPPluginJar : add genericplugin
2023-09-18 10:26:42,897 [INFO] IPUIPlugin:80 - create IPUIPlugin
2023-09-18 10:26:42,897 [INFO] PluginManager:220 - loadIPPluginJar : add gfxmmu
2023-09-18 10:26:42,979 [INFO] IPUIPlugin:80 - create IPUIPlugin
2023-09-18 10:26:42,979 [INFO] PluginManager:220 - loadIPPluginJar : add gic
2023-09-18 10:26:42,990 [INFO] IPUIPlugin:80 - create IPUIPlugin
2023-09-18 10:26:42,990 [INFO] PluginManager:220 - loadIPPluginJar : add gpio
2023-09-18 10:26:43,095 [INFO] IPUIPlugin:80 - create IPUIPlugin
2023-09-18 10:26:43,095 [INFO] PluginManager:220 - loadIPPluginJar : add gtzc
2023-09-18 10:26:43,126 [INFO] IPUIPlugin:80 - create IPUIPlugin
2023-09-18 10:26:43,126 [INFO] PluginManager:220 - loadIPPluginJar : add hash
2023-09-18 10:26:43,162 [INFO] IPUIPlugin:80 - create IPUIPlugin
2023-09-18 10:26:43,162 [INFO] PluginManager:220 - loadIPPluginJar : add i2c
2023-09-18 10:26:43,194 [INFO] IPUIPlugin:80 - create IPUIPlugin
2023-09-18 10:26:43,194 [INFO] PluginManager:220 - loadIPPluginJar : add i2s
2023-09-18 10:26:43,222 [INFO] IPUIPlugin:80 - create IPUIPlugin
2023-09-18 10:26:43,223 [INFO] PluginManager:220 - loadIPPluginJar : add i3c
2023-09-18 10:26:43,294 [INFO] IPUIPlugin:80 - create IPUIPlugin
2023-09-18 10:26:43,295 [INFO] PluginManager:220 - loadIPPluginJar : add ipddr
2023-09-18 10:26:43,354 [INFO] IPUIPlugin:80 - create IPUIPlugin
2023-09-18 10:26:43,354 [INFO] PluginManager:220 - loadIPPluginJar : add linkedlist
2023-09-18 10:26:43,377 [INFO] IPUIPlugin:80 - create IPUIPlugin
2023-09-18 10:26:43,377 [INFO] PluginManager:220 - loadIPPluginJar : add lorawan
2023-09-18 10:26:43,401 [INFO] IPUIPlugin:80 - create IPUIPlugin
2023-09-18 10:26:43,401 [INFO] PluginManager:220 - loadIPPluginJar : add ltdc
2023-09-18 10:26:43,412 [INFO] IPUIPlugin:80 - create IPUIPlugin
2023-09-18 10:26:43,413 [INFO] PluginManager:220 - loadIPPluginJar : add mdma
2023-09-18 10:26:43,422 [INFO] IPUIPlugin:80 - create IPUIPlugin
2023-09-18 10:26:43,422 [INFO] PluginManager:220 - loadIPPluginJar : add nvic
2023-09-18 10:26:43,445 [INFO] IPUIPlugin:80 - create IPUIPlugin
2023-09-18 10:26:43,445 [INFO] PluginManager:220 - loadIPPluginJar : add opamp
2023-09-18 10:26:43,485 [INFO] IPUIPlugin:80 - create IPUIPlugin
2023-09-18 10:26:43,485 [INFO] PluginManager:220 - loadIPPluginJar : add openamp
2023-09-18 10:26:43,513 [INFO] IPUIPlugin:80 - create IPUIPlugin
2023-09-18 10:26:43,513 [INFO] PluginManager:220 - loadIPPluginJar : add pdm2pcm
2023-09-18 10:26:43,526 [INFO] IPUIPlugin:80 - create IPUIPlugin
2023-09-18 10:26:43,528 [INFO] PluginManager:220 - loadIPPluginJar : add plateformsettings
2023-09-18 10:26:43,543 [INFO] IPUIPlugin:80 - create IPUIPlugin
2023-09-18 10:26:43,543 [INFO] PluginManager:220 - loadIPPluginJar : add quadspi
2023-09-18 10:26:43,554 [INFO] IPUIPlugin:80 - create IPUIPlugin
2023-09-18 10:26:43,554 [INFO] PluginManager:220 - loadIPPluginJar : add resmgrutility
2023-09-18 10:26:43,585 [INFO] IPUIPlugin:80 - create IPUIPlugin
2023-09-18 10:26:43,585 [INFO] PluginManager:220 - loadIPPluginJar : add sai
2023-09-18 10:26:43,609 [INFO] IPUIPlugin:80 - create IPUIPlugin
2023-09-18 10:26:43,609 [INFO] PluginManager:220 - loadIPPluginJar : add spi
2023-09-18 10:26:43,646 [INFO] IPUIPlugin:80 - create IPUIPlugin
2023-09-18 10:26:43,646 [INFO] PluginManager:220 - loadIPPluginJar : add stm32_wpan
2023-09-18 10:26:43,663 [INFO] IPUIPlugin:80 - create IPUIPlugin
2023-09-18 10:26:43,663 [INFO] PluginManager:220 - loadIPPluginJar : add tim
2023-09-18 10:26:43,705 [INFO] IPUIPlugin:80 - create IPUIPlugin
2023-09-18 10:26:43,705 [INFO] PluginManager:220 - loadIPPluginJar : add touchsensing
2023-09-18 10:26:43,720 [INFO] IPUIPlugin:80 - create IPUIPlugin
2023-09-18 10:26:43,720 [INFO] PluginManager:220 - loadIPPluginJar : add tracer_emb
2023-09-18 10:26:43,735 [INFO] IPUIPlugin:80 - create IPUIPlugin
2023-09-18 10:26:43,735 [INFO] PluginManager:220 - loadIPPluginJar : add ts
2023-09-18 10:26:43,749 [INFO] IPUIPlugin:80 - create IPUIPlugin
2023-09-18 10:26:43,749 [INFO] PluginManager:220 - loadIPPluginJar : add tsc
2023-09-18 10:26:43,764 [INFO] IPUIPlugin:80 - create IPUIPlugin
2023-09-18 10:26:43,764 [INFO] PluginManager:220 - loadIPPluginJar : add ucpd
2023-09-18 10:26:43,796 [INFO] IPUIPlugin:80 - create IPUIPlugin
2023-09-18 10:26:43,796 [INFO] PluginManager:220 - loadIPPluginJar : add usart
2023-09-18 10:26:43,824 [INFO] IPUIPlugin:80 - create IPUIPlugin
2023-09-18 10:26:43,824 [INFO] PluginManager:220 - loadIPPluginJar : add usbx
2023-09-18 10:26:43,937 [INFO] CADModel:165 - CPN selected for project level
2023-09-18 10:26:43,937 [INFO] CADModel:114 - Register for checkConnection events
2023-09-18 10:26:43,937 [FATAL] Updater:308 - Updater called before beeing initialized
2023-09-18 10:26:43,938 [ERROR] CADModel:125 - Updater not yet initialized, retry later 
2023-09-18 10:26:44,069 [INFO] CADModel:165 - CPN selected for project level
2023-09-18 10:26:44,069 [INFO] CADModel:114 - Register for checkConnection events
2023-09-18 10:26:44,069 [FATAL] Updater:308 - Updater called before beeing initialized
2023-09-18 10:26:44,069 [ERROR] CADModel:125 - Updater not yet initialized, retry later 
2023-09-18 10:26:44,072 [FATAL] Updater:308 - Updater called before beeing initialized
2023-09-18 10:26:44,164 [FATAL] Updater:308 - Updater called before beeing initialized
2023-09-18 10:26:44,172 [INFO] DbMcusAds:53 - JSON generation date=Tue Mar 07 09:50:55 GMT+01:00 2023 (1678179055335)
2023-09-18 10:26:44,172 [FATAL] Updater:308 - Updater called before beeing initialized
2023-09-18 10:26:44,208 [WARN] DetailPanel:346 - Failed to get advertising image, set to default
2023-09-18 10:26:44,277 [FATAL] Updater:308 - Updater called before beeing initialized
2023-09-18 10:26:44,278 [FATAL] Updater:308 - Updater called before beeing initialized
2023-09-18 10:26:44,279 [FATAL] Updater:308 - Updater called before beeing initialized
2023-09-18 10:26:44,279 [WARN] DetailPanel:346 - Failed to get advertising image, set to default
2023-09-18 10:26:44,279 [FATAL] Updater:308 - Updater called before beeing initialized
2023-09-18 10:26:44,327 [ERROR] Updater:1120 - MainUpdater not yet initialized. External WinMGr cannot be set.
2023-09-18 10:26:44,334 [INFO] Updater:1056 - Updater Version found : 6.9.1
2023-09-18 10:26:44,346 [INFO] ApplicationProperties:184 - Using Application install path: C:\ST\STM32CubeIDE_1.13.1\STM32CubeIDE\plugins\com.st.stm32cube.common.mx_6.9.1.202307191849
2023-09-18 10:26:44,472 [INFO] MainUpdater:2868 - connection check result : 10
2023-09-18 10:26:44,472 [INFO] MainUpdater:3562 - Updater definition file requires update
2023-09-18 10:26:44,473 [INFO] MainUpdater:285 - Updater Check For Update Now.
2023-09-18 10:26:44,473 [INFO] MicroXplorer:498 - Change Database Version : DB.6.0.91
2023-09-18 10:26:44,490 [INFO] McuFinderGlobals:63 - Set McuFinder mode to 2 (CubeIDE integrated)
2023-09-18 10:26:44,490 [INFO] UserAuth:179 - activating auth plugin
2023-09-18 10:26:44,491 [INFO] UserAuth:393 - Internet connection configuration mode: 1
2023-09-18 10:26:44,500 [INFO] ServerAccessManage:473 - Download File updaters.zip
2023-09-18 10:26:44,516 [INFO] JxBrowserEngine:151 - Initiate JxBrowser Engine with user profile folder
2023-09-18 10:26:44,566 [INFO] FileExtend:240 - Unzip File : updaters.zip
2023-09-18 10:26:44,567 [INFO] FileExtend:255 - Standard Zip Deflate
2023-09-18 10:26:44,799 [INFO] ServerAccessManage:473 - Download File PacksControlFlags.xml
2023-09-18 10:26:44,867 [INFO] ServerAccessManage:473 - Download File cubemx.pidx
2023-09-18 10:26:44,972 [INFO] LoadServerUpdatesThread:373 - End of LoadServerUpdate Thread
2023-09-18 10:26:45,007 [WARN] MainUpdater:1189 - Updater busy. Cannot search thirdparties
2023-09-18 10:26:45,007 [INFO] ThirdPartyUpdaterWithRetryManager:96 - Updater plugin is busy. [1/15]
2023-09-18 10:26:45,194 [INFO] CheckServerUpdateThread:120 - End of CheckServer Thread
2023-09-18 10:26:46,647 [INFO] WebApp:157 - Instantiating new browser for Auth
2023-09-18 10:26:47,080 [INFO] WebApp:753 - Register for checkConnection events
2023-09-18 10:26:47,080 [INFO] WebApp:390 - Apply proxy settings
2023-09-18 10:26:47,081 [INFO] WebApp:475 - Chromium requires no authentication
2023-09-18 10:26:47,091 [INFO] WebApp:418 - Direct internet connection detected
2023-09-18 10:26:47,264 [INFO] WebApp:188 - Starting web application
2023-09-18 10:26:47,264 [INFO] WebApp:520 - Web application path used C:\ST\STM32CubeIDE_1.13.1\STM32CubeIDE\plugins\com.st.stm32cube.common.mx_6.9.1.202307191849\db\plugins\mcufinder\reactClient1\index.html
2023-09-18 10:26:48,121 [WARN] PackLoader:240 - Cannot read IP mode file for STMicroelectronics.X-CUBE-SMBUS.2.1.0
2023-09-18 10:26:48,154 [WARN] PackLoader:240 - Cannot read IP mode file for STMicroelectronics.X-CUBE-AZRTOS-F7.1.1.0
2023-09-18 10:26:48,170 [WARN] PackLoader:240 - Cannot read IP mode file for STMicroelectronics.FP-SNS-MOTENV1.4.3.2
2023-09-18 10:26:48,181 [WARN] PackLoader:240 - Cannot read IP mode file for STMicroelectronics.FP-SNS-FLIGHT1.5.0.2
2023-09-18 10:26:48,196 [WARN] PackLoader:240 - Cannot read IP mode file for STMicroelectronics.X-CUBE-DISPLAY.3.0.0
2023-09-18 10:26:48,209 [WARN] PackLoader:240 - Cannot read IP mode file for STMicroelectronics.X-CUBE-BLE1.7.0.0
2023-09-18 10:26:48,219 [WARN] PackLoader:240 - Cannot read IP mode file for emotas.I-CUBE-CANOPEN.1.3.0
2023-09-18 10:26:48,228 [WARN] PackLoader:240 - Cannot read IP mode file for STMicroelectronics.X-CUBE-TOUCHGFX.4.22.0
2023-09-18 10:26:48,237 [WARN] PackLoader:240 - Cannot read IP mode file for STMicroelectronics.FP-SNS-SMARTAG2.1.2.0
2023-09-18 10:26:48,252 [INFO] LogOutputStream:77 - [STDOUT_REDIRECT] 1 : Invalid condition id : UX_CORESTACK_Condition cause : null
2023-09-18 10:26:48,253 [INFO] LogOutputStream:77 - [STDOUT_REDIRECT] 1 : Invalid condition id : UX_CORESTACK_Condition cause : null
2023-09-18 10:26:48,254 [INFO] LogOutputStream:77 - [STDOUT_REDIRECT] 1 : Invalid condition id : UX_CORESTACK_Condition cause : null
2023-09-18 10:26:48,255 [INFO] LogOutputStream:77 - [STDOUT_REDIRECT] 1 : Invalid condition id : UX_CORESTACK_Condition cause : null
2023-09-18 10:26:48,255 [INFO] LogOutputStream:77 - [STDOUT_REDIRECT] 1 : Invalid condition id : UX_CORESTACK_Condition cause : null
2023-09-18 10:26:48,259 [WARN] PackLoader:240 - Cannot read IP mode file for STMicroelectronics.X-CUBE-AZRTOS-WL.2.0.0
2023-09-18 10:26:48,275 [WARN] PackLoader:240 - Cannot read IP mode file for WES.I-CUBE-Cesium.1.3.0
2023-09-18 10:26:48,286 [WARN] PackLoader:240 - Cannot read IP mode file for STMicroelectronics.X-CUBE-BLE2.3.3.0
2023-09-18 10:26:48,296 [WARN] PackLoader:240 - Cannot read IP mode file for STMicroelectronics.X-CUBE-ALGOBUILD.1.3.0
2023-09-18 10:26:48,326 [WARN] PackLoader:240 - Cannot read IP mode file for STMicroelectronics.X-CUBE-AZRTOS-G0.1.1.0
2023-09-18 10:26:48,341 [WARN] PackLoader:240 - Cannot read IP mode file for STMicroelectronics.X-CUBE-NFC4.3.0.0
2023-09-18 10:26:48,353 [WARN] PackLoader:240 - Cannot read IP mode file for STMicroelectronics.FP-ATR-SIGFOX1.3.2.0
2023-09-18 10:26:48,387 [WARN] PackLoader:240 - Cannot read IP mode file for SEGGER.I-CUBE-embOS.1.3.1
2023-09-18 10:26:48,434 [WARN] PackLoader:240 - Cannot read IP mode file for STMicroelectronics.X-CUBE-GNSS1.6.0.0
2023-09-18 10:26:48,467 [WARN] PackLoader:240 - Cannot read IP mode file for STMicroelectronics.X-CUBE-AZRTOS-F4.1.1.0
2023-09-18 10:26:48,480 [WARN] PackLoader:240 - Cannot read IP mode file for wolfSSL.I-CUBE-wolfSSL.5.6.3
2023-09-18 10:26:48,503 [WARN] PackLoader:240 - Cannot read IP mode file for STMicroelectronics.X-CUBE-AZRTOS-L5.2.0.0
2023-09-18 10:26:48,549 [WARN] PackLoader:240 - Cannot read IP mode file for STMicroelectronics.X-CUBE-MEMS1.9.6.0
2023-09-18 10:26:48,691 [WARN] PackLoader:240 - Cannot read IP mode file for STMicroelectronics.X-CUBE-BLEMGR.2.0.0
2023-09-18 10:26:48,711 [WARN] ConditionMgr:438 - getConditionDescription Invalid condition id : UX DEVICE CLASS RTOS Condition cause : null
2023-09-18 10:26:48,711 [WARN] ConditionMgr:438 - getConditionDescription Invalid condition id : UX DEVICE CLASS RTOS Condition cause : null
2023-09-18 10:26:48,713 [WARN] PackLoader:240 - Cannot read IP mode file for STMicroelectronics.X-CUBE-AZRTOS-H7.3.1.0
2023-09-18 10:26:48,714 [WARN] ConditionMgr:1039 - genDependencies : Invalid condition id : UX DEVICE CLASS RTOS Condition cause : null
2023-09-18 10:26:48,714 [WARN] ConditionMgr:1039 - genDependencies : Invalid condition id : UX DEVICE CLASS RTOS Condition cause : null
2023-09-18 10:26:48,714 [WARN] ConditionMgr:1039 - genDependencies : Invalid condition id : UX DEVICE CLASS RTOS Condition cause : null
2023-09-18 10:26:48,714 [WARN] ConditionMgr:1039 - genDependencies : Invalid condition id : UX DEVICE CLASS RTOS Condition cause : null
2023-09-18 10:26:48,715 [WARN] ConditionMgr:1039 - genDependencies : Invalid condition id : UX DEVICE CLASS RTOS Condition cause : null
2023-09-18 10:26:48,726 [WARN] PackLoader:240 - Cannot read IP mode file for STMicroelectronics.X-CUBE-NFC7.1.0.1
2023-09-18 10:26:48,737 [WARN] PackLoader:240 - Cannot read IP mode file for STMicroelectronics.X-CUBE-NFC6.3.0.0
2023-09-18 10:26:48,747 [WARN] PackLoader:240 - Cannot read IP mode file for STMicroelectronics.X-CUBE-EEPRMA1.4.1.0
2023-09-18 10:26:48,757 [WARN] PackLoader:240 - Cannot read IP mode file for STMicroelectronics.X-CUBE-AI.8.1.0
2023-09-18 10:26:48,778 [WARN] ConditionMgr:438 - getConditionDescription Invalid condition id : LAN8742 Phy interface Condition cause : null
2023-09-18 10:26:48,779 [WARN] PackLoader:240 - Cannot read IP mode file for STMicroelectronics.X-CUBE-AZRTOS-L4.2.0.0
2023-09-18 10:26:48,780 [WARN] ConditionMgr:1039 - genDependencies : Invalid condition id : LAN8742 Phy interface Condition cause : null
2023-09-18 10:26:48,780 [WARN] ConditionMgr:1039 - genDependencies : Invalid condition id : LAN8742 Phy interface Condition cause : null
2023-09-18 10:26:48,780 [WARN] ConditionMgr:1039 - genDependencies : Invalid condition id : LAN8742 Phy interface Condition cause : null
2023-09-18 10:26:48,791 [WARN] PackLoader:240 - Cannot read IP mode file for STMicroelectronics.X-CUBE-SFXS2LP1.4.0.0
2023-09-18 10:26:48,802 [WARN] PackLoader:240 - Cannot read IP mode file for STMicroelectronics.X-CUBE-ISPU.1.1.0
2023-09-18 10:26:48,822 [WARN] ConditionMgr:438 - getConditionDescription Invalid condition id : UX DEVICE CLASS RTOS Condition cause : null
2023-09-18 10:26:48,822 [WARN] ConditionMgr:438 - getConditionDescription Invalid condition id : UX DEVICE CLASS RTOS Condition cause : null
2023-09-18 10:26:48,823 [WARN] PackLoader:240 - Cannot read IP mode file for STMicroelectronics.X-CUBE-AZRTOS-WB.2.0.0
2023-09-18 10:26:48,824 [WARN] ConditionMgr:1039 - genDependencies : Invalid condition id : UX DEVICE CLASS RTOS Condition cause : null
2023-09-18 10:26:48,824 [WARN] ConditionMgr:1039 - genDependencies : Invalid condition id : UX DEVICE CLASS RTOS Condition cause : null
2023-09-18 10:26:48,824 [WARN] ConditionMgr:1039 - genDependencies : Invalid condition id : UX DEVICE CLASS RTOS Condition cause : null
2023-09-18 10:26:48,824 [WARN] ConditionMgr:1039 - genDependencies : Invalid condition id : UX DEVICE CLASS RTOS Condition cause : null
2023-09-18 10:26:48,824 [WARN] ConditionMgr:1039 - genDependencies : Invalid condition id : UX DEVICE CLASS RTOS Condition cause : null
2023-09-18 10:26:48,838 [WARN] PackLoader:240 - Cannot read IP mode file for STMicroelectronics.X-CUBE-SUBG2.5.0.0
2023-09-18 10:26:48,856 [WARN] PackLoader:240 - Cannot read IP mode file for STMicroelectronics.X-CUBE-TOF1.3.3.1
2023-09-18 10:26:48,877 [WARN] PackLoader:240 - Cannot read IP mode file for STMicroelectronics.X-CUBE-AZRTOS-G4.2.0.0
2023-09-18 10:26:48,889 [WARN] PackLoader:240 - Cannot read IP mode file for STMicroelectronics.X-CUBE-FREERTOS.1.1.0
2023-09-18 10:26:48,898 [WARN] PackLoader:240 - Cannot read IP mode file for portGmbH.I-Cube-SoM-uGOAL.1.1.0
2023-09-18 10:26:48,907 [WARN] PackLoader:240 - Cannot read IP mode file for STMicroelectronics.X-CUBE-ALS.1.0.1
2023-09-18 10:26:48,917 [WARN] PackLoader:240 - Cannot read IP mode file for STMicroelectronics.FP-ATR-ASTRA1.2.0.0
2023-09-18 10:26:48,917 [INFO] ThirdParty:978 - Integrity check success = true
2023-09-18 10:26:48,917 [INFO] IntegrityCheckThread:100 - exiting critical section [integrity check]
2023-09-18 10:26:48,917 [INFO] IntegrityCheckThread:103 - End integrity checks thread
2023-09-18 10:27:08,034 [ERROR] LogOutputStream:75 - [STDERR_REDIRECT] SLF4J: Failed to load class "org.slf4j.impl.StaticLoggerBinder".
2023-09-18 10:27:08,034 [ERROR] LogOutputStream:75 - [STDERR_REDIRECT] SLF4J: Defaulting to no-operation (NOP) logger implementation
2023-09-18 10:27:08,036 [ERROR] LogOutputStream:75 - [STDERR_REDIRECT] SLF4J: See http://www.slf4j.org/codes.html#StaticLoggerBinder for further details.
2023-09-18 10:39:32,814 [ERROR] LogOutputStream:75 - [STDERR_REDIRECT] 
2023-09-18 18:11:13,485 [INFO] Activator:176 - 


2023-09-18 18:11:13,486 [INFO] Activator:177 - !SESSION log4j initialized
2023-09-18 18:11:17,337 [INFO] LogOutputStream:77 - [STDOUT_REDIRECT] 
2023-09-18 18:11:18,578 [INFO] ApplicationProperties:184 - Using Application install path: C:\ST\STM32CubeIDE_1.13.1\STM32CubeIDE\plugins\com.st.stm32cube.common.mx_6.9.1.202307191849
2023-09-18 18:11:18,599 [INFO] DbMcusXml:78 - Set database path to: C:\ST\STM32CubeIDE_1.13.1\STM32CubeIDE\plugins\com.st.stm32cube.common.mx_6.9.1.202307191849\\db\/mcu/
2023-09-18 18:11:18,599 [INFO] ApiDb:274 - Set plugin database path to: C:\ST\STM32CubeIDE_1.13.1\STM32CubeIDE\plugins\com.st.stm32cube.common.mx_6.9.1.202307191849\\db\/plugins/boardmanager/
2023-09-18 18:11:18,599 [WARN] ApiDb:259 - Overriding images path with different value:  => C:\ST\STM32CubeIDE_1.13.1\STM32CubeIDE\plugins\com.st.stm32cube.common.mx_6.9.1.202307191849\\db\/plugins/mcufinder/images/
2023-09-18 18:11:18,611 [INFO] ApiDb:250 - Set database path to: C:\Users\Mahmu\.stmcufinder\plugins\mcufinder//mcu/
2023-09-18 18:11:18,612 [INFO] DbMcusAds:125 - Set database path to: C:\Users\Mahmu\.stmcufinder\plugins\mcufinder//mcu/
2023-09-18 18:11:18,613 [INFO] CrossReferenceDbSqlite:203 - Set database path to: C:\Users\Mahmu\.stmcufinder\plugins\mcufinder//mcu/cs/
2023-09-18 18:11:18,705 [INFO] RulesReader:64 - Compatibility file has been processed (293 Rules)
2023-09-18 18:11:18,766 [INFO] DbMcusXml:78 - Set database path to: C:\ST\STM32CubeIDE_1.13.1\STM32CubeIDE\plugins\com.st.stm32cube.common.mx_6.9.1.202307191849\\db\/mcu/
2023-09-18 18:11:18,766 [INFO] ApiDb:274 - Set plugin database path to: C:\ST\STM32CubeIDE_1.13.1\STM32CubeIDE\plugins\com.st.stm32cube.common.mx_6.9.1.202307191849\\db\/plugins/boardmanager/
2023-09-18 18:11:18,766 [INFO] ApiDb:261 - Set plugin images path to: C:\ST\STM32CubeIDE_1.13.1\STM32CubeIDE\plugins\com.st.stm32cube.common.mx_6.9.1.202307191849\\db\/plugins/mcufinder/images/
2023-09-18 18:11:18,767 [WARN] DbFile:41 - Overriding database path with different value: C:\Users\Mahmu\.stmcufinder\plugins\mcufinder/ => C:\Users\Mahmu\.stmcufinder\plugins\mcufinder
2023-09-18 18:11:18,767 [INFO] ApiDb:250 - Set database path to: C:\Users\Mahmu\.stmcufinder\plugins\mcufinder//mcu/
2023-09-18 18:11:18,767 [WARN] DbFile:41 - Overriding database path with different value: C:\Users\Mahmu\.stmcufinder\plugins\mcufinder/ => C:\Users\Mahmu\.stmcufinder\plugins\mcufinder
2023-09-18 18:11:18,767 [INFO] DbMcusAds:125 - Set database path to: C:\Users\Mahmu\.stmcufinder\plugins\mcufinder//mcu/
2023-09-18 18:11:18,767 [WARN] DbFile:41 - Overriding database path with different value: C:\Users\Mahmu\.stmcufinder\plugins\mcufinder/ => C:\Users\Mahmu\.stmcufinder\plugins\mcufinder
2023-09-18 18:11:18,767 [WARN] DbFile:41 - Overriding database path with different value: C:\Users\Mahmu\.stmcufinder\plugins\mcufinder/ => C:\Users\Mahmu\.stmcufinder\plugins\mcufinder
2023-09-18 18:11:18,767 [INFO] CrossReferenceDbSqlite:203 - Set database path to: C:\Users\Mahmu\.stmcufinder\plugins\mcufinder//mcu/cs/
2023-09-18 18:11:18,832 [INFO] MainPanel:262 - HeapMemory: 268435456
2023-09-18 18:11:18,920 [INFO] DbMcusXml:78 - Set database path to: C:\ST\STM32CubeIDE_1.13.1\STM32CubeIDE\plugins\com.st.stm32cube.common.mx_6.9.1.202307191849\\db\/mcu/
2023-09-18 18:11:18,920 [INFO] ApiDb:274 - Set plugin database path to: C:\ST\STM32CubeIDE_1.13.1\STM32CubeIDE\plugins\com.st.stm32cube.common.mx_6.9.1.202307191849\\db\/plugins/boardmanager/
2023-09-18 18:11:18,920 [INFO] ApiDb:261 - Set plugin images path to: C:\ST\STM32CubeIDE_1.13.1\STM32CubeIDE\plugins\com.st.stm32cube.common.mx_6.9.1.202307191849\\db\/plugins/mcufinder/images/
2023-09-18 18:11:18,921 [WARN] DbFile:41 - Overriding database path with different value: C:\Users\Mahmu\.stmcufinder\plugins\mcufinder/ => C:\Users\Mahmu\.stmcufinder\plugins\mcufinder
2023-09-18 18:11:18,921 [INFO] ApiDb:250 - Set database path to: C:\Users\Mahmu\.stmcufinder\plugins\mcufinder//mcu/
2023-09-18 18:11:18,921 [WARN] DbFile:41 - Overriding database path with different value: C:\Users\Mahmu\.stmcufinder\plugins\mcufinder/ => C:\Users\Mahmu\.stmcufinder\plugins\mcufinder
2023-09-18 18:11:18,921 [INFO] DbMcusAds:125 - Set database path to: C:\Users\Mahmu\.stmcufinder\plugins\mcufinder//mcu/
2023-09-18 18:11:18,921 [WARN] DbFile:41 - Overriding database path with different value: C:\Users\Mahmu\.stmcufinder\plugins\mcufinder/ => C:\Users\Mahmu\.stmcufinder\plugins\mcufinder
2023-09-18 18:11:18,921 [WARN] DbFile:41 - Overriding database path with different value: C:\Users\Mahmu\.stmcufinder\plugins\mcufinder/ => C:\Users\Mahmu\.stmcufinder\plugins\mcufinder
2023-09-18 18:11:18,921 [INFO] CrossReferenceDbSqlite:203 - Set database path to: C:\Users\Mahmu\.stmcufinder\plugins\mcufinder//mcu/cs/
2023-09-18 18:11:18,936 [INFO] ApplicationProperties:184 - Using Application install path: C:\ST\STM32CubeIDE_1.13.1\STM32CubeIDE\plugins\com.st.stm32cube.common.mx_6.9.1.202307191849
2023-09-18 18:11:18,937 [INFO] PluginManage:196 - Search for loadable plugins [exclusion list=, ]
2023-09-18 18:11:18,938 [INFO] PluginManage:310 - Check plugin analytics
2023-09-18 18:11:19,080 [INFO] AnalyticsPlugin:253 - Accepted Software Licenses: 
2023-09-18 18:11:19,080 [INFO] AnalyticsPlugin:255 - Accepted CMSIS Pack Licenses: 
2023-09-18 18:11:19,081 [INFO] AnalyticsPlugin:257 - Accepted Firmware Licenses: FW.F4.1.27.0
2023-09-18 18:11:19,083 [INFO] PluginManage:359 - Loaded plugin analytics (category:tool,tabindex:-1)
2023-09-18 18:11:19,083 [INFO] PluginManage:310 - Check plugin cadmodel
2023-09-18 18:11:19,095 [INFO] CADModel:105 - Init CAD model plugin
2023-09-18 18:11:19,095 [INFO] PluginManage:359 - Loaded plugin cadmodel (category:power,tabindex:5)
2023-09-18 18:11:19,096 [INFO] PluginManage:310 - Check plugin clock
2023-09-18 18:11:19,112 [INFO] PluginManage:359 - Loaded plugin clock (category:base,tabindex:2)
2023-09-18 18:11:19,112 [INFO] PluginManage:310 - Check plugin ddr
2023-09-18 18:11:19,115 [INFO] PluginManage:359 - Loaded plugin ddr (category:tool,tabindex:6)
2023-09-18 18:11:19,115 [INFO] PluginManage:310 - Check plugin filemanager
2023-09-18 18:11:19,216 [INFO] PluginManage:359 - Loaded plugin filemanager (category:base,tabindex:10)
2023-09-18 18:11:19,217 [INFO] PluginManage:310 - Check plugin ipmanager
2023-09-18 18:11:19,222 [INFO] PluginManage:359 - Loaded plugin ipmanager (category:base,tabindex:5)
2023-09-18 18:11:19,222 [INFO] PluginManage:310 - Check plugin lpbam
2023-09-18 18:11:19,236 [INFO] PluginManage:359 - Loaded plugin lpbam (category:base,tabindex:0)
2023-09-18 18:11:19,236 [INFO] PluginManage:310 - Check plugin memorymap
2023-09-18 18:11:19,253 [INFO] PluginManage:359 - Loaded plugin memorymap (category:base,tabindex:4)
2023-09-18 18:11:19,253 [INFO] PluginManage:310 - Check plugin pinoutandconfiguration
2023-09-18 18:11:19,267 [INFO] PluginManage:359 - Loaded plugin pinoutandconfiguration (category:base,tabindex:1)
2023-09-18 18:11:19,267 [INFO] PluginManage:310 - Check plugin pinoutconfig
2023-09-18 18:11:19,341 [WARN] SupportedApi:132 - Cannot load RTOS API schema: s4s-elt-must-match.1: The content of 'definitions' must match (annotation?, (simpleType | complexType)?, (unique | key | keyref)*)). A problem was found starting at: attribute.
2023-09-18 18:11:19,439 [INFO] PluginManage:359 - Loaded plugin pinoutconfig (category:base,tabindex:0)
2023-09-18 18:11:19,439 [INFO] PluginManage:310 - Check plugin power
2023-09-18 18:11:19,458 [INFO] PluginManage:359 - Loaded plugin power (category:power,tabindex:4)
2023-09-18 18:11:19,458 [INFO] PluginManage:310 - Check plugin projectmanager
2023-09-18 18:11:19,469 [INFO] PluginManage:359 - Loaded plugin projectmanager (category:projectmanager,tabindex:3)
2023-09-18 18:11:19,469 [INFO] PluginManage:310 - Check plugin thirdparty
2023-09-18 18:11:19,699 [INFO] PluginManage:359 - Loaded plugin thirdparty (category:base,tabindex:-1)
2023-09-18 18:11:19,699 [WARN] IntegrityCheckThread:84 - waiting for thirdparty lock release [integrity check]
2023-09-18 18:11:19,699 [INFO] PluginManage:310 - Check plugin tools
2023-09-18 18:11:19,699 [INFO] IntegrityCheckThread:86 - entering critical section [integrity check]
2023-09-18 18:11:19,700 [INFO] ThirdPartyUpdaterWithRetryManager:70 - Updater plugin not ready yet. [1/15]
2023-09-18 18:11:19,725 [INFO] PluginManage:359 - Loaded plugin tools (category:base,tabindex:7)
2023-09-18 18:11:19,725 [INFO] PluginManage:310 - Check plugin tutovideos
2023-09-18 18:11:19,875 [INFO] PluginManage:359 - Loaded plugin tutovideos (category:base,tabindex:-1)
2023-09-18 18:11:19,875 [INFO] PluginManage:310 - Check plugin updater
2023-09-18 18:11:19,888 [INFO] PluginManage:359 - Loaded plugin updater (category:base,tabindex:12)
2023-09-18 18:11:19,888 [INFO] PluginManage:310 - Check plugin userauth
2023-09-18 18:11:19,893 [INFO] UserAuth:113 - Init User Auth plugin
2023-09-18 18:11:19,893 [INFO] PluginManage:359 - Loaded plugin userauth (category:base,tabindex:14)
2023-09-18 18:11:19,894 [INFO] PluginManage:283 - PluginManage : Loaded plugins [17]
2023-09-18 18:11:20,057 [INFO] PinOutPanel:1499 - setPackage(No Configuration,No Configuration)
2023-09-18 18:11:20,138 [INFO] CADModel:165 - CPN selected for project level
2023-09-18 18:11:20,139 [INFO] CADModel:114 - Register for checkConnection events
2023-09-18 18:11:20,159 [INFO] IPUIPlugin:80 - create IPUIPlugin
2023-09-18 18:11:20,159 [INFO] PluginManager:220 - loadIPPluginJar : add adc
2023-09-18 18:11:20,180 [INFO] IPUIPlugin:80 - create IPUIPlugin
2023-09-18 18:11:20,180 [INFO] PluginManager:220 - loadIPPluginJar : add aes
2023-09-18 18:11:20,208 [INFO] IPUIPlugin:80 - create IPUIPlugin
2023-09-18 18:11:20,208 [INFO] PluginManager:220 - loadIPPluginJar : add can
2023-09-18 18:11:20,222 [INFO] IPUIPlugin:80 - create IPUIPlugin
2023-09-18 18:11:20,222 [INFO] PluginManager:220 - loadIPPluginJar : add comp
2023-09-18 18:11:20,245 [INFO] IPUIPlugin:80 - create IPUIPlugin
2023-09-18 18:11:20,245 [INFO] PluginManager:220 - loadIPPluginJar : add cryp
2023-09-18 18:11:20,265 [INFO] IPUIPlugin:80 - create IPUIPlugin
2023-09-18 18:11:20,266 [INFO] PluginManager:220 - loadIPPluginJar : add dfsdm
2023-09-18 18:11:20,275 [INFO] IPUIPlugin:80 - create IPUIPlugin
2023-09-18 18:11:20,276 [INFO] PluginManager:220 - loadIPPluginJar : add dma
2023-09-18 18:11:20,304 [INFO] IPUIPlugin:80 - create IPUIPlugin
2023-09-18 18:11:20,304 [INFO] PluginManager:220 - loadIPPluginJar : add dma3
2023-09-18 18:11:20,318 [INFO] IPUIPlugin:80 - create IPUIPlugin
2023-09-18 18:11:20,318 [INFO] PluginManager:220 - loadIPPluginJar : add fatfs
2023-09-18 18:11:20,349 [INFO] IPUIPlugin:80 - create IPUIPlugin
2023-09-18 18:11:20,349 [INFO] PluginManager:220 - loadIPPluginJar : add fmc
2023-09-18 18:11:20,363 [INFO] IPUIPlugin:80 - create IPUIPlugin
2023-09-18 18:11:20,363 [INFO] PluginManager:220 - loadIPPluginJar : add freertos
2023-09-18 18:11:20,377 [INFO] IPUIPlugin:80 - create IPUIPlugin
2023-09-18 18:11:20,377 [INFO] PluginManager:220 - loadIPPluginJar : add genericplugin
2023-09-18 18:11:20,443 [INFO] IPUIPlugin:80 - create IPUIPlugin
2023-09-18 18:11:20,443 [INFO] PluginManager:220 - loadIPPluginJar : add gfxmmu
2023-09-18 18:11:20,523 [INFO] IPUIPlugin:80 - create IPUIPlugin
2023-09-18 18:11:20,523 [INFO] PluginManager:220 - loadIPPluginJar : add gic
2023-09-18 18:11:20,535 [INFO] IPUIPlugin:80 - create IPUIPlugin
2023-09-18 18:11:20,535 [INFO] PluginManager:220 - loadIPPluginJar : add gpio
2023-09-18 18:11:20,592 [INFO] IPUIPlugin:80 - create IPUIPlugin
2023-09-18 18:11:20,592 [INFO] PluginManager:220 - loadIPPluginJar : add gtzc
2023-09-18 18:11:20,614 [INFO] IPUIPlugin:80 - create IPUIPlugin
2023-09-18 18:11:20,614 [INFO] PluginManager:220 - loadIPPluginJar : add hash
2023-09-18 18:11:20,649 [INFO] IPUIPlugin:80 - create IPUIPlugin
2023-09-18 18:11:20,649 [INFO] PluginManager:220 - loadIPPluginJar : add i2c
2023-09-18 18:11:20,674 [INFO] IPUIPlugin:80 - create IPUIPlugin
2023-09-18 18:11:20,674 [INFO] PluginManager:220 - loadIPPluginJar : add i2s
2023-09-18 18:11:20,700 [INFO] IPUIPlugin:80 - create IPUIPlugin
2023-09-18 18:11:20,700 [INFO] PluginManager:220 - loadIPPluginJar : add i3c
2023-09-18 18:11:20,765 [INFO] IPUIPlugin:80 - create IPUIPlugin
2023-09-18 18:11:20,765 [INFO] PluginManager:220 - loadIPPluginJar : add ipddr
2023-09-18 18:11:20,824 [INFO] IPUIPlugin:80 - create IPUIPlugin
2023-09-18 18:11:20,824 [INFO] PluginManager:220 - loadIPPluginJar : add linkedlist
2023-09-18 18:11:20,847 [INFO] IPUIPlugin:80 - create IPUIPlugin
2023-09-18 18:11:20,847 [INFO] PluginManager:220 - loadIPPluginJar : add lorawan
2023-09-18 18:11:20,870 [INFO] IPUIPlugin:80 - create IPUIPlugin
2023-09-18 18:11:20,871 [INFO] PluginManager:220 - loadIPPluginJar : add ltdc
2023-09-18 18:11:20,881 [INFO] IPUIPlugin:80 - create IPUIPlugin
2023-09-18 18:11:20,881 [INFO] PluginManager:220 - loadIPPluginJar : add mdma
2023-09-18 18:11:20,890 [INFO] IPUIPlugin:80 - create IPUIPlugin
2023-09-18 18:11:20,890 [INFO] PluginManager:220 - loadIPPluginJar : add nvic
2023-09-18 18:11:20,913 [INFO] IPUIPlugin:80 - create IPUIPlugin
2023-09-18 18:11:20,913 [INFO] PluginManager:220 - loadIPPluginJar : add opamp
2023-09-18 18:11:20,950 [INFO] IPUIPlugin:80 - create IPUIPlugin
2023-09-18 18:11:20,951 [INFO] PluginManager:220 - loadIPPluginJar : add openamp
2023-09-18 18:11:20,978 [INFO] IPUIPlugin:80 - create IPUIPlugin
2023-09-18 18:11:20,978 [INFO] PluginManager:220 - loadIPPluginJar : add pdm2pcm
2023-09-18 18:11:20,988 [INFO] IPUIPlugin:80 - create IPUIPlugin
2023-09-18 18:11:20,990 [INFO] PluginManager:220 - loadIPPluginJar : add plateformsettings
2023-09-18 18:11:21,004 [INFO] IPUIPlugin:80 - create IPUIPlugin
2023-09-18 18:11:21,004 [INFO] PluginManager:220 - loadIPPluginJar : add quadspi
2023-09-18 18:11:21,013 [INFO] IPUIPlugin:80 - create IPUIPlugin
2023-09-18 18:11:21,013 [INFO] PluginManager:220 - loadIPPluginJar : add resmgrutility
2023-09-18 18:11:21,043 [INFO] IPUIPlugin:80 - create IPUIPlugin
2023-09-18 18:11:21,043 [INFO] PluginManager:220 - loadIPPluginJar : add sai
2023-09-18 18:11:21,067 [INFO] IPUIPlugin:80 - create IPUIPlugin
2023-09-18 18:11:21,067 [INFO] PluginManager:220 - loadIPPluginJar : add spi
2023-09-18 18:11:21,105 [INFO] IPUIPlugin:80 - create IPUIPlugin
2023-09-18 18:11:21,105 [INFO] PluginManager:220 - loadIPPluginJar : add stm32_wpan
2023-09-18 18:11:21,120 [INFO] IPUIPlugin:80 - create IPUIPlugin
2023-09-18 18:11:21,120 [INFO] PluginManager:220 - loadIPPluginJar : add tim
2023-09-18 18:11:21,156 [INFO] IPUIPlugin:80 - create IPUIPlugin
2023-09-18 18:11:21,156 [INFO] PluginManager:220 - loadIPPluginJar : add touchsensing
2023-09-18 18:11:21,171 [INFO] IPUIPlugin:80 - create IPUIPlugin
2023-09-18 18:11:21,171 [INFO] PluginManager:220 - loadIPPluginJar : add tracer_emb
2023-09-18 18:11:21,185 [INFO] IPUIPlugin:80 - create IPUIPlugin
2023-09-18 18:11:21,185 [INFO] PluginManager:220 - loadIPPluginJar : add ts
2023-09-18 18:11:21,199 [INFO] IPUIPlugin:80 - create IPUIPlugin
2023-09-18 18:11:21,199 [INFO] PluginManager:220 - loadIPPluginJar : add tsc
2023-09-18 18:11:21,213 [INFO] IPUIPlugin:80 - create IPUIPlugin
2023-09-18 18:11:21,213 [INFO] PluginManager:220 - loadIPPluginJar : add ucpd
2023-09-18 18:11:21,241 [INFO] IPUIPlugin:80 - create IPUIPlugin
2023-09-18 18:11:21,241 [INFO] PluginManager:220 - loadIPPluginJar : add usart
2023-09-18 18:11:21,269 [INFO] IPUIPlugin:80 - create IPUIPlugin
2023-09-18 18:11:21,269 [INFO] PluginManager:220 - loadIPPluginJar : add usbx
2023-09-18 18:11:21,380 [INFO] CADModel:165 - CPN selected for project level
2023-09-18 18:11:21,381 [INFO] CADModel:114 - Register for checkConnection events
2023-09-18 18:11:21,381 [FATAL] Updater:308 - Updater called before beeing initialized
2023-09-18 18:11:21,381 [ERROR] CADModel:125 - Updater not yet initialized, retry later 
2023-09-18 18:11:21,509 [INFO] CADModel:165 - CPN selected for project level
2023-09-18 18:11:21,510 [INFO] CADModel:114 - Register for checkConnection events
2023-09-18 18:11:21,510 [FATAL] Updater:308 - Updater called before beeing initialized
2023-09-18 18:11:21,510 [ERROR] CADModel:125 - Updater not yet initialized, retry later 
2023-09-18 18:11:21,513 [FATAL] Updater:308 - Updater called before beeing initialized
2023-09-18 18:11:21,594 [FATAL] Updater:308 - Updater called before beeing initialized
2023-09-18 18:11:21,603 [INFO] DbMcusAds:53 - JSON generation date=Tue Mar 07 09:50:55 GMT+01:00 2023 (1678179055335)
2023-09-18 18:11:21,604 [FATAL] Updater:308 - Updater called before beeing initialized
2023-09-18 18:11:21,651 [WARN] DetailPanel:346 - Failed to get advertising image, set to default
2023-09-18 18:11:21,718 [FATAL] Updater:308 - Updater called before beeing initialized
2023-09-18 18:11:21,720 [FATAL] Updater:308 - Updater called before beeing initialized
2023-09-18 18:11:21,720 [FATAL] Updater:308 - Updater called before beeing initialized
2023-09-18 18:11:21,720 [WARN] DetailPanel:346 - Failed to get advertising image, set to default
2023-09-18 18:11:21,720 [FATAL] Updater:308 - Updater called before beeing initialized
2023-09-18 18:11:21,763 [ERROR] Updater:1120 - MainUpdater not yet initialized. External WinMGr cannot be set.
2023-09-18 18:11:21,771 [INFO] Updater:1056 - Updater Version found : 6.9.1
2023-09-18 18:11:21,788 [INFO] ApplicationProperties:184 - Using Application install path: C:\ST\STM32CubeIDE_1.13.1\STM32CubeIDE\plugins\com.st.stm32cube.common.mx_6.9.1.202307191849
2023-09-18 18:11:21,927 [INFO] MainUpdater:2868 - connection check result : 10
2023-09-18 18:11:21,928 [INFO] MainUpdater:285 - Updater Check For Update Now.
2023-09-18 18:11:21,928 [INFO] MicroXplorer:498 - Change Database Version : DB.6.0.91
2023-09-18 18:11:21,943 [INFO] McuFinderGlobals:63 - Set McuFinder mode to 2 (CubeIDE integrated)
2023-09-18 18:11:21,943 [INFO] UserAuth:179 - activating auth plugin
2023-09-18 18:11:21,945 [INFO] UserAuth:393 - Internet connection configuration mode: 1
2023-09-18 18:11:21,968 [INFO] JxBrowserEngine:151 - Initiate JxBrowser Engine with user profile folder
2023-09-18 18:11:22,103 [INFO] CheckServerUpdateThread:120 - End of CheckServer Thread
2023-09-18 18:11:22,820 [WARN] PackLoader:240 - Cannot read IP mode file for STMicroelectronics.X-CUBE-SMBUS.2.1.0
2023-09-18 18:11:22,864 [WARN] PackLoader:240 - Cannot read IP mode file for STMicroelectronics.X-CUBE-AZRTOS-F7.1.1.0
2023-09-18 18:11:22,884 [WARN] PackLoader:240 - Cannot read IP mode file for STMicroelectronics.FP-SNS-MOTENV1.4.3.2
2023-09-18 18:11:22,899 [WARN] PackLoader:240 - Cannot read IP mode file for STMicroelectronics.FP-SNS-FLIGHT1.5.0.2
2023-09-18 18:11:22,917 [WARN] PackLoader:240 - Cannot read IP mode file for STMicroelectronics.X-CUBE-DISPLAY.3.0.0
2023-09-18 18:11:22,937 [WARN] PackLoader:240 - Cannot read IP mode file for STMicroelectronics.X-CUBE-BLE1.7.0.0
2023-09-18 18:11:22,949 [WARN] PackLoader:240 - Cannot read IP mode file for emotas.I-CUBE-CANOPEN.1.3.0
2023-09-18 18:11:22,962 [WARN] PackLoader:240 - Cannot read IP mode file for STMicroelectronics.X-CUBE-TOUCHGFX.4.22.0
2023-09-18 18:11:22,972 [WARN] PackLoader:240 - Cannot read IP mode file for STMicroelectronics.FP-SNS-SMARTAG2.1.2.0
2023-09-18 18:11:22,993 [INFO] LogOutputStream:77 - [STDOUT_REDIRECT] 1 : Invalid condition id : UX_CORESTACK_Condition cause : null
2023-09-18 18:11:22,994 [INFO] LogOutputStream:77 - [STDOUT_REDIRECT] 1 : Invalid condition id : UX_CORESTACK_Condition cause : null
2023-09-18 18:11:22,995 [INFO] LogOutputStream:77 - [STDOUT_REDIRECT] 1 : Invalid condition id : UX_CORESTACK_Condition cause : null
2023-09-18 18:11:22,996 [INFO] LogOutputStream:77 - [STDOUT_REDIRECT] 1 : Invalid condition id : UX_CORESTACK_Condition cause : null
2023-09-18 18:11:22,997 [INFO] LogOutputStream:77 - [STDOUT_REDIRECT] 1 : Invalid condition id : UX_CORESTACK_Condition cause : null
2023-09-18 18:11:23,001 [WARN] PackLoader:240 - Cannot read IP mode file for STMicroelectronics.X-CUBE-AZRTOS-WL.2.0.0
2023-09-18 18:11:23,017 [WARN] PackLoader:240 - Cannot read IP mode file for WES.I-CUBE-Cesium.1.3.0
2023-09-18 18:11:23,026 [WARN] PackLoader:240 - Cannot read IP mode file for STMicroelectronics.X-CUBE-BLE2.3.3.0
2023-09-18 18:11:23,035 [WARN] PackLoader:240 - Cannot read IP mode file for STMicroelectronics.X-CUBE-ALGOBUILD.1.3.0
2023-09-18 18:11:23,056 [WARN] PackLoader:240 - Cannot read IP mode file for STMicroelectronics.X-CUBE-AZRTOS-G0.1.1.0
2023-09-18 18:11:23,071 [WARN] PackLoader:240 - Cannot read IP mode file for STMicroelectronics.X-CUBE-NFC4.3.0.0
2023-09-18 18:11:23,082 [WARN] PackLoader:240 - Cannot read IP mode file for STMicroelectronics.FP-ATR-SIGFOX1.3.2.0
2023-09-18 18:11:23,115 [WARN] PackLoader:240 - Cannot read IP mode file for SEGGER.I-CUBE-embOS.1.3.1
2023-09-18 18:11:23,160 [WARN] PackLoader:240 - Cannot read IP mode file for STMicroelectronics.X-CUBE-GNSS1.6.0.0
2023-09-18 18:11:23,184 [WARN] PackLoader:240 - Cannot read IP mode file for STMicroelectronics.X-CUBE-AZRTOS-F4.1.1.0
2023-09-18 18:11:23,198 [WARN] PackLoader:240 - Cannot read IP mode file for wolfSSL.I-CUBE-wolfSSL.5.6.3
2023-09-18 18:11:23,223 [WARN] PackLoader:240 - Cannot read IP mode file for STMicroelectronics.X-CUBE-AZRTOS-L5.2.0.0
2023-09-18 18:11:23,269 [WARN] PackLoader:240 - Cannot read IP mode file for STMicroelectronics.X-CUBE-MEMS1.9.6.0
2023-09-18 18:11:23,400 [WARN] PackLoader:240 - Cannot read IP mode file for STMicroelectronics.X-CUBE-BLEMGR.2.0.0
2023-09-18 18:11:23,435 [WARN] ConditionMgr:438 - getConditionDescription Invalid condition id : UX DEVICE CLASS RTOS Condition cause : null
2023-09-18 18:11:23,436 [WARN] ConditionMgr:438 - getConditionDescription Invalid condition id : UX DEVICE CLASS RTOS Condition cause : null
2023-09-18 18:11:23,441 [WARN] PackLoader:240 - Cannot read IP mode file for STMicroelectronics.X-CUBE-AZRTOS-H7.3.1.0
2023-09-18 18:11:23,441 [WARN] ConditionMgr:1039 - genDependencies : Invalid condition id : UX DEVICE CLASS RTOS Condition cause : null
2023-09-18 18:11:23,442 [WARN] ConditionMgr:1039 - genDependencies : Invalid condition id : UX DEVICE CLASS RTOS Condition cause : null
2023-09-18 18:11:23,442 [WARN] ConditionMgr:1039 - genDependencies : Invalid condition id : UX DEVICE CLASS RTOS Condition cause : null
2023-09-18 18:11:23,442 [WARN] ConditionMgr:1039 - genDependencies : Invalid condition id : UX DEVICE CLASS RTOS Condition cause : null
2023-09-18 18:11:23,442 [WARN] ConditionMgr:1039 - genDependencies : Invalid condition id : UX DEVICE CLASS RTOS Condition cause : null
2023-09-18 18:11:23,458 [WARN] PackLoader:240 - Cannot read IP mode file for STMicroelectronics.X-CUBE-NFC7.1.0.1
2023-09-18 18:11:23,476 [WARN] PackLoader:240 - Cannot read IP mode file for STMicroelectronics.X-CUBE-NFC6.3.0.0
2023-09-18 18:11:23,494 [WARN] PackLoader:240 - Cannot read IP mode file for STMicroelectronics.X-CUBE-EEPRMA1.4.1.0
2023-09-18 18:11:23,511 [WARN] PackLoader:240 - Cannot read IP mode file for STMicroelectronics.X-CUBE-AI.8.1.0
2023-09-18 18:11:23,548 [WARN] ConditionMgr:438 - getConditionDescription Invalid condition id : LAN8742 Phy interface Condition cause : null
2023-09-18 18:11:23,549 [WARN] PackLoader:240 - Cannot read IP mode file for STMicroelectronics.X-CUBE-AZRTOS-L4.2.0.0
2023-09-18 18:11:23,550 [WARN] ConditionMgr:1039 - genDependencies : Invalid condition id : LAN8742 Phy interface Condition cause : null
2023-09-18 18:11:23,550 [WARN] ConditionMgr:1039 - genDependencies : Invalid condition id : LAN8742 Phy interface Condition cause : null
2023-09-18 18:11:23,551 [WARN] ConditionMgr:1039 - genDependencies : Invalid condition id : LAN8742 Phy interface Condition cause : null
2023-09-18 18:11:23,570 [WARN] PackLoader:240 - Cannot read IP mode file for STMicroelectronics.X-CUBE-SFXS2LP1.4.0.0
2023-09-18 18:11:23,582 [WARN] PackLoader:240 - Cannot read IP mode file for STMicroelectronics.X-CUBE-ISPU.1.1.0
2023-09-18 18:11:23,604 [WARN] ConditionMgr:438 - getConditionDescription Invalid condition id : UX DEVICE CLASS RTOS Condition cause : null
2023-09-18 18:11:23,605 [WARN] ConditionMgr:438 - getConditionDescription Invalid condition id : UX DEVICE CLASS RTOS Condition cause : null
2023-09-18 18:11:23,607 [WARN] PackLoader:240 - Cannot read IP mode file for STMicroelectronics.X-CUBE-AZRTOS-WB.2.0.0
2023-09-18 18:11:23,608 [WARN] ConditionMgr:1039 - genDependencies : Invalid condition id : UX DEVICE CLASS RTOS Condition cause : null
2023-09-18 18:11:23,608 [WARN] ConditionMgr:1039 - genDependencies : Invalid condition id : UX DEVICE CLASS RTOS Condition cause : null
2023-09-18 18:11:23,608 [WARN] ConditionMgr:1039 - genDependencies : Invalid condition id : UX DEVICE CLASS RTOS Condition cause : null
2023-09-18 18:11:23,608 [WARN] ConditionMgr:1039 - genDependencies : Invalid condition id : UX DEVICE CLASS RTOS Condition cause : null
2023-09-18 18:11:23,608 [WARN] ConditionMgr:1039 - genDependencies : Invalid condition id : UX DEVICE CLASS RTOS Condition cause : null
2023-09-18 18:11:23,626 [WARN] PackLoader:240 - Cannot read IP mode file for STMicroelectronics.X-CUBE-SUBG2.5.0.0
2023-09-18 18:11:23,646 [WARN] PackLoader:240 - Cannot read IP mode file for STMicroelectronics.X-CUBE-TOF1.3.3.1
2023-09-18 18:11:23,700 [WARN] PackLoader:240 - Cannot read IP mode file for STMicroelectronics.X-CUBE-AZRTOS-G4.2.0.0
2023-09-18 18:11:23,746 [WARN] PackLoader:240 - Cannot read IP mode file for STMicroelectronics.X-CUBE-FREERTOS.1.1.0
2023-09-18 18:11:23,791 [WARN] PackLoader:240 - Cannot read IP mode file for portGmbH.I-Cube-SoM-uGOAL.1.1.0
2023-09-18 18:11:23,804 [WARN] PackLoader:240 - Cannot read IP mode file for STMicroelectronics.X-CUBE-ALS.1.0.1
2023-09-18 18:11:23,817 [WARN] PackLoader:240 - Cannot read IP mode file for STMicroelectronics.FP-ATR-ASTRA1.2.0.0
2023-09-18 18:11:23,817 [INFO] ThirdParty:978 - Integrity check success = true
2023-09-18 18:11:23,818 [INFO] IntegrityCheckThread:100 - exiting critical section [integrity check]
2023-09-18 18:11:23,818 [INFO] IntegrityCheckThread:103 - End integrity checks thread
2023-09-18 18:11:24,020 [INFO] WebApp:157 - Instantiating new browser for Auth
2023-09-18 18:11:24,425 [INFO] WebApp:753 - Register for checkConnection events
2023-09-18 18:11:24,425 [INFO] WebApp:390 - Apply proxy settings
2023-09-18 18:11:24,426 [INFO] WebApp:475 - Chromium requires no authentication
2023-09-18 18:11:24,432 [INFO] WebApp:418 - Direct internet connection detected
2023-09-18 18:11:24,554 [INFO] WebApp:188 - Starting web application
2023-09-18 18:11:24,554 [INFO] WebApp:520 - Web application path used C:\ST\STM32CubeIDE_1.13.1\STM32CubeIDE\plugins\com.st.stm32cube.common.mx_6.9.1.202307191849\db\plugins\mcufinder\reactClient1\index.html
2023-09-18 18:11:45,263 [ERROR] LogOutputStream:75 - [STDERR_REDIRECT] SLF4J: Failed to load class "org.slf4j.impl.StaticLoggerBinder".
2023-09-18 18:11:45,263 [ERROR] LogOutputStream:75 - [STDERR_REDIRECT] SLF4J: Defaulting to no-operation (NOP) logger implementation
2023-09-18 18:11:45,264 [ERROR] LogOutputStream:75 - [STDERR_REDIRECT] SLF4J: See http://www.slf4j.org/codes.html#StaticLoggerBinder for further details.
2023-09-18 20:59:44,422 [INFO] McuFinderGlobals:63 - Set McuFinder mode to 2 (CubeIDE integrated)
2023-09-18 20:59:44,441 [INFO] MainUpdater:2868 - connection check result : 10
2023-09-18 20:59:44,446 [INFO] MainUpdater:2868 - connection check result : 10
2023-09-18 20:59:44,589 [INFO] MicroXplorer:468 - Change Database Path : 
2023-09-18 20:59:44,589 [INFO] MicroXplorer:498 - Change Database Version : DB.6.0.91
2023-09-18 20:59:44,592 [WARN] ThirdParty:871 - waiting for thirdparty lock release [close project]
2023-09-18 20:59:44,592 [INFO] ThirdParty:873 - entering critical section [close project]
2023-09-18 20:59:44,593 [INFO] ThirdParty:883 - exiting critical section [close project]
2023-09-18 20:59:44,594 [INFO] PinOutPanel:1499 - setPackage(No Configuration,No Configuration)
2023-09-18 20:59:44,601 [INFO] UtilMem:75 - Begin LoadConfig() Used Memory: 208876400 Bytes (545259520)
2023-09-18 20:59:44,603 [INFO] MicroXplorer:468 - Change Database Path : 
2023-09-18 20:59:44,603 [INFO] MicroXplorer:498 - Change Database Version : DB.6.0.91
2023-09-18 20:59:44,603 [INFO] OpenFileManager:308 - Change cursor
2023-09-18 20:59:44,638 [INFO] Mcu:1946 - Initializing MCU STM32F411R(C-E)Tx STM32F411RETx STM32F411RET6
2023-09-18 20:59:45,709 [INFO] Context:659 - Trying to add GPIOservice into a context  which must be forbidden
2023-09-18 20:59:46,118 [INFO] RtosManager:555 - Registered RTOS mode: class=CMSIS, group=RTOS, mode=CMSIS_V1, owner=FREERTOS
2023-09-18 20:59:46,118 [INFO] RtosManager:555 - Registered RTOS mode: class=CMSIS, group=RTOS2, mode=CMSIS_V2, owner=FREERTOS
2023-09-18 20:59:46,118 [INFO] RtosManager:555 - Registered RTOS mode: class=RTOS, group=Core, mode=CMSIS_V1, owner=FREERTOS
2023-09-18 20:59:46,118 [INFO] RtosManager:555 - Registered RTOS mode: class=RTOS, group=Core, mode=CMSIS_V2, owner=FREERTOS
2023-09-18 20:59:46,118 [WARN] ModelIntegratedComponent:184 - Missing modes for component STMicroelectronics:FreeRTOS:0.0.1:STMicroelectronics:RTOS:FreeRTOS:Core:::10.2.0:
2023-09-18 20:59:46,121 [WARN] ModelIntegratedComponent:182 - Modes not found for component STMicroelectronics:USB_HOST:1.0.0:STMicroelectronics:USB::USB Host:Audio HS::1.0:USB_HOST_1_0_RESTRICTED_HS
2023-09-18 20:59:46,121 [WARN] ModelIntegratedComponent:188 - Modes not found for component STMicroelectronics:USB_HOST:1.0.0:STMicroelectronics:USB::USB Host:Audio HS::1.0:USB_HOST_1_0_RESTRICTED_HS
2023-09-18 20:59:46,121 [WARN] ModelIntegratedComponent:182 - Modes not found for component STMicroelectronics:USB_HOST:1.0.0:STMicroelectronics:USB::USB Host:CDC HS::1.0:USB_HOST_1_0_RESTRICTED_HS
2023-09-18 20:59:46,121 [WARN] ModelIntegratedComponent:188 - Modes not found for component STMicroelectronics:USB_HOST:1.0.0:STMicroelectronics:USB::USB Host:CDC HS::1.0:USB_HOST_1_0_RESTRICTED_HS
2023-09-18 20:59:46,121 [WARN] ModelIntegratedComponent:182 - Modes not found for component STMicroelectronics:USB_HOST:1.0.0:STMicroelectronics:USB::USB Host:MSC HS::1.0:USB_HOST_1_0_RESTRICTED_HS
2023-09-18 20:59:46,121 [WARN] ModelIntegratedComponent:188 - Modes not found for component STMicroelectronics:USB_HOST:1.0.0:STMicroelectronics:USB::USB Host:MSC HS::1.0:USB_HOST_1_0_RESTRICTED_HS
2023-09-18 20:59:46,121 [WARN] ModelIntegratedComponent:182 - Modes not found for component STMicroelectronics:USB_HOST:1.0.0:STMicroelectronics:USB::USB Host:HID HS::1.0:USB_HOST_1_0_RESTRICTED_HS
2023-09-18 20:59:46,121 [WARN] ModelIntegratedComponent:188 - Modes not found for component STMicroelectronics:USB_HOST:1.0.0:STMicroelectronics:USB::USB Host:HID HS::1.0:USB_HOST_1_0_RESTRICTED_HS
2023-09-18 20:59:46,121 [WARN] ModelIntegratedComponent:182 - Modes not found for component STMicroelectronics:USB_HOST:1.0.0:STMicroelectronics:USB::USB Host:MTP HS::1.0:USB_HOST_1_0_RESTRICTED_HS
2023-09-18 20:59:46,121 [WARN] ModelIntegratedComponent:188 - Modes not found for component STMicroelectronics:USB_HOST:1.0.0:STMicroelectronics:USB::USB Host:MTP HS::1.0:USB_HOST_1_0_RESTRICTED_HS
2023-09-18 20:59:46,125 [WARN] ModelIntegratedComponent:63 - No mode defined for component null
2023-09-18 20:59:46,125 [WARN] ModelIntegratedComponent:63 - No mode defined for component null
2023-09-18 20:59:46,125 [WARN] ModelIntegratedComponent:63 - No mode defined for component null
2023-09-18 20:59:46,125 [WARN] ModelIntegratedComponent:63 - No mode defined for component null
2023-09-18 20:59:46,125 [WARN] ModelIntegratedComponent:63 - No mode defined for component null
2023-09-18 20:59:46,125 [WARN] ModelIntegratedComponent:63 - No mode defined for component null
2023-09-18 20:59:46,125 [WARN] ModelIntegratedComponent:63 - No mode defined for component null
2023-09-18 20:59:46,125 [WARN] ModelIntegratedComponent:63 - No mode defined for component null
2023-09-18 20:59:46,125 [WARN] ModelIntegratedComponent:63 - No mode defined for component null
2023-09-18 20:59:46,125 [WARN] ModelIntegratedComponent:63 - No mode defined for component null
2023-09-18 20:59:46,125 [WARN] ModelIntegratedComponent:63 - No mode defined for component null
2023-09-18 20:59:46,125 [WARN] ModelIntegratedComponent:63 - No mode defined for component null
2023-09-18 20:59:46,125 [WARN] ModelIntegratedComponent:63 - No mode defined for component null
2023-09-18 20:59:46,125 [WARN] ModelIntegratedComponent:63 - No mode defined for component null
2023-09-18 20:59:46,125 [WARN] ModelIntegratedComponent:63 - No mode defined for component null
2023-09-18 20:59:46,125 [WARN] ModelIntegratedComponent:63 - No mode defined for component null
2023-09-18 20:59:46,125 [WARN] ModelIntegratedComponent:63 - No mode defined for component null
2023-09-18 20:59:46,125 [WARN] ModelIntegratedComponent:63 - No mode defined for component null
2023-09-18 20:59:46,126 [WARN] ModelIntegratedComponent:63 - No mode defined for component null
2023-09-18 20:59:46,126 [WARN] ModelIntegratedComponent:63 - No mode defined for component null
2023-09-18 20:59:46,126 [WARN] ModelIntegratedComponent:63 - No mode defined for component null
2023-09-18 20:59:46,126 [WARN] ModelIntegratedComponent:63 - No mode defined for component null
2023-09-18 20:59:46,126 [WARN] ModelIntegratedComponent:63 - No mode defined for component null
2023-09-18 20:59:46,126 [WARN] ModelIntegratedComponent:63 - No mode defined for component null
2023-09-18 20:59:46,126 [WARN] ModelIntegratedComponent:63 - No mode defined for component null
2023-09-18 20:59:46,126 [WARN] ModelIntegratedComponent:63 - No mode defined for component null
2023-09-18 20:59:46,126 [WARN] ModelIntegratedComponent:63 - No mode defined for component null
2023-09-18 20:59:46,126 [WARN] ModelIntegratedComponent:63 - No mode defined for component null
2023-09-18 20:59:46,126 [WARN] ModelIntegratedComponent:63 - No mode defined for component null
2023-09-18 20:59:46,126 [WARN] ModelIntegratedComponent:63 - No mode defined for component null
2023-09-18 20:59:46,126 [WARN] ModelIntegratedComponent:63 - No mode defined for component null
2023-09-18 20:59:46,126 [WARN] ModelIntegratedComponent:63 - No mode defined for component null
2023-09-18 20:59:46,126 [WARN] ModelIntegratedComponent:63 - No mode defined for component null
2023-09-18 20:59:46,132 [WARN] ModelIntegratedComponent:182 - Modes not found for component STMicroelectronics:USB_DEVICE:1.0.0:STMicroelectronics:USB::USB Device:Audio HS::1.0:USB_DEVICE_1_0_RESTRICTED_HS
2023-09-18 20:59:46,132 [WARN] ModelIntegratedComponent:188 - Modes not found for component STMicroelectronics:USB_DEVICE:1.0.0:STMicroelectronics:USB::USB Device:Audio HS::1.0:USB_DEVICE_1_0_RESTRICTED_HS
2023-09-18 20:59:46,132 [WARN] ModelIntegratedComponent:182 - Modes not found for component STMicroelectronics:USB_DEVICE:1.0.0:STMicroelectronics:USB::USB Device:CDC HS::1.0:USB_DEVICE_1_0_RESTRICTED_HS
2023-09-18 20:59:46,132 [WARN] ModelIntegratedComponent:188 - Modes not found for component STMicroelectronics:USB_DEVICE:1.0.0:STMicroelectronics:USB::USB Device:CDC HS::1.0:USB_DEVICE_1_0_RESTRICTED_HS
2023-09-18 20:59:46,132 [WARN] ModelIntegratedComponent:182 - Modes not found for component STMicroelectronics:USB_DEVICE:1.0.0:STMicroelectronics:USB::USB Device:DFU HS::1.0:USB_DEVICE_1_0_RESTRICTED_HS
2023-09-18 20:59:46,132 [WARN] ModelIntegratedComponent:188 - Modes not found for component STMicroelectronics:USB_DEVICE:1.0.0:STMicroelectronics:USB::USB Device:DFU HS::1.0:USB_DEVICE_1_0_RESTRICTED_HS
2023-09-18 20:59:46,132 [WARN] ModelIntegratedComponent:182 - Modes not found for component STMicroelectronics:USB_DEVICE:1.0.0:STMicroelectronics:USB::USB Device:HID HS::1.0:USB_DEVICE_1_0_RESTRICTED_HS
2023-09-18 20:59:46,132 [WARN] ModelIntegratedComponent:188 - Modes not found for component STMicroelectronics:USB_DEVICE:1.0.0:STMicroelectronics:USB::USB Device:HID HS::1.0:USB_DEVICE_1_0_RESTRICTED_HS
2023-09-18 20:59:46,132 [WARN] ModelIntegratedComponent:182 - Modes not found for component STMicroelectronics:USB_DEVICE:1.0.0:STMicroelectronics:USB::USB Device:Custom HID HS::1.0:USB_DEVICE_1_0_RESTRICTED_HS
2023-09-18 20:59:46,132 [WARN] ModelIntegratedComponent:188 - Modes not found for component STMicroelectronics:USB_DEVICE:1.0.0:STMicroelectronics:USB::USB Device:Custom HID HS::1.0:USB_DEVICE_1_0_RESTRICTED_HS
2023-09-18 20:59:46,132 [WARN] ModelIntegratedComponent:182 - Modes not found for component STMicroelectronics:USB_DEVICE:1.0.0:STMicroelectronics:USB::USB Device:MSC HS::1.0:USB_DEVICE_1_0_RESTRICTED_HS
2023-09-18 20:59:46,133 [WARN] ModelIntegratedComponent:188 - Modes not found for component STMicroelectronics:USB_DEVICE:1.0.0:STMicroelectronics:USB::USB Device:MSC HS::1.0:USB_DEVICE_1_0_RESTRICTED_HS
2023-09-18 20:59:46,140 [INFO] ThirdPartyModel:298 - Start build external matchings
2023-09-18 20:59:46,379 [INFO] ThirdPartyModel:316 - End build external matchings
2023-09-18 20:59:46,386 [INFO] ImportTextPane:194 - (OptionalMessage_ERROR) IP (RCC) : Parameter (48MHZClocksFreq_Value) has invalid value (84000000)
2023-09-18 20:59:46,387 [INFO] ImportTextPane:194 - (OptionalMessage_ERROR) IP (RCC) : Parameter (FLatency) has Id (AdvancedSettings) currently not set
2023-09-18 20:59:46,388 [INFO] ImportTextPane:194 - (OptionalMessage_ERROR) IP (RCC) : Parameter (RTCHSEDivFreq_Value) has invalid value (4000000)
2023-09-18 20:59:46,606 [INFO] UtilMem:75 - End LoadConfig() Used Memory: 316139160 Bytes (545259520)
2023-09-18 20:59:46,715 [INFO] ApiDb:581 - Connected to CubeFinder SQLite database (C:\Users\Mahmu\.stmcufinder\plugins\mcufinder\mcu\cube-finder-db.db)
2023-09-18 20:59:46,772 [INFO] ApiDb:668 - CubeFinder database Data Model version=2.1
2023-09-18 20:59:46,773 [INFO] ApiDb:669 - CubeFinder database Configuration version=3.0.37
2023-09-18 20:59:46,774 [INFO] ApiDb:670 - CubeFinder database generation date=2023-08-31 (1693470701)
2023-09-18 20:59:46,774 [INFO] ApiDb:671 - CubeFinder database FW Pack versions=[FP-ATR-ASTRA1_V2.0.0, FP-SNS-FLIGHT1_V5.0.1, FP-SNS-FLIGHT1_V5.0.2, FP-SNS-MOTENV1_V4.3.1, FP-SNS-MOTENV1_V4.3.2, STM32Cube_FW_C0_V1.1.0, STM32Cube_FW_F4_V1.27.1, STM32Cube_FW_F7_V1.17.0, STM32Cube_FW_G0_V1.6.1, STM32Cube_FW_G4_V1.5.1, STM32Cube_FW_H5_V0.5.1, STM32Cube_FW_H5_V1.1.1, STM32Cube_FW_H7_V1.11.0, STM32Cube_FW_L0_V1.12.2, STM32Cube_FW_L5_V1.5.0, STM32Cube_FW_U5_V1.3.0, STM32Cube_FW_U5_V1.3.0RC4, STM32Cube_FW_WBA_V1.0.0RC1, STM32Cube_FW_WBA_V1.1.0, STM32Cube_FW_WBA_V1.1.0RC1, STM32Cube_FW_WB_V1.15.0RC1, STM32Cube_FW_WB_V1.16.0, STM32Cube_FW_WB_V1.16.0RC2, STM32Cube_FW_WB_V1.17.0, STM32Cube_FW_WB_V1.17.2, STM32Cube_FW_WL_V1.3.0, X-CUBE-ALGOBUILD_V1.3.0, X-CUBE-ALS_V1.0.1, X-CUBE-AZRTOS-F4_V1.1.0, X-CUBE-AZRTOS-F7_V1.1.0, X-CUBE-AZRTOS-G0_V1.1.0, X-CUBE-AZRTOS-G4_V2.0.0, X-CUBE-AZRTOS-H7_V3.1.0, X-CUBE-AZRTOS-L4_V1.0.0, X-CUBE-AZRTOS-L4_V2.0.0, X-CUBE-AZRTOS-L5_V1.1.0, X-CUBE-AZRTOS-WB_V2.0.0, X-CUBE-AZRTOS-WL_V2.0.0, X-CUBE-BLE1_V7.0.0, X-CUBE-BLE2_V3.3.0, X-CUBE-BLEMGR_V2.0.0, X-CUBE-EEPRMA1_V4.1.0, X-CUBE-FREERTOS_V1.1.0, X-CUBE-GNSS1_V6.0.0, X-CUBE-MEMS1_V9.1.0, X-CUBE-MEMS1_V9.4.0, X-CUBE-MEMS1_V9.6.0, X-CUBE-NFC4_V3.0.0, X-CUBE-NFC7_V1.0.0, X-CUBE-SFXS2LP1_V4.0.0, X-CUBE-SUBG2_V5.0.0, X-CUBE-TOF1_V3.3.1]
2023-09-18 20:59:48,490 [INFO] ApiDb:240 - Found 323 in-development CPN: [B-G473E-ZEST1S, B-WB1M-WPAN1, B-WL5M-SUBG1, NUCLEO-C031C6, NUCLEO-H503RB, NUCLEO-H563ZI, NUCLEO-U545RE-Q, NUCLEO-U5A5ZJ-Q, NUCLEO-WBA52CG, STEVAL-PROTEUS1, STEVAL-SMARTAG2, STEVAL-STWINBX1, STM320518-EVAL, STM32C0116-DK, STM32C011D6Y3TR, STM32C011D6Y6TR, STM32C011F4P3, STM32C011F4P6, STM32C011F4U3, STM32C011F4U6TR, STM32C011F6P3, STM32C011F6P6, STM32C011F6U3, STM32C011F6U6TR, STM32C011J4M3, STM32C011J4M6, STM32C011J6M3, STM32C011J6M6, STM32C0316-DK, STM32C031C4T3, STM32C031C4T6, STM32C031C4U3, STM32C031C4U6, STM32C031C6T3, STM32C031C6T6, STM32C031C6U3, STM32C031C6U6, STM32C031F4P3, STM32C031F4P6, STM32C031F6P3, STM32C031F6P6, STM32C031G4U3, STM32C031G4U6, STM32C031G6U3, STM32C031G6U6, STM32C031K4T3, STM32C031K4T6, STM32C031K4U3, STM32C031K4U6, STM32C031K6T3, STM32C031K6T6, STM32C031K6U3, STM32C031K6U6, STM32G071K8TXN, STM32G071K8UXN, STM32G081GBU6N, STM32G081KBT6N, STM32G081KBUXN, STM32G0B1CCT6N, STM32G0B1KCT6, STM32G0B1NEY6TR, STM32G0B1RCT6N, STM32G0C1CCT6, STM32G0C1CCT6N, STM32G0C1CCU6N, STM32G0C1CET6N, STM32G0C1CEU6N, STM32G0C1KCT6, STM32G0C1NEY6TR, STM32G0C1RCI6N, STM32G0C1RCT6N, STM32G0C1REI6N, STM32G0C1RET6N, STM32G0C1VCI6, STM32G0C1VEI6, STM32G471CCT6, STM32G471CCU6, STM32G471CET3, STM32G471CET6, STM32G471CEU3, STM32G471CEU6, STM32G471MCT6, STM32G471MET3, STM32G471MET6, STM32G471MEY6TR, STM32G471QCT6, STM32G471QET3, STM32G471RCT6, STM32G471RET3, STM32G471RET6, STM32G471VCH6, STM32G471VCI6, STM32G471VCT6, STM32G471VEH3, STM32G471VEH6, STM32G471VEI3, STM32G471VEI6, STM32G471VET3, STM32G471VET6, STM32G474CCT6, STM32H503CBT6, STM32H503CBU6, STM32H503EBY6TR, STM32H503KBU6, STM32H503RBT6, STM32H562AGI6, STM32H562AII6, STM32H562IGK6, STM32H562IGT6, STM32H562IIK6, STM32H562IIT6, STM32H562RGT6, STM32H562RGV6, STM32H562RIT6, STM32H562RIV6, STM32H562VGT6, STM32H562VIT6, STM32H562ZGT6, STM32H562ZIT6, STM32H563AGI6, STM32H563AII3Q, STM32H563AII6, STM32H563IGK6, STM32H563IGT6, STM32H563IIK3Q, STM32H563IIK6, STM32H563IIT3Q, STM32H563IIT6, STM32H563MIY3QTR, STM32H563RGT6, STM32H563RGV6, STM32H563RIT6, STM32H563RIV6, STM32H563VGT6, STM32H563VIT3Q, STM32H563VIT6, STM32H563ZGT6, STM32H563ZIT3Q, STM32H563ZIT6, STM32H573AII3Q, STM32H573AII6, STM32H573I-DK, STM32H573IIK3Q, STM32H573IIK6, STM32H573IIT3Q, STM32H573IIT6, STM32H573MIY3QTR, STM32H573RIT6, STM32H573RIV6, STM32H573VIT3Q, STM32H573VIT6, STM32H573ZIT3Q, STM32H573ZIT6, STM32L4R5QGI6STR, STM32MP131AAE3, STM32MP131AAF3, STM32MP131AAG3, STM32MP131CAE3, STM32MP131CAF3, STM32MP131CAG3, STM32MP131DAE7, STM32MP131DAF7, STM32MP131DAG7, STM32MP131FAE7, STM32MP131FAF7, STM32MP131FAG7, STM32MP133AAE3, STM32MP133AAF3, STM32MP133AAG3, STM32MP133CAE3, STM32MP133CAF3, STM32MP133CAG3, STM32MP133DAE7, STM32MP133DAF7, STM32MP133DAG7, STM32MP133FAE7, STM32MP133FAF7, STM32MP133FAG7, STM32MP135AAE3, STM32MP135AAF3, STM32MP135AAG3, STM32MP135CAE3, STM32MP135CAF3, STM32MP135CAG3, STM32MP135DAE7, STM32MP135DAF7, STM32MP135DAG7, STM32MP135F-DK, STM32MP135FAE7, STM32MP135FAF7, STM32MP135FAF7T, STM32MP135FAF7U, STM32MP135FAG7, STM32U535CBT6, STM32U535CBT6Q, STM32U535CBU6, STM32U535CBU6Q, STM32U535CCT6, STM32U535CCT6Q, STM32U535CCU6, STM32U535CCU6Q, STM32U535CET6, STM32U535CET6Q, STM32U535CEU6, STM32U535CEU6Q, STM32U535JEY6QTR, STM32U535NCY6QTR, STM32U535NEY6QTR, STM32U535RBI6, STM32U535RBI6Q, STM32U535RBT6, STM32U535RBT6Q, STM32U535RCI6, STM32U535RCI6Q, STM32U535RCT6, STM32U535RCT6Q, STM32U535REI6, STM32U535REI6Q, STM32U535RET6, STM32U535RET6Q, STM32U535VCI6, STM32U535VCI6Q, STM32U535VCT6, STM32U535VCT6Q, STM32U535VEI6, STM32U535VEI6Q, STM32U535VET6, STM32U535VET6Q, STM32U545CET6, STM32U545CET6Q, STM32U545CEU6, STM32U545CEU6Q, STM32U545JEY6QTR, STM32U545NEY6QTR, STM32U545REI6, STM32U545REI6Q, STM32U545RET6, STM32U545RET6Q, STM32U545VEI6, STM32U545VEI6Q, STM32U545VET6, STM32U545VET6Q, STM32U595AIH6, STM32U595AIH6Q, STM32U595AJH6, STM32U595AJH6Q, STM32U595QII6, STM32U595QII6Q, STM32U595QJI6, STM32U595QJI6Q, STM32U595RIT6, STM32U595RIT6Q, STM32U595RJT6, STM32U595RJT6Q, STM32U595VIT6, STM32U595VIT6Q, STM32U595VJT6, STM32U595VJT6Q, STM32U595ZIT6, STM32U595ZIT6Q, STM32U595ZIY6QTR, STM32U595ZJT6, STM32U595ZJT6Q, STM32U595ZJY6QTR, STM32U599BJY6QTR, STM32U599NIH6Q, STM32U599NJH6Q, STM32U599VIT6Q, STM32U599VJT6, STM32U599VJT6Q, STM32U599ZIT6Q, STM32U599ZIY6QTR, STM32U599ZJT6Q, STM32U599ZJY6QTR, STM32U5A5AJH6, STM32U5A5AJH6Q, STM32U5A5QJI6, STM32U5A5QJI6Q, STM32U5A5RJT6, STM32U5A5RJT6Q, STM32U5A5VJT6, STM32U5A5VJT6Q, STM32U5A5ZJT6, STM32U5A5ZJT6Q, STM32U5A5ZJY6QTR, STM32U5A9BJY6QTR, STM32U5A9J-DK, STM32U5A9NJH6Q, STM32U5A9VJT6Q, STM32U5A9ZJT6Q, STM32U5A9ZJY6QTR, STM32U5F7VIT6, STM32U5F7VIT6Q, STM32U5F7VJT6, STM32U5F7VJT6Q, STM32U5F9BJY6QTR, STM32U5F9NJH6Q, STM32U5F9VIT6Q, STM32U5F9VJT6Q, STM32U5F9ZIJ6QTR, STM32U5F9ZIT6Q, STM32U5F9ZJJ6QTR, STM32U5F9ZJT6Q, STM32U5G7VJT6, STM32U5G7VJT6Q, STM32U5G9BJY6QTR, STM32U5G9J-DK1, STM32U5G9J-DK2, STM32U5G9NJH6Q, STM32U5G9VJT6Q, STM32U5G9ZJJ6QTR, STM32U5G9ZJT6Q, STM32WB1MMCH6, STM32WBA52CEU6, STM32WBA52CEU6T, STM32WBA52CGU6, STM32WBA52CGU6T, STM32WBA52KEU6, STM32WBA52KEU6T, STM32WBA52KGU6, STM32WBA52KGU6T, STM32WL5MOCH6, STM32WL5MOCH6TR]
2023-09-18 20:59:48,492 [INFO] DbMcus:217 - Found 3848 MCUs, 3848 are supported
2023-09-18 20:59:48,493 [INFO] ApiDb:423 - Load user favorites file C:\Users\Mahmu/.stm32cubeide/favorites.mcus.txt: 0 item(s)
2023-09-18 20:59:48,493 [INFO] ApiDb:427 - User favorites MCUs=[]
2023-09-18 20:59:48,493 [INFO] DbMcus:223 - Set 0 / 0 favorites MCUs
2023-09-18 20:59:48,808 [WARN] ThirdParty:833 - waiting for thirdparty lock release [change project]
2023-09-18 20:59:48,808 [INFO] ThirdParty:835 - entering critical section [change project]
2023-09-18 20:59:48,808 [INFO] ThirdParty:1030 - CMSIS Pack Vendor :STMicroelectronics X-CUBE-ISPU 1.1.0
2023-09-18 20:59:48,808 [INFO] ThirdParty:1030 - CMSIS Pack Vendor :STMicroelectronics USBPD 4.1
2023-09-18 20:59:48,808 [INFO] ThirdParty:1030 - CMSIS Pack Vendor :STMicroelectronics X-CUBE-GNSS1 6.0.0
2023-09-18 20:59:48,808 [INFO] ThirdParty:1030 - CMSIS Pack Vendor :STMicroelectronics USB_HOST 2.0.0
2023-09-18 20:59:48,808 [INFO] ThirdParty:1030 - CMSIS Pack Vendor :STMicroelectronics X-CUBE-AZRTOS-F4 1.1.0
2023-09-18 20:59:48,808 [INFO] ThirdParty:1030 - CMSIS Pack Vendor :STMicroelectronics LIBJPEG 8.0.0
2023-09-18 20:59:48,808 [INFO] ThirdParty:1030 - CMSIS Pack Vendor :wolfSSL I-CUBE-wolfSSL 5.6.3
2023-09-18 20:59:48,808 [INFO] ThirdParty:1030 - CMSIS Pack Vendor :STMicroelectronics X-CUBE-SMBUS 2.1.0
2023-09-18 20:59:48,808 [INFO] ThirdParty:1030 - CMSIS Pack Vendor :STMicroelectronics USB_DEVICE 3.0.0
2023-09-18 20:59:48,808 [INFO] ThirdParty:1030 - CMSIS Pack Vendor :STMicroelectronics X-CUBE-AZRTOS-WB 2.0.0
2023-09-18 20:59:48,808 [INFO] ThirdParty:1030 - CMSIS Pack Vendor :STMicroelectronics X-CUBE-AZRTOS-F7 1.1.0
2023-09-18 20:59:48,808 [INFO] ThirdParty:1030 - CMSIS Pack Vendor :STMicroelectronics X-CUBE-AZRTOS-L5 2.0.0
2023-09-18 20:59:48,808 [INFO] ThirdParty:1030 - CMSIS Pack Vendor :STMicroelectronics USB_DEVICE 2.0.0
2023-09-18 20:59:48,808 [INFO] ThirdParty:1030 - CMSIS Pack Vendor :STMicroelectronics X-CUBE-MEMS1 9.6.0
2023-09-18 20:59:48,808 [INFO] ThirdParty:1030 - CMSIS Pack Vendor :STMicroelectronics FP-SNS-MOTENV1 4.3.2
2023-09-18 20:59:48,808 [INFO] ThirdParty:1030 - CMSIS Pack Vendor :STMicroelectronics X-CUBE-ALGOBUILD 1.3.0
2023-09-18 20:59:48,808 [INFO] ThirdParty:1030 - CMSIS Pack Vendor :STMicroelectronics FreeRTOS 0.0.1
2023-09-18 20:59:48,808 [INFO] ThirdParty:1030 - CMSIS Pack Vendor :STMicroelectronics X-CUBE-AZRTOS-G0 1.1.0
2023-09-18 20:59:48,808 [INFO] ThirdParty:1030 - CMSIS Pack Vendor :STMicroelectronics X-CUBE-BLEMGR 2.0.0
2023-09-18 20:59:48,809 [INFO] ThirdParty:1030 - CMSIS Pack Vendor :STMicroelectronics X-CUBE-NFC4 3.0.0
2023-09-18 20:59:48,809 [INFO] ThirdParty:1030 - CMSIS Pack Vendor :STMicroelectronics X-CUBE-SUBG2 5.0.0
2023-09-18 20:59:48,809 [INFO] ThirdParty:1030 - CMSIS Pack Vendor :STMicroelectronics STM32_WPAN 1.0.0
2023-09-18 20:59:48,809 [INFO] ThirdParty:1030 - CMSIS Pack Vendor :STMicroelectronics lwIP 2.0.3
2023-09-18 20:59:48,809 [INFO] ThirdParty:1030 - CMSIS Pack Vendor :STMicroelectronics FP-SNS-FLIGHT1 5.0.2
2023-09-18 20:59:48,809 [INFO] ThirdParty:1030 - CMSIS Pack Vendor :STMicroelectronics USB_HOST 1.0.0
2023-09-18 20:59:48,809 [INFO] ThirdParty:1030 - CMSIS Pack Vendor :STMicroelectronics X-CUBE-TOF1 3.3.1
2023-09-18 20:59:48,809 [INFO] ThirdParty:1030 - CMSIS Pack Vendor :STMicroelectronics X-CUBE-AZRTOS-G4 2.0.0
2023-09-18 20:59:48,809 [INFO] ThirdParty:1030 - CMSIS Pack Vendor :STMicroelectronics PDM2PCM 3.1.0
2023-09-18 20:59:48,809 [INFO] ThirdParty:1030 - CMSIS Pack Vendor :STMicroelectronics X-CUBE-AZRTOS-H7 3.1.0
2023-09-18 20:59:48,809 [INFO] ThirdParty:1030 - CMSIS Pack Vendor :STMicroelectronics PDM2PCM 3.3.0
2023-09-18 20:59:48,809 [INFO] ThirdParty:1030 - CMSIS Pack Vendor :STMicroelectronics X-CUBE-DISPLAY 3.0.0
2023-09-18 20:59:48,809 [INFO] ThirdParty:1030 - CMSIS Pack Vendor :STMicroelectronics X-CUBE-BLE1 7.0.0
2023-09-18 20:59:48,809 [INFO] ThirdParty:1030 - CMSIS Pack Vendor :STMicroelectronics FP-ATR-SIGFOX1 3.2.0
2023-09-18 20:59:48,809 [INFO] ThirdParty:1030 - CMSIS Pack Vendor :STMicroelectronics HAL Drivers 0.0.0
2023-09-18 20:59:48,809 [INFO] ThirdParty:1030 - CMSIS Pack Vendor :STMicroelectronics MBEDTLS 2.16.2
2023-09-18 20:59:48,809 [INFO] ThirdParty:1030 - CMSIS Pack Vendor :emotas I-CUBE-CANOPEN 1.3.0
2023-09-18 20:59:48,809 [INFO] ThirdParty:1030 - CMSIS Pack Vendor :STMicroelectronics X-CUBE-FREERTOS 1.1.0
2023-09-18 20:59:48,809 [INFO] ThirdParty:1030 - CMSIS Pack Vendor :STMicroelectronics X-CUBE-TOUCHGFX 4.22.0
2023-09-18 20:59:48,809 [INFO] ThirdParty:1030 - CMSIS Pack Vendor :STMicroelectronics X-CUBE-NFC7 1.0.1
2023-09-18 20:59:48,809 [INFO] ThirdParty:1030 - CMSIS Pack Vendor :STMicroelectronics MBEDTLS 2.14.1
2023-09-18 20:59:48,809 [INFO] ThirdParty:1030 - CMSIS Pack Vendor :STMicroelectronics X-CUBE-NFC6 3.0.0
2023-09-18 20:59:48,809 [INFO] ThirdParty:1030 - CMSIS Pack Vendor :STMicroelectronics X-CUBE-EEPRMA1 4.1.0
2023-09-18 20:59:48,809 [INFO] ThirdParty:1030 - CMSIS Pack Vendor :portGmbH I-Cube-SoM-uGOAL 1.1.0
2023-09-18 20:59:48,809 [INFO] ThirdParty:1030 - CMSIS Pack Vendor :STMicroelectronics X-CUBE-ALS 1.0.1
2023-09-18 20:59:48,809 [INFO] ThirdParty:1030 - CMSIS Pack Vendor :STMicroelectronics ThreadX 1.0.0
2023-09-18 20:59:48,809 [INFO] ThirdParty:1030 - CMSIS Pack Vendor :STMicroelectronics FP-SNS-SMARTAG2 1.2.0
2023-09-18 20:59:48,809 [INFO] ThirdParty:1030 - CMSIS Pack Vendor :STMicroelectronics X-CUBE-AZRTOS-WL 2.0.0
2023-09-18 20:59:48,809 [INFO] ThirdParty:1030 - CMSIS Pack Vendor :SEGGER I-CUBE-embOS 1.3.1
2023-09-18 20:59:48,809 [INFO] ThirdParty:1030 - CMSIS Pack Vendor :STMicroelectronics USB_DEVICE 1.0.0
2023-09-18 20:59:48,809 [INFO] ThirdParty:1030 - CMSIS Pack Vendor :STMicroelectronics X-CUBE-AI 8.1.0
2023-09-18 20:59:48,809 [INFO] ThirdParty:1030 - CMSIS Pack Vendor :STMicroelectronics X-CUBE-AZRTOS-L4 2.0.0
2023-09-18 20:59:48,809 [INFO] ThirdParty:1030 - CMSIS Pack Vendor :STMicroelectronics ThreadX 0.0.2
2023-09-18 20:59:48,809 [INFO] ThirdParty:1030 - CMSIS Pack Vendor :WES I-CUBE-Cesium 1.3.0
2023-09-18 20:59:48,809 [INFO] ThirdParty:1030 - CMSIS Pack Vendor :STMicroelectronics FP-ATR-ASTRA1 2.0.0
2023-09-18 20:59:48,809 [INFO] ThirdParty:1030 - CMSIS Pack Vendor :STMicroelectronics lwIP 2.1.2
2023-09-18 20:59:48,809 [INFO] ThirdParty:1030 - CMSIS Pack Vendor :STMicroelectronics X-CUBE-SFXS2LP1 4.0.0
2023-09-18 20:59:48,809 [INFO] ThirdParty:1030 - CMSIS Pack Vendor :STMicroelectronics X-CUBE-BLE2 3.3.0
2023-09-18 20:59:48,809 [INFO] ThirdParty:1030 - CMSIS Pack Vendor :STMicroelectronics PDM2PCM 3.2.0
2023-09-18 20:59:48,810 [INFO] ThirdParty:841 - exiting critical section [change project]
2023-09-18 20:59:49,071 [INFO] PinOutPanel:1499 - setPackage(No Configuration,No Configuration)
2023-09-18 20:59:49,073 [INFO] PinOutPanel:1499 - setPackage(STM32F411RETx,LQFP64)
2023-09-18 20:59:49,480 [INFO] UtilMem:75 - Before build in PCC Used Memory: 321997512 Bytes (545259520)
2023-09-18 20:59:50,132 [INFO] UtilMem:75 - After build in PCC Used Memory: 417605504 Bytes (545259520)
2023-09-18 20:59:50,158 [INFO] IPUIPlugin:80 - create IPUIPlugin
2023-09-18 20:59:50,158 [INFO] IPUIPlugin:80 - create IPUIPlugin
2023-09-18 20:59:50,158 [INFO] IPUIPlugin:80 - create IPUIPlugin
2023-09-18 20:59:50,158 [INFO] IPUIPlugin:80 - create IPUIPlugin
2023-09-18 20:59:50,158 [INFO] IPUIPlugin:80 - create IPUIPlugin
2023-09-18 20:59:50,158 [INFO] IPUIPlugin:80 - create IPUIPlugin
2023-09-18 20:59:50,158 [INFO] IPUIPlugin:80 - create IPUIPlugin
2023-09-18 20:59:50,158 [INFO] IPUIPlugin:80 - create IPUIPlugin
2023-09-18 20:59:50,159 [INFO] IPUIPlugin:80 - create IPUIPlugin
2023-09-18 20:59:50,159 [INFO] IPUIPlugin:80 - create IPUIPlugin
2023-09-18 20:59:50,159 [INFO] IPUIPlugin:80 - create IPUIPlugin
2023-09-18 20:59:50,159 [INFO] IPUIPlugin:80 - create IPUIPlugin
2023-09-18 20:59:50,159 [INFO] IPUIPlugin:80 - create IPUIPlugin
2023-09-18 20:59:50,159 [INFO] IPUIPlugin:80 - create IPUIPlugin
2023-09-18 20:59:50,159 [INFO] IPUIPlugin:80 - create IPUIPlugin
2023-09-18 20:59:50,160 [INFO] IPUIPlugin:80 - create IPUIPlugin
2023-09-18 20:59:50,160 [INFO] IPUIPlugin:80 - create IPUIPlugin
2023-09-18 20:59:50,160 [INFO] IPUIPlugin:80 - create IPUIPlugin
2023-09-18 20:59:50,160 [INFO] IPUIPlugin:80 - create IPUIPlugin
2023-09-18 20:59:50,160 [INFO] IPUIPlugin:80 - create IPUIPlugin
2023-09-18 20:59:50,160 [INFO] IPUIPlugin:80 - create IPUIPlugin
2023-09-18 20:59:50,161 [INFO] IPUIPlugin:80 - create IPUIPlugin
2023-09-18 20:59:50,161 [INFO] IPUIPlugin:80 - create IPUIPlugin
2023-09-18 20:59:50,161 [INFO] IPUIPlugin:80 - create IPUIPlugin
2023-09-18 20:59:50,161 [INFO] IPUIPlugin:80 - create IPUIPlugin
2023-09-18 20:59:50,161 [INFO] IPUIPlugin:80 - create IPUIPlugin
2023-09-18 20:59:50,162 [INFO] IPUIPlugin:80 - create IPUIPlugin
2023-09-18 20:59:50,162 [INFO] IPUIPlugin:80 - create IPUIPlugin
2023-09-18 20:59:50,162 [INFO] IPUIPlugin:80 - create IPUIPlugin
2023-09-18 20:59:50,162 [INFO] IPUIPlugin:80 - create IPUIPlugin
2023-09-18 20:59:50,162 [INFO] IPUIPlugin:80 - create IPUIPlugin
2023-09-18 20:59:50,162 [INFO] IPUIPlugin:80 - create IPUIPlugin
2023-09-18 20:59:50,163 [INFO] IPUIPlugin:80 - create IPUIPlugin
2023-09-18 20:59:50,163 [INFO] IPUIPlugin:80 - create IPUIPlugin
2023-09-18 20:59:50,163 [INFO] IPUIPlugin:80 - create IPUIPlugin
2023-09-18 20:59:50,163 [INFO] IPUIPlugin:80 - create IPUIPlugin
2023-09-18 20:59:50,164 [INFO] IPUIPlugin:80 - create IPUIPlugin
2023-09-18 20:59:50,164 [INFO] IPUIPlugin:80 - create IPUIPlugin
2023-09-18 20:59:50,164 [INFO] IPUIPlugin:80 - create IPUIPlugin
2023-09-18 20:59:50,165 [INFO] IPUIPlugin:80 - create IPUIPlugin
2023-09-18 20:59:50,165 [INFO] IPUIPlugin:80 - create IPUIPlugin
2023-09-18 20:59:50,165 [INFO] IPUIPlugin:80 - create IPUIPlugin
2023-09-18 20:59:50,166 [INFO] IPUIPlugin:80 - create IPUIPlugin
2023-09-18 20:59:50,231 [INFO] ApiDbMcu:507 - Load IP Config File for PDM2PCM
2023-09-18 20:59:50,416 [INFO] CADModel:165 - CPN selected for project levelSTM32F411RET6
2023-09-18 20:59:50,416 [INFO] CADModel:114 - Register for checkConnection events
2023-09-18 20:59:50,465 [INFO] OpenFileManager:328 - Restore cursor
2023-09-18 22:45:58,136 [INFO] WebApp:330 - JxBrowser engine has been closed 
