2023-09-18 10:26:35,000 [INFO] Activator:176 - 


2023-09-18 10:26:35,005 [INFO] Activator:177 - !SESSION log4j initialized
2023-09-18 10:26:39,205 [INFO] LogOutputStream:77 - [STDOUT_REDIRECT] 
2023-09-18 10:26:40,736 [INFO] ApplicationProperties:184 - Using Application install path: C:\ST\STM32CubeIDE_1.13.1\STM32CubeIDE\plugins\com.st.stm32cube.common.mx_6.9.1.202307191849
2023-09-18 10:26:40,751 [INFO] DbMcusXml:78 - Set database path to: C:\ST\STM32CubeIDE_1.13.1\STM32CubeIDE\plugins\com.st.stm32cube.common.mx_6.9.1.202307191849\\db\/mcu/
2023-09-18 10:26:40,751 [INFO] ApiDb:274 - Set plugin database path to: C:\ST\STM32CubeIDE_1.13.1\STM32CubeIDE\plugins\com.st.stm32cube.common.mx_6.9.1.202307191849\\db\/plugins/boardmanager/
2023-09-18 10:26:40,752 [WARN] ApiDb:259 - Overriding images path with different value:  => C:\ST\STM32CubeIDE_1.13.1\STM32CubeIDE\plugins\com.st.stm32cube.common.mx_6.9.1.202307191849\\db\/plugins/mcufinder/images/
2023-09-18 10:26:40,766 [INFO] ApiDb:250 - Set database path to: C:\Users\Mahmu\.stmcufinder\plugins\mcufinder//mcu/
2023-09-18 10:26:40,767 [INFO] DbMcusAds:125 - Set database path to: C:\Users\Mahmu\.stmcufinder\plugins\mcufinder//mcu/
2023-09-18 10:26:40,768 [INFO] CrossReferenceDbSqlite:203 - Set database path to: C:\Users\Mahmu\.stmcufinder\plugins\mcufinder//mcu/cs/
2023-09-18 10:26:40,873 [INFO] RulesReader:64 - Compatibility file has been processed (293 Rules)
2023-09-18 10:26:40,945 [INFO] DbMcusXml:78 - Set database path to: C:\ST\STM32CubeIDE_1.13.1\STM32CubeIDE\plugins\com.st.stm32cube.common.mx_6.9.1.202307191849\\db\/mcu/
2023-09-18 10:26:40,945 [INFO] ApiDb:274 - Set plugin database path to: C:\ST\STM32CubeIDE_1.13.1\STM32CubeIDE\plugins\com.st.stm32cube.common.mx_6.9.1.202307191849\\db\/plugins/boardmanager/
2023-09-18 10:26:40,945 [INFO] ApiDb:261 - Set plugin images path to: C:\ST\STM32CubeIDE_1.13.1\STM32CubeIDE\plugins\com.st.stm32cube.common.mx_6.9.1.202307191849\\db\/plugins/mcufinder/images/
2023-09-18 10:26:40,945 [WARN] DbFile:41 - Overriding database path with different value: C:\Users\Mahmu\.stmcufinder\plugins\mcufinder/ => C:\Users\Mahmu\.stmcufinder\plugins\mcufinder
2023-09-18 10:26:40,945 [INFO] ApiDb:250 - Set database path to: C:\Users\Mahmu\.stmcufinder\plugins\mcufinder//mcu/
2023-09-18 10:26:40,946 [WARN] DbFile:41 - Overriding database path with different value: C:\Users\Mahmu\.stmcufinder\plugins\mcufinder/ => C:\Users\Mahmu\.stmcufinder\plugins\mcufinder
2023-09-18 10:26:40,946 [INFO] DbMcusAds:125 - Set database path to: C:\Users\Mahmu\.stmcufinder\plugins\mcufinder//mcu/
2023-09-18 10:26:40,946 [WARN] DbFile:41 - Overriding database path with different value: C:\Users\Mahmu\.stmcufinder\plugins\mcufinder/ => C:\Users\Mahmu\.stmcufinder\plugins\mcufinder
2023-09-18 10:26:40,946 [WARN] DbFile:41 - Overriding database path with different value: C:\Users\Mahmu\.stmcufinder\plugins\mcufinder/ => C:\Users\Mahmu\.stmcufinder\plugins\mcufinder
2023-09-18 10:26:40,946 [INFO] CrossReferenceDbSqlite:203 - Set database path to: C:\Users\Mahmu\.stmcufinder\plugins\mcufinder//mcu/cs/
2023-09-18 10:26:41,017 [INFO] MainPanel:262 - HeapMemory: 268435456
2023-09-18 10:26:41,122 [INFO] DbMcusXml:78 - Set database path to: C:\ST\STM32CubeIDE_1.13.1\STM32CubeIDE\plugins\com.st.stm32cube.common.mx_6.9.1.202307191849\\db\/mcu/
2023-09-18 10:26:41,122 [INFO] ApiDb:274 - Set plugin database path to: C:\ST\STM32CubeIDE_1.13.1\STM32CubeIDE\plugins\com.st.stm32cube.common.mx_6.9.1.202307191849\\db\/plugins/boardmanager/
2023-09-18 10:26:41,123 [INFO] ApiDb:261 - Set plugin images path to: C:\ST\STM32CubeIDE_1.13.1\STM32CubeIDE\plugins\com.st.stm32cube.common.mx_6.9.1.202307191849\\db\/plugins/mcufinder/images/
2023-09-18 10:26:41,123 [WARN] DbFile:41 - Overriding database path with different value: C:\Users\Mahmu\.stmcufinder\plugins\mcufinder/ => C:\Users\Mahmu\.stmcufinder\plugins\mcufinder
2023-09-18 10:26:41,123 [INFO] ApiDb:250 - Set database path to: C:\Users\Mahmu\.stmcufinder\plugins\mcufinder//mcu/
2023-09-18 10:26:41,123 [WARN] DbFile:41 - Overriding database path with different value: C:\Users\Mahmu\.stmcufinder\plugins\mcufinder/ => C:\Users\Mahmu\.stmcufinder\plugins\mcufinder
2023-09-18 10:26:41,123 [INFO] DbMcusAds:125 - Set database path to: C:\Users\Mahmu\.stmcufinder\plugins\mcufinder//mcu/
2023-09-18 10:26:41,123 [WARN] DbFile:41 - Overriding database path with different value: C:\Users\Mahmu\.stmcufinder\plugins\mcufinder/ => C:\Users\Mahmu\.stmcufinder\plugins\mcufinder
2023-09-18 10:26:41,123 [WARN] DbFile:41 - Overriding database path with different value: C:\Users\Mahmu\.stmcufinder\plugins\mcufinder/ => C:\Users\Mahmu\.stmcufinder\plugins\mcufinder
2023-09-18 10:26:41,124 [INFO] CrossReferenceDbSqlite:203 - Set database path to: C:\Users\Mahmu\.stmcufinder\plugins\mcufinder//mcu/cs/
2023-09-18 10:26:41,142 [INFO] ApplicationProperties:184 - Using Application install path: C:\ST\STM32CubeIDE_1.13.1\STM32CubeIDE\plugins\com.st.stm32cube.common.mx_6.9.1.202307191849
2023-09-18 10:26:41,143 [INFO] PluginManage:196 - Search for loadable plugins [exclusion list=, ]
2023-09-18 10:26:41,145 [INFO] PluginManage:310 - Check plugin analytics
2023-09-18 10:26:41,308 [INFO] AnalyticsPlugin:253 - Accepted Software Licenses: 
2023-09-18 10:26:41,309 [INFO] AnalyticsPlugin:255 - Accepted CMSIS Pack Licenses: 
2023-09-18 10:26:41,309 [INFO] AnalyticsPlugin:257 - Accepted Firmware Licenses: FW.F4.1.27.0
2023-09-18 10:26:41,311 [INFO] PluginManage:359 - Loaded plugin analytics (category:tool,tabindex:-1)
2023-09-18 10:26:41,312 [INFO] PluginManage:310 - Check plugin cadmodel
2023-09-18 10:26:41,323 [INFO] CADModel:105 - Init CAD model plugin
2023-09-18 10:26:41,323 [INFO] PluginManage:359 - Loaded plugin cadmodel (category:power,tabindex:5)
2023-09-18 10:26:41,323 [INFO] PluginManage:310 - Check plugin clock
2023-09-18 10:26:41,338 [INFO] PluginManage:359 - Loaded plugin clock (category:base,tabindex:2)
2023-09-18 10:26:41,338 [INFO] PluginManage:310 - Check plugin ddr
2023-09-18 10:26:41,341 [INFO] PluginManage:359 - Loaded plugin ddr (category:tool,tabindex:6)
2023-09-18 10:26:41,341 [INFO] PluginManage:310 - Check plugin filemanager
2023-09-18 10:26:41,449 [INFO] PluginManage:359 - Loaded plugin filemanager (category:base,tabindex:10)
2023-09-18 10:26:41,449 [INFO] PluginManage:310 - Check plugin ipmanager
2023-09-18 10:26:41,456 [INFO] PluginManage:359 - Loaded plugin ipmanager (category:base,tabindex:5)
2023-09-18 10:26:41,457 [INFO] PluginManage:310 - Check plugin lpbam
2023-09-18 10:26:41,475 [INFO] PluginManage:359 - Loaded plugin lpbam (category:base,tabindex:0)
2023-09-18 10:26:41,476 [INFO] PluginManage:310 - Check plugin memorymap
2023-09-18 10:26:41,501 [INFO] PluginManage:359 - Loaded plugin memorymap (category:base,tabindex:4)
2023-09-18 10:26:41,501 [INFO] PluginManage:310 - Check plugin pinoutandconfiguration
2023-09-18 10:26:41,518 [INFO] PluginManage:359 - Loaded plugin pinoutandconfiguration (category:base,tabindex:1)
2023-09-18 10:26:41,518 [INFO] PluginManage:310 - Check plugin pinoutconfig
2023-09-18 10:26:41,607 [WARN] SupportedApi:132 - Cannot load RTOS API schema: s4s-elt-must-match.1: The content of 'definitions' must match (annotation?, (simpleType | complexType)?, (unique | key | keyref)*)). A problem was found starting at: attribute.
2023-09-18 10:26:41,712 [INFO] PluginManage:359 - Loaded plugin pinoutconfig (category:base,tabindex:0)
2023-09-18 10:26:41,712 [INFO] PluginManage:310 - Check plugin power
2023-09-18 10:26:41,729 [INFO] PluginManage:359 - Loaded plugin power (category:power,tabindex:4)
2023-09-18 10:26:41,729 [INFO] PluginManage:310 - Check plugin projectmanager
2023-09-18 10:26:41,738 [INFO] PluginManage:359 - Loaded plugin projectmanager (category:projectmanager,tabindex:3)
2023-09-18 10:26:41,739 [INFO] PluginManage:310 - Check plugin thirdparty
2023-09-18 10:26:42,006 [INFO] PluginManage:359 - Loaded plugin thirdparty (category:base,tabindex:-1)
2023-09-18 10:26:42,006 [WARN] IntegrityCheckThread:84 - waiting for thirdparty lock release [integrity check]
2023-09-18 10:26:42,006 [INFO] PluginManage:310 - Check plugin tools
2023-09-18 10:26:42,006 [INFO] IntegrityCheckThread:86 - entering critical section [integrity check]
2023-09-18 10:26:42,007 [INFO] ThirdPartyUpdaterWithRetryManager:70 - Updater plugin not ready yet. [1/15]
2023-09-18 10:26:42,032 [INFO] PluginManage:359 - Loaded plugin tools (category:base,tabindex:7)
2023-09-18 10:26:42,032 [INFO] PluginManage:310 - Check plugin tutovideos
2023-09-18 10:26:42,227 [INFO] PluginManage:359 - Loaded plugin tutovideos (category:base,tabindex:-1)
2023-09-18 10:26:42,227 [INFO] PluginManage:310 - Check plugin updater
2023-09-18 10:26:42,238 [INFO] PluginManage:359 - Loaded plugin updater (category:base,tabindex:12)
2023-09-18 10:26:42,238 [INFO] PluginManage:310 - Check plugin userauth
2023-09-18 10:26:42,244 [INFO] UserAuth:113 - Init User Auth plugin
2023-09-18 10:26:42,244 [INFO] PluginManage:359 - Loaded plugin userauth (category:base,tabindex:14)
2023-09-18 10:26:42,244 [INFO] PluginManage:283 - PluginManage : Loaded plugins [17]
2023-09-18 10:26:42,443 [INFO] PinOutPanel:1499 - setPackage(No Configuration,No Configuration)
2023-09-18 10:26:42,545 [INFO] CADModel:165 - CPN selected for project level
2023-09-18 10:26:42,546 [INFO] CADModel:114 - Register for checkConnection events
2023-09-18 10:26:42,574 [INFO] IPUIPlugin:80 - create IPUIPlugin
2023-09-18 10:26:42,574 [INFO] PluginManager:220 - loadIPPluginJar : add adc
2023-09-18 10:26:42,608 [INFO] IPUIPlugin:80 - create IPUIPlugin
2023-09-18 10:26:42,609 [INFO] PluginManager:220 - loadIPPluginJar : add aes
2023-09-18 10:26:42,637 [INFO] IPUIPlugin:80 - create IPUIPlugin
2023-09-18 10:26:42,638 [INFO] PluginManager:220 - loadIPPluginJar : add can
2023-09-18 10:26:42,660 [INFO] IPUIPlugin:80 - create IPUIPlugin
2023-09-18 10:26:42,660 [INFO] PluginManager:220 - loadIPPluginJar : add comp
2023-09-18 10:26:42,690 [INFO] IPUIPlugin:80 - create IPUIPlugin
2023-09-18 10:26:42,690 [INFO] PluginManager:220 - loadIPPluginJar : add cryp
2023-09-18 10:26:42,710 [INFO] IPUIPlugin:80 - create IPUIPlugin
2023-09-18 10:26:42,710 [INFO] PluginManager:220 - loadIPPluginJar : add dfsdm
2023-09-18 10:26:42,723 [INFO] IPUIPlugin:80 - create IPUIPlugin
2023-09-18 10:26:42,724 [INFO] PluginManager:220 - loadIPPluginJar : add dma
2023-09-18 10:26:42,752 [INFO] IPUIPlugin:80 - create IPUIPlugin
2023-09-18 10:26:42,752 [INFO] PluginManager:220 - loadIPPluginJar : add dma3
2023-09-18 10:26:42,765 [INFO] IPUIPlugin:80 - create IPUIPlugin
2023-09-18 10:26:42,766 [INFO] PluginManager:220 - loadIPPluginJar : add fatfs
2023-09-18 10:26:42,804 [INFO] IPUIPlugin:80 - create IPUIPlugin
2023-09-18 10:26:42,804 [INFO] PluginManager:220 - loadIPPluginJar : add fmc
2023-09-18 10:26:42,817 [INFO] IPUIPlugin:80 - create IPUIPlugin
2023-09-18 10:26:42,817 [INFO] PluginManager:220 - loadIPPluginJar : add freertos
2023-09-18 10:26:42,833 [INFO] IPUIPlugin:80 - create IPUIPlugin
2023-09-18 10:26:42,834 [INFO] PluginManager:220 - loadIPPluginJar : add genericplugin
2023-09-18 10:26:42,897 [INFO] IPUIPlugin:80 - create IPUIPlugin
2023-09-18 10:26:42,897 [INFO] PluginManager:220 - loadIPPluginJar : add gfxmmu
2023-09-18 10:26:42,979 [INFO] IPUIPlugin:80 - create IPUIPlugin
2023-09-18 10:26:42,979 [INFO] PluginManager:220 - loadIPPluginJar : add gic
2023-09-18 10:26:42,990 [INFO] IPUIPlugin:80 - create IPUIPlugin
2023-09-18 10:26:42,990 [INFO] PluginManager:220 - loadIPPluginJar : add gpio
2023-09-18 10:26:43,095 [INFO] IPUIPlugin:80 - create IPUIPlugin
2023-09-18 10:26:43,095 [INFO] PluginManager:220 - loadIPPluginJar : add gtzc
2023-09-18 10:26:43,126 [INFO] IPUIPlugin:80 - create IPUIPlugin
2023-09-18 10:26:43,126 [INFO] PluginManager:220 - loadIPPluginJar : add hash
2023-09-18 10:26:43,162 [INFO] IPUIPlugin:80 - create IPUIPlugin
2023-09-18 10:26:43,162 [INFO] PluginManager:220 - loadIPPluginJar : add i2c
2023-09-18 10:26:43,194 [INFO] IPUIPlugin:80 - create IPUIPlugin
2023-09-18 10:26:43,194 [INFO] PluginManager:220 - loadIPPluginJar : add i2s
2023-09-18 10:26:43,222 [INFO] IPUIPlugin:80 - create IPUIPlugin
2023-09-18 10:26:43,223 [INFO] PluginManager:220 - loadIPPluginJar : add i3c
2023-09-18 10:26:43,294 [INFO] IPUIPlugin:80 - create IPUIPlugin
2023-09-18 10:26:43,295 [INFO] PluginManager:220 - loadIPPluginJar : add ipddr
2023-09-18 10:26:43,354 [INFO] IPUIPlugin:80 - create IPUIPlugin
2023-09-18 10:26:43,354 [INFO] PluginManager:220 - loadIPPluginJar : add linkedlist
2023-09-18 10:26:43,377 [INFO] IPUIPlugin:80 - create IPUIPlugin
2023-09-18 10:26:43,377 [INFO] PluginManager:220 - loadIPPluginJar : add lorawan
2023-09-18 10:26:43,401 [INFO] IPUIPlugin:80 - create IPUIPlugin
2023-09-18 10:26:43,401 [INFO] PluginManager:220 - loadIPPluginJar : add ltdc
2023-09-18 10:26:43,412 [INFO] IPUIPlugin:80 - create IPUIPlugin
2023-09-18 10:26:43,413 [INFO] PluginManager:220 - loadIPPluginJar : add mdma
2023-09-18 10:26:43,422 [INFO] IPUIPlugin:80 - create IPUIPlugin
2023-09-18 10:26:43,422 [INFO] PluginManager:220 - loadIPPluginJar : add nvic
2023-09-18 10:26:43,445 [INFO] IPUIPlugin:80 - create IPUIPlugin
2023-09-18 10:26:43,445 [INFO] PluginManager:220 - loadIPPluginJar : add opamp
2023-09-18 10:26:43,485 [INFO] IPUIPlugin:80 - create IPUIPlugin
2023-09-18 10:26:43,485 [INFO] PluginManager:220 - loadIPPluginJar : add openamp
2023-09-18 10:26:43,513 [INFO] IPUIPlugin:80 - create IPUIPlugin
2023-09-18 10:26:43,513 [INFO] PluginManager:220 - loadIPPluginJar : add pdm2pcm
2023-09-18 10:26:43,526 [INFO] IPUIPlugin:80 - create IPUIPlugin
2023-09-18 10:26:43,528 [INFO] PluginManager:220 - loadIPPluginJar : add plateformsettings
2023-09-18 10:26:43,543 [INFO] IPUIPlugin:80 - create IPUIPlugin
2023-09-18 10:26:43,543 [INFO] PluginManager:220 - loadIPPluginJar : add quadspi
2023-09-18 10:26:43,554 [INFO] IPUIPlugin:80 - create IPUIPlugin
2023-09-18 10:26:43,554 [INFO] PluginManager:220 - loadIPPluginJar : add resmgrutility
2023-09-18 10:26:43,585 [INFO] IPUIPlugin:80 - create IPUIPlugin
2023-09-18 10:26:43,585 [INFO] PluginManager:220 - loadIPPluginJar : add sai
2023-09-18 10:26:43,609 [INFO] IPUIPlugin:80 - create IPUIPlugin
2023-09-18 10:26:43,609 [INFO] PluginManager:220 - loadIPPluginJar : add spi
2023-09-18 10:26:43,646 [INFO] IPUIPlugin:80 - create IPUIPlugin
2023-09-18 10:26:43,646 [INFO] PluginManager:220 - loadIPPluginJar : add stm32_wpan
2023-09-18 10:26:43,663 [INFO] IPUIPlugin:80 - create IPUIPlugin
2023-09-18 10:26:43,663 [INFO] PluginManager:220 - loadIPPluginJar : add tim
2023-09-18 10:26:43,705 [INFO] IPUIPlugin:80 - create IPUIPlugin
2023-09-18 10:26:43,705 [INFO] PluginManager:220 - loadIPPluginJar : add touchsensing
2023-09-18 10:26:43,720 [INFO] IPUIPlugin:80 - create IPUIPlugin
2023-09-18 10:26:43,720 [INFO] PluginManager:220 - loadIPPluginJar : add tracer_emb
2023-09-18 10:26:43,735 [INFO] IPUIPlugin:80 - create IPUIPlugin
2023-09-18 10:26:43,735 [INFO] PluginManager:220 - loadIPPluginJar : add ts
2023-09-18 10:26:43,749 [INFO] IPUIPlugin:80 - create IPUIPlugin
2023-09-18 10:26:43,749 [INFO] PluginManager:220 - loadIPPluginJar : add tsc
2023-09-18 10:26:43,764 [INFO] IPUIPlugin:80 - create IPUIPlugin
2023-09-18 10:26:43,764 [INFO] PluginManager:220 - loadIPPluginJar : add ucpd
2023-09-18 10:26:43,796 [INFO] IPUIPlugin:80 - create IPUIPlugin
2023-09-18 10:26:43,796 [INFO] PluginManager:220 - loadIPPluginJar : add usart
2023-09-18 10:26:43,824 [INFO] IPUIPlugin:80 - create IPUIPlugin
2023-09-18 10:26:43,824 [INFO] PluginManager:220 - loadIPPluginJar : add usbx
2023-09-18 10:26:43,937 [INFO] CADModel:165 - CPN selected for project level
2023-09-18 10:26:43,937 [INFO] CADModel:114 - Register for checkConnection events
2023-09-18 10:26:43,937 [FATAL] Updater:308 - Updater called before beeing initialized
2023-09-18 10:26:43,938 [ERROR] CADModel:125 - Updater not yet initialized, retry later 
2023-09-18 10:26:44,069 [INFO] CADModel:165 - CPN selected for project level
2023-09-18 10:26:44,069 [INFO] CADModel:114 - Register for checkConnection events
2023-09-18 10:26:44,069 [FATAL] Updater:308 - Updater called before beeing initialized
2023-09-18 10:26:44,069 [ERROR] CADModel:125 - Updater not yet initialized, retry later 
2023-09-18 10:26:44,072 [FATAL] Updater:308 - Updater called before beeing initialized
2023-09-18 10:26:44,164 [FATAL] Updater:308 - Updater called before beeing initialized
2023-09-18 10:26:44,172 [INFO] DbMcusAds:53 - JSON generation date=Tue Mar 07 09:50:55 GMT+01:00 2023 (1678179055335)
2023-09-18 10:26:44,172 [FATAL] Updater:308 - Updater called before beeing initialized
2023-09-18 10:26:44,208 [WARN] DetailPanel:346 - Failed to get advertising image, set to default
2023-09-18 10:26:44,277 [FATAL] Updater:308 - Updater called before beeing initialized
2023-09-18 10:26:44,278 [FATAL] Updater:308 - Updater called before beeing initialized
2023-09-18 10:26:44,279 [FATAL] Updater:308 - Updater called before beeing initialized
2023-09-18 10:26:44,279 [WARN] DetailPanel:346 - Failed to get advertising image, set to default
2023-09-18 10:26:44,279 [FATAL] Updater:308 - Updater called before beeing initialized
2023-09-18 10:26:44,327 [ERROR] Updater:1120 - MainUpdater not yet initialized. External WinMGr cannot be set.
2023-09-18 10:26:44,334 [INFO] Updater:1056 - Updater Version found : 6.9.1
2023-09-18 10:26:44,346 [INFO] ApplicationProperties:184 - Using Application install path: C:\ST\STM32CubeIDE_1.13.1\STM32CubeIDE\plugins\com.st.stm32cube.common.mx_6.9.1.202307191849
2023-09-18 10:26:44,472 [INFO] MainUpdater:2868 - connection check result : 10
2023-09-18 10:26:44,472 [INFO] MainUpdater:3562 - Updater definition file requires update
2023-09-18 10:26:44,473 [INFO] MainUpdater:285 - Updater Check For Update Now.
2023-09-18 10:26:44,473 [INFO] MicroXplorer:498 - Change Database Version : DB.6.0.91
2023-09-18 10:26:44,490 [INFO] McuFinderGlobals:63 - Set McuFinder mode to 2 (CubeIDE integrated)
2023-09-18 10:26:44,490 [INFO] UserAuth:179 - activating auth plugin
2023-09-18 10:26:44,491 [INFO] UserAuth:393 - Internet connection configuration mode: 1
2023-09-18 10:26:44,500 [INFO] ServerAccessManage:473 - Download File updaters.zip
2023-09-18 10:26:44,516 [INFO] JxBrowserEngine:151 - Initiate JxBrowser Engine with user profile folder
2023-09-18 10:26:44,566 [INFO] FileExtend:240 - Unzip File : updaters.zip
2023-09-18 10:26:44,567 [INFO] FileExtend:255 - Standard Zip Deflate
2023-09-18 10:26:44,799 [INFO] ServerAccessManage:473 - Download File PacksControlFlags.xml
2023-09-18 10:26:44,867 [INFO] ServerAccessManage:473 - Download File cubemx.pidx
2023-09-18 10:26:44,972 [INFO] LoadServerUpdatesThread:373 - End of LoadServerUpdate Thread
2023-09-18 10:26:45,007 [WARN] MainUpdater:1189 - Updater busy. Cannot search thirdparties
2023-09-18 10:26:45,007 [INFO] ThirdPartyUpdaterWithRetryManager:96 - Updater plugin is busy. [1/15]
2023-09-18 10:26:45,194 [INFO] CheckServerUpdateThread:120 - End of CheckServer Thread
2023-09-18 10:26:46,647 [INFO] WebApp:157 - Instantiating new browser for Auth
2023-09-18 10:26:47,080 [INFO] WebApp:753 - Register for checkConnection events
2023-09-18 10:26:47,080 [INFO] WebApp:390 - Apply proxy settings
2023-09-18 10:26:47,081 [INFO] WebApp:475 - Chromium requires no authentication
2023-09-18 10:26:47,091 [INFO] WebApp:418 - Direct internet connection detected
2023-09-18 10:26:47,264 [INFO] WebApp:188 - Starting web application
2023-09-18 10:26:47,264 [INFO] WebApp:520 - Web application path used C:\ST\STM32CubeIDE_1.13.1\STM32CubeIDE\plugins\com.st.stm32cube.common.mx_6.9.1.202307191849\db\plugins\mcufinder\reactClient1\index.html
2023-09-18 10:26:48,121 [WARN] PackLoader:240 - Cannot read IP mode file for STMicroelectronics.X-CUBE-SMBUS.2.1.0
2023-09-18 10:26:48,154 [WARN] PackLoader:240 - Cannot read IP mode file for STMicroelectronics.X-CUBE-AZRTOS-F7.1.1.0
2023-09-18 10:26:48,170 [WARN] PackLoader:240 - Cannot read IP mode file for STMicroelectronics.FP-SNS-MOTENV1.4.3.2
2023-09-18 10:26:48,181 [WARN] PackLoader:240 - Cannot read IP mode file for STMicroelectronics.FP-SNS-FLIGHT1.5.0.2
2023-09-18 10:26:48,196 [WARN] PackLoader:240 - Cannot read IP mode file for STMicroelectronics.X-CUBE-DISPLAY.3.0.0
2023-09-18 10:26:48,209 [WARN] PackLoader:240 - Cannot read IP mode file for STMicroelectronics.X-CUBE-BLE1.7.0.0
2023-09-18 10:26:48,219 [WARN] PackLoader:240 - Cannot read IP mode file for emotas.I-CUBE-CANOPEN.1.3.0
2023-09-18 10:26:48,228 [WARN] PackLoader:240 - Cannot read IP mode file for STMicroelectronics.X-CUBE-TOUCHGFX.4.22.0
2023-09-18 10:26:48,237 [WARN] PackLoader:240 - Cannot read IP mode file for STMicroelectronics.FP-SNS-SMARTAG2.1.2.0
2023-09-18 10:26:48,252 [INFO] LogOutputStream:77 - [STDOUT_REDIRECT] 1 : Invalid condition id : UX_CORESTACK_Condition cause : null
2023-09-18 10:26:48,253 [INFO] LogOutputStream:77 - [STDOUT_REDIRECT] 1 : Invalid condition id : UX_CORESTACK_Condition cause : null
2023-09-18 10:26:48,254 [INFO] LogOutputStream:77 - [STDOUT_REDIRECT] 1 : Invalid condition id : UX_CORESTACK_Condition cause : null
2023-09-18 10:26:48,255 [INFO] LogOutputStream:77 - [STDOUT_REDIRECT] 1 : Invalid condition id : UX_CORESTACK_Condition cause : null
2023-09-18 10:26:48,255 [INFO] LogOutputStream:77 - [STDOUT_REDIRECT] 1 : Invalid condition id : UX_CORESTACK_Condition cause : null
2023-09-18 10:26:48,259 [WARN] PackLoader:240 - Cannot read IP mode file for STMicroelectronics.X-CUBE-AZRTOS-WL.2.0.0
2023-09-18 10:26:48,275 [WARN] PackLoader:240 - Cannot read IP mode file for WES.I-CUBE-Cesium.1.3.0
2023-09-18 10:26:48,286 [WARN] PackLoader:240 - Cannot read IP mode file for STMicroelectronics.X-CUBE-BLE2.3.3.0
2023-09-18 10:26:48,296 [WARN] PackLoader:240 - Cannot read IP mode file for STMicroelectronics.X-CUBE-ALGOBUILD.1.3.0
2023-09-18 10:26:48,326 [WARN] PackLoader:240 - Cannot read IP mode file for STMicroelectronics.X-CUBE-AZRTOS-G0.1.1.0
2023-09-18 10:26:48,341 [WARN] PackLoader:240 - Cannot read IP mode file for STMicroelectronics.X-CUBE-NFC4.3.0.0
2023-09-18 10:26:48,353 [WARN] PackLoader:240 - Cannot read IP mode file for STMicroelectronics.FP-ATR-SIGFOX1.3.2.0
2023-09-18 10:26:48,387 [WARN] PackLoader:240 - Cannot read IP mode file for SEGGER.I-CUBE-embOS.1.3.1
2023-09-18 10:26:48,434 [WARN] PackLoader:240 - Cannot read IP mode file for STMicroelectronics.X-CUBE-GNSS1.6.0.0
2023-09-18 10:26:48,467 [WARN] PackLoader:240 - Cannot read IP mode file for STMicroelectronics.X-CUBE-AZRTOS-F4.1.1.0
2023-09-18 10:26:48,480 [WARN] PackLoader:240 - Cannot read IP mode file for wolfSSL.I-CUBE-wolfSSL.5.6.3
2023-09-18 10:26:48,503 [WARN] PackLoader:240 - Cannot read IP mode file for STMicroelectronics.X-CUBE-AZRTOS-L5.2.0.0
2023-09-18 10:26:48,549 [WARN] PackLoader:240 - Cannot read IP mode file for STMicroelectronics.X-CUBE-MEMS1.9.6.0
2023-09-18 10:26:48,691 [WARN] PackLoader:240 - Cannot read IP mode file for STMicroelectronics.X-CUBE-BLEMGR.2.0.0
2023-09-18 10:26:48,711 [WARN] ConditionMgr:438 - getConditionDescription Invalid condition id : UX DEVICE CLASS RTOS Condition cause : null
2023-09-18 10:26:48,711 [WARN] ConditionMgr:438 - getConditionDescription Invalid condition id : UX DEVICE CLASS RTOS Condition cause : null
2023-09-18 10:26:48,713 [WARN] PackLoader:240 - Cannot read IP mode file for STMicroelectronics.X-CUBE-AZRTOS-H7.3.1.0
2023-09-18 10:26:48,714 [WARN] ConditionMgr:1039 - genDependencies : Invalid condition id : UX DEVICE CLASS RTOS Condition cause : null
2023-09-18 10:26:48,714 [WARN] ConditionMgr:1039 - genDependencies : Invalid condition id : UX DEVICE CLASS RTOS Condition cause : null
2023-09-18 10:26:48,714 [WARN] ConditionMgr:1039 - genDependencies : Invalid condition id : UX DEVICE CLASS RTOS Condition cause : null
2023-09-18 10:26:48,714 [WARN] ConditionMgr:1039 - genDependencies : Invalid condition id : UX DEVICE CLASS RTOS Condition cause : null
2023-09-18 10:26:48,715 [WARN] ConditionMgr:1039 - genDependencies : Invalid condition id : UX DEVICE CLASS RTOS Condition cause : null
2023-09-18 10:26:48,726 [WARN] PackLoader:240 - Cannot read IP mode file for STMicroelectronics.X-CUBE-NFC7.1.0.1
2023-09-18 10:26:48,737 [WARN] PackLoader:240 - Cannot read IP mode file for STMicroelectronics.X-CUBE-NFC6.3.0.0
2023-09-18 10:26:48,747 [WARN] PackLoader:240 - Cannot read IP mode file for STMicroelectronics.X-CUBE-EEPRMA1.4.1.0
2023-09-18 10:26:48,757 [WARN] PackLoader:240 - Cannot read IP mode file for STMicroelectronics.X-CUBE-AI.8.1.0
2023-09-18 10:26:48,778 [WARN] ConditionMgr:438 - getConditionDescription Invalid condition id : LAN8742 Phy interface Condition cause : null
2023-09-18 10:26:48,779 [WARN] PackLoader:240 - Cannot read IP mode file for STMicroelectronics.X-CUBE-AZRTOS-L4.2.0.0
2023-09-18 10:26:48,780 [WARN] ConditionMgr:1039 - genDependencies : Invalid condition id : LAN8742 Phy interface Condition cause : null
2023-09-18 10:26:48,780 [WARN] ConditionMgr:1039 - genDependencies : Invalid condition id : LAN8742 Phy interface Condition cause : null
2023-09-18 10:26:48,780 [WARN] ConditionMgr:1039 - genDependencies : Invalid condition id : LAN8742 Phy interface Condition cause : null
2023-09-18 10:26:48,791 [WARN] PackLoader:240 - Cannot read IP mode file for STMicroelectronics.X-CUBE-SFXS2LP1.4.0.0
2023-09-18 10:26:48,802 [WARN] PackLoader:240 - Cannot read IP mode file for STMicroelectronics.X-CUBE-ISPU.1.1.0
2023-09-18 10:26:48,822 [WARN] ConditionMgr:438 - getConditionDescription Invalid condition id : UX DEVICE CLASS RTOS Condition cause : null
2023-09-18 10:26:48,822 [WARN] ConditionMgr:438 - getConditionDescription Invalid condition id : UX DEVICE CLASS RTOS Condition cause : null
2023-09-18 10:26:48,823 [WARN] PackLoader:240 - Cannot read IP mode file for STMicroelectronics.X-CUBE-AZRTOS-WB.2.0.0
2023-09-18 10:26:48,824 [WARN] ConditionMgr:1039 - genDependencies : Invalid condition id : UX DEVICE CLASS RTOS Condition cause : null
2023-09-18 10:26:48,824 [WARN] ConditionMgr:1039 - genDependencies : Invalid condition id : UX DEVICE CLASS RTOS Condition cause : null
2023-09-18 10:26:48,824 [WARN] ConditionMgr:1039 - genDependencies : Invalid condition id : UX DEVICE CLASS RTOS Condition cause : null
2023-09-18 10:26:48,824 [WARN] ConditionMgr:1039 - genDependencies : Invalid condition id : UX DEVICE CLASS RTOS Condition cause : null
2023-09-18 10:26:48,824 [WARN] ConditionMgr:1039 - genDependencies : Invalid condition id : UX DEVICE CLASS RTOS Condition cause : null
2023-09-18 10:26:48,838 [WARN] PackLoader:240 - Cannot read IP mode file for STMicroelectronics.X-CUBE-SUBG2.5.0.0
2023-09-18 10:26:48,856 [WARN] PackLoader:240 - Cannot read IP mode file for STMicroelectronics.X-CUBE-TOF1.3.3.1
2023-09-18 10:26:48,877 [WARN] PackLoader:240 - Cannot read IP mode file for STMicroelectronics.X-CUBE-AZRTOS-G4.2.0.0
2023-09-18 10:26:48,889 [WARN] PackLoader:240 - Cannot read IP mode file for STMicroelectronics.X-CUBE-FREERTOS.1.1.0
2023-09-18 10:26:48,898 [WARN] PackLoader:240 - Cannot read IP mode file for portGmbH.I-Cube-SoM-uGOAL.1.1.0
2023-09-18 10:26:48,907 [WARN] PackLoader:240 - Cannot read IP mode file for STMicroelectronics.X-CUBE-ALS.1.0.1
2023-09-18 10:26:48,917 [WARN] PackLoader:240 - Cannot read IP mode file for STMicroelectronics.FP-ATR-ASTRA1.2.0.0
2023-09-18 10:26:48,917 [INFO] ThirdParty:978 - Integrity check success = true
2023-09-18 10:26:48,917 [INFO] IntegrityCheckThread:100 - exiting critical section [integrity check]
2023-09-18 10:26:48,917 [INFO] IntegrityCheckThread:103 - End integrity checks thread
2023-09-18 10:27:08,034 [ERROR] LogOutputStream:75 - [STDERR_REDIRECT] SLF4J: Failed to load class "org.slf4j.impl.StaticLoggerBinder".
2023-09-18 10:27:08,034 [ERROR] LogOutputStream:75 - [STDERR_REDIRECT] SLF4J: Defaulting to no-operation (NOP) logger implementation
2023-09-18 10:27:08,036 [ERROR] LogOutputStream:75 - [STDERR_REDIRECT] SLF4J: See http://www.slf4j.org/codes.html#StaticLoggerBinder for further details.
2023-09-18 10:39:32,814 [ERROR] LogOutputStream:75 - [STDERR_REDIRECT] 
