2023-09-01 12:18:55,218 [INFO] Activator:176 - 


2023-09-01 12:18:55,225 [INFO] Activator:177 - !SESSION log4j initialized
2023-09-01 12:19:00,394 [INFO] LogOutputStream:77 - [STDOUT_REDIRECT] 
2023-09-01 12:19:00,705 [ERROR] ConfigurationRetriever:142 - IOException on connection: sw-center.st.com
2023-09-01 12:19:00,706 [ERROR] ConfigurationRetriever:142 - IOException on connection: sw-center.st.com
2023-09-01 12:19:00,707 [ERROR] ConfigurationRetriever:142 - IOException on connection: sw-center.st.com
2023-09-01 12:19:00,708 [ERROR] ConfigurationRetriever:142 - IOException on connection: sw-center.st.com
2023-09-01 12:19:00,709 [ERROR] ConfigurationRetriever:142 - IOException on connection: sw-center.st.com
2023-09-01 12:19:00,709 [ERROR] ConfigurationRetriever:142 - IOException on connection: sw-center.st.com
2023-09-01 12:19:02,125 [INFO] ApplicationProperties:184 - Using Application install path: C:\ST\STM32CubeIDE_1.13.1\STM32CubeIDE\plugins\com.st.stm32cube.common.mx_6.9.1.202307191849
2023-09-01 12:19:02,143 [INFO] DbMcusXml:78 - Set database path to: C:\ST\STM32CubeIDE_1.13.1\STM32CubeIDE\plugins\com.st.stm32cube.common.mx_6.9.1.202307191849\\db\/mcu/
2023-09-01 12:19:02,143 [INFO] ApiDb:274 - Set plugin database path to: C:\ST\STM32CubeIDE_1.13.1\STM32CubeIDE\plugins\com.st.stm32cube.common.mx_6.9.1.202307191849\\db\/plugins/boardmanager/
2023-09-01 12:19:02,144 [WARN] ApiDb:259 - Overriding images path with different value:  => C:\ST\STM32CubeIDE_1.13.1\STM32CubeIDE\plugins\com.st.stm32cube.common.mx_6.9.1.202307191849\\db\/plugins/mcufinder/images/
2023-09-01 12:19:02,156 [INFO] ApiDb:250 - Set database path to: C:\Users\Mahmu\.stmcufinder\plugins\mcufinder//mcu/
2023-09-01 12:19:02,157 [INFO] DbMcusAds:125 - Set database path to: C:\Users\Mahmu\.stmcufinder\plugins\mcufinder//mcu/
2023-09-01 12:19:02,159 [INFO] CrossReferenceDbSqlite:203 - Set database path to: C:\Users\Mahmu\.stmcufinder\plugins\mcufinder//mcu/cs/
2023-09-01 12:19:02,268 [INFO] RulesReader:64 - Compatibility file has been processed (293 Rules)
2023-09-01 12:19:02,340 [INFO] DbMcusXml:78 - Set database path to: C:\ST\STM32CubeIDE_1.13.1\STM32CubeIDE\plugins\com.st.stm32cube.common.mx_6.9.1.202307191849\\db\/mcu/
2023-09-01 12:19:02,340 [INFO] ApiDb:274 - Set plugin database path to: C:\ST\STM32CubeIDE_1.13.1\STM32CubeIDE\plugins\com.st.stm32cube.common.mx_6.9.1.202307191849\\db\/plugins/boardmanager/
2023-09-01 12:19:02,340 [INFO] ApiDb:261 - Set plugin images path to: C:\ST\STM32CubeIDE_1.13.1\STM32CubeIDE\plugins\com.st.stm32cube.common.mx_6.9.1.202307191849\\db\/plugins/mcufinder/images/
2023-09-01 12:19:02,340 [WARN] DbFile:41 - Overriding database path with different value: C:\Users\Mahmu\.stmcufinder\plugins\mcufinder/ => C:\Users\Mahmu\.stmcufinder\plugins\mcufinder
2023-09-01 12:19:02,340 [INFO] ApiDb:250 - Set database path to: C:\Users\Mahmu\.stmcufinder\plugins\mcufinder//mcu/
2023-09-01 12:19:02,340 [WARN] DbFile:41 - Overriding database path with different value: C:\Users\Mahmu\.stmcufinder\plugins\mcufinder/ => C:\Users\Mahmu\.stmcufinder\plugins\mcufinder
2023-09-01 12:19:02,340 [INFO] DbMcusAds:125 - Set database path to: C:\Users\Mahmu\.stmcufinder\plugins\mcufinder//mcu/
2023-09-01 12:19:02,340 [WARN] DbFile:41 - Overriding database path with different value: C:\Users\Mahmu\.stmcufinder\plugins\mcufinder/ => C:\Users\Mahmu\.stmcufinder\plugins\mcufinder
2023-09-01 12:19:02,341 [WARN] DbFile:41 - Overriding database path with different value: C:\Users\Mahmu\.stmcufinder\plugins\mcufinder/ => C:\Users\Mahmu\.stmcufinder\plugins\mcufinder
2023-09-01 12:19:02,341 [INFO] CrossReferenceDbSqlite:203 - Set database path to: C:\Users\Mahmu\.stmcufinder\plugins\mcufinder//mcu/cs/
2023-09-01 12:19:02,420 [INFO] MainPanel:262 - HeapMemory: 268435456
2023-09-01 12:19:02,517 [INFO] DbMcusXml:78 - Set database path to: C:\ST\STM32CubeIDE_1.13.1\STM32CubeIDE\plugins\com.st.stm32cube.common.mx_6.9.1.202307191849\\db\/mcu/
2023-09-01 12:19:02,518 [INFO] ApiDb:274 - Set plugin database path to: C:\ST\STM32CubeIDE_1.13.1\STM32CubeIDE\plugins\com.st.stm32cube.common.mx_6.9.1.202307191849\\db\/plugins/boardmanager/
2023-09-01 12:19:02,518 [INFO] ApiDb:261 - Set plugin images path to: C:\ST\STM32CubeIDE_1.13.1\STM32CubeIDE\plugins\com.st.stm32cube.common.mx_6.9.1.202307191849\\db\/plugins/mcufinder/images/
2023-09-01 12:19:02,518 [WARN] DbFile:41 - Overriding database path with different value: C:\Users\Mahmu\.stmcufinder\plugins\mcufinder/ => C:\Users\Mahmu\.stmcufinder\plugins\mcufinder
2023-09-01 12:19:02,518 [INFO] ApiDb:250 - Set database path to: C:\Users\Mahmu\.stmcufinder\plugins\mcufinder//mcu/
2023-09-01 12:19:02,519 [WARN] DbFile:41 - Overriding database path with different value: C:\Users\Mahmu\.stmcufinder\plugins\mcufinder/ => C:\Users\Mahmu\.stmcufinder\plugins\mcufinder
2023-09-01 12:19:02,519 [INFO] DbMcusAds:125 - Set database path to: C:\Users\Mahmu\.stmcufinder\plugins\mcufinder//mcu/
2023-09-01 12:19:02,519 [WARN] DbFile:41 - Overriding database path with different value: C:\Users\Mahmu\.stmcufinder\plugins\mcufinder/ => C:\Users\Mahmu\.stmcufinder\plugins\mcufinder
2023-09-01 12:19:02,519 [WARN] DbFile:41 - Overriding database path with different value: C:\Users\Mahmu\.stmcufinder\plugins\mcufinder/ => C:\Users\Mahmu\.stmcufinder\plugins\mcufinder
2023-09-01 12:19:02,519 [INFO] CrossReferenceDbSqlite:203 - Set database path to: C:\Users\Mahmu\.stmcufinder\plugins\mcufinder//mcu/cs/
2023-09-01 12:19:02,537 [INFO] ApplicationProperties:184 - Using Application install path: C:\ST\STM32CubeIDE_1.13.1\STM32CubeIDE\plugins\com.st.stm32cube.common.mx_6.9.1.202307191849
2023-09-01 12:19:02,538 [INFO] PluginManage:196 - Search for loadable plugins [exclusion list=, ]
2023-09-01 12:19:02,540 [INFO] PluginManage:310 - Check plugin analytics
2023-09-01 12:19:02,722 [INFO] AnalyticsPlugin:253 - Accepted Software Licenses: 
2023-09-01 12:19:02,722 [INFO] AnalyticsPlugin:255 - Accepted CMSIS Pack Licenses: 
2023-09-01 12:19:02,722 [INFO] AnalyticsPlugin:257 - Accepted Firmware Licenses: FW.F4.1.27.0
2023-09-01 12:19:02,725 [INFO] PluginManage:359 - Loaded plugin analytics (category:tool,tabindex:-1)
2023-09-01 12:19:02,725 [INFO] PluginManage:310 - Check plugin cadmodel
2023-09-01 12:19:02,725 [ERROR] ConfigurationRetriever:142 - IOException on connection: sw-center.st.com
2023-09-01 12:19:02,726 [ERROR] ConfigurationRetriever:142 - IOException on connection: sw-center.st.com
2023-09-01 12:19:02,726 [ERROR] ConfigurationRetriever:142 - IOException on connection: sw-center.st.com
2023-09-01 12:19:02,744 [INFO] CADModel:105 - Init CAD model plugin
2023-09-01 12:19:02,745 [INFO] PluginManage:359 - Loaded plugin cadmodel (category:power,tabindex:5)
2023-09-01 12:19:02,745 [INFO] PluginManage:310 - Check plugin clock
2023-09-01 12:19:02,771 [INFO] PluginManage:359 - Loaded plugin clock (category:base,tabindex:2)
2023-09-01 12:19:02,771 [INFO] PluginManage:310 - Check plugin ddr
2023-09-01 12:19:02,774 [INFO] PluginManage:359 - Loaded plugin ddr (category:tool,tabindex:6)
2023-09-01 12:19:02,774 [INFO] PluginManage:310 - Check plugin filemanager
2023-09-01 12:19:02,924 [INFO] PluginManage:359 - Loaded plugin filemanager (category:base,tabindex:10)
2023-09-01 12:19:02,924 [INFO] PluginManage:310 - Check plugin ipmanager
2023-09-01 12:19:02,932 [INFO] PluginManage:359 - Loaded plugin ipmanager (category:base,tabindex:5)
2023-09-01 12:19:02,932 [INFO] PluginManage:310 - Check plugin lpbam
2023-09-01 12:19:02,953 [INFO] PluginManage:359 - Loaded plugin lpbam (category:base,tabindex:0)
2023-09-01 12:19:02,953 [INFO] PluginManage:310 - Check plugin memorymap
2023-09-01 12:19:02,978 [INFO] PluginManage:359 - Loaded plugin memorymap (category:base,tabindex:4)
2023-09-01 12:19:02,978 [INFO] PluginManage:310 - Check plugin pinoutandconfiguration
2023-09-01 12:19:02,996 [INFO] PluginManage:359 - Loaded plugin pinoutandconfiguration (category:base,tabindex:1)
2023-09-01 12:19:02,996 [INFO] PluginManage:310 - Check plugin pinoutconfig
2023-09-01 12:19:03,101 [WARN] SupportedApi:132 - Cannot load RTOS API schema: s4s-elt-must-match.1: The content of 'definitions' must match (annotation?, (simpleType | complexType)?, (unique | key | keyref)*)). A problem was found starting at: attribute.
2023-09-01 12:19:03,237 [INFO] PluginManage:359 - Loaded plugin pinoutconfig (category:base,tabindex:0)
2023-09-01 12:19:03,237 [INFO] PluginManage:310 - Check plugin power
2023-09-01 12:19:03,262 [INFO] PluginManage:359 - Loaded plugin power (category:power,tabindex:4)
2023-09-01 12:19:03,262 [INFO] PluginManage:310 - Check plugin projectmanager
2023-09-01 12:19:03,275 [INFO] PluginManage:359 - Loaded plugin projectmanager (category:projectmanager,tabindex:3)
2023-09-01 12:19:03,276 [INFO] PluginManage:310 - Check plugin thirdparty
2023-09-01 12:19:03,546 [INFO] PluginManage:359 - Loaded plugin thirdparty (category:base,tabindex:-1)
2023-09-01 12:19:03,546 [WARN] IntegrityCheckThread:84 - waiting for thirdparty lock release [integrity check]
2023-09-01 12:19:03,546 [INFO] PluginManage:310 - Check plugin tools
2023-09-01 12:19:03,546 [INFO] IntegrityCheckThread:86 - entering critical section [integrity check]
2023-09-01 12:19:03,547 [INFO] ThirdPartyUpdaterWithRetryManager:70 - Updater plugin not ready yet. [1/15]
2023-09-01 12:19:03,589 [INFO] PluginManage:359 - Loaded plugin tools (category:base,tabindex:7)
2023-09-01 12:19:03,589 [INFO] PluginManage:310 - Check plugin tutovideos
2023-09-01 12:19:03,778 [INFO] PluginManage:359 - Loaded plugin tutovideos (category:base,tabindex:-1)
2023-09-01 12:19:03,778 [INFO] PluginManage:310 - Check plugin updater
2023-09-01 12:19:03,789 [INFO] PluginManage:359 - Loaded plugin updater (category:base,tabindex:12)
2023-09-01 12:19:03,789 [INFO] PluginManage:310 - Check plugin userauth
2023-09-01 12:19:03,795 [INFO] UserAuth:113 - Init User Auth plugin
2023-09-01 12:19:03,795 [INFO] PluginManage:359 - Loaded plugin userauth (category:base,tabindex:14)
2023-09-01 12:19:03,796 [INFO] PluginManage:283 - PluginManage : Loaded plugins [17]
2023-09-01 12:19:04,033 [INFO] PinOutPanel:1499 - setPackage(No Configuration,No Configuration)
2023-09-01 12:19:04,144 [INFO] CADModel:165 - CPN selected for project level
2023-09-01 12:19:04,144 [INFO] CADModel:114 - Register for checkConnection events
2023-09-01 12:19:04,173 [INFO] IPUIPlugin:80 - create IPUIPlugin
2023-09-01 12:19:04,174 [INFO] PluginManager:220 - loadIPPluginJar : add adc
2023-09-01 12:19:04,211 [INFO] IPUIPlugin:80 - create IPUIPlugin
2023-09-01 12:19:04,211 [INFO] PluginManager:220 - loadIPPluginJar : add aes
2023-09-01 12:19:04,254 [INFO] IPUIPlugin:80 - create IPUIPlugin
2023-09-01 12:19:04,254 [INFO] PluginManager:220 - loadIPPluginJar : add can
2023-09-01 12:19:04,276 [INFO] IPUIPlugin:80 - create IPUIPlugin
2023-09-01 12:19:04,276 [INFO] PluginManager:220 - loadIPPluginJar : add comp
2023-09-01 12:19:04,310 [INFO] IPUIPlugin:80 - create IPUIPlugin
2023-09-01 12:19:04,310 [INFO] PluginManager:220 - loadIPPluginJar : add cryp
2023-09-01 12:19:04,340 [INFO] IPUIPlugin:80 - create IPUIPlugin
2023-09-01 12:19:04,340 [INFO] PluginManager:220 - loadIPPluginJar : add dfsdm
2023-09-01 12:19:04,355 [INFO] IPUIPlugin:80 - create IPUIPlugin
2023-09-01 12:19:04,355 [INFO] PluginManager:220 - loadIPPluginJar : add dma
2023-09-01 12:19:04,397 [INFO] IPUIPlugin:80 - create IPUIPlugin
2023-09-01 12:19:04,397 [INFO] PluginManager:220 - loadIPPluginJar : add dma3
2023-09-01 12:19:04,417 [INFO] IPUIPlugin:80 - create IPUIPlugin
2023-09-01 12:19:04,417 [INFO] PluginManager:220 - loadIPPluginJar : add fatfs
2023-09-01 12:19:04,463 [INFO] IPUIPlugin:80 - create IPUIPlugin
2023-09-01 12:19:04,463 [INFO] PluginManager:220 - loadIPPluginJar : add fmc
2023-09-01 12:19:04,477 [INFO] IPUIPlugin:80 - create IPUIPlugin
2023-09-01 12:19:04,478 [INFO] PluginManager:220 - loadIPPluginJar : add freertos
2023-09-01 12:19:04,498 [INFO] IPUIPlugin:80 - create IPUIPlugin
2023-09-01 12:19:04,498 [INFO] PluginManager:220 - loadIPPluginJar : add genericplugin
2023-09-01 12:19:04,586 [INFO] IPUIPlugin:80 - create IPUIPlugin
2023-09-01 12:19:04,586 [INFO] PluginManager:220 - loadIPPluginJar : add gfxmmu
2023-09-01 12:19:04,710 [INFO] IPUIPlugin:80 - create IPUIPlugin
2023-09-01 12:19:04,710 [INFO] PluginManager:220 - loadIPPluginJar : add gic
2023-09-01 12:19:04,722 [INFO] IPUIPlugin:80 - create IPUIPlugin
2023-09-01 12:19:04,722 [INFO] PluginManager:220 - loadIPPluginJar : add gpio
2023-09-01 12:19:04,810 [INFO] IPUIPlugin:80 - create IPUIPlugin
2023-09-01 12:19:04,811 [INFO] PluginManager:220 - loadIPPluginJar : add gtzc
2023-09-01 12:19:04,841 [INFO] IPUIPlugin:80 - create IPUIPlugin
2023-09-01 12:19:04,841 [INFO] PluginManager:220 - loadIPPluginJar : add hash
2023-09-01 12:19:04,891 [INFO] IPUIPlugin:80 - create IPUIPlugin
2023-09-01 12:19:04,891 [INFO] PluginManager:220 - loadIPPluginJar : add i2c
2023-09-01 12:19:04,930 [INFO] IPUIPlugin:80 - create IPUIPlugin
2023-09-01 12:19:04,931 [INFO] PluginManager:220 - loadIPPluginJar : add i2s
2023-09-01 12:19:04,969 [INFO] IPUIPlugin:80 - create IPUIPlugin
2023-09-01 12:19:04,969 [INFO] PluginManager:220 - loadIPPluginJar : add i3c
2023-09-01 12:19:05,066 [INFO] IPUIPlugin:80 - create IPUIPlugin
2023-09-01 12:19:05,066 [INFO] PluginManager:220 - loadIPPluginJar : add ipddr
2023-09-01 12:19:05,152 [INFO] IPUIPlugin:80 - create IPUIPlugin
2023-09-01 12:19:05,152 [INFO] PluginManager:220 - loadIPPluginJar : add linkedlist
2023-09-01 12:19:05,185 [INFO] IPUIPlugin:80 - create IPUIPlugin
2023-09-01 12:19:05,185 [INFO] PluginManager:220 - loadIPPluginJar : add lorawan
2023-09-01 12:19:05,218 [INFO] IPUIPlugin:80 - create IPUIPlugin
2023-09-01 12:19:05,218 [INFO] PluginManager:220 - loadIPPluginJar : add ltdc
2023-09-01 12:19:05,232 [INFO] IPUIPlugin:80 - create IPUIPlugin
2023-09-01 12:19:05,232 [INFO] PluginManager:220 - loadIPPluginJar : add mdma
2023-09-01 12:19:05,243 [INFO] IPUIPlugin:80 - create IPUIPlugin
2023-09-01 12:19:05,243 [INFO] PluginManager:220 - loadIPPluginJar : add nvic
2023-09-01 12:19:05,277 [INFO] IPUIPlugin:80 - create IPUIPlugin
2023-09-01 12:19:05,277 [INFO] PluginManager:220 - loadIPPluginJar : add opamp
2023-09-01 12:19:05,330 [INFO] IPUIPlugin:80 - create IPUIPlugin
2023-09-01 12:19:05,330 [INFO] PluginManager:220 - loadIPPluginJar : add openamp
2023-09-01 12:19:05,369 [INFO] IPUIPlugin:80 - create IPUIPlugin
2023-09-01 12:19:05,369 [INFO] PluginManager:220 - loadIPPluginJar : add pdm2pcm
2023-09-01 12:19:05,383 [INFO] IPUIPlugin:80 - create IPUIPlugin
2023-09-01 12:19:05,385 [INFO] PluginManager:220 - loadIPPluginJar : add plateformsettings
2023-09-01 12:19:05,412 [INFO] IPUIPlugin:80 - create IPUIPlugin
2023-09-01 12:19:05,412 [INFO] PluginManager:220 - loadIPPluginJar : add quadspi
2023-09-01 12:19:05,425 [INFO] IPUIPlugin:80 - create IPUIPlugin
2023-09-01 12:19:05,425 [INFO] PluginManager:220 - loadIPPluginJar : add resmgrutility
2023-09-01 12:19:05,470 [INFO] IPUIPlugin:80 - create IPUIPlugin
2023-09-01 12:19:05,470 [INFO] PluginManager:220 - loadIPPluginJar : add sai
2023-09-01 12:19:05,506 [INFO] IPUIPlugin:80 - create IPUIPlugin
2023-09-01 12:19:05,506 [INFO] PluginManager:220 - loadIPPluginJar : add spi
2023-09-01 12:19:05,562 [INFO] IPUIPlugin:80 - create IPUIPlugin
2023-09-01 12:19:05,562 [INFO] PluginManager:220 - loadIPPluginJar : add stm32_wpan
2023-09-01 12:19:05,583 [INFO] IPUIPlugin:80 - create IPUIPlugin
2023-09-01 12:19:05,583 [INFO] PluginManager:220 - loadIPPluginJar : add tim
2023-09-01 12:19:05,633 [INFO] IPUIPlugin:80 - create IPUIPlugin
2023-09-01 12:19:05,633 [INFO] PluginManager:220 - loadIPPluginJar : add touchsensing
2023-09-01 12:19:05,654 [INFO] IPUIPlugin:80 - create IPUIPlugin
2023-09-01 12:19:05,655 [INFO] PluginManager:220 - loadIPPluginJar : add tracer_emb
2023-09-01 12:19:05,676 [INFO] IPUIPlugin:80 - create IPUIPlugin
2023-09-01 12:19:05,676 [INFO] PluginManager:220 - loadIPPluginJar : add ts
2023-09-01 12:19:05,696 [INFO] IPUIPlugin:80 - create IPUIPlugin
2023-09-01 12:19:05,696 [INFO] PluginManager:220 - loadIPPluginJar : add tsc
2023-09-01 12:19:05,716 [INFO] IPUIPlugin:80 - create IPUIPlugin
2023-09-01 12:19:05,716 [INFO] PluginManager:220 - loadIPPluginJar : add ucpd
2023-09-01 12:19:05,758 [INFO] IPUIPlugin:80 - create IPUIPlugin
2023-09-01 12:19:05,758 [INFO] PluginManager:220 - loadIPPluginJar : add usart
2023-09-01 12:19:05,799 [INFO] IPUIPlugin:80 - create IPUIPlugin
2023-09-01 12:19:05,799 [INFO] PluginManager:220 - loadIPPluginJar : add usbx
2023-09-01 12:19:05,914 [INFO] CADModel:165 - CPN selected for project level
2023-09-01 12:19:05,915 [INFO] CADModel:114 - Register for checkConnection events
2023-09-01 12:19:05,915 [FATAL] Updater:308 - Updater called before beeing initialized
2023-09-01 12:19:05,915 [ERROR] CADModel:125 - Updater not yet initialized, retry later 
2023-09-01 12:19:06,045 [INFO] CADModel:165 - CPN selected for project level
2023-09-01 12:19:06,045 [INFO] CADModel:114 - Register for checkConnection events
2023-09-01 12:19:06,045 [FATAL] Updater:308 - Updater called before beeing initialized
2023-09-01 12:19:06,045 [ERROR] CADModel:125 - Updater not yet initialized, retry later 
2023-09-01 12:19:06,048 [FATAL] Updater:308 - Updater called before beeing initialized
2023-09-01 12:19:06,144 [FATAL] Updater:308 - Updater called before beeing initialized
2023-09-01 12:19:06,156 [INFO] DbMcusAds:53 - JSON generation date=Tue Mar 07 09:50:55 GMT+01:00 2023 (1678179055114)
2023-09-01 12:19:06,156 [FATAL] Updater:308 - Updater called before beeing initialized
2023-09-01 12:19:06,240 [WARN] DetailPanel:346 - Failed to get advertising image, set to default
2023-09-01 12:19:06,361 [FATAL] Updater:308 - Updater called before beeing initialized
2023-09-01 12:19:06,364 [FATAL] Updater:308 - Updater called before beeing initialized
2023-09-01 12:19:06,364 [FATAL] Updater:308 - Updater called before beeing initialized
2023-09-01 12:19:06,364 [WARN] DetailPanel:346 - Failed to get advertising image, set to default
2023-09-01 12:19:06,365 [FATAL] Updater:308 - Updater called before beeing initialized
2023-09-01 12:19:06,425 [ERROR] Updater:1120 - MainUpdater not yet initialized. External WinMGr cannot be set.
2023-09-01 12:19:06,435 [INFO] Updater:1056 - Updater Version found : 6.9.1
2023-09-01 12:19:06,453 [INFO] ApplicationProperties:184 - Using Application install path: C:\ST\STM32CubeIDE_1.13.1\STM32CubeIDE\plugins\com.st.stm32cube.common.mx_6.9.1.202307191849
2023-09-01 12:19:06,547 [INFO] ThirdPartyUpdaterWithRetryManager:70 - Updater plugin not ready yet. [2/15]
2023-09-01 12:19:06,581 [ERROR] ServerAccessManage:1146 - Warning during Server Connection :  Unknown host sw-center.st.com
2023-09-01 12:19:06,584 [INFO] MainUpdater:2868 - connection check result : 22
2023-09-01 12:19:06,585 [INFO] MainUpdater:285 - Updater Check For Update Now.
2023-09-01 12:19:06,585 [INFO] MicroXplorer:498 - Change Database Version : DB.6.0.91
2023-09-01 12:19:06,604 [INFO] McuFinderGlobals:63 - Set McuFinder mode to 2 (CubeIDE integrated)
2023-09-01 12:19:06,605 [INFO] UserAuth:179 - activating auth plugin
2023-09-01 12:19:06,608 [INFO] UserAuth:393 - Internet connection configuration mode: 2
2023-09-01 12:19:06,814 [INFO] CheckServerUpdateThread:120 - End of CheckServer Thread
2023-09-01 12:19:09,676 [WARN] PackLoader:240 - Cannot read IP mode file for STMicroelectronics.X-CUBE-SMBUS.2.1.0
2023-09-01 12:19:09,718 [WARN] PackLoader:240 - Cannot read IP mode file for STMicroelectronics.X-CUBE-AZRTOS-F7.1.1.0
2023-09-01 12:19:09,735 [WARN] PackLoader:240 - Cannot read IP mode file for STMicroelectronics.FP-SNS-MOTENV1.4.3.2
2023-09-01 12:19:09,749 [WARN] PackLoader:240 - Cannot read IP mode file for STMicroelectronics.FP-SNS-FLIGHT1.5.0.2
2023-09-01 12:19:09,766 [WARN] PackLoader:240 - Cannot read IP mode file for STMicroelectronics.X-CUBE-DISPLAY.3.0.0
2023-09-01 12:19:09,784 [WARN] PackLoader:240 - Cannot read IP mode file for STMicroelectronics.X-CUBE-BLE1.7.0.0
2023-09-01 12:19:09,797 [WARN] PackLoader:240 - Cannot read IP mode file for emotas.I-CUBE-CANOPEN.1.3.0
2023-09-01 12:19:09,809 [WARN] PackLoader:240 - Cannot read IP mode file for STMicroelectronics.X-CUBE-TOUCHGFX.4.22.0
2023-09-01 12:19:09,837 [INFO] LogOutputStream:77 - [STDOUT_REDIRECT] 1 : Invalid condition id : UX_CORESTACK_Condition cause : null
2023-09-01 12:19:09,837 [INFO] LogOutputStream:77 - [STDOUT_REDIRECT] 1 : Invalid condition id : UX_CORESTACK_Condition cause : null
2023-09-01 12:19:09,838 [INFO] LogOutputStream:77 - [STDOUT_REDIRECT] 1 : Invalid condition id : UX_CORESTACK_Condition cause : null
2023-09-01 12:19:09,839 [INFO] LogOutputStream:77 - [STDOUT_REDIRECT] 1 : Invalid condition id : UX_CORESTACK_Condition cause : null
2023-09-01 12:19:09,840 [INFO] LogOutputStream:77 - [STDOUT_REDIRECT] 1 : Invalid condition id : UX_CORESTACK_Condition cause : null
2023-09-01 12:19:09,844 [WARN] PackLoader:240 - Cannot read IP mode file for STMicroelectronics.X-CUBE-AZRTOS-WL.2.0.0
2023-09-01 12:19:09,865 [WARN] PackLoader:240 - Cannot read IP mode file for WES.I-CUBE-Cesium.1.3.0
2023-09-01 12:19:09,880 [WARN] PackLoader:240 - Cannot read IP mode file for STMicroelectronics.X-CUBE-BLE2.3.3.0
2023-09-01 12:19:09,898 [WARN] PackLoader:240 - Cannot read IP mode file for STMicroelectronics.X-CUBE-ALGOBUILD.1.3.0
2023-09-01 12:19:09,930 [WARN] PackLoader:240 - Cannot read IP mode file for STMicroelectronics.X-CUBE-AZRTOS-G0.1.1.0
2023-09-01 12:19:09,946 [WARN] PackLoader:240 - Cannot read IP mode file for STMicroelectronics.X-CUBE-NFC4.3.0.0
2023-09-01 12:19:09,960 [WARN] PackLoader:240 - Cannot read IP mode file for STMicroelectronics.FP-ATR-SIGFOX1.3.2.0
2023-09-01 12:19:10,000 [WARN] PackLoader:240 - Cannot read IP mode file for SEGGER.I-CUBE-embOS.1.3.1
2023-09-01 12:19:10,068 [WARN] PackLoader:240 - Cannot read IP mode file for STMicroelectronics.X-CUBE-GNSS1.6.0.0
2023-09-01 12:19:10,126 [WARN] PackLoader:240 - Cannot read IP mode file for STMicroelectronics.X-CUBE-AZRTOS-F4.1.1.0
2023-09-01 12:19:10,146 [WARN] PackLoader:240 - Cannot read IP mode file for wolfSSL.I-CUBE-wolfSSL.5.6.3
2023-09-01 12:19:10,197 [WARN] PackLoader:240 - Cannot read IP mode file for STMicroelectronics.X-CUBE-AZRTOS-L5.2.0.0
2023-09-01 12:19:10,262 [WARN] PackLoader:240 - Cannot read IP mode file for STMicroelectronics.X-CUBE-MEMS1.9.6.0
2023-09-01 12:19:10,487 [WARN] PackLoader:240 - Cannot read IP mode file for STMicroelectronics.X-CUBE-BLEMGR.2.0.0
2023-09-01 12:19:10,522 [WARN] ConditionMgr:438 - getConditionDescription Invalid condition id : UX DEVICE CLASS RTOS Condition cause : null
2023-09-01 12:19:10,522 [WARN] ConditionMgr:438 - getConditionDescription Invalid condition id : UX DEVICE CLASS RTOS Condition cause : null
2023-09-01 12:19:10,526 [WARN] PackLoader:240 - Cannot read IP mode file for STMicroelectronics.X-CUBE-AZRTOS-H7.3.1.0
2023-09-01 12:19:10,527 [WARN] ConditionMgr:1039 - genDependencies : Invalid condition id : UX DEVICE CLASS RTOS Condition cause : null
2023-09-01 12:19:10,527 [WARN] ConditionMgr:1039 - genDependencies : Invalid condition id : UX DEVICE CLASS RTOS Condition cause : null
2023-09-01 12:19:10,528 [WARN] ConditionMgr:1039 - genDependencies : Invalid condition id : UX DEVICE CLASS RTOS Condition cause : null
2023-09-01 12:19:10,528 [WARN] ConditionMgr:1039 - genDependencies : Invalid condition id : UX DEVICE CLASS RTOS Condition cause : null
2023-09-01 12:19:10,528 [WARN] ConditionMgr:1039 - genDependencies : Invalid condition id : UX DEVICE CLASS RTOS Condition cause : null
2023-09-01 12:19:10,543 [WARN] PackLoader:240 - Cannot read IP mode file for STMicroelectronics.X-CUBE-NFC7.1.0.1
2023-09-01 12:19:10,557 [WARN] PackLoader:240 - Cannot read IP mode file for STMicroelectronics.X-CUBE-EEPRMA1.4.1.0
2023-09-01 12:19:10,574 [WARN] PackLoader:240 - Cannot read IP mode file for STMicroelectronics.X-CUBE-AI.8.1.0
2023-09-01 12:19:10,607 [WARN] ConditionMgr:438 - getConditionDescription Invalid condition id : LAN8742 Phy interface Condition cause : null
2023-09-01 12:19:10,607 [WARN] PackLoader:240 - Cannot read IP mode file for STMicroelectronics.X-CUBE-AZRTOS-L4.2.0.0
2023-09-01 12:19:10,608 [WARN] ConditionMgr:1039 - genDependencies : Invalid condition id : LAN8742 Phy interface Condition cause : null
2023-09-01 12:19:10,609 [WARN] ConditionMgr:1039 - genDependencies : Invalid condition id : LAN8742 Phy interface Condition cause : null
2023-09-01 12:19:10,609 [WARN] ConditionMgr:1039 - genDependencies : Invalid condition id : LAN8742 Phy interface Condition cause : null
2023-09-01 12:19:10,627 [WARN] PackLoader:240 - Cannot read IP mode file for STMicroelectronics.X-CUBE-SFXS2LP1.4.0.0
2023-09-01 12:19:10,644 [WARN] PackLoader:240 - Cannot read IP mode file for STMicroelectronics.X-CUBE-ISPU.1.1.0
2023-09-01 12:19:10,671 [WARN] ConditionMgr:438 - getConditionDescription Invalid condition id : UX DEVICE CLASS RTOS Condition cause : null
2023-09-01 12:19:10,672 [WARN] ConditionMgr:438 - getConditionDescription Invalid condition id : UX DEVICE CLASS RTOS Condition cause : null
2023-09-01 12:19:10,674 [WARN] PackLoader:240 - Cannot read IP mode file for STMicroelectronics.X-CUBE-AZRTOS-WB.2.0.0
2023-09-01 12:19:10,674 [WARN] ConditionMgr:1039 - genDependencies : Invalid condition id : UX DEVICE CLASS RTOS Condition cause : null
2023-09-01 12:19:10,674 [WARN] ConditionMgr:1039 - genDependencies : Invalid condition id : UX DEVICE CLASS RTOS Condition cause : null
2023-09-01 12:19:10,675 [WARN] ConditionMgr:1039 - genDependencies : Invalid condition id : UX DEVICE CLASS RTOS Condition cause : null
2023-09-01 12:19:10,675 [WARN] ConditionMgr:1039 - genDependencies : Invalid condition id : UX DEVICE CLASS RTOS Condition cause : null
2023-09-01 12:19:10,675 [WARN] ConditionMgr:1039 - genDependencies : Invalid condition id : UX DEVICE CLASS RTOS Condition cause : null
2023-09-01 12:19:10,697 [WARN] PackLoader:240 - Cannot read IP mode file for STMicroelectronics.X-CUBE-SUBG2.5.0.0
2023-09-01 12:19:10,726 [WARN] PackLoader:240 - Cannot read IP mode file for STMicroelectronics.X-CUBE-TOF1.3.3.1
2023-09-01 12:19:10,778 [WARN] PackLoader:240 - Cannot read IP mode file for STMicroelectronics.X-CUBE-AZRTOS-G4.2.0.0
2023-09-01 12:19:10,797 [WARN] PackLoader:240 - Cannot read IP mode file for STMicroelectronics.X-CUBE-FREERTOS.1.1.0
2023-09-01 12:19:10,815 [WARN] PackLoader:240 - Cannot read IP mode file for portGmbH.I-Cube-SoM-uGOAL.1.1.0
2023-09-01 12:19:10,831 [WARN] PackLoader:240 - Cannot read IP mode file for STMicroelectronics.X-CUBE-ALS.1.0.1
2023-09-01 12:19:10,851 [WARN] PackLoader:240 - Cannot read IP mode file for STMicroelectronics.FP-ATR-ASTRA1.2.0.0
2023-09-01 12:19:10,852 [INFO] ThirdParty:978 - Integrity check success = true
2023-09-01 12:19:10,852 [INFO] IntegrityCheckThread:100 - exiting critical section [integrity check]
2023-09-01 12:19:10,852 [INFO] IntegrityCheckThread:103 - End integrity checks thread
2023-09-01 12:19:27,295 [ERROR] LogOutputStream:75 - [STDERR_REDIRECT] SLF4J: Failed to load class "org.slf4j.impl.StaticLoggerBinder".
2023-09-01 12:19:27,295 [ERROR] LogOutputStream:75 - [STDERR_REDIRECT] SLF4J: Defaulting to no-operation (NOP) logger implementation
2023-09-01 12:19:27,297 [ERROR] LogOutputStream:75 - [STDERR_REDIRECT] SLF4J: See http://www.slf4j.org/codes.html#StaticLoggerBinder for further details.
2023-09-01 12:36:22,584 [INFO] Activator:176 - 


2023-09-01 12:36:22,585 [INFO] Activator:177 - !SESSION log4j initialized
2023-09-01 12:36:26,210 [INFO] LogOutputStream:77 - [STDOUT_REDIRECT] 
2023-09-01 12:36:27,005 [INFO] ApplicationProperties:184 - Using Application install path: C:\ST\STM32CubeIDE_1.13.1\STM32CubeIDE\plugins\com.st.stm32cube.common.mx_6.9.1.202307191849
2023-09-01 12:36:27,017 [INFO] DbMcusXml:78 - Set database path to: C:\ST\STM32CubeIDE_1.13.1\STM32CubeIDE\plugins\com.st.stm32cube.common.mx_6.9.1.202307191849\\db\/mcu/
2023-09-01 12:36:27,017 [INFO] ApiDb:274 - Set plugin database path to: C:\ST\STM32CubeIDE_1.13.1\STM32CubeIDE\plugins\com.st.stm32cube.common.mx_6.9.1.202307191849\\db\/plugins/boardmanager/
2023-09-01 12:36:27,017 [WARN] ApiDb:259 - Overriding images path with different value:  => C:\ST\STM32CubeIDE_1.13.1\STM32CubeIDE\plugins\com.st.stm32cube.common.mx_6.9.1.202307191849\\db\/plugins/mcufinder/images/
2023-09-01 12:36:27,023 [INFO] ApiDb:250 - Set database path to: C:\Users\Mahmu\.stmcufinder\plugins\mcufinder//mcu/
2023-09-01 12:36:27,023 [INFO] DbMcusAds:125 - Set database path to: C:\Users\Mahmu\.stmcufinder\plugins\mcufinder//mcu/
2023-09-01 12:36:27,025 [INFO] CrossReferenceDbSqlite:203 - Set database path to: C:\Users\Mahmu\.stmcufinder\plugins\mcufinder//mcu/cs/
2023-09-01 12:36:27,109 [INFO] RulesReader:64 - Compatibility file has been processed (293 Rules)
2023-09-01 12:36:27,158 [INFO] DbMcusXml:78 - Set database path to: C:\ST\STM32CubeIDE_1.13.1\STM32CubeIDE\plugins\com.st.stm32cube.common.mx_6.9.1.202307191849\\db\/mcu/
2023-09-01 12:36:27,158 [INFO] ApiDb:274 - Set plugin database path to: C:\ST\STM32CubeIDE_1.13.1\STM32CubeIDE\plugins\com.st.stm32cube.common.mx_6.9.1.202307191849\\db\/plugins/boardmanager/
2023-09-01 12:36:27,158 [INFO] ApiDb:261 - Set plugin images path to: C:\ST\STM32CubeIDE_1.13.1\STM32CubeIDE\plugins\com.st.stm32cube.common.mx_6.9.1.202307191849\\db\/plugins/mcufinder/images/
2023-09-01 12:36:27,159 [WARN] DbFile:41 - Overriding database path with different value: C:\Users\Mahmu\.stmcufinder\plugins\mcufinder/ => C:\Users\Mahmu\.stmcufinder\plugins\mcufinder
2023-09-01 12:36:27,159 [INFO] ApiDb:250 - Set database path to: C:\Users\Mahmu\.stmcufinder\plugins\mcufinder//mcu/
2023-09-01 12:36:27,159 [WARN] DbFile:41 - Overriding database path with different value: C:\Users\Mahmu\.stmcufinder\plugins\mcufinder/ => C:\Users\Mahmu\.stmcufinder\plugins\mcufinder
2023-09-01 12:36:27,159 [INFO] DbMcusAds:125 - Set database path to: C:\Users\Mahmu\.stmcufinder\plugins\mcufinder//mcu/
2023-09-01 12:36:27,159 [WARN] DbFile:41 - Overriding database path with different value: C:\Users\Mahmu\.stmcufinder\plugins\mcufinder/ => C:\Users\Mahmu\.stmcufinder\plugins\mcufinder
2023-09-01 12:36:27,159 [WARN] DbFile:41 - Overriding database path with different value: C:\Users\Mahmu\.stmcufinder\plugins\mcufinder/ => C:\Users\Mahmu\.stmcufinder\plugins\mcufinder
2023-09-01 12:36:27,159 [INFO] CrossReferenceDbSqlite:203 - Set database path to: C:\Users\Mahmu\.stmcufinder\plugins\mcufinder//mcu/cs/
2023-09-01 12:36:27,210 [INFO] MainPanel:262 - HeapMemory: 268435456
2023-09-01 12:36:27,261 [INFO] DbMcusXml:78 - Set database path to: C:\ST\STM32CubeIDE_1.13.1\STM32CubeIDE\plugins\com.st.stm32cube.common.mx_6.9.1.202307191849\\db\/mcu/
2023-09-01 12:36:27,262 [INFO] ApiDb:274 - Set plugin database path to: C:\ST\STM32CubeIDE_1.13.1\STM32CubeIDE\plugins\com.st.stm32cube.common.mx_6.9.1.202307191849\\db\/plugins/boardmanager/
2023-09-01 12:36:27,262 [INFO] ApiDb:261 - Set plugin images path to: C:\ST\STM32CubeIDE_1.13.1\STM32CubeIDE\plugins\com.st.stm32cube.common.mx_6.9.1.202307191849\\db\/plugins/mcufinder/images/
2023-09-01 12:36:27,262 [WARN] DbFile:41 - Overriding database path with different value: C:\Users\Mahmu\.stmcufinder\plugins\mcufinder/ => C:\Users\Mahmu\.stmcufinder\plugins\mcufinder
2023-09-01 12:36:27,262 [INFO] ApiDb:250 - Set database path to: C:\Users\Mahmu\.stmcufinder\plugins\mcufinder//mcu/
2023-09-01 12:36:27,262 [WARN] DbFile:41 - Overriding database path with different value: C:\Users\Mahmu\.stmcufinder\plugins\mcufinder/ => C:\Users\Mahmu\.stmcufinder\plugins\mcufinder
2023-09-01 12:36:27,262 [INFO] DbMcusAds:125 - Set database path to: C:\Users\Mahmu\.stmcufinder\plugins\mcufinder//mcu/
2023-09-01 12:36:27,262 [WARN] DbFile:41 - Overriding database path with different value: C:\Users\Mahmu\.stmcufinder\plugins\mcufinder/ => C:\Users\Mahmu\.stmcufinder\plugins\mcufinder
2023-09-01 12:36:27,262 [WARN] DbFile:41 - Overriding database path with different value: C:\Users\Mahmu\.stmcufinder\plugins\mcufinder/ => C:\Users\Mahmu\.stmcufinder\plugins\mcufinder
2023-09-01 12:36:27,262 [INFO] CrossReferenceDbSqlite:203 - Set database path to: C:\Users\Mahmu\.stmcufinder\plugins\mcufinder//mcu/cs/
2023-09-01 12:36:27,273 [INFO] ApplicationProperties:184 - Using Application install path: C:\ST\STM32CubeIDE_1.13.1\STM32CubeIDE\plugins\com.st.stm32cube.common.mx_6.9.1.202307191849
2023-09-01 12:36:27,275 [INFO] PluginManage:196 - Search for loadable plugins [exclusion list=, ]
2023-09-01 12:36:27,275 [INFO] PluginManage:310 - Check plugin analytics
2023-09-01 12:36:27,390 [INFO] AnalyticsPlugin:253 - Accepted Software Licenses: 
2023-09-01 12:36:27,390 [INFO] AnalyticsPlugin:255 - Accepted CMSIS Pack Licenses: 
2023-09-01 12:36:27,391 [INFO] AnalyticsPlugin:257 - Accepted Firmware Licenses: FW.F4.1.27.0
2023-09-01 12:36:27,392 [INFO] PluginManage:359 - Loaded plugin analytics (category:tool,tabindex:-1)
2023-09-01 12:36:27,393 [INFO] PluginManage:310 - Check plugin cadmodel
2023-09-01 12:36:27,403 [INFO] CADModel:105 - Init CAD model plugin
2023-09-01 12:36:27,403 [INFO] PluginManage:359 - Loaded plugin cadmodel (category:power,tabindex:5)
2023-09-01 12:36:27,403 [INFO] PluginManage:310 - Check plugin clock
2023-09-01 12:36:27,418 [INFO] PluginManage:359 - Loaded plugin clock (category:base,tabindex:2)
2023-09-01 12:36:27,418 [INFO] PluginManage:310 - Check plugin ddr
2023-09-01 12:36:27,419 [INFO] PluginManage:359 - Loaded plugin ddr (category:tool,tabindex:6)
2023-09-01 12:36:27,419 [INFO] PluginManage:310 - Check plugin filemanager
2023-09-01 12:36:27,542 [INFO] PluginManage:359 - Loaded plugin filemanager (category:base,tabindex:10)
2023-09-01 12:36:27,542 [INFO] PluginManage:310 - Check plugin ipmanager
2023-09-01 12:36:27,548 [INFO] PluginManage:359 - Loaded plugin ipmanager (category:base,tabindex:5)
2023-09-01 12:36:27,548 [INFO] PluginManage:310 - Check plugin lpbam
2023-09-01 12:36:27,562 [INFO] PluginManage:359 - Loaded plugin lpbam (category:base,tabindex:0)
2023-09-01 12:36:27,562 [INFO] PluginManage:310 - Check plugin memorymap
2023-09-01 12:36:27,577 [INFO] PluginManage:359 - Loaded plugin memorymap (category:base,tabindex:4)
2023-09-01 12:36:27,578 [INFO] PluginManage:310 - Check plugin pinoutandconfiguration
2023-09-01 12:36:27,589 [INFO] PluginManage:359 - Loaded plugin pinoutandconfiguration (category:base,tabindex:1)
2023-09-01 12:36:27,589 [INFO] PluginManage:310 - Check plugin pinoutconfig
2023-09-01 12:36:27,653 [WARN] SupportedApi:132 - Cannot load RTOS API schema: s4s-elt-must-match.1: The content of 'definitions' must match (annotation?, (simpleType | complexType)?, (unique | key | keyref)*)). A problem was found starting at: attribute.
2023-09-01 12:36:27,736 [INFO] PluginManage:359 - Loaded plugin pinoutconfig (category:base,tabindex:0)
2023-09-01 12:36:27,736 [INFO] PluginManage:310 - Check plugin power
2023-09-01 12:36:27,748 [INFO] PluginManage:359 - Loaded plugin power (category:power,tabindex:4)
2023-09-01 12:36:27,748 [INFO] PluginManage:310 - Check plugin projectmanager
2023-09-01 12:36:27,759 [INFO] PluginManage:359 - Loaded plugin projectmanager (category:projectmanager,tabindex:3)
2023-09-01 12:36:27,759 [INFO] PluginManage:310 - Check plugin thirdparty
2023-09-01 12:36:27,968 [INFO] PluginManage:359 - Loaded plugin thirdparty (category:base,tabindex:-1)
2023-09-01 12:36:27,968 [INFO] PluginManage:310 - Check plugin tools
2023-09-01 12:36:27,968 [WARN] IntegrityCheckThread:84 - waiting for thirdparty lock release [integrity check]
2023-09-01 12:36:27,968 [INFO] IntegrityCheckThread:86 - entering critical section [integrity check]
2023-09-01 12:36:27,969 [INFO] ThirdPartyUpdaterWithRetryManager:70 - Updater plugin not ready yet. [1/15]
2023-09-01 12:36:27,994 [INFO] PluginManage:359 - Loaded plugin tools (category:base,tabindex:7)
2023-09-01 12:36:27,995 [INFO] PluginManage:310 - Check plugin tutovideos
2023-09-01 12:36:28,114 [INFO] PluginManage:359 - Loaded plugin tutovideos (category:base,tabindex:-1)
2023-09-01 12:36:28,115 [INFO] PluginManage:310 - Check plugin updater
2023-09-01 12:36:28,122 [INFO] PluginManage:359 - Loaded plugin updater (category:base,tabindex:12)
2023-09-01 12:36:28,122 [INFO] PluginManage:310 - Check plugin userauth
2023-09-01 12:36:28,126 [INFO] UserAuth:113 - Init User Auth plugin
2023-09-01 12:36:28,126 [INFO] PluginManage:359 - Loaded plugin userauth (category:base,tabindex:14)
2023-09-01 12:36:28,126 [INFO] PluginManage:283 - PluginManage : Loaded plugins [17]
2023-09-01 12:36:28,302 [INFO] PinOutPanel:1499 - setPackage(No Configuration,No Configuration)
2023-09-01 12:36:28,375 [INFO] CADModel:165 - CPN selected for project level
2023-09-01 12:36:28,375 [INFO] CADModel:114 - Register for checkConnection events
2023-09-01 12:36:28,392 [INFO] IPUIPlugin:80 - create IPUIPlugin
2023-09-01 12:36:28,392 [INFO] PluginManager:220 - loadIPPluginJar : add adc
2023-09-01 12:36:28,417 [INFO] IPUIPlugin:80 - create IPUIPlugin
2023-09-01 12:36:28,417 [INFO] PluginManager:220 - loadIPPluginJar : add aes
2023-09-01 12:36:28,444 [INFO] IPUIPlugin:80 - create IPUIPlugin
2023-09-01 12:36:28,444 [INFO] PluginManager:220 - loadIPPluginJar : add can
2023-09-01 12:36:28,460 [INFO] IPUIPlugin:80 - create IPUIPlugin
2023-09-01 12:36:28,460 [INFO] PluginManager:220 - loadIPPluginJar : add comp
2023-09-01 12:36:28,482 [INFO] IPUIPlugin:80 - create IPUIPlugin
2023-09-01 12:36:28,482 [INFO] PluginManager:220 - loadIPPluginJar : add cryp
2023-09-01 12:36:28,503 [INFO] IPUIPlugin:80 - create IPUIPlugin
2023-09-01 12:36:28,503 [INFO] PluginManager:220 - loadIPPluginJar : add dfsdm
2023-09-01 12:36:28,515 [INFO] IPUIPlugin:80 - create IPUIPlugin
2023-09-01 12:36:28,515 [INFO] PluginManager:220 - loadIPPluginJar : add dma
2023-09-01 12:36:28,543 [INFO] IPUIPlugin:80 - create IPUIPlugin
2023-09-01 12:36:28,543 [INFO] PluginManager:220 - loadIPPluginJar : add dma3
2023-09-01 12:36:28,557 [INFO] IPUIPlugin:80 - create IPUIPlugin
2023-09-01 12:36:28,557 [INFO] PluginManager:220 - loadIPPluginJar : add fatfs
2023-09-01 12:36:28,589 [INFO] IPUIPlugin:80 - create IPUIPlugin
2023-09-01 12:36:28,589 [INFO] PluginManager:220 - loadIPPluginJar : add fmc
2023-09-01 12:36:28,602 [INFO] IPUIPlugin:80 - create IPUIPlugin
2023-09-01 12:36:28,602 [INFO] PluginManager:220 - loadIPPluginJar : add freertos
2023-09-01 12:36:28,620 [INFO] IPUIPlugin:80 - create IPUIPlugin
2023-09-01 12:36:28,620 [INFO] PluginManager:220 - loadIPPluginJar : add genericplugin
2023-09-01 12:36:28,703 [INFO] IPUIPlugin:80 - create IPUIPlugin
2023-09-01 12:36:28,703 [INFO] PluginManager:220 - loadIPPluginJar : add gfxmmu
2023-09-01 12:36:28,797 [INFO] IPUIPlugin:80 - create IPUIPlugin
2023-09-01 12:36:28,797 [INFO] PluginManager:220 - loadIPPluginJar : add gic
2023-09-01 12:36:28,806 [INFO] IPUIPlugin:80 - create IPUIPlugin
2023-09-01 12:36:28,807 [INFO] PluginManager:220 - loadIPPluginJar : add gpio
2023-09-01 12:36:28,864 [INFO] IPUIPlugin:80 - create IPUIPlugin
2023-09-01 12:36:28,864 [INFO] PluginManager:220 - loadIPPluginJar : add gtzc
2023-09-01 12:36:28,887 [INFO] IPUIPlugin:80 - create IPUIPlugin
2023-09-01 12:36:28,887 [INFO] PluginManager:220 - loadIPPluginJar : add hash
2023-09-01 12:36:28,920 [INFO] IPUIPlugin:80 - create IPUIPlugin
2023-09-01 12:36:28,920 [INFO] PluginManager:220 - loadIPPluginJar : add i2c
2023-09-01 12:36:28,946 [INFO] IPUIPlugin:80 - create IPUIPlugin
2023-09-01 12:36:28,946 [INFO] PluginManager:220 - loadIPPluginJar : add i2s
2023-09-01 12:36:28,973 [INFO] IPUIPlugin:80 - create IPUIPlugin
2023-09-01 12:36:28,973 [INFO] PluginManager:220 - loadIPPluginJar : add i3c
2023-09-01 12:36:29,040 [INFO] IPUIPlugin:80 - create IPUIPlugin
2023-09-01 12:36:29,040 [INFO] PluginManager:220 - loadIPPluginJar : add ipddr
2023-09-01 12:36:29,098 [INFO] IPUIPlugin:80 - create IPUIPlugin
2023-09-01 12:36:29,098 [INFO] PluginManager:220 - loadIPPluginJar : add linkedlist
2023-09-01 12:36:29,121 [INFO] IPUIPlugin:80 - create IPUIPlugin
2023-09-01 12:36:29,121 [INFO] PluginManager:220 - loadIPPluginJar : add lorawan
2023-09-01 12:36:29,144 [INFO] IPUIPlugin:80 - create IPUIPlugin
2023-09-01 12:36:29,145 [INFO] PluginManager:220 - loadIPPluginJar : add ltdc
2023-09-01 12:36:29,155 [INFO] IPUIPlugin:80 - create IPUIPlugin
2023-09-01 12:36:29,155 [INFO] PluginManager:220 - loadIPPluginJar : add mdma
2023-09-01 12:36:29,163 [INFO] IPUIPlugin:80 - create IPUIPlugin
2023-09-01 12:36:29,163 [INFO] PluginManager:220 - loadIPPluginJar : add nvic
2023-09-01 12:36:29,186 [INFO] IPUIPlugin:80 - create IPUIPlugin
2023-09-01 12:36:29,186 [INFO] PluginManager:220 - loadIPPluginJar : add opamp
2023-09-01 12:36:29,224 [INFO] IPUIPlugin:80 - create IPUIPlugin
2023-09-01 12:36:29,224 [INFO] PluginManager:220 - loadIPPluginJar : add openamp
2023-09-01 12:36:29,254 [INFO] IPUIPlugin:80 - create IPUIPlugin
2023-09-01 12:36:29,275 [INFO] PluginManager:220 - loadIPPluginJar : add pdm2pcm
2023-09-01 12:36:29,286 [INFO] IPUIPlugin:80 - create IPUIPlugin
2023-09-01 12:36:29,288 [INFO] PluginManager:220 - loadIPPluginJar : add plateformsettings
2023-09-01 12:36:29,303 [INFO] IPUIPlugin:80 - create IPUIPlugin
2023-09-01 12:36:29,303 [INFO] PluginManager:220 - loadIPPluginJar : add quadspi
2023-09-01 12:36:29,312 [INFO] IPUIPlugin:80 - create IPUIPlugin
2023-09-01 12:36:29,312 [INFO] PluginManager:220 - loadIPPluginJar : add resmgrutility
2023-09-01 12:36:29,344 [INFO] IPUIPlugin:80 - create IPUIPlugin
2023-09-01 12:36:29,344 [INFO] PluginManager:220 - loadIPPluginJar : add sai
2023-09-01 12:36:29,369 [INFO] IPUIPlugin:80 - create IPUIPlugin
2023-09-01 12:36:29,369 [INFO] PluginManager:220 - loadIPPluginJar : add spi
2023-09-01 12:36:29,405 [INFO] IPUIPlugin:80 - create IPUIPlugin
2023-09-01 12:36:29,405 [INFO] PluginManager:220 - loadIPPluginJar : add stm32_wpan
2023-09-01 12:36:29,420 [INFO] IPUIPlugin:80 - create IPUIPlugin
2023-09-01 12:36:29,420 [INFO] PluginManager:220 - loadIPPluginJar : add tim
2023-09-01 12:36:29,454 [INFO] IPUIPlugin:80 - create IPUIPlugin
2023-09-01 12:36:29,454 [INFO] PluginManager:220 - loadIPPluginJar : add touchsensing
2023-09-01 12:36:29,469 [INFO] IPUIPlugin:80 - create IPUIPlugin
2023-09-01 12:36:29,469 [INFO] PluginManager:220 - loadIPPluginJar : add tracer_emb
2023-09-01 12:36:29,484 [INFO] IPUIPlugin:80 - create IPUIPlugin
2023-09-01 12:36:29,484 [INFO] PluginManager:220 - loadIPPluginJar : add ts
2023-09-01 12:36:29,498 [INFO] IPUIPlugin:80 - create IPUIPlugin
2023-09-01 12:36:29,499 [INFO] PluginManager:220 - loadIPPluginJar : add tsc
2023-09-01 12:36:29,513 [INFO] IPUIPlugin:80 - create IPUIPlugin
2023-09-01 12:36:29,513 [INFO] PluginManager:220 - loadIPPluginJar : add ucpd
2023-09-01 12:36:29,542 [INFO] IPUIPlugin:80 - create IPUIPlugin
2023-09-01 12:36:29,542 [INFO] PluginManager:220 - loadIPPluginJar : add usart
2023-09-01 12:36:29,570 [INFO] IPUIPlugin:80 - create IPUIPlugin
2023-09-01 12:36:29,570 [INFO] PluginManager:220 - loadIPPluginJar : add usbx
2023-09-01 12:36:29,725 [INFO] CADModel:165 - CPN selected for project level
2023-09-01 12:36:29,726 [INFO] CADModel:114 - Register for checkConnection events
2023-09-01 12:36:29,726 [FATAL] Updater:308 - Updater called before beeing initialized
2023-09-01 12:36:29,726 [ERROR] CADModel:125 - Updater not yet initialized, retry later 
2023-09-01 12:36:29,863 [INFO] CADModel:165 - CPN selected for project level
2023-09-01 12:36:29,863 [INFO] CADModel:114 - Register for checkConnection events
2023-09-01 12:36:29,863 [FATAL] Updater:308 - Updater called before beeing initialized
2023-09-01 12:36:29,863 [ERROR] CADModel:125 - Updater not yet initialized, retry later 
2023-09-01 12:36:29,865 [FATAL] Updater:308 - Updater called before beeing initialized
2023-09-01 12:36:29,946 [FATAL] Updater:308 - Updater called before beeing initialized
2023-09-01 12:36:29,955 [INFO] DbMcusAds:53 - JSON generation date=Tue Mar 07 09:50:55 GMT+01:00 2023 (1678179055114)
2023-09-01 12:36:29,955 [FATAL] Updater:308 - Updater called before beeing initialized
2023-09-01 12:36:29,979 [WARN] DetailPanel:346 - Failed to get advertising image, set to default
2023-09-01 12:36:30,065 [FATAL] Updater:308 - Updater called before beeing initialized
2023-09-01 12:36:30,066 [FATAL] Updater:308 - Updater called before beeing initialized
2023-09-01 12:36:30,066 [FATAL] Updater:308 - Updater called before beeing initialized
2023-09-01 12:36:30,066 [WARN] DetailPanel:346 - Failed to get advertising image, set to default
2023-09-01 12:36:30,067 [FATAL] Updater:308 - Updater called before beeing initialized
2023-09-01 12:36:30,111 [ERROR] Updater:1120 - MainUpdater not yet initialized. External WinMGr cannot be set.
2023-09-01 12:36:30,120 [INFO] Updater:1056 - Updater Version found : 6.9.1
2023-09-01 12:36:30,138 [INFO] ApplicationProperties:184 - Using Application install path: C:\ST\STM32CubeIDE_1.13.1\STM32CubeIDE\plugins\com.st.stm32cube.common.mx_6.9.1.202307191849
2023-09-01 12:36:30,310 [INFO] MainUpdater:2868 - connection check result : 10
2023-09-01 12:36:30,311 [INFO] MainUpdater:285 - Updater Check For Update Now.
2023-09-01 12:36:30,311 [INFO] MicroXplorer:498 - Change Database Version : DB.6.0.91
2023-09-01 12:36:30,325 [INFO] McuFinderGlobals:63 - Set McuFinder mode to 2 (CubeIDE integrated)
2023-09-01 12:36:30,325 [INFO] UserAuth:179 - activating auth plugin
2023-09-01 12:36:30,327 [INFO] UserAuth:393 - Internet connection configuration mode: 1
2023-09-01 12:36:30,387 [INFO] JxBrowserEngine:151 - Initiate JxBrowser Engine with user profile folder
2023-09-01 12:36:30,515 [INFO] CheckServerUpdateThread:120 - End of CheckServer Thread
2023-09-01 12:36:31,071 [WARN] PackLoader:240 - Cannot read IP mode file for STMicroelectronics.X-CUBE-SMBUS.2.1.0
2023-09-01 12:36:31,111 [WARN] PackLoader:240 - Cannot read IP mode file for STMicroelectronics.X-CUBE-AZRTOS-F7.1.1.0
2023-09-01 12:36:31,130 [WARN] PackLoader:240 - Cannot read IP mode file for STMicroelectronics.FP-SNS-MOTENV1.4.3.2
2023-09-01 12:36:31,145 [WARN] PackLoader:240 - Cannot read IP mode file for STMicroelectronics.FP-SNS-FLIGHT1.5.0.2
2023-09-01 12:36:31,159 [WARN] PackLoader:240 - Cannot read IP mode file for STMicroelectronics.X-CUBE-DISPLAY.3.0.0
2023-09-01 12:36:31,176 [WARN] PackLoader:240 - Cannot read IP mode file for STMicroelectronics.X-CUBE-BLE1.7.0.0
2023-09-01 12:36:31,188 [WARN] PackLoader:240 - Cannot read IP mode file for emotas.I-CUBE-CANOPEN.1.3.0
2023-09-01 12:36:31,201 [WARN] PackLoader:240 - Cannot read IP mode file for STMicroelectronics.X-CUBE-TOUCHGFX.4.22.0
2023-09-01 12:36:31,217 [INFO] LogOutputStream:77 - [STDOUT_REDIRECT] 1 : Invalid condition id : UX_CORESTACK_Condition cause : null
2023-09-01 12:36:31,218 [INFO] LogOutputStream:77 - [STDOUT_REDIRECT] 1 : Invalid condition id : UX_CORESTACK_Condition cause : null
2023-09-01 12:36:31,219 [INFO] LogOutputStream:77 - [STDOUT_REDIRECT] 1 : Invalid condition id : UX_CORESTACK_Condition cause : null
2023-09-01 12:36:31,219 [INFO] LogOutputStream:77 - [STDOUT_REDIRECT] 1 : Invalid condition id : UX_CORESTACK_Condition cause : null
2023-09-01 12:36:31,220 [INFO] LogOutputStream:77 - [STDOUT_REDIRECT] 1 : Invalid condition id : UX_CORESTACK_Condition cause : null
2023-09-01 12:36:31,224 [WARN] PackLoader:240 - Cannot read IP mode file for STMicroelectronics.X-CUBE-AZRTOS-WL.2.0.0
2023-09-01 12:36:31,239 [WARN] PackLoader:240 - Cannot read IP mode file for WES.I-CUBE-Cesium.1.3.0
2023-09-01 12:36:31,253 [WARN] PackLoader:240 - Cannot read IP mode file for STMicroelectronics.X-CUBE-BLE2.3.3.0
2023-09-01 12:36:31,267 [WARN] PackLoader:240 - Cannot read IP mode file for STMicroelectronics.X-CUBE-ALGOBUILD.1.3.0
2023-09-01 12:36:31,287 [WARN] PackLoader:240 - Cannot read IP mode file for STMicroelectronics.X-CUBE-AZRTOS-G0.1.1.0
2023-09-01 12:36:31,300 [WARN] PackLoader:240 - Cannot read IP mode file for STMicroelectronics.X-CUBE-NFC4.3.0.0
2023-09-01 12:36:31,310 [WARN] PackLoader:240 - Cannot read IP mode file for STMicroelectronics.FP-ATR-SIGFOX1.3.2.0
2023-09-01 12:36:31,344 [WARN] PackLoader:240 - Cannot read IP mode file for SEGGER.I-CUBE-embOS.1.3.1
2023-09-01 12:36:31,402 [WARN] PackLoader:240 - Cannot read IP mode file for STMicroelectronics.X-CUBE-GNSS1.6.0.0
2023-09-01 12:36:31,432 [WARN] PackLoader:240 - Cannot read IP mode file for STMicroelectronics.X-CUBE-AZRTOS-F4.1.1.0
2023-09-01 12:36:31,459 [WARN] PackLoader:240 - Cannot read IP mode file for wolfSSL.I-CUBE-wolfSSL.5.6.3
2023-09-01 12:36:31,503 [WARN] PackLoader:240 - Cannot read IP mode file for STMicroelectronics.X-CUBE-AZRTOS-L5.2.0.0
2023-09-01 12:36:31,553 [WARN] PackLoader:240 - Cannot read IP mode file for STMicroelectronics.X-CUBE-MEMS1.9.6.0
2023-09-01 12:36:31,707 [WARN] PackLoader:240 - Cannot read IP mode file for STMicroelectronics.X-CUBE-BLEMGR.2.0.0
2023-09-01 12:36:31,733 [WARN] ConditionMgr:438 - getConditionDescription Invalid condition id : UX DEVICE CLASS RTOS Condition cause : null
2023-09-01 12:36:31,733 [WARN] ConditionMgr:438 - getConditionDescription Invalid condition id : UX DEVICE CLASS RTOS Condition cause : null
2023-09-01 12:36:31,735 [WARN] PackLoader:240 - Cannot read IP mode file for STMicroelectronics.X-CUBE-AZRTOS-H7.3.1.0
2023-09-01 12:36:31,735 [WARN] ConditionMgr:1039 - genDependencies : Invalid condition id : UX DEVICE CLASS RTOS Condition cause : null
2023-09-01 12:36:31,735 [WARN] ConditionMgr:1039 - genDependencies : Invalid condition id : UX DEVICE CLASS RTOS Condition cause : null
2023-09-01 12:36:31,736 [WARN] ConditionMgr:1039 - genDependencies : Invalid condition id : UX DEVICE CLASS RTOS Condition cause : null
2023-09-01 12:36:31,736 [WARN] ConditionMgr:1039 - genDependencies : Invalid condition id : UX DEVICE CLASS RTOS Condition cause : null
2023-09-01 12:36:31,736 [WARN] ConditionMgr:1039 - genDependencies : Invalid condition id : UX DEVICE CLASS RTOS Condition cause : null
2023-09-01 12:36:31,749 [WARN] PackLoader:240 - Cannot read IP mode file for STMicroelectronics.X-CUBE-NFC7.1.0.1
2023-09-01 12:36:31,763 [WARN] PackLoader:240 - Cannot read IP mode file for STMicroelectronics.X-CUBE-EEPRMA1.4.1.0
2023-09-01 12:36:31,775 [WARN] PackLoader:240 - Cannot read IP mode file for STMicroelectronics.X-CUBE-AI.8.1.0
2023-09-01 12:36:31,805 [WARN] ConditionMgr:438 - getConditionDescription Invalid condition id : LAN8742 Phy interface Condition cause : null
2023-09-01 12:36:31,805 [WARN] PackLoader:240 - Cannot read IP mode file for STMicroelectronics.X-CUBE-AZRTOS-L4.2.0.0
2023-09-01 12:36:31,806 [WARN] ConditionMgr:1039 - genDependencies : Invalid condition id : LAN8742 Phy interface Condition cause : null
2023-09-01 12:36:31,807 [WARN] ConditionMgr:1039 - genDependencies : Invalid condition id : LAN8742 Phy interface Condition cause : null
2023-09-01 12:36:31,807 [WARN] ConditionMgr:1039 - genDependencies : Invalid condition id : LAN8742 Phy interface Condition cause : null
2023-09-01 12:36:31,822 [WARN] PackLoader:240 - Cannot read IP mode file for STMicroelectronics.X-CUBE-SFXS2LP1.4.0.0
2023-09-01 12:36:31,835 [WARN] PackLoader:240 - Cannot read IP mode file for STMicroelectronics.X-CUBE-ISPU.1.1.0
2023-09-01 12:36:31,857 [WARN] ConditionMgr:438 - getConditionDescription Invalid condition id : UX DEVICE CLASS RTOS Condition cause : null
2023-09-01 12:36:31,857 [WARN] ConditionMgr:438 - getConditionDescription Invalid condition id : UX DEVICE CLASS RTOS Condition cause : null
2023-09-01 12:36:31,859 [WARN] PackLoader:240 - Cannot read IP mode file for STMicroelectronics.X-CUBE-AZRTOS-WB.2.0.0
2023-09-01 12:36:31,860 [WARN] ConditionMgr:1039 - genDependencies : Invalid condition id : UX DEVICE CLASS RTOS Condition cause : null
2023-09-01 12:36:31,860 [WARN] ConditionMgr:1039 - genDependencies : Invalid condition id : UX DEVICE CLASS RTOS Condition cause : null
2023-09-01 12:36:31,860 [WARN] ConditionMgr:1039 - genDependencies : Invalid condition id : UX DEVICE CLASS RTOS Condition cause : null
2023-09-01 12:36:31,861 [WARN] ConditionMgr:1039 - genDependencies : Invalid condition id : UX DEVICE CLASS RTOS Condition cause : null
2023-09-01 12:36:31,861 [WARN] ConditionMgr:1039 - genDependencies : Invalid condition id : UX DEVICE CLASS RTOS Condition cause : null
2023-09-01 12:36:31,876 [WARN] PackLoader:240 - Cannot read IP mode file for STMicroelectronics.X-CUBE-SUBG2.5.0.0
2023-09-01 12:36:31,899 [WARN] PackLoader:240 - Cannot read IP mode file for STMicroelectronics.X-CUBE-TOF1.3.3.1
2023-09-01 12:36:31,933 [WARN] PackLoader:240 - Cannot read IP mode file for STMicroelectronics.X-CUBE-AZRTOS-G4.2.0.0
2023-09-01 12:36:31,947 [WARN] PackLoader:240 - Cannot read IP mode file for STMicroelectronics.X-CUBE-FREERTOS.1.1.0
2023-09-01 12:36:31,961 [WARN] PackLoader:240 - Cannot read IP mode file for portGmbH.I-Cube-SoM-uGOAL.1.1.0
2023-09-01 12:36:31,979 [WARN] PackLoader:240 - Cannot read IP mode file for STMicroelectronics.X-CUBE-ALS.1.0.1
2023-09-01 12:36:31,992 [WARN] PackLoader:240 - Cannot read IP mode file for STMicroelectronics.FP-ATR-ASTRA1.2.0.0
2023-09-01 12:36:31,993 [INFO] ThirdParty:978 - Integrity check success = true
2023-09-01 12:36:31,993 [INFO] IntegrityCheckThread:100 - exiting critical section [integrity check]
2023-09-01 12:36:31,993 [INFO] IntegrityCheckThread:103 - End integrity checks thread
2023-09-01 12:36:32,588 [INFO] WebApp:157 - Instantiating new browser for Auth
2023-09-01 12:36:33,174 [INFO] WebApp:753 - Register for checkConnection events
2023-09-01 12:36:33,175 [INFO] WebApp:390 - Apply proxy settings
2023-09-01 12:36:33,175 [INFO] WebApp:475 - Chromium requires no authentication
2023-09-01 12:36:33,180 [INFO] WebApp:418 - Direct internet connection detected
2023-09-01 12:36:33,294 [INFO] WebApp:188 - Starting web application
2023-09-01 12:36:33,294 [INFO] WebApp:520 - Web application path used C:\ST\STM32CubeIDE_1.13.1\STM32CubeIDE\plugins\com.st.stm32cube.common.mx_6.9.1.202307191849\db\plugins\mcufinder\reactClient1\index.html
2023-09-01 12:36:54,084 [ERROR] LogOutputStream:75 - [STDERR_REDIRECT] SLF4J: Failed to load class "org.slf4j.impl.StaticLoggerBinder".
2023-09-01 12:36:54,085 [ERROR] LogOutputStream:75 - [STDERR_REDIRECT] SLF4J: Defaulting to no-operation (NOP) logger implementation
2023-09-01 12:36:54,086 [ERROR] LogOutputStream:75 - [STDERR_REDIRECT] SLF4J: See http://www.slf4j.org/codes.html#StaticLoggerBinder for further details.
2023-09-01 12:40:35,102 [INFO] McuFinderGlobals:63 - Set McuFinder mode to 2 (CubeIDE integrated)
2023-09-01 12:40:35,120 [INFO] MainUpdater:2868 - connection check result : 10
2023-09-01 12:40:35,124 [INFO] MainUpdater:2868 - connection check result : 10
2023-09-01 12:40:35,264 [INFO] MicroXplorer:468 - Change Database Path : 
2023-09-01 12:40:35,264 [INFO] MicroXplorer:498 - Change Database Version : DB.6.0.91
2023-09-01 12:40:35,267 [WARN] ThirdParty:871 - waiting for thirdparty lock release [close project]
2023-09-01 12:40:35,267 [INFO] ThirdParty:873 - entering critical section [close project]
2023-09-01 12:40:35,281 [INFO] ThirdParty:883 - exiting critical section [close project]
2023-09-01 12:40:35,283 [INFO] PinOutPanel:1499 - setPackage(No Configuration,No Configuration)
2023-09-01 12:40:35,286 [INFO] UtilMem:75 - Begin LoadConfig() Used Memory: 656395184 Bytes (817889280)
2023-09-01 12:40:35,287 [INFO] MicroXplorer:468 - Change Database Path : 
2023-09-01 12:40:35,287 [INFO] MicroXplorer:498 - Change Database Version : DB.6.0.91
2023-09-01 12:40:35,287 [INFO] OpenFileManager:308 - Change cursor
2023-09-01 12:40:35,323 [INFO] Mcu:1946 - Initializing MCU STM32F411R(C-E)Tx STM32F411RETx STM32F411RET6
2023-09-01 12:40:36,223 [INFO] Context:659 - Trying to add GPIOservice into a context  which must be forbidden
2023-09-01 12:40:36,717 [INFO] RtosManager:555 - Registered RTOS mode: class=CMSIS, group=RTOS, mode=CMSIS_V1, owner=FREERTOS
2023-09-01 12:40:36,717 [INFO] RtosManager:555 - Registered RTOS mode: class=CMSIS, group=RTOS2, mode=CMSIS_V2, owner=FREERTOS
2023-09-01 12:40:36,717 [INFO] RtosManager:555 - Registered RTOS mode: class=RTOS, group=Core, mode=CMSIS_V1, owner=FREERTOS
2023-09-01 12:40:36,717 [INFO] RtosManager:555 - Registered RTOS mode: class=RTOS, group=Core, mode=CMSIS_V2, owner=FREERTOS
2023-09-01 12:40:36,717 [WARN] ModelIntegratedComponent:184 - Missing modes for component STMicroelectronics:FreeRTOS:0.0.1:STMicroelectronics:RTOS:FreeRTOS:Core:::10.2.0:
2023-09-01 12:40:36,720 [WARN] ModelIntegratedComponent:182 - Modes not found for component STMicroelectronics:USB_HOST:1.0.0:STMicroelectronics:USB::USB Host:Audio HS::1.0:USB_HOST_1_0_RESTRICTED_HS
2023-09-01 12:40:36,720 [WARN] ModelIntegratedComponent:188 - Modes not found for component STMicroelectronics:USB_HOST:1.0.0:STMicroelectronics:USB::USB Host:Audio HS::1.0:USB_HOST_1_0_RESTRICTED_HS
2023-09-01 12:40:36,720 [WARN] ModelIntegratedComponent:182 - Modes not found for component STMicroelectronics:USB_HOST:1.0.0:STMicroelectronics:USB::USB Host:CDC HS::1.0:USB_HOST_1_0_RESTRICTED_HS
2023-09-01 12:40:36,720 [WARN] ModelIntegratedComponent:188 - Modes not found for component STMicroelectronics:USB_HOST:1.0.0:STMicroelectronics:USB::USB Host:CDC HS::1.0:USB_HOST_1_0_RESTRICTED_HS
2023-09-01 12:40:36,720 [WARN] ModelIntegratedComponent:182 - Modes not found for component STMicroelectronics:USB_HOST:1.0.0:STMicroelectronics:USB::USB Host:MSC HS::1.0:USB_HOST_1_0_RESTRICTED_HS
2023-09-01 12:40:36,721 [WARN] ModelIntegratedComponent:188 - Modes not found for component STMicroelectronics:USB_HOST:1.0.0:STMicroelectronics:USB::USB Host:MSC HS::1.0:USB_HOST_1_0_RESTRICTED_HS
2023-09-01 12:40:36,721 [WARN] ModelIntegratedComponent:182 - Modes not found for component STMicroelectronics:USB_HOST:1.0.0:STMicroelectronics:USB::USB Host:HID HS::1.0:USB_HOST_1_0_RESTRICTED_HS
2023-09-01 12:40:36,721 [WARN] ModelIntegratedComponent:188 - Modes not found for component STMicroelectronics:USB_HOST:1.0.0:STMicroelectronics:USB::USB Host:HID HS::1.0:USB_HOST_1_0_RESTRICTED_HS
2023-09-01 12:40:36,721 [WARN] ModelIntegratedComponent:182 - Modes not found for component STMicroelectronics:USB_HOST:1.0.0:STMicroelectronics:USB::USB Host:MTP HS::1.0:USB_HOST_1_0_RESTRICTED_HS
2023-09-01 12:40:36,721 [WARN] ModelIntegratedComponent:188 - Modes not found for component STMicroelectronics:USB_HOST:1.0.0:STMicroelectronics:USB::USB Host:MTP HS::1.0:USB_HOST_1_0_RESTRICTED_HS
2023-09-01 12:40:36,725 [WARN] ModelIntegratedComponent:63 - No mode defined for component null
2023-09-01 12:40:36,725 [WARN] ModelIntegratedComponent:63 - No mode defined for component null
2023-09-01 12:40:36,725 [WARN] ModelIntegratedComponent:63 - No mode defined for component null
2023-09-01 12:40:36,725 [WARN] ModelIntegratedComponent:63 - No mode defined for component null
2023-09-01 12:40:36,725 [WARN] ModelIntegratedComponent:63 - No mode defined for component null
2023-09-01 12:40:36,725 [WARN] ModelIntegratedComponent:63 - No mode defined for component null
2023-09-01 12:40:36,726 [WARN] ModelIntegratedComponent:63 - No mode defined for component null
2023-09-01 12:40:36,726 [WARN] ModelIntegratedComponent:63 - No mode defined for component null
2023-09-01 12:40:36,726 [WARN] ModelIntegratedComponent:63 - No mode defined for component null
2023-09-01 12:40:36,726 [WARN] ModelIntegratedComponent:63 - No mode defined for component null
2023-09-01 12:40:36,726 [WARN] ModelIntegratedComponent:63 - No mode defined for component null
2023-09-01 12:40:36,726 [WARN] ModelIntegratedComponent:63 - No mode defined for component null
2023-09-01 12:40:36,726 [WARN] ModelIntegratedComponent:63 - No mode defined for component null
2023-09-01 12:40:36,726 [WARN] ModelIntegratedComponent:63 - No mode defined for component null
2023-09-01 12:40:36,726 [WARN] ModelIntegratedComponent:63 - No mode defined for component null
2023-09-01 12:40:36,726 [WARN] ModelIntegratedComponent:63 - No mode defined for component null
2023-09-01 12:40:36,726 [WARN] ModelIntegratedComponent:63 - No mode defined for component null
2023-09-01 12:40:36,726 [WARN] ModelIntegratedComponent:63 - No mode defined for component null
2023-09-01 12:40:36,726 [WARN] ModelIntegratedComponent:63 - No mode defined for component null
2023-09-01 12:40:36,726 [WARN] ModelIntegratedComponent:63 - No mode defined for component null
2023-09-01 12:40:36,726 [WARN] ModelIntegratedComponent:63 - No mode defined for component null
2023-09-01 12:40:36,726 [WARN] ModelIntegratedComponent:63 - No mode defined for component null
2023-09-01 12:40:36,726 [WARN] ModelIntegratedComponent:63 - No mode defined for component null
2023-09-01 12:40:36,726 [WARN] ModelIntegratedComponent:63 - No mode defined for component null
2023-09-01 12:40:36,726 [WARN] ModelIntegratedComponent:63 - No mode defined for component null
2023-09-01 12:40:36,726 [WARN] ModelIntegratedComponent:63 - No mode defined for component null
2023-09-01 12:40:36,726 [WARN] ModelIntegratedComponent:63 - No mode defined for component null
2023-09-01 12:40:36,726 [WARN] ModelIntegratedComponent:63 - No mode defined for component null
2023-09-01 12:40:36,726 [WARN] ModelIntegratedComponent:63 - No mode defined for component null
2023-09-01 12:40:36,726 [WARN] ModelIntegratedComponent:63 - No mode defined for component null
2023-09-01 12:40:36,726 [WARN] ModelIntegratedComponent:63 - No mode defined for component null
2023-09-01 12:40:36,726 [WARN] ModelIntegratedComponent:63 - No mode defined for component null
2023-09-01 12:40:36,726 [WARN] ModelIntegratedComponent:63 - No mode defined for component null
2023-09-01 12:40:36,732 [WARN] ModelIntegratedComponent:182 - Modes not found for component STMicroelectronics:USB_DEVICE:1.0.0:STMicroelectronics:USB::USB Device:Audio HS::1.0:USB_DEVICE_1_0_RESTRICTED_HS
2023-09-01 12:40:36,732 [WARN] ModelIntegratedComponent:188 - Modes not found for component STMicroelectronics:USB_DEVICE:1.0.0:STMicroelectronics:USB::USB Device:Audio HS::1.0:USB_DEVICE_1_0_RESTRICTED_HS
2023-09-01 12:40:36,732 [WARN] ModelIntegratedComponent:182 - Modes not found for component STMicroelectronics:USB_DEVICE:1.0.0:STMicroelectronics:USB::USB Device:CDC HS::1.0:USB_DEVICE_1_0_RESTRICTED_HS
2023-09-01 12:40:36,732 [WARN] ModelIntegratedComponent:188 - Modes not found for component STMicroelectronics:USB_DEVICE:1.0.0:STMicroelectronics:USB::USB Device:CDC HS::1.0:USB_DEVICE_1_0_RESTRICTED_HS
2023-09-01 12:40:36,732 [WARN] ModelIntegratedComponent:182 - Modes not found for component STMicroelectronics:USB_DEVICE:1.0.0:STMicroelectronics:USB::USB Device:DFU HS::1.0:USB_DEVICE_1_0_RESTRICTED_HS
2023-09-01 12:40:36,732 [WARN] ModelIntegratedComponent:188 - Modes not found for component STMicroelectronics:USB_DEVICE:1.0.0:STMicroelectronics:USB::USB Device:DFU HS::1.0:USB_DEVICE_1_0_RESTRICTED_HS
2023-09-01 12:40:36,732 [WARN] ModelIntegratedComponent:182 - Modes not found for component STMicroelectronics:USB_DEVICE:1.0.0:STMicroelectronics:USB::USB Device:HID HS::1.0:USB_DEVICE_1_0_RESTRICTED_HS
2023-09-01 12:40:36,732 [WARN] ModelIntegratedComponent:188 - Modes not found for component STMicroelectronics:USB_DEVICE:1.0.0:STMicroelectronics:USB::USB Device:HID HS::1.0:USB_DEVICE_1_0_RESTRICTED_HS
2023-09-01 12:40:36,732 [WARN] ModelIntegratedComponent:182 - Modes not found for component STMicroelectronics:USB_DEVICE:1.0.0:STMicroelectronics:USB::USB Device:Custom HID HS::1.0:USB_DEVICE_1_0_RESTRICTED_HS
2023-09-01 12:40:36,732 [WARN] ModelIntegratedComponent:188 - Modes not found for component STMicroelectronics:USB_DEVICE:1.0.0:STMicroelectronics:USB::USB Device:Custom HID HS::1.0:USB_DEVICE_1_0_RESTRICTED_HS
2023-09-01 12:40:36,732 [WARN] ModelIntegratedComponent:182 - Modes not found for component STMicroelectronics:USB_DEVICE:1.0.0:STMicroelectronics:USB::USB Device:MSC HS::1.0:USB_DEVICE_1_0_RESTRICTED_HS
2023-09-01 12:40:36,732 [WARN] ModelIntegratedComponent:188 - Modes not found for component STMicroelectronics:USB_DEVICE:1.0.0:STMicroelectronics:USB::USB Device:MSC HS::1.0:USB_DEVICE_1_0_RESTRICTED_HS
2023-09-01 12:40:36,741 [INFO] ThirdPartyModel:298 - Start build external matchings
2023-09-01 12:40:36,917 [INFO] ThirdPartyModel:316 - End build external matchings
2023-09-01 12:40:36,926 [INFO] ImportTextPane:194 - (OptionalMessage_ERROR) IP (RCC) : Parameter (48MHZClocksFreq_Value) has invalid value (84000000)
2023-09-01 12:40:36,926 [INFO] ImportTextPane:194 - (OptionalMessage_ERROR) IP (RCC) : Parameter (FLatency) has Id (AdvancedSettings) currently not set
2023-09-01 12:40:36,927 [INFO] ImportTextPane:194 - (OptionalMessage_ERROR) IP (RCC) : Parameter (RTCHSEDivFreq_Value) has invalid value (4000000)
2023-09-01 12:40:37,114 [INFO] UtilMem:75 - End LoadConfig() Used Memory: 688220192 Bytes (1048576000)
2023-09-01 12:40:37,218 [INFO] ApiDb:581 - Connected to CubeFinder SQLite database (C:\Users\Mahmu\.stmcufinder\plugins\mcufinder\mcu\cube-finder-db.db)
2023-09-01 12:40:37,274 [INFO] ApiDb:668 - CubeFinder database Data Model version=2.1
2023-09-01 12:40:37,274 [INFO] ApiDb:669 - CubeFinder database Configuration version=3.0.37
2023-09-01 12:40:37,274 [INFO] ApiDb:670 - CubeFinder database generation date=2023-08-09 (1691586011)
2023-09-01 12:40:37,274 [INFO] ApiDb:671 - CubeFinder database FW Pack versions=[FP-ATR-ASTRA1_V2.0.0, FP-SNS-FLIGHT1_V5.0.1, FP-SNS-FLIGHT1_V5.0.2, FP-SNS-MOTENV1_V4.3.1, FP-SNS-MOTENV1_V4.3.2, STM32Cube_FW_C0_V1.1.0, STM32Cube_FW_F4_V1.27.1, STM32Cube_FW_F7_V1.17.0, STM32Cube_FW_G0_V1.6.1, STM32Cube_FW_G4_V1.5.1, STM32Cube_FW_H5_V0.5.1, STM32Cube_FW_H5_V1.1.0, STM32Cube_FW_H7_V1.11.0, STM32Cube_FW_L0_V1.12.2, STM32Cube_FW_L5_V1.5.0, STM32Cube_FW_U5_V1.3.0, STM32Cube_FW_U5_V1.3.0RC4, STM32Cube_FW_WBA_V1.0.0RC1, STM32Cube_FW_WBA_V1.1.0, STM32Cube_FW_WBA_V1.1.0RC1, STM32Cube_FW_WB_V1.15.0RC1, STM32Cube_FW_WB_V1.16.0, STM32Cube_FW_WB_V1.16.0RC2, STM32Cube_FW_WB_V1.17.0, STM32Cube_FW_WL_V1.3.0, X-CUBE-ALGOBUILD_V1.3.0, X-CUBE-ALS_V1.0.1, X-CUBE-AZRTOS-F4_V1.1.0, X-CUBE-AZRTOS-F7_V1.1.0, X-CUBE-AZRTOS-G0_V1.1.0, X-CUBE-AZRTOS-G4_V2.0.0, X-CUBE-AZRTOS-H7_V3.1.0, X-CUBE-AZRTOS-L4_V1.0.0, X-CUBE-AZRTOS-L4_V2.0.0, X-CUBE-AZRTOS-L5_V1.1.0, X-CUBE-AZRTOS-WB_V1.1.0, X-CUBE-AZRTOS-WL_V2.0.0, X-CUBE-BLE1_V7.0.0, X-CUBE-BLE2_V3.3.0, X-CUBE-BLEMGR_V2.0.0, X-CUBE-EEPRMA1_V4.1.0, X-CUBE-FREERTOS_V1.1.0, X-CUBE-GNSS1_V6.0.0, X-CUBE-MEMS1_V9.1.0, X-CUBE-MEMS1_V9.4.0, X-CUBE-MEMS1_V9.6.0, X-CUBE-NFC4_V3.0.0, X-CUBE-NFC7_V1.0.0, X-CUBE-SFXS2LP1_V4.0.0, X-CUBE-SUBG2_V5.0.0, X-CUBE-TOF1_V3.3.1]
2023-09-01 12:40:38,889 [INFO] ApiDb:240 - Found 323 in-development CPN: [B-G473E-ZEST1S, B-WB1M-WPAN1, B-WL5M-SUBG1, NUCLEO-C031C6, NUCLEO-H503RB, NUCLEO-H563ZI, NUCLEO-U545RE-Q, NUCLEO-U5A5ZJ-Q, NUCLEO-WBA52CG, STEVAL-PROTEUS1, STEVAL-SMARTAG2, STEVAL-STWINBX1, STM320518-EVAL, STM32C0116-DK, STM32C011D6Y3TR, STM32C011D6Y6TR, STM32C011F4P3, STM32C011F4P6, STM32C011F4U3, STM32C011F4U6TR, STM32C011F6P3, STM32C011F6P6, STM32C011F6U3, STM32C011F6U6TR, STM32C011J4M3, STM32C011J4M6, STM32C011J6M3, STM32C011J6M6, STM32C0316-DK, STM32C031C4T3, STM32C031C4T6, STM32C031C4U3, STM32C031C4U6, STM32C031C6T3, STM32C031C6T6, STM32C031C6U3, STM32C031C6U6, STM32C031F4P3, STM32C031F4P6, STM32C031F6P3, STM32C031F6P6, STM32C031G4U3, STM32C031G4U6, STM32C031G6U3, STM32C031G6U6, STM32C031K4T3, STM32C031K4T6, STM32C031K4U3, STM32C031K4U6, STM32C031K6T3, STM32C031K6T6, STM32C031K6U3, STM32C031K6U6, STM32G071K8TXN, STM32G071K8UXN, STM32G081GBU6N, STM32G081KBT6N, STM32G081KBUXN, STM32G0B1CCT6N, STM32G0B1KCT6, STM32G0B1NEY6TR, STM32G0B1RCT6N, STM32G0C1CCT6, STM32G0C1CCT6N, STM32G0C1CCU6N, STM32G0C1CET6N, STM32G0C1CEU6N, STM32G0C1KCT6, STM32G0C1NEY6TR, STM32G0C1RCI6N, STM32G0C1RCT6N, STM32G0C1REI6N, STM32G0C1RET6N, STM32G0C1VCI6, STM32G0C1VEI6, STM32G471CCT6, STM32G471CCU6, STM32G471CET3, STM32G471CET6, STM32G471CEU3, STM32G471CEU6, STM32G471MCT6, STM32G471MET3, STM32G471MET6, STM32G471MEY6TR, STM32G471QCT6, STM32G471QET3, STM32G471RCT6, STM32G471RET3, STM32G471RET6, STM32G471VCH6, STM32G471VCI6, STM32G471VCT6, STM32G471VEH3, STM32G471VEH6, STM32G471VEI3, STM32G471VEI6, STM32G471VET3, STM32G471VET6, STM32G474CCT6, STM32H503CBT6, STM32H503CBU6, STM32H503EBY6TR, STM32H503KBU6, STM32H503RBT6, STM32H562AGI6, STM32H562AII6, STM32H562IGK6, STM32H562IGT6, STM32H562IIK6, STM32H562IIT6, STM32H562RGT6, STM32H562RGV6, STM32H562RIT6, STM32H562RIV6, STM32H562VGT6, STM32H562VIT6, STM32H562ZGT6, STM32H562ZIT6, STM32H563AGI6, STM32H563AII3Q, STM32H563AII6, STM32H563IGK6, STM32H563IGT6, STM32H563IIK3Q, STM32H563IIK6, STM32H563IIT3Q, STM32H563IIT6, STM32H563MIY3QTR, STM32H563RGT6, STM32H563RGV6, STM32H563RIT6, STM32H563RIV6, STM32H563VGT6, STM32H563VIT3Q, STM32H563VIT6, STM32H563ZGT6, STM32H563ZIT3Q, STM32H563ZIT6, STM32H573AII3Q, STM32H573AII6, STM32H573I-DK, STM32H573IIK3Q, STM32H573IIK6, STM32H573IIT3Q, STM32H573IIT6, STM32H573MIY3QTR, STM32H573RIT6, STM32H573RIV6, STM32H573VIT3Q, STM32H573VIT6, STM32H573ZIT3Q, STM32H573ZIT6, STM32L4R5QGI6STR, STM32MP131AAE3, STM32MP131AAF3, STM32MP131AAG3, STM32MP131CAE3, STM32MP131CAF3, STM32MP131CAG3, STM32MP131DAE7, STM32MP131DAF7, STM32MP131DAG7, STM32MP131FAE7, STM32MP131FAF7, STM32MP131FAG7, STM32MP133AAE3, STM32MP133AAF3, STM32MP133AAG3, STM32MP133CAE3, STM32MP133CAF3, STM32MP133CAG3, STM32MP133DAE7, STM32MP133DAF7, STM32MP133DAG7, STM32MP133FAE7, STM32MP133FAF7, STM32MP133FAG7, STM32MP135AAE3, STM32MP135AAF3, STM32MP135AAG3, STM32MP135CAE3, STM32MP135CAF3, STM32MP135CAG3, STM32MP135DAE7, STM32MP135DAF7, STM32MP135DAG7, STM32MP135F-DK, STM32MP135FAE7, STM32MP135FAF7, STM32MP135FAF7T, STM32MP135FAF7U, STM32MP135FAG7, STM32U535CBT6, STM32U535CBT6Q, STM32U535CBU6, STM32U535CBU6Q, STM32U535CCT6, STM32U535CCT6Q, STM32U535CCU6, STM32U535CCU6Q, STM32U535CET6, STM32U535CET6Q, STM32U535CEU6, STM32U535CEU6Q, STM32U535JEY6QTR, STM32U535NCY6QTR, STM32U535NEY6QTR, STM32U535RBI6, STM32U535RBI6Q, STM32U535RBT6, STM32U535RBT6Q, STM32U535RCI6, STM32U535RCI6Q, STM32U535RCT6, STM32U535RCT6Q, STM32U535REI6, STM32U535REI6Q, STM32U535RET6, STM32U535RET6Q, STM32U535VCI6, STM32U535VCI6Q, STM32U535VCT6, STM32U535VCT6Q, STM32U535VEI6, STM32U535VEI6Q, STM32U535VET6, STM32U535VET6Q, STM32U545CET6, STM32U545CET6Q, STM32U545CEU6, STM32U545CEU6Q, STM32U545JEY6QTR, STM32U545NEY6QTR, STM32U545REI6, STM32U545REI6Q, STM32U545RET6, STM32U545RET6Q, STM32U545VEI6, STM32U545VEI6Q, STM32U545VET6, STM32U545VET6Q, STM32U595AIH6, STM32U595AIH6Q, STM32U595AJH6, STM32U595AJH6Q, STM32U595QII6, STM32U595QII6Q, STM32U595QJI6, STM32U595QJI6Q, STM32U595RIT6, STM32U595RIT6Q, STM32U595RJT6, STM32U595RJT6Q, STM32U595VIT6, STM32U595VIT6Q, STM32U595VJT6, STM32U595VJT6Q, STM32U595ZIT6, STM32U595ZIT6Q, STM32U595ZIY6QTR, STM32U595ZJT6, STM32U595ZJT6Q, STM32U595ZJY6QTR, STM32U599BJY6QTR, STM32U599NIH6Q, STM32U599NJH6Q, STM32U599VIT6Q, STM32U599VJT6, STM32U599VJT6Q, STM32U599ZIT6Q, STM32U599ZIY6QTR, STM32U599ZJT6Q, STM32U599ZJY6QTR, STM32U5A5AJH6, STM32U5A5AJH6Q, STM32U5A5QJI6, STM32U5A5QJI6Q, STM32U5A5RJT6, STM32U5A5RJT6Q, STM32U5A5VJT6, STM32U5A5VJT6Q, STM32U5A5ZJT6, STM32U5A5ZJT6Q, STM32U5A5ZJY6QTR, STM32U5A9BJY6QTR, STM32U5A9J-DK, STM32U5A9NJH6Q, STM32U5A9VJT6Q, STM32U5A9ZJT6Q, STM32U5A9ZJY6QTR, STM32U5F7VIT6, STM32U5F7VIT6Q, STM32U5F7VJT6, STM32U5F7VJT6Q, STM32U5F9BJY6QTR, STM32U5F9NJH6Q, STM32U5F9VIT6Q, STM32U5F9VJT6Q, STM32U5F9ZIJ6QTR, STM32U5F9ZIT6Q, STM32U5F9ZJJ6QTR, STM32U5F9ZJT6Q, STM32U5G7VJT6, STM32U5G7VJT6Q, STM32U5G9BJY6QTR, STM32U5G9J-DK1, STM32U5G9J-DK2, STM32U5G9NJH6Q, STM32U5G9VJT6Q, STM32U5G9ZJJ6QTR, STM32U5G9ZJT6Q, STM32WB1MMCH6, STM32WBA52CEU6, STM32WBA52CEU6T, STM32WBA52CGU6, STM32WBA52CGU6T, STM32WBA52KEU6, STM32WBA52KEU6T, STM32WBA52KGU6, STM32WBA52KGU6T, STM32WL5MOCH6, STM32WL5MOCH6TR]
2023-09-01 12:40:38,892 [INFO] DbMcus:217 - Found 3848 MCUs, 3848 are supported
2023-09-01 12:40:38,892 [INFO] ApiDb:423 - Load user favorites file C:\Users\Mahmu/.stm32cubeide/favorites.mcus.txt: 0 item(s)
2023-09-01 12:40:38,892 [INFO] ApiDb:427 - User favorites MCUs=[]
2023-09-01 12:40:38,892 [INFO] DbMcus:223 - Set 0 / 0 favorites MCUs
2023-09-01 12:40:39,183 [WARN] ThirdParty:833 - waiting for thirdparty lock release [change project]
2023-09-01 12:40:39,183 [INFO] ThirdParty:835 - entering critical section [change project]
2023-09-01 12:40:39,183 [INFO] ThirdParty:1030 - CMSIS Pack Vendor :STMicroelectronics X-CUBE-ISPU 1.1.0
2023-09-01 12:40:39,183 [INFO] ThirdParty:1030 - CMSIS Pack Vendor :STMicroelectronics USBPD 4.1
2023-09-01 12:40:39,183 [INFO] ThirdParty:1030 - CMSIS Pack Vendor :STMicroelectronics X-CUBE-GNSS1 6.0.0
2023-09-01 12:40:39,183 [INFO] ThirdParty:1030 - CMSIS Pack Vendor :STMicroelectronics USB_HOST 2.0.0
2023-09-01 12:40:39,183 [INFO] ThirdParty:1030 - CMSIS Pack Vendor :STMicroelectronics X-CUBE-AZRTOS-F4 1.1.0
2023-09-01 12:40:39,183 [INFO] ThirdParty:1030 - CMSIS Pack Vendor :STMicroelectronics LIBJPEG 8.0.0
2023-09-01 12:40:39,183 [INFO] ThirdParty:1030 - CMSIS Pack Vendor :wolfSSL I-CUBE-wolfSSL 5.6.3
2023-09-01 12:40:39,183 [INFO] ThirdParty:1030 - CMSIS Pack Vendor :STMicroelectronics X-CUBE-SMBUS 2.1.0
2023-09-01 12:40:39,183 [INFO] ThirdParty:1030 - CMSIS Pack Vendor :STMicroelectronics USB_DEVICE 3.0.0
2023-09-01 12:40:39,183 [INFO] ThirdParty:1030 - CMSIS Pack Vendor :STMicroelectronics X-CUBE-AZRTOS-WB 2.0.0
2023-09-01 12:40:39,183 [INFO] ThirdParty:1030 - CMSIS Pack Vendor :STMicroelectronics X-CUBE-AZRTOS-F7 1.1.0
2023-09-01 12:40:39,183 [INFO] ThirdParty:1030 - CMSIS Pack Vendor :STMicroelectronics X-CUBE-AZRTOS-L5 2.0.0
2023-09-01 12:40:39,183 [INFO] ThirdParty:1030 - CMSIS Pack Vendor :STMicroelectronics USB_DEVICE 2.0.0
2023-09-01 12:40:39,184 [INFO] ThirdParty:1030 - CMSIS Pack Vendor :STMicroelectronics X-CUBE-MEMS1 9.6.0
2023-09-01 12:40:39,184 [INFO] ThirdParty:1030 - CMSIS Pack Vendor :STMicroelectronics FP-SNS-MOTENV1 4.3.2
2023-09-01 12:40:39,184 [INFO] ThirdParty:1030 - CMSIS Pack Vendor :STMicroelectronics X-CUBE-ALGOBUILD 1.3.0
2023-09-01 12:40:39,184 [INFO] ThirdParty:1030 - CMSIS Pack Vendor :STMicroelectronics FreeRTOS 0.0.1
2023-09-01 12:40:39,184 [INFO] ThirdParty:1030 - CMSIS Pack Vendor :STMicroelectronics X-CUBE-AZRTOS-G0 1.1.0
2023-09-01 12:40:39,184 [INFO] ThirdParty:1030 - CMSIS Pack Vendor :STMicroelectronics X-CUBE-BLEMGR 2.0.0
2023-09-01 12:40:39,184 [INFO] ThirdParty:1030 - CMSIS Pack Vendor :STMicroelectronics X-CUBE-NFC4 3.0.0
2023-09-01 12:40:39,184 [INFO] ThirdParty:1030 - CMSIS Pack Vendor :STMicroelectronics X-CUBE-SUBG2 5.0.0
2023-09-01 12:40:39,184 [INFO] ThirdParty:1030 - CMSIS Pack Vendor :STMicroelectronics STM32_WPAN 1.0.0
2023-09-01 12:40:39,184 [INFO] ThirdParty:1030 - CMSIS Pack Vendor :STMicroelectronics lwIP 2.0.3
2023-09-01 12:40:39,184 [INFO] ThirdParty:1030 - CMSIS Pack Vendor :STMicroelectronics FP-SNS-FLIGHT1 5.0.2
2023-09-01 12:40:39,184 [INFO] ThirdParty:1030 - CMSIS Pack Vendor :STMicroelectronics USB_HOST 1.0.0
2023-09-01 12:40:39,184 [INFO] ThirdParty:1030 - CMSIS Pack Vendor :STMicroelectronics X-CUBE-TOF1 3.3.1
2023-09-01 12:40:39,184 [INFO] ThirdParty:1030 - CMSIS Pack Vendor :STMicroelectronics X-CUBE-AZRTOS-G4 2.0.0
2023-09-01 12:40:39,184 [INFO] ThirdParty:1030 - CMSIS Pack Vendor :STMicroelectronics PDM2PCM 3.1.0
2023-09-01 12:40:39,184 [INFO] ThirdParty:1030 - CMSIS Pack Vendor :STMicroelectronics X-CUBE-AZRTOS-H7 3.1.0
2023-09-01 12:40:39,184 [INFO] ThirdParty:1030 - CMSIS Pack Vendor :STMicroelectronics PDM2PCM 3.3.0
2023-09-01 12:40:39,184 [INFO] ThirdParty:1030 - CMSIS Pack Vendor :STMicroelectronics X-CUBE-DISPLAY 3.0.0
2023-09-01 12:40:39,184 [INFO] ThirdParty:1030 - CMSIS Pack Vendor :STMicroelectronics X-CUBE-BLE1 7.0.0
2023-09-01 12:40:39,184 [INFO] ThirdParty:1030 - CMSIS Pack Vendor :STMicroelectronics FP-ATR-SIGFOX1 3.2.0
2023-09-01 12:40:39,184 [INFO] ThirdParty:1030 - CMSIS Pack Vendor :STMicroelectronics HAL Drivers 0.0.0
2023-09-01 12:40:39,184 [INFO] ThirdParty:1030 - CMSIS Pack Vendor :STMicroelectronics MBEDTLS 2.16.2
2023-09-01 12:40:39,184 [INFO] ThirdParty:1030 - CMSIS Pack Vendor :emotas I-CUBE-CANOPEN 1.3.0
2023-09-01 12:40:39,184 [INFO] ThirdParty:1030 - CMSIS Pack Vendor :STMicroelectronics X-CUBE-FREERTOS 1.1.0
2023-09-01 12:40:39,184 [INFO] ThirdParty:1030 - CMSIS Pack Vendor :STMicroelectronics X-CUBE-TOUCHGFX 4.22.0
2023-09-01 12:40:39,184 [INFO] ThirdParty:1030 - CMSIS Pack Vendor :STMicroelectronics X-CUBE-NFC7 1.0.1
2023-09-01 12:40:39,184 [INFO] ThirdParty:1030 - CMSIS Pack Vendor :STMicroelectronics MBEDTLS 2.14.1
2023-09-01 12:40:39,184 [INFO] ThirdParty:1030 - CMSIS Pack Vendor :STMicroelectronics X-CUBE-EEPRMA1 4.1.0
2023-09-01 12:40:39,184 [INFO] ThirdParty:1030 - CMSIS Pack Vendor :portGmbH I-Cube-SoM-uGOAL 1.1.0
2023-09-01 12:40:39,184 [INFO] ThirdParty:1030 - CMSIS Pack Vendor :STMicroelectronics X-CUBE-ALS 1.0.1
2023-09-01 12:40:39,184 [INFO] ThirdParty:1030 - CMSIS Pack Vendor :STMicroelectronics ThreadX 1.0.0
2023-09-01 12:40:39,184 [INFO] ThirdParty:1030 - CMSIS Pack Vendor :STMicroelectronics X-CUBE-AZRTOS-WL 2.0.0
2023-09-01 12:40:39,184 [INFO] ThirdParty:1030 - CMSIS Pack Vendor :SEGGER I-CUBE-embOS 1.3.1
2023-09-01 12:40:39,184 [INFO] ThirdParty:1030 - CMSIS Pack Vendor :STMicroelectronics USB_DEVICE 1.0.0
2023-09-01 12:40:39,184 [INFO] ThirdParty:1030 - CMSIS Pack Vendor :STMicroelectronics X-CUBE-AI 8.1.0
2023-09-01 12:40:39,184 [INFO] ThirdParty:1030 - CMSIS Pack Vendor :STMicroelectronics X-CUBE-AZRTOS-L4 2.0.0
2023-09-01 12:40:39,185 [INFO] ThirdParty:1030 - CMSIS Pack Vendor :STMicroelectronics ThreadX 0.0.2
2023-09-01 12:40:39,185 [INFO] ThirdParty:1030 - CMSIS Pack Vendor :WES I-CUBE-Cesium 1.3.0
2023-09-01 12:40:39,185 [INFO] ThirdParty:1030 - CMSIS Pack Vendor :STMicroelectronics FP-ATR-ASTRA1 2.0.0
2023-09-01 12:40:39,185 [INFO] ThirdParty:1030 - CMSIS Pack Vendor :STMicroelectronics lwIP 2.1.2
2023-09-01 12:40:39,185 [INFO] ThirdParty:1030 - CMSIS Pack Vendor :STMicroelectronics X-CUBE-SFXS2LP1 4.0.0
2023-09-01 12:40:39,185 [INFO] ThirdParty:1030 - CMSIS Pack Vendor :STMicroelectronics X-CUBE-BLE2 3.3.0
2023-09-01 12:40:39,185 [INFO] ThirdParty:1030 - CMSIS Pack Vendor :STMicroelectronics PDM2PCM 3.2.0
2023-09-01 12:40:39,185 [INFO] ThirdParty:841 - exiting critical section [change project]
2023-09-01 12:40:39,424 [INFO] PinOutPanel:1499 - setPackage(No Configuration,No Configuration)
2023-09-01 12:40:39,425 [INFO] PinOutPanel:1499 - setPackage(STM32F411RETx,LQFP64)
2023-09-01 12:40:39,849 [INFO] UtilMem:75 - Before build in PCC Used Memory: 557259968 Bytes (1048576000)
2023-09-01 12:40:40,503 [INFO] UtilMem:75 - After build in PCC Used Memory: 656769584 Bytes (1048576000)
2023-09-01 12:40:40,523 [INFO] IPUIPlugin:80 - create IPUIPlugin
2023-09-01 12:40:40,523 [INFO] IPUIPlugin:80 - create IPUIPlugin
2023-09-01 12:40:40,523 [INFO] IPUIPlugin:80 - create IPUIPlugin
2023-09-01 12:40:40,523 [INFO] IPUIPlugin:80 - create IPUIPlugin
2023-09-01 12:40:40,523 [INFO] IPUIPlugin:80 - create IPUIPlugin
2023-09-01 12:40:40,523 [INFO] IPUIPlugin:80 - create IPUIPlugin
2023-09-01 12:40:40,523 [INFO] IPUIPlugin:80 - create IPUIPlugin
2023-09-01 12:40:40,523 [INFO] IPUIPlugin:80 - create IPUIPlugin
2023-09-01 12:40:40,523 [INFO] IPUIPlugin:80 - create IPUIPlugin
2023-09-01 12:40:40,523 [INFO] IPUIPlugin:80 - create IPUIPlugin
2023-09-01 12:40:40,524 [INFO] IPUIPlugin:80 - create IPUIPlugin
2023-09-01 12:40:40,524 [INFO] IPUIPlugin:80 - create IPUIPlugin
2023-09-01 12:40:40,524 [INFO] IPUIPlugin:80 - create IPUIPlugin
2023-09-01 12:40:40,524 [INFO] IPUIPlugin:80 - create IPUIPlugin
2023-09-01 12:40:40,524 [INFO] IPUIPlugin:80 - create IPUIPlugin
2023-09-01 12:40:40,524 [INFO] IPUIPlugin:80 - create IPUIPlugin
2023-09-01 12:40:40,524 [INFO] IPUIPlugin:80 - create IPUIPlugin
2023-09-01 12:40:40,524 [INFO] IPUIPlugin:80 - create IPUIPlugin
2023-09-01 12:40:40,524 [INFO] IPUIPlugin:80 - create IPUIPlugin
2023-09-01 12:40:40,525 [INFO] IPUIPlugin:80 - create IPUIPlugin
2023-09-01 12:40:40,525 [INFO] IPUIPlugin:80 - create IPUIPlugin
2023-09-01 12:40:40,525 [INFO] IPUIPlugin:80 - create IPUIPlugin
2023-09-01 12:40:40,525 [INFO] IPUIPlugin:80 - create IPUIPlugin
2023-09-01 12:40:40,525 [INFO] IPUIPlugin:80 - create IPUIPlugin
2023-09-01 12:40:40,525 [INFO] IPUIPlugin:80 - create IPUIPlugin
2023-09-01 12:40:40,525 [INFO] IPUIPlugin:80 - create IPUIPlugin
2023-09-01 12:40:40,525 [INFO] IPUIPlugin:80 - create IPUIPlugin
2023-09-01 12:40:40,525 [INFO] IPUIPlugin:80 - create IPUIPlugin
2023-09-01 12:40:40,526 [INFO] IPUIPlugin:80 - create IPUIPlugin
2023-09-01 12:40:40,526 [INFO] IPUIPlugin:80 - create IPUIPlugin
2023-09-01 12:40:40,526 [INFO] IPUIPlugin:80 - create IPUIPlugin
2023-09-01 12:40:40,526 [INFO] IPUIPlugin:80 - create IPUIPlugin
2023-09-01 12:40:40,526 [INFO] IPUIPlugin:80 - create IPUIPlugin
2023-09-01 12:40:40,526 [INFO] IPUIPlugin:80 - create IPUIPlugin
2023-09-01 12:40:40,526 [INFO] IPUIPlugin:80 - create IPUIPlugin
2023-09-01 12:40:40,527 [INFO] IPUIPlugin:80 - create IPUIPlugin
2023-09-01 12:40:40,527 [INFO] IPUIPlugin:80 - create IPUIPlugin
2023-09-01 12:40:40,527 [INFO] IPUIPlugin:80 - create IPUIPlugin
2023-09-01 12:40:40,527 [INFO] IPUIPlugin:80 - create IPUIPlugin
2023-09-01 12:40:40,527 [INFO] IPUIPlugin:80 - create IPUIPlugin
2023-09-01 12:40:40,527 [INFO] IPUIPlugin:80 - create IPUIPlugin
2023-09-01 12:40:40,528 [INFO] IPUIPlugin:80 - create IPUIPlugin
2023-09-01 12:40:40,528 [INFO] IPUIPlugin:80 - create IPUIPlugin
2023-09-01 12:40:40,587 [INFO] ApiDbMcu:507 - Load IP Config File for PDM2PCM
2023-09-01 12:40:40,738 [INFO] CADModel:165 - CPN selected for project levelSTM32F411RET6
2023-09-01 12:40:40,739 [INFO] CADModel:114 - Register for checkConnection events
2023-09-01 12:40:40,783 [INFO] OpenFileManager:328 - Restore cursor
2023-09-01 12:41:55,715 [ERROR] LogOutputStream:75 - [STDERR_REDIRECT] 
