2023-08-30 12:39:00,902 [INFO] Activator:176 - 


2023-08-30 12:39:00,907 [INFO] Activator:177 - !SESSION log4j initialized
2023-08-30 12:39:06,947 [INFO] LogOutputStream:77 - [STDOUT_REDIRECT] 
2023-08-30 12:39:08,264 [INFO] ApplicationProperties:184 - Using Application install path: C:\ST\STM32CubeIDE_1.13.1\STM32CubeIDE\plugins\com.st.stm32cube.common.mx_6.9.1.202307191849
2023-08-30 12:39:08,286 [INFO] DbMcusXml:78 - Set database path to: C:\ST\STM32CubeIDE_1.13.1\STM32CubeIDE\plugins\com.st.stm32cube.common.mx_6.9.1.202307191849\\db\/mcu/
2023-08-30 12:39:08,286 [INFO] ApiDb:274 - Set plugin database path to: C:\ST\STM32CubeIDE_1.13.1\STM32CubeIDE\plugins\com.st.stm32cube.common.mx_6.9.1.202307191849\\db\/plugins/boardmanager/
2023-08-30 12:39:08,287 [WARN] ApiDb:259 - Overriding images path with different value:  => C:\ST\STM32CubeIDE_1.13.1\STM32CubeIDE\plugins\com.st.stm32cube.common.mx_6.9.1.202307191849\\db\/plugins/mcufinder/images/
2023-08-30 12:39:08,297 [INFO] ApiDb:250 - Set database path to: C:\Users\Mahmu\.stmcufinder\plugins\mcufinder//mcu/
2023-08-30 12:39:08,298 [INFO] DbMcusAds:125 - Set database path to: C:\Users\Mahmu\.stmcufinder\plugins\mcufinder//mcu/
2023-08-30 12:39:08,300 [INFO] CrossReferenceDbSqlite:203 - Set database path to: C:\Users\Mahmu\.stmcufinder\plugins\mcufinder//mcu/cs/
2023-08-30 12:39:08,440 [INFO] RulesReader:64 - Compatibility file has been processed (293 Rules)
2023-08-30 12:39:08,525 [INFO] DbMcusXml:78 - Set database path to: C:\ST\STM32CubeIDE_1.13.1\STM32CubeIDE\plugins\com.st.stm32cube.common.mx_6.9.1.202307191849\\db\/mcu/
2023-08-30 12:39:08,525 [INFO] ApiDb:274 - Set plugin database path to: C:\ST\STM32CubeIDE_1.13.1\STM32CubeIDE\plugins\com.st.stm32cube.common.mx_6.9.1.202307191849\\db\/plugins/boardmanager/
2023-08-30 12:39:08,525 [INFO] ApiDb:261 - Set plugin images path to: C:\ST\STM32CubeIDE_1.13.1\STM32CubeIDE\plugins\com.st.stm32cube.common.mx_6.9.1.202307191849\\db\/plugins/mcufinder/images/
2023-08-30 12:39:08,526 [WARN] DbFile:41 - Overriding database path with different value: C:\Users\Mahmu\.stmcufinder\plugins\mcufinder/ => C:\Users\Mahmu\.stmcufinder\plugins\mcufinder
2023-08-30 12:39:08,526 [INFO] ApiDb:250 - Set database path to: C:\Users\Mahmu\.stmcufinder\plugins\mcufinder//mcu/
2023-08-30 12:39:08,526 [WARN] DbFile:41 - Overriding database path with different value: C:\Users\Mahmu\.stmcufinder\plugins\mcufinder/ => C:\Users\Mahmu\.stmcufinder\plugins\mcufinder
2023-08-30 12:39:08,526 [INFO] DbMcusAds:125 - Set database path to: C:\Users\Mahmu\.stmcufinder\plugins\mcufinder//mcu/
2023-08-30 12:39:08,526 [WARN] DbFile:41 - Overriding database path with different value: C:\Users\Mahmu\.stmcufinder\plugins\mcufinder/ => C:\Users\Mahmu\.stmcufinder\plugins\mcufinder
2023-08-30 12:39:08,526 [WARN] DbFile:41 - Overriding database path with different value: C:\Users\Mahmu\.stmcufinder\plugins\mcufinder/ => C:\Users\Mahmu\.stmcufinder\plugins\mcufinder
2023-08-30 12:39:08,526 [INFO] CrossReferenceDbSqlite:203 - Set database path to: C:\Users\Mahmu\.stmcufinder\plugins\mcufinder//mcu/cs/
2023-08-30 12:39:08,608 [INFO] MainPanel:262 - HeapMemory: 268435456
2023-08-30 12:39:08,701 [INFO] DbMcusXml:78 - Set database path to: C:\ST\STM32CubeIDE_1.13.1\STM32CubeIDE\plugins\com.st.stm32cube.common.mx_6.9.1.202307191849\\db\/mcu/
2023-08-30 12:39:08,701 [INFO] ApiDb:274 - Set plugin database path to: C:\ST\STM32CubeIDE_1.13.1\STM32CubeIDE\plugins\com.st.stm32cube.common.mx_6.9.1.202307191849\\db\/plugins/boardmanager/
2023-08-30 12:39:08,701 [INFO] ApiDb:261 - Set plugin images path to: C:\ST\STM32CubeIDE_1.13.1\STM32CubeIDE\plugins\com.st.stm32cube.common.mx_6.9.1.202307191849\\db\/plugins/mcufinder/images/
2023-08-30 12:39:08,702 [WARN] DbFile:41 - Overriding database path with different value: C:\Users\Mahmu\.stmcufinder\plugins\mcufinder/ => C:\Users\Mahmu\.stmcufinder\plugins\mcufinder
2023-08-30 12:39:08,702 [INFO] ApiDb:250 - Set database path to: C:\Users\Mahmu\.stmcufinder\plugins\mcufinder//mcu/
2023-08-30 12:39:08,702 [WARN] DbFile:41 - Overriding database path with different value: C:\Users\Mahmu\.stmcufinder\plugins\mcufinder/ => C:\Users\Mahmu\.stmcufinder\plugins\mcufinder
2023-08-30 12:39:08,703 [INFO] DbMcusAds:125 - Set database path to: C:\Users\Mahmu\.stmcufinder\plugins\mcufinder//mcu/
2023-08-30 12:39:08,703 [WARN] DbFile:41 - Overriding database path with different value: C:\Users\Mahmu\.stmcufinder\plugins\mcufinder/ => C:\Users\Mahmu\.stmcufinder\plugins\mcufinder
2023-08-30 12:39:08,703 [WARN] DbFile:41 - Overriding database path with different value: C:\Users\Mahmu\.stmcufinder\plugins\mcufinder/ => C:\Users\Mahmu\.stmcufinder\plugins\mcufinder
2023-08-30 12:39:08,703 [INFO] CrossReferenceDbSqlite:203 - Set database path to: C:\Users\Mahmu\.stmcufinder\plugins\mcufinder//mcu/cs/
2023-08-30 12:39:08,720 [INFO] ApplicationProperties:184 - Using Application install path: C:\ST\STM32CubeIDE_1.13.1\STM32CubeIDE\plugins\com.st.stm32cube.common.mx_6.9.1.202307191849
2023-08-30 12:39:08,722 [INFO] PluginManage:196 - Search for loadable plugins [exclusion list=, ]
2023-08-30 12:39:08,723 [INFO] PluginManage:310 - Check plugin analytics
2023-08-30 12:39:08,900 [INFO] AnalyticsPlugin:253 - Accepted Software Licenses: 
2023-08-30 12:39:08,900 [INFO] AnalyticsPlugin:255 - Accepted CMSIS Pack Licenses: 
2023-08-30 12:39:08,900 [INFO] AnalyticsPlugin:257 - Accepted Firmware Licenses: FW.F4.1.27.0
2023-08-30 12:39:08,903 [INFO] PluginManage:359 - Loaded plugin analytics (category:tool,tabindex:-1)
2023-08-30 12:39:08,903 [INFO] PluginManage:310 - Check plugin cadmodel
2023-08-30 12:39:08,919 [INFO] CADModel:105 - Init CAD model plugin
2023-08-30 12:39:08,920 [INFO] PluginManage:359 - Loaded plugin cadmodel (category:power,tabindex:5)
2023-08-30 12:39:08,920 [INFO] PluginManage:310 - Check plugin clock
2023-08-30 12:39:08,944 [INFO] PluginManage:359 - Loaded plugin clock (category:base,tabindex:2)
2023-08-30 12:39:08,944 [INFO] PluginManage:310 - Check plugin ddr
2023-08-30 12:39:08,946 [INFO] PluginManage:359 - Loaded plugin ddr (category:tool,tabindex:6)
2023-08-30 12:39:08,947 [INFO] PluginManage:310 - Check plugin filemanager
2023-08-30 12:39:09,082 [INFO] PluginManage:359 - Loaded plugin filemanager (category:base,tabindex:10)
2023-08-30 12:39:09,082 [INFO] PluginManage:310 - Check plugin ipmanager
2023-08-30 12:39:09,090 [INFO] PluginManage:359 - Loaded plugin ipmanager (category:base,tabindex:5)
2023-08-30 12:39:09,090 [INFO] PluginManage:310 - Check plugin lpbam
2023-08-30 12:39:09,109 [INFO] PluginManage:359 - Loaded plugin lpbam (category:base,tabindex:0)
2023-08-30 12:39:09,110 [INFO] PluginManage:310 - Check plugin memorymap
2023-08-30 12:39:09,136 [INFO] PluginManage:359 - Loaded plugin memorymap (category:base,tabindex:4)
2023-08-30 12:39:09,136 [INFO] PluginManage:310 - Check plugin pinoutandconfiguration
2023-08-30 12:39:09,155 [INFO] PluginManage:359 - Loaded plugin pinoutandconfiguration (category:base,tabindex:1)
2023-08-30 12:39:09,156 [INFO] PluginManage:310 - Check plugin pinoutconfig
2023-08-30 12:39:09,254 [WARN] SupportedApi:132 - Cannot load RTOS API schema: s4s-elt-must-match.1: The content of 'definitions' must match (annotation?, (simpleType | complexType)?, (unique | key | keyref)*)). A problem was found starting at: attribute.
2023-08-30 12:39:09,404 [INFO] PluginManage:359 - Loaded plugin pinoutconfig (category:base,tabindex:0)
2023-08-30 12:39:09,404 [INFO] PluginManage:310 - Check plugin power
2023-08-30 12:39:09,426 [INFO] PluginManage:359 - Loaded plugin power (category:power,tabindex:4)
2023-08-30 12:39:09,426 [INFO] PluginManage:310 - Check plugin projectmanager
2023-08-30 12:39:09,442 [INFO] PluginManage:359 - Loaded plugin projectmanager (category:projectmanager,tabindex:3)
2023-08-30 12:39:09,442 [INFO] PluginManage:310 - Check plugin thirdparty
2023-08-30 12:39:09,776 [INFO] PluginManage:359 - Loaded plugin thirdparty (category:base,tabindex:-1)
2023-08-30 12:39:09,776 [INFO] PluginManage:310 - Check plugin tools
2023-08-30 12:39:09,776 [WARN] IntegrityCheckThread:84 - waiting for thirdparty lock release [integrity check]
2023-08-30 12:39:09,777 [INFO] IntegrityCheckThread:86 - entering critical section [integrity check]
2023-08-30 12:39:09,777 [INFO] ThirdPartyUpdaterWithRetryManager:70 - Updater plugin not ready yet. [1/15]
2023-08-30 12:39:09,824 [INFO] PluginManage:359 - Loaded plugin tools (category:base,tabindex:7)
2023-08-30 12:39:09,825 [INFO] PluginManage:310 - Check plugin tutovideos
2023-08-30 12:39:10,035 [INFO] PluginManage:359 - Loaded plugin tutovideos (category:base,tabindex:-1)
2023-08-30 12:39:10,036 [INFO] PluginManage:310 - Check plugin updater
2023-08-30 12:39:10,047 [INFO] PluginManage:359 - Loaded plugin updater (category:base,tabindex:12)
2023-08-30 12:39:10,047 [INFO] PluginManage:310 - Check plugin userauth
2023-08-30 12:39:10,054 [INFO] UserAuth:113 - Init User Auth plugin
2023-08-30 12:39:10,054 [INFO] PluginManage:359 - Loaded plugin userauth (category:base,tabindex:14)
2023-08-30 12:39:10,054 [INFO] PluginManage:283 - PluginManage : Loaded plugins [17]
2023-08-30 12:39:10,314 [INFO] PinOutPanel:1499 - setPackage(No Configuration,No Configuration)
2023-08-30 12:39:10,425 [INFO] CADModel:165 - CPN selected for project level
2023-08-30 12:39:10,426 [INFO] CADModel:114 - Register for checkConnection events
2023-08-30 12:39:10,455 [INFO] IPUIPlugin:80 - create IPUIPlugin
2023-08-30 12:39:10,455 [INFO] PluginManager:220 - loadIPPluginJar : add adc
2023-08-30 12:39:10,521 [INFO] IPUIPlugin:80 - create IPUIPlugin
2023-08-30 12:39:10,521 [INFO] PluginManager:220 - loadIPPluginJar : add aes
2023-08-30 12:39:10,576 [INFO] IPUIPlugin:80 - create IPUIPlugin
2023-08-30 12:39:10,576 [INFO] PluginManager:220 - loadIPPluginJar : add can
2023-08-30 12:39:10,606 [INFO] IPUIPlugin:80 - create IPUIPlugin
2023-08-30 12:39:10,606 [INFO] PluginManager:220 - loadIPPluginJar : add comp
2023-08-30 12:39:10,646 [INFO] IPUIPlugin:80 - create IPUIPlugin
2023-08-30 12:39:10,646 [INFO] PluginManager:220 - loadIPPluginJar : add cryp
2023-08-30 12:39:10,680 [INFO] IPUIPlugin:80 - create IPUIPlugin
2023-08-30 12:39:10,680 [INFO] PluginManager:220 - loadIPPluginJar : add dfsdm
2023-08-30 12:39:10,699 [INFO] IPUIPlugin:80 - create IPUIPlugin
2023-08-30 12:39:10,700 [INFO] PluginManager:220 - loadIPPluginJar : add dma
2023-08-30 12:39:10,783 [INFO] IPUIPlugin:80 - create IPUIPlugin
2023-08-30 12:39:10,783 [INFO] PluginManager:220 - loadIPPluginJar : add dma3
2023-08-30 12:39:10,826 [INFO] IPUIPlugin:80 - create IPUIPlugin
2023-08-30 12:39:10,826 [INFO] PluginManager:220 - loadIPPluginJar : add fatfs
2023-08-30 12:39:10,906 [INFO] IPUIPlugin:80 - create IPUIPlugin
2023-08-30 12:39:10,906 [INFO] PluginManager:220 - loadIPPluginJar : add fmc
2023-08-30 12:39:10,924 [INFO] IPUIPlugin:80 - create IPUIPlugin
2023-08-30 12:39:10,924 [INFO] PluginManager:220 - loadIPPluginJar : add freertos
2023-08-30 12:39:10,951 [INFO] IPUIPlugin:80 - create IPUIPlugin
2023-08-30 12:39:10,952 [INFO] PluginManager:220 - loadIPPluginJar : add genericplugin
2023-08-30 12:39:11,079 [INFO] IPUIPlugin:80 - create IPUIPlugin
2023-08-30 12:39:11,079 [INFO] PluginManager:220 - loadIPPluginJar : add gfxmmu
2023-08-30 12:39:11,226 [INFO] IPUIPlugin:80 - create IPUIPlugin
2023-08-30 12:39:11,226 [INFO] PluginManager:220 - loadIPPluginJar : add gic
2023-08-30 12:39:11,274 [INFO] IPUIPlugin:80 - create IPUIPlugin
2023-08-30 12:39:11,274 [INFO] PluginManager:220 - loadIPPluginJar : add gpio
2023-08-30 12:39:11,350 [INFO] IPUIPlugin:80 - create IPUIPlugin
2023-08-30 12:39:11,350 [INFO] PluginManager:220 - loadIPPluginJar : add gtzc
2023-08-30 12:39:11,374 [INFO] IPUIPlugin:80 - create IPUIPlugin
2023-08-30 12:39:11,374 [INFO] PluginManager:220 - loadIPPluginJar : add hash
2023-08-30 12:39:11,413 [INFO] IPUIPlugin:80 - create IPUIPlugin
2023-08-30 12:39:11,413 [INFO] PluginManager:220 - loadIPPluginJar : add i2c
2023-08-30 12:39:11,443 [INFO] IPUIPlugin:80 - create IPUIPlugin
2023-08-30 12:39:11,443 [INFO] PluginManager:220 - loadIPPluginJar : add i2s
2023-08-30 12:39:11,472 [INFO] IPUIPlugin:80 - create IPUIPlugin
2023-08-30 12:39:11,472 [INFO] PluginManager:220 - loadIPPluginJar : add i3c
2023-08-30 12:39:11,541 [INFO] IPUIPlugin:80 - create IPUIPlugin
2023-08-30 12:39:11,541 [INFO] PluginManager:220 - loadIPPluginJar : add ipddr
2023-08-30 12:39:11,622 [INFO] IPUIPlugin:80 - create IPUIPlugin
2023-08-30 12:39:11,622 [INFO] PluginManager:220 - loadIPPluginJar : add linkedlist
2023-08-30 12:39:11,665 [INFO] IPUIPlugin:80 - create IPUIPlugin
2023-08-30 12:39:11,665 [INFO] PluginManager:220 - loadIPPluginJar : add lorawan
2023-08-30 12:39:11,705 [INFO] IPUIPlugin:80 - create IPUIPlugin
2023-08-30 12:39:11,705 [INFO] PluginManager:220 - loadIPPluginJar : add ltdc
2023-08-30 12:39:11,719 [INFO] IPUIPlugin:80 - create IPUIPlugin
2023-08-30 12:39:11,719 [INFO] PluginManager:220 - loadIPPluginJar : add mdma
2023-08-30 12:39:11,733 [INFO] IPUIPlugin:80 - create IPUIPlugin
2023-08-30 12:39:11,733 [INFO] PluginManager:220 - loadIPPluginJar : add nvic
2023-08-30 12:39:11,777 [INFO] IPUIPlugin:80 - create IPUIPlugin
2023-08-30 12:39:11,777 [INFO] PluginManager:220 - loadIPPluginJar : add opamp
2023-08-30 12:39:11,831 [INFO] IPUIPlugin:80 - create IPUIPlugin
2023-08-30 12:39:11,831 [INFO] PluginManager:220 - loadIPPluginJar : add openamp
2023-08-30 12:39:11,865 [INFO] IPUIPlugin:80 - create IPUIPlugin
2023-08-30 12:39:11,865 [INFO] PluginManager:220 - loadIPPluginJar : add pdm2pcm
2023-08-30 12:39:11,877 [INFO] IPUIPlugin:80 - create IPUIPlugin
2023-08-30 12:39:11,878 [INFO] PluginManager:220 - loadIPPluginJar : add plateformsettings
2023-08-30 12:39:11,897 [INFO] IPUIPlugin:80 - create IPUIPlugin
2023-08-30 12:39:11,897 [INFO] PluginManager:220 - loadIPPluginJar : add quadspi
2023-08-30 12:39:11,908 [INFO] IPUIPlugin:80 - create IPUIPlugin
2023-08-30 12:39:11,908 [INFO] PluginManager:220 - loadIPPluginJar : add resmgrutility
2023-08-30 12:39:11,946 [INFO] IPUIPlugin:80 - create IPUIPlugin
2023-08-30 12:39:11,946 [INFO] PluginManager:220 - loadIPPluginJar : add sai
2023-08-30 12:39:11,973 [INFO] IPUIPlugin:80 - create IPUIPlugin
2023-08-30 12:39:11,973 [INFO] PluginManager:220 - loadIPPluginJar : add spi
2023-08-30 12:39:12,015 [INFO] IPUIPlugin:80 - create IPUIPlugin
2023-08-30 12:39:12,015 [INFO] PluginManager:220 - loadIPPluginJar : add stm32_wpan
2023-08-30 12:39:12,033 [INFO] IPUIPlugin:80 - create IPUIPlugin
2023-08-30 12:39:12,033 [INFO] PluginManager:220 - loadIPPluginJar : add tim
2023-08-30 12:39:12,098 [INFO] IPUIPlugin:80 - create IPUIPlugin
2023-08-30 12:39:12,098 [INFO] PluginManager:220 - loadIPPluginJar : add touchsensing
2023-08-30 12:39:12,115 [INFO] IPUIPlugin:80 - create IPUIPlugin
2023-08-30 12:39:12,115 [INFO] PluginManager:220 - loadIPPluginJar : add tracer_emb
2023-08-30 12:39:12,133 [INFO] IPUIPlugin:80 - create IPUIPlugin
2023-08-30 12:39:12,133 [INFO] PluginManager:220 - loadIPPluginJar : add ts
2023-08-30 12:39:12,149 [INFO] IPUIPlugin:80 - create IPUIPlugin
2023-08-30 12:39:12,149 [INFO] PluginManager:220 - loadIPPluginJar : add tsc
2023-08-30 12:39:12,167 [INFO] IPUIPlugin:80 - create IPUIPlugin
2023-08-30 12:39:12,167 [INFO] PluginManager:220 - loadIPPluginJar : add ucpd
2023-08-30 12:39:12,210 [INFO] IPUIPlugin:80 - create IPUIPlugin
2023-08-30 12:39:12,210 [INFO] PluginManager:220 - loadIPPluginJar : add usart
2023-08-30 12:39:12,256 [INFO] IPUIPlugin:80 - create IPUIPlugin
2023-08-30 12:39:12,256 [INFO] PluginManager:220 - loadIPPluginJar : add usbx
2023-08-30 12:39:12,364 [INFO] CADModel:165 - CPN selected for project level
2023-08-30 12:39:12,364 [INFO] CADModel:114 - Register for checkConnection events
2023-08-30 12:39:12,364 [FATAL] Updater:308 - Updater called before beeing initialized
2023-08-30 12:39:12,365 [ERROR] CADModel:125 - Updater not yet initialized, retry later 
2023-08-30 12:39:12,522 [INFO] CADModel:165 - CPN selected for project level
2023-08-30 12:39:12,522 [INFO] CADModel:114 - Register for checkConnection events
2023-08-30 12:39:12,523 [FATAL] Updater:308 - Updater called before beeing initialized
2023-08-30 12:39:12,523 [ERROR] CADModel:125 - Updater not yet initialized, retry later 
2023-08-30 12:39:12,527 [FATAL] Updater:308 - Updater called before beeing initialized
2023-08-30 12:39:12,609 [FATAL] Updater:308 - Updater called before beeing initialized
2023-08-30 12:39:12,618 [INFO] DbMcusAds:53 - JSON generation date=Tue Mar 07 09:50:55 GMT+01:00 2023 (1678179055114)
2023-08-30 12:39:12,618 [FATAL] Updater:308 - Updater called before beeing initialized
2023-08-30 12:39:12,684 [WARN] DetailPanel:346 - Failed to get advertising image, set to default
2023-08-30 12:39:12,754 [FATAL] Updater:308 - Updater called before beeing initialized
2023-08-30 12:39:12,755 [FATAL] Updater:308 - Updater called before beeing initialized
2023-08-30 12:39:12,756 [FATAL] Updater:308 - Updater called before beeing initialized
2023-08-30 12:39:12,756 [WARN] DetailPanel:346 - Failed to get advertising image, set to default
2023-08-30 12:39:12,756 [FATAL] Updater:308 - Updater called before beeing initialized
2023-08-30 12:39:12,779 [INFO] ThirdPartyUpdaterWithRetryManager:70 - Updater plugin not ready yet. [2/15]
2023-08-30 12:39:12,800 [ERROR] Updater:1120 - MainUpdater not yet initialized. External WinMGr cannot be set.
2023-08-30 12:39:12,808 [INFO] Updater:1056 - Updater Version found : 6.9.1
2023-08-30 12:39:12,824 [INFO] ApplicationProperties:184 - Using Application install path: C:\ST\STM32CubeIDE_1.13.1\STM32CubeIDE\plugins\com.st.stm32cube.common.mx_6.9.1.202307191849
2023-08-30 12:39:13,443 [INFO] MainUpdater:2868 - connection check result : 10
2023-08-30 12:39:13,444 [INFO] MainUpdater:285 - Updater Check For Update Now.
2023-08-30 12:39:13,444 [INFO] MicroXplorer:498 - Change Database Version : DB.6.0.91
2023-08-30 12:39:13,491 [INFO] McuFinderGlobals:63 - Set McuFinder mode to 2 (CubeIDE integrated)
2023-08-30 12:39:13,491 [INFO] UserAuth:179 - activating auth plugin
2023-08-30 12:39:13,494 [INFO] UserAuth:393 - Internet connection configuration mode: 1
2023-08-30 12:39:13,526 [INFO] JxBrowserEngine:151 - Initiate JxBrowser Engine with user profile folder
2023-08-30 12:39:13,663 [INFO] CheckServerUpdateThread:120 - End of CheckServer Thread
2023-08-30 12:39:15,180 [INFO] WebApp:157 - Instantiating new browser for Auth
2023-08-30 12:39:15,610 [INFO] WebApp:753 - Register for checkConnection events
2023-08-30 12:39:15,610 [INFO] WebApp:390 - Apply proxy settings
2023-08-30 12:39:15,611 [INFO] WebApp:475 - Chromium requires no authentication
2023-08-30 12:39:15,621 [INFO] WebApp:418 - Direct internet connection detected
2023-08-30 12:39:15,744 [INFO] WebApp:188 - Starting web application
2023-08-30 12:39:15,744 [INFO] WebApp:520 - Web application path used C:\ST\STM32CubeIDE_1.13.1\STM32CubeIDE\plugins\com.st.stm32cube.common.mx_6.9.1.202307191849\db\plugins\mcufinder\reactClient1\index.html
2023-08-30 12:39:15,910 [WARN] PackLoader:240 - Cannot read IP mode file for STMicroelectronics.X-CUBE-SMBUS.2.1.0
2023-08-30 12:39:15,971 [WARN] PackLoader:240 - Cannot read IP mode file for STMicroelectronics.X-CUBE-AZRTOS-F7.1.1.0
2023-08-30 12:39:15,993 [WARN] PackLoader:240 - Cannot read IP mode file for STMicroelectronics.FP-SNS-MOTENV1.4.3.2
2023-08-30 12:39:16,008 [WARN] PackLoader:240 - Cannot read IP mode file for STMicroelectronics.FP-SNS-FLIGHT1.5.0.2
2023-08-30 12:39:16,022 [WARN] PackLoader:240 - Cannot read IP mode file for STMicroelectronics.X-CUBE-DISPLAY.3.0.0
2023-08-30 12:39:16,042 [WARN] PackLoader:240 - Cannot read IP mode file for STMicroelectronics.X-CUBE-BLE1.7.0.0
2023-08-30 12:39:16,056 [WARN] PackLoader:240 - Cannot read IP mode file for emotas.I-CUBE-CANOPEN.1.3.0
2023-08-30 12:39:16,069 [WARN] PackLoader:240 - Cannot read IP mode file for STMicroelectronics.X-CUBE-TOUCHGFX.4.22.0
2023-08-30 12:39:16,091 [INFO] LogOutputStream:77 - [STDOUT_REDIRECT] 1 : Invalid condition id : UX_CORESTACK_Condition cause : null
2023-08-30 12:39:16,091 [INFO] LogOutputStream:77 - [STDOUT_REDIRECT] 1 : Invalid condition id : UX_CORESTACK_Condition cause : null
2023-08-30 12:39:16,092 [INFO] LogOutputStream:77 - [STDOUT_REDIRECT] 1 : Invalid condition id : UX_CORESTACK_Condition cause : null
2023-08-30 12:39:16,093 [INFO] LogOutputStream:77 - [STDOUT_REDIRECT] 1 : Invalid condition id : UX_CORESTACK_Condition cause : null
2023-08-30 12:39:16,094 [INFO] LogOutputStream:77 - [STDOUT_REDIRECT] 1 : Invalid condition id : UX_CORESTACK_Condition cause : null
2023-08-30 12:39:16,099 [WARN] PackLoader:240 - Cannot read IP mode file for STMicroelectronics.X-CUBE-AZRTOS-WL.2.0.0
2023-08-30 12:39:16,113 [WARN] PackLoader:240 - Cannot read IP mode file for WES.I-CUBE-Cesium.1.3.0
2023-08-30 12:39:16,127 [WARN] PackLoader:240 - Cannot read IP mode file for STMicroelectronics.X-CUBE-BLE2.3.3.0
2023-08-30 12:39:16,138 [WARN] PackLoader:240 - Cannot read IP mode file for STMicroelectronics.X-CUBE-ALGOBUILD.1.3.0
2023-08-30 12:39:16,165 [WARN] PackLoader:240 - Cannot read IP mode file for STMicroelectronics.X-CUBE-AZRTOS-G0.1.1.0
2023-08-30 12:39:16,180 [WARN] PackLoader:240 - Cannot read IP mode file for STMicroelectronics.X-CUBE-NFC4.3.0.0
2023-08-30 12:39:16,191 [WARN] PackLoader:240 - Cannot read IP mode file for STMicroelectronics.FP-ATR-SIGFOX1.3.2.0
2023-08-30 12:39:16,225 [WARN] PackLoader:240 - Cannot read IP mode file for SEGGER.I-CUBE-embOS.1.3.1
2023-08-30 12:39:16,280 [WARN] PackLoader:240 - Cannot read IP mode file for STMicroelectronics.X-CUBE-GNSS1.6.0.0
2023-08-30 12:39:16,307 [WARN] PackLoader:240 - Cannot read IP mode file for STMicroelectronics.X-CUBE-AZRTOS-F4.1.1.0
2023-08-30 12:39:16,319 [WARN] PackLoader:240 - Cannot read IP mode file for wolfSSL.I-CUBE-wolfSSL.5.6.3
2023-08-30 12:39:16,344 [WARN] PackLoader:240 - Cannot read IP mode file for STMicroelectronics.X-CUBE-AZRTOS-L5.2.0.0
2023-08-30 12:39:16,381 [WARN] PackLoader:240 - Cannot read IP mode file for STMicroelectronics.X-CUBE-MEMS1.9.6.0
2023-08-30 12:39:16,499 [WARN] PackLoader:240 - Cannot read IP mode file for STMicroelectronics.X-CUBE-BLEMGR.2.0.0
2023-08-30 12:39:16,530 [WARN] ConditionMgr:438 - getConditionDescription Invalid condition id : UX DEVICE CLASS RTOS Condition cause : null
2023-08-30 12:39:16,530 [WARN] ConditionMgr:438 - getConditionDescription Invalid condition id : UX DEVICE CLASS RTOS Condition cause : null
2023-08-30 12:39:16,532 [WARN] PackLoader:240 - Cannot read IP mode file for STMicroelectronics.X-CUBE-AZRTOS-H7.3.1.0
2023-08-30 12:39:16,533 [WARN] ConditionMgr:1039 - genDependencies : Invalid condition id : UX DEVICE CLASS RTOS Condition cause : null
2023-08-30 12:39:16,533 [WARN] ConditionMgr:1039 - genDependencies : Invalid condition id : UX DEVICE CLASS RTOS Condition cause : null
2023-08-30 12:39:16,534 [WARN] ConditionMgr:1039 - genDependencies : Invalid condition id : UX DEVICE CLASS RTOS Condition cause : null
2023-08-30 12:39:16,534 [WARN] ConditionMgr:1039 - genDependencies : Invalid condition id : UX DEVICE CLASS RTOS Condition cause : null
2023-08-30 12:39:16,534 [WARN] ConditionMgr:1039 - genDependencies : Invalid condition id : UX DEVICE CLASS RTOS Condition cause : null
2023-08-30 12:39:16,547 [WARN] PackLoader:240 - Cannot read IP mode file for STMicroelectronics.X-CUBE-NFC7.1.0.1
2023-08-30 12:39:16,561 [WARN] PackLoader:240 - Cannot read IP mode file for STMicroelectronics.X-CUBE-EEPRMA1.4.1.0
2023-08-30 12:39:16,574 [WARN] PackLoader:240 - Cannot read IP mode file for STMicroelectronics.X-CUBE-AI.8.1.0
2023-08-30 12:39:16,596 [WARN] ConditionMgr:438 - getConditionDescription Invalid condition id : LAN8742 Phy interface Condition cause : null
2023-08-30 12:39:16,596 [WARN] PackLoader:240 - Cannot read IP mode file for STMicroelectronics.X-CUBE-AZRTOS-L4.2.0.0
2023-08-30 12:39:16,597 [WARN] ConditionMgr:1039 - genDependencies : Invalid condition id : LAN8742 Phy interface Condition cause : null
2023-08-30 12:39:16,597 [WARN] ConditionMgr:1039 - genDependencies : Invalid condition id : LAN8742 Phy interface Condition cause : null
2023-08-30 12:39:16,598 [WARN] ConditionMgr:1039 - genDependencies : Invalid condition id : LAN8742 Phy interface Condition cause : null
2023-08-30 12:39:16,610 [WARN] PackLoader:240 - Cannot read IP mode file for STMicroelectronics.X-CUBE-SFXS2LP1.4.0.0
2023-08-30 12:39:16,622 [WARN] PackLoader:240 - Cannot read IP mode file for STMicroelectronics.X-CUBE-ISPU.1.1.0
2023-08-30 12:39:16,644 [WARN] ConditionMgr:438 - getConditionDescription Invalid condition id : UX DEVICE CLASS RTOS Condition cause : null
2023-08-30 12:39:16,644 [WARN] ConditionMgr:438 - getConditionDescription Invalid condition id : UX DEVICE CLASS RTOS Condition cause : null
2023-08-30 12:39:16,645 [WARN] PackLoader:240 - Cannot read IP mode file for STMicroelectronics.X-CUBE-AZRTOS-WB.2.0.0
2023-08-30 12:39:16,645 [WARN] ConditionMgr:1039 - genDependencies : Invalid condition id : UX DEVICE CLASS RTOS Condition cause : null
2023-08-30 12:39:16,645 [WARN] ConditionMgr:1039 - genDependencies : Invalid condition id : UX DEVICE CLASS RTOS Condition cause : null
2023-08-30 12:39:16,646 [WARN] ConditionMgr:1039 - genDependencies : Invalid condition id : UX DEVICE CLASS RTOS Condition cause : null
2023-08-30 12:39:16,646 [WARN] ConditionMgr:1039 - genDependencies : Invalid condition id : UX DEVICE CLASS RTOS Condition cause : null
2023-08-30 12:39:16,646 [WARN] ConditionMgr:1039 - genDependencies : Invalid condition id : UX DEVICE CLASS RTOS Condition cause : null
2023-08-30 12:39:16,660 [WARN] PackLoader:240 - Cannot read IP mode file for STMicroelectronics.X-CUBE-SUBG2.5.0.0
2023-08-30 12:39:16,676 [WARN] PackLoader:240 - Cannot read IP mode file for STMicroelectronics.X-CUBE-TOF1.3.3.1
2023-08-30 12:39:16,697 [WARN] PackLoader:240 - Cannot read IP mode file for STMicroelectronics.X-CUBE-AZRTOS-G4.2.0.0
2023-08-30 12:39:16,708 [WARN] PackLoader:240 - Cannot read IP mode file for STMicroelectronics.X-CUBE-FREERTOS.1.1.0
2023-08-30 12:39:16,720 [WARN] PackLoader:240 - Cannot read IP mode file for portGmbH.I-Cube-SoM-uGOAL.1.1.0
2023-08-30 12:39:16,729 [WARN] PackLoader:240 - Cannot read IP mode file for STMicroelectronics.X-CUBE-ALS.1.0.1
2023-08-30 12:39:16,739 [WARN] PackLoader:240 - Cannot read IP mode file for STMicroelectronics.FP-ATR-ASTRA1.2.0.0
2023-08-30 12:39:16,740 [INFO] ThirdParty:978 - Integrity check success = true
2023-08-30 12:39:16,740 [INFO] IntegrityCheckThread:100 - exiting critical section [integrity check]
2023-08-30 12:39:16,740 [INFO] IntegrityCheckThread:103 - End integrity checks thread
2023-08-30 12:39:36,492 [ERROR] LogOutputStream:75 - [STDERR_REDIRECT] SLF4J: Failed to load class "org.slf4j.impl.StaticLoggerBinder".
2023-08-30 12:39:36,492 [ERROR] LogOutputStream:75 - [STDERR_REDIRECT] SLF4J: Defaulting to no-operation (NOP) logger implementation
2023-08-30 12:39:36,493 [ERROR] LogOutputStream:75 - [STDERR_REDIRECT] SLF4J: See http://www.slf4j.org/codes.html#StaticLoggerBinder for further details.
2023-08-30 17:55:00,063 [ERROR] LogOutputStream:75 - [STDERR_REDIRECT] 
