2023-09-08 12:30:05,060 [INFO] Activator:176 - 


2023-09-08 12:30:05,066 [INFO] Activator:177 - !SESSION log4j initialized
2023-09-08 12:30:11,890 [INFO] LogOutputStream:77 - [STDOUT_REDIRECT] 
2023-09-08 12:30:13,966 [INFO] ApplicationProperties:184 - Using Application install path: C:\ST\STM32CubeIDE_1.13.1\STM32CubeIDE\plugins\com.st.stm32cube.common.mx_6.9.1.202307191849
2023-09-08 12:30:13,988 [INFO] DbMcusXml:78 - Set database path to: C:\ST\STM32CubeIDE_1.13.1\STM32CubeIDE\plugins\com.st.stm32cube.common.mx_6.9.1.202307191849\\db\/mcu/
2023-09-08 12:30:13,989 [INFO] ApiDb:274 - Set plugin database path to: C:\ST\STM32CubeIDE_1.13.1\STM32CubeIDE\plugins\com.st.stm32cube.common.mx_6.9.1.202307191849\\db\/plugins/boardmanager/
2023-09-08 12:30:14,025 [WARN] ApiDb:259 - Overriding images path with different value:  => C:\ST\STM32CubeIDE_1.13.1\STM32CubeIDE\plugins\com.st.stm32cube.common.mx_6.9.1.202307191849\\db\/plugins/mcufinder/images/
2023-09-08 12:30:14,034 [INFO] ApiDb:250 - Set database path to: C:\Users\Mahmu\.stmcufinder\plugins\mcufinder//mcu/
2023-09-08 12:30:14,036 [INFO] DbMcusAds:125 - Set database path to: C:\Users\Mahmu\.stmcufinder\plugins\mcufinder//mcu/
2023-09-08 12:30:14,039 [INFO] CrossReferenceDbSqlite:203 - Set database path to: C:\Users\Mahmu\.stmcufinder\plugins\mcufinder//mcu/cs/
2023-09-08 12:30:14,194 [INFO] RulesReader:64 - Compatibility file has been processed (293 Rules)
2023-09-08 12:30:14,302 [INFO] DbMcusXml:78 - Set database path to: C:\ST\STM32CubeIDE_1.13.1\STM32CubeIDE\plugins\com.st.stm32cube.common.mx_6.9.1.202307191849\\db\/mcu/
2023-09-08 12:30:14,302 [INFO] ApiDb:274 - Set plugin database path to: C:\ST\STM32CubeIDE_1.13.1\STM32CubeIDE\plugins\com.st.stm32cube.common.mx_6.9.1.202307191849\\db\/plugins/boardmanager/
2023-09-08 12:30:14,302 [INFO] ApiDb:261 - Set plugin images path to: C:\ST\STM32CubeIDE_1.13.1\STM32CubeIDE\plugins\com.st.stm32cube.common.mx_6.9.1.202307191849\\db\/plugins/mcufinder/images/
2023-09-08 12:30:14,302 [WARN] DbFile:41 - Overriding database path with different value: C:\Users\Mahmu\.stmcufinder\plugins\mcufinder/ => C:\Users\Mahmu\.stmcufinder\plugins\mcufinder
2023-09-08 12:30:14,302 [INFO] ApiDb:250 - Set database path to: C:\Users\Mahmu\.stmcufinder\plugins\mcufinder//mcu/
2023-09-08 12:30:14,303 [WARN] DbFile:41 - Overriding database path with different value: C:\Users\Mahmu\.stmcufinder\plugins\mcufinder/ => C:\Users\Mahmu\.stmcufinder\plugins\mcufinder
2023-09-08 12:30:14,303 [INFO] DbMcusAds:125 - Set database path to: C:\Users\Mahmu\.stmcufinder\plugins\mcufinder//mcu/
2023-09-08 12:30:14,303 [WARN] DbFile:41 - Overriding database path with different value: C:\Users\Mahmu\.stmcufinder\plugins\mcufinder/ => C:\Users\Mahmu\.stmcufinder\plugins\mcufinder
2023-09-08 12:30:14,303 [WARN] DbFile:41 - Overriding database path with different value: C:\Users\Mahmu\.stmcufinder\plugins\mcufinder/ => C:\Users\Mahmu\.stmcufinder\plugins\mcufinder
2023-09-08 12:30:14,303 [INFO] CrossReferenceDbSqlite:203 - Set database path to: C:\Users\Mahmu\.stmcufinder\plugins\mcufinder//mcu/cs/
2023-09-08 12:30:14,373 [INFO] MainPanel:262 - HeapMemory: 268435456
2023-09-08 12:30:14,446 [INFO] DbMcusXml:78 - Set database path to: C:\ST\STM32CubeIDE_1.13.1\STM32CubeIDE\plugins\com.st.stm32cube.common.mx_6.9.1.202307191849\\db\/mcu/
2023-09-08 12:30:14,447 [INFO] ApiDb:274 - Set plugin database path to: C:\ST\STM32CubeIDE_1.13.1\STM32CubeIDE\plugins\com.st.stm32cube.common.mx_6.9.1.202307191849\\db\/plugins/boardmanager/
2023-09-08 12:30:14,447 [INFO] ApiDb:261 - Set plugin images path to: C:\ST\STM32CubeIDE_1.13.1\STM32CubeIDE\plugins\com.st.stm32cube.common.mx_6.9.1.202307191849\\db\/plugins/mcufinder/images/
2023-09-08 12:30:14,447 [WARN] DbFile:41 - Overriding database path with different value: C:\Users\Mahmu\.stmcufinder\plugins\mcufinder/ => C:\Users\Mahmu\.stmcufinder\plugins\mcufinder
2023-09-08 12:30:14,447 [INFO] ApiDb:250 - Set database path to: C:\Users\Mahmu\.stmcufinder\plugins\mcufinder//mcu/
2023-09-08 12:30:14,447 [WARN] DbFile:41 - Overriding database path with different value: C:\Users\Mahmu\.stmcufinder\plugins\mcufinder/ => C:\Users\Mahmu\.stmcufinder\plugins\mcufinder
2023-09-08 12:30:14,447 [INFO] DbMcusAds:125 - Set database path to: C:\Users\Mahmu\.stmcufinder\plugins\mcufinder//mcu/
2023-09-08 12:30:14,448 [WARN] DbFile:41 - Overriding database path with different value: C:\Users\Mahmu\.stmcufinder\plugins\mcufinder/ => C:\Users\Mahmu\.stmcufinder\plugins\mcufinder
2023-09-08 12:30:14,448 [WARN] DbFile:41 - Overriding database path with different value: C:\Users\Mahmu\.stmcufinder\plugins\mcufinder/ => C:\Users\Mahmu\.stmcufinder\plugins\mcufinder
2023-09-08 12:30:14,448 [INFO] CrossReferenceDbSqlite:203 - Set database path to: C:\Users\Mahmu\.stmcufinder\plugins\mcufinder//mcu/cs/
2023-09-08 12:30:14,467 [INFO] ApplicationProperties:184 - Using Application install path: C:\ST\STM32CubeIDE_1.13.1\STM32CubeIDE\plugins\com.st.stm32cube.common.mx_6.9.1.202307191849
2023-09-08 12:30:14,468 [INFO] PluginManage:196 - Search for loadable plugins [exclusion list=, ]
2023-09-08 12:30:14,470 [INFO] PluginManage:310 - Check plugin analytics
2023-09-08 12:30:14,644 [INFO] AnalyticsPlugin:253 - Accepted Software Licenses: 
2023-09-08 12:30:14,644 [INFO] AnalyticsPlugin:255 - Accepted CMSIS Pack Licenses: 
2023-09-08 12:30:14,645 [INFO] AnalyticsPlugin:257 - Accepted Firmware Licenses: FW.F4.1.27.0
2023-09-08 12:30:14,648 [INFO] PluginManage:359 - Loaded plugin analytics (category:tool,tabindex:-1)
2023-09-08 12:30:14,648 [INFO] PluginManage:310 - Check plugin cadmodel
2023-09-08 12:30:14,697 [INFO] CADModel:105 - Init CAD model plugin
2023-09-08 12:30:14,697 [INFO] PluginManage:359 - Loaded plugin cadmodel (category:power,tabindex:5)
2023-09-08 12:30:14,697 [INFO] PluginManage:310 - Check plugin clock
2023-09-08 12:30:14,716 [INFO] PluginManage:359 - Loaded plugin clock (category:base,tabindex:2)
2023-09-08 12:30:14,717 [INFO] PluginManage:310 - Check plugin ddr
2023-09-08 12:30:14,718 [INFO] PluginManage:359 - Loaded plugin ddr (category:tool,tabindex:6)
2023-09-08 12:30:14,719 [INFO] PluginManage:310 - Check plugin filemanager
2023-09-08 12:30:14,849 [INFO] PluginManage:359 - Loaded plugin filemanager (category:base,tabindex:10)
2023-09-08 12:30:14,849 [INFO] PluginManage:310 - Check plugin ipmanager
2023-09-08 12:30:14,856 [INFO] PluginManage:359 - Loaded plugin ipmanager (category:base,tabindex:5)
2023-09-08 12:30:14,856 [INFO] PluginManage:310 - Check plugin lpbam
2023-09-08 12:30:14,875 [INFO] PluginManage:359 - Loaded plugin lpbam (category:base,tabindex:0)
2023-09-08 12:30:14,875 [INFO] PluginManage:310 - Check plugin memorymap
2023-09-08 12:30:14,896 [INFO] PluginManage:359 - Loaded plugin memorymap (category:base,tabindex:4)
2023-09-08 12:30:14,897 [INFO] PluginManage:310 - Check plugin pinoutandconfiguration
2023-09-08 12:30:14,914 [INFO] PluginManage:359 - Loaded plugin pinoutandconfiguration (category:base,tabindex:1)
2023-09-08 12:30:14,914 [INFO] PluginManage:310 - Check plugin pinoutconfig
2023-09-08 12:30:15,010 [WARN] SupportedApi:132 - Cannot load RTOS API schema: s4s-elt-must-match.1: The content of 'definitions' must match (annotation?, (simpleType | complexType)?, (unique | key | keyref)*)). A problem was found starting at: attribute.
2023-09-08 12:30:15,133 [INFO] PluginManage:359 - Loaded plugin pinoutconfig (category:base,tabindex:0)
2023-09-08 12:30:15,133 [INFO] PluginManage:310 - Check plugin power
2023-09-08 12:30:15,157 [INFO] PluginManage:359 - Loaded plugin power (category:power,tabindex:4)
2023-09-08 12:30:15,158 [INFO] PluginManage:310 - Check plugin projectmanager
2023-09-08 12:30:15,174 [INFO] PluginManage:359 - Loaded plugin projectmanager (category:projectmanager,tabindex:3)
2023-09-08 12:30:15,174 [INFO] PluginManage:310 - Check plugin thirdparty
2023-09-08 12:30:15,443 [INFO] PluginManage:359 - Loaded plugin thirdparty (category:base,tabindex:-1)
2023-09-08 12:30:15,443 [WARN] IntegrityCheckThread:84 - waiting for thirdparty lock release [integrity check]
2023-09-08 12:30:15,444 [INFO] PluginManage:310 - Check plugin tools
2023-09-08 12:30:15,444 [INFO] IntegrityCheckThread:86 - entering critical section [integrity check]
2023-09-08 12:30:15,444 [INFO] ThirdPartyUpdaterWithRetryManager:70 - Updater plugin not ready yet. [1/15]
2023-09-08 12:30:15,484 [INFO] PluginManage:359 - Loaded plugin tools (category:base,tabindex:7)
2023-09-08 12:30:15,484 [INFO] PluginManage:310 - Check plugin tutovideos
2023-09-08 12:30:15,657 [INFO] PluginManage:359 - Loaded plugin tutovideos (category:base,tabindex:-1)
2023-09-08 12:30:15,658 [INFO] PluginManage:310 - Check plugin updater
2023-09-08 12:30:15,666 [INFO] PluginManage:359 - Loaded plugin updater (category:base,tabindex:12)
2023-09-08 12:30:15,666 [INFO] PluginManage:310 - Check plugin userauth
2023-09-08 12:30:15,671 [INFO] UserAuth:113 - Init User Auth plugin
2023-09-08 12:30:15,671 [INFO] PluginManage:359 - Loaded plugin userauth (category:base,tabindex:14)
2023-09-08 12:30:15,672 [INFO] PluginManage:283 - PluginManage : Loaded plugins [17]
2023-09-08 12:30:15,896 [INFO] PinOutPanel:1499 - setPackage(No Configuration,No Configuration)
2023-09-08 12:30:15,996 [INFO] CADModel:165 - CPN selected for project level
2023-09-08 12:30:15,997 [INFO] CADModel:114 - Register for checkConnection events
2023-09-08 12:30:16,024 [INFO] IPUIPlugin:80 - create IPUIPlugin
2023-09-08 12:30:16,025 [INFO] PluginManager:220 - loadIPPluginJar : add adc
2023-09-08 12:30:16,065 [INFO] IPUIPlugin:80 - create IPUIPlugin
2023-09-08 12:30:16,065 [INFO] PluginManager:220 - loadIPPluginJar : add aes
2023-09-08 12:30:16,112 [INFO] IPUIPlugin:80 - create IPUIPlugin
2023-09-08 12:30:16,113 [INFO] PluginManager:220 - loadIPPluginJar : add can
2023-09-08 12:30:16,137 [INFO] IPUIPlugin:80 - create IPUIPlugin
2023-09-08 12:30:16,137 [INFO] PluginManager:220 - loadIPPluginJar : add comp
2023-09-08 12:30:16,174 [INFO] IPUIPlugin:80 - create IPUIPlugin
2023-09-08 12:30:16,174 [INFO] PluginManager:220 - loadIPPluginJar : add cryp
2023-09-08 12:30:16,207 [INFO] IPUIPlugin:80 - create IPUIPlugin
2023-09-08 12:30:16,207 [INFO] PluginManager:220 - loadIPPluginJar : add dfsdm
2023-09-08 12:30:16,221 [INFO] IPUIPlugin:80 - create IPUIPlugin
2023-09-08 12:30:16,221 [INFO] PluginManager:220 - loadIPPluginJar : add dma
2023-09-08 12:30:16,267 [INFO] IPUIPlugin:80 - create IPUIPlugin
2023-09-08 12:30:16,267 [INFO] PluginManager:220 - loadIPPluginJar : add dma3
2023-09-08 12:30:16,287 [INFO] IPUIPlugin:80 - create IPUIPlugin
2023-09-08 12:30:16,287 [INFO] PluginManager:220 - loadIPPluginJar : add fatfs
2023-09-08 12:30:16,337 [INFO] IPUIPlugin:80 - create IPUIPlugin
2023-09-08 12:30:16,337 [INFO] PluginManager:220 - loadIPPluginJar : add fmc
2023-09-08 12:30:16,355 [INFO] IPUIPlugin:80 - create IPUIPlugin
2023-09-08 12:30:16,355 [INFO] PluginManager:220 - loadIPPluginJar : add freertos
2023-09-08 12:30:16,376 [INFO] IPUIPlugin:80 - create IPUIPlugin
2023-09-08 12:30:16,376 [INFO] PluginManager:220 - loadIPPluginJar : add genericplugin
2023-09-08 12:30:16,479 [INFO] IPUIPlugin:80 - create IPUIPlugin
2023-09-08 12:30:16,479 [INFO] PluginManager:220 - loadIPPluginJar : add gfxmmu
2023-09-08 12:30:16,613 [INFO] IPUIPlugin:80 - create IPUIPlugin
2023-09-08 12:30:16,613 [INFO] PluginManager:220 - loadIPPluginJar : add gic
2023-09-08 12:30:16,626 [INFO] IPUIPlugin:80 - create IPUIPlugin
2023-09-08 12:30:16,626 [INFO] PluginManager:220 - loadIPPluginJar : add gpio
2023-09-08 12:30:16,717 [INFO] IPUIPlugin:80 - create IPUIPlugin
2023-09-08 12:30:16,717 [INFO] PluginManager:220 - loadIPPluginJar : add gtzc
2023-09-08 12:30:16,749 [INFO] IPUIPlugin:80 - create IPUIPlugin
2023-09-08 12:30:16,749 [INFO] PluginManager:220 - loadIPPluginJar : add hash
2023-09-08 12:30:16,799 [INFO] IPUIPlugin:80 - create IPUIPlugin
2023-09-08 12:30:16,799 [INFO] PluginManager:220 - loadIPPluginJar : add i2c
2023-09-08 12:30:16,836 [INFO] IPUIPlugin:80 - create IPUIPlugin
2023-09-08 12:30:16,836 [INFO] PluginManager:220 - loadIPPluginJar : add i2s
2023-09-08 12:30:16,876 [INFO] IPUIPlugin:80 - create IPUIPlugin
2023-09-08 12:30:16,876 [INFO] PluginManager:220 - loadIPPluginJar : add i3c
2023-09-08 12:30:16,974 [INFO] IPUIPlugin:80 - create IPUIPlugin
2023-09-08 12:30:16,975 [INFO] PluginManager:220 - loadIPPluginJar : add ipddr
2023-09-08 12:30:17,057 [INFO] IPUIPlugin:80 - create IPUIPlugin
2023-09-08 12:30:17,058 [INFO] PluginManager:220 - loadIPPluginJar : add linkedlist
2023-09-08 12:30:17,091 [INFO] IPUIPlugin:80 - create IPUIPlugin
2023-09-08 12:30:17,091 [INFO] PluginManager:220 - loadIPPluginJar : add lorawan
2023-09-08 12:30:17,125 [INFO] IPUIPlugin:80 - create IPUIPlugin
2023-09-08 12:30:17,125 [INFO] PluginManager:220 - loadIPPluginJar : add ltdc
2023-09-08 12:30:17,137 [INFO] IPUIPlugin:80 - create IPUIPlugin
2023-09-08 12:30:17,137 [INFO] PluginManager:220 - loadIPPluginJar : add mdma
2023-09-08 12:30:17,147 [INFO] IPUIPlugin:80 - create IPUIPlugin
2023-09-08 12:30:17,147 [INFO] PluginManager:220 - loadIPPluginJar : add nvic
2023-09-08 12:30:17,179 [INFO] IPUIPlugin:80 - create IPUIPlugin
2023-09-08 12:30:17,179 [INFO] PluginManager:220 - loadIPPluginJar : add opamp
2023-09-08 12:30:17,232 [INFO] IPUIPlugin:80 - create IPUIPlugin
2023-09-08 12:30:17,232 [INFO] PluginManager:220 - loadIPPluginJar : add openamp
2023-09-08 12:30:17,269 [INFO] IPUIPlugin:80 - create IPUIPlugin
2023-09-08 12:30:17,269 [INFO] PluginManager:220 - loadIPPluginJar : add pdm2pcm
2023-09-08 12:30:17,281 [INFO] IPUIPlugin:80 - create IPUIPlugin
2023-09-08 12:30:17,293 [INFO] PluginManager:220 - loadIPPluginJar : add plateformsettings
2023-09-08 12:30:17,313 [INFO] IPUIPlugin:80 - create IPUIPlugin
2023-09-08 12:30:17,313 [INFO] PluginManager:220 - loadIPPluginJar : add quadspi
2023-09-08 12:30:17,324 [INFO] IPUIPlugin:80 - create IPUIPlugin
2023-09-08 12:30:17,324 [INFO] PluginManager:220 - loadIPPluginJar : add resmgrutility
2023-09-08 12:30:17,369 [INFO] IPUIPlugin:80 - create IPUIPlugin
2023-09-08 12:30:17,369 [INFO] PluginManager:220 - loadIPPluginJar : add sai
2023-09-08 12:30:17,403 [INFO] IPUIPlugin:80 - create IPUIPlugin
2023-09-08 12:30:17,403 [INFO] PluginManager:220 - loadIPPluginJar : add spi
2023-09-08 12:30:17,454 [INFO] IPUIPlugin:80 - create IPUIPlugin
2023-09-08 12:30:17,454 [INFO] PluginManager:220 - loadIPPluginJar : add stm32_wpan
2023-09-08 12:30:17,474 [INFO] IPUIPlugin:80 - create IPUIPlugin
2023-09-08 12:30:17,474 [INFO] PluginManager:220 - loadIPPluginJar : add tim
2023-09-08 12:30:17,529 [INFO] IPUIPlugin:80 - create IPUIPlugin
2023-09-08 12:30:17,529 [INFO] PluginManager:220 - loadIPPluginJar : add touchsensing
2023-09-08 12:30:17,551 [INFO] IPUIPlugin:80 - create IPUIPlugin
2023-09-08 12:30:17,552 [INFO] PluginManager:220 - loadIPPluginJar : add tracer_emb
2023-09-08 12:30:17,571 [INFO] IPUIPlugin:80 - create IPUIPlugin
2023-09-08 12:30:17,571 [INFO] PluginManager:220 - loadIPPluginJar : add ts
2023-09-08 12:30:17,590 [INFO] IPUIPlugin:80 - create IPUIPlugin
2023-09-08 12:30:17,590 [INFO] PluginManager:220 - loadIPPluginJar : add tsc
2023-09-08 12:30:17,609 [INFO] IPUIPlugin:80 - create IPUIPlugin
2023-09-08 12:30:17,609 [INFO] PluginManager:220 - loadIPPluginJar : add ucpd
2023-09-08 12:30:17,648 [INFO] IPUIPlugin:80 - create IPUIPlugin
2023-09-08 12:30:17,648 [INFO] PluginManager:220 - loadIPPluginJar : add usart
2023-09-08 12:30:17,686 [INFO] IPUIPlugin:80 - create IPUIPlugin
2023-09-08 12:30:17,686 [INFO] PluginManager:220 - loadIPPluginJar : add usbx
2023-09-08 12:30:17,841 [INFO] CADModel:165 - CPN selected for project level
2023-09-08 12:30:17,841 [INFO] CADModel:114 - Register for checkConnection events
2023-09-08 12:30:17,841 [FATAL] Updater:308 - Updater called before beeing initialized
2023-09-08 12:30:17,842 [ERROR] CADModel:125 - Updater not yet initialized, retry later 
2023-09-08 12:30:17,995 [INFO] CADModel:165 - CPN selected for project level
2023-09-08 12:30:17,996 [INFO] CADModel:114 - Register for checkConnection events
2023-09-08 12:30:17,996 [FATAL] Updater:308 - Updater called before beeing initialized
2023-09-08 12:30:17,996 [ERROR] CADModel:125 - Updater not yet initialized, retry later 
2023-09-08 12:30:17,998 [FATAL] Updater:308 - Updater called before beeing initialized
2023-09-08 12:30:18,082 [FATAL] Updater:308 - Updater called before beeing initialized
2023-09-08 12:30:18,092 [INFO] DbMcusAds:53 - JSON generation date=Tue Mar 07 09:50:55 GMT+01:00 2023 (1678179055114)
2023-09-08 12:30:18,092 [FATAL] Updater:308 - Updater called before beeing initialized
2023-09-08 12:30:18,123 [WARN] DetailPanel:346 - Failed to get advertising image, set to default
2023-09-08 12:30:18,218 [FATAL] Updater:308 - Updater called before beeing initialized
2023-09-08 12:30:18,219 [FATAL] Updater:308 - Updater called before beeing initialized
2023-09-08 12:30:18,220 [FATAL] Updater:308 - Updater called before beeing initialized
2023-09-08 12:30:18,220 [WARN] DetailPanel:346 - Failed to get advertising image, set to default
2023-09-08 12:30:18,220 [FATAL] Updater:308 - Updater called before beeing initialized
2023-09-08 12:30:18,281 [ERROR] Updater:1120 - MainUpdater not yet initialized. External WinMGr cannot be set.
2023-09-08 12:30:18,290 [INFO] Updater:1056 - Updater Version found : 6.9.1
2023-09-08 12:30:18,305 [INFO] ApplicationProperties:184 - Using Application install path: C:\ST\STM32CubeIDE_1.13.1\STM32CubeIDE\plugins\com.st.stm32cube.common.mx_6.9.1.202307191849
2023-09-08 12:30:18,441 [INFO] MainUpdater:2868 - connection check result : 10
2023-09-08 12:30:18,442 [INFO] MainUpdater:285 - Updater Check For Update Now.
2023-09-08 12:30:18,442 [INFO] MicroXplorer:498 - Change Database Version : DB.6.0.91
2023-09-08 12:30:18,447 [WARN] MainUpdater:1189 - Updater busy. Cannot search thirdparties
2023-09-08 12:30:18,447 [INFO] ThirdPartyUpdaterWithRetryManager:96 - Updater plugin is busy. [1/15]
2023-09-08 12:30:18,458 [INFO] McuFinderGlobals:63 - Set McuFinder mode to 2 (CubeIDE integrated)
2023-09-08 12:30:18,458 [INFO] UserAuth:179 - activating auth plugin
2023-09-08 12:30:18,461 [INFO] UserAuth:393 - Internet connection configuration mode: 1
2023-09-08 12:30:18,483 [INFO] JxBrowserEngine:151 - Initiate JxBrowser Engine with user profile folder
2023-09-08 12:30:18,640 [INFO] CheckServerUpdateThread:120 - End of CheckServer Thread
2023-09-08 12:30:20,190 [INFO] WebApp:157 - Instantiating new browser for Auth
2023-09-08 12:30:20,683 [INFO] WebApp:753 - Register for checkConnection events
2023-09-08 12:30:20,683 [INFO] WebApp:390 - Apply proxy settings
2023-09-08 12:30:20,683 [INFO] WebApp:475 - Chromium requires no authentication
2023-09-08 12:30:20,689 [INFO] WebApp:418 - Direct internet connection detected
2023-09-08 12:30:20,842 [INFO] WebApp:188 - Starting web application
2023-09-08 12:30:20,842 [INFO] WebApp:520 - Web application path used C:\ST\STM32CubeIDE_1.13.1\STM32CubeIDE\plugins\com.st.stm32cube.common.mx_6.9.1.202307191849\db\plugins\mcufinder\reactClient1\index.html
2023-09-08 12:30:21,579 [WARN] PackLoader:240 - Cannot read IP mode file for STMicroelectronics.X-CUBE-SMBUS.2.1.0
2023-09-08 12:30:21,622 [WARN] PackLoader:240 - Cannot read IP mode file for STMicroelectronics.X-CUBE-AZRTOS-F7.1.1.0
2023-09-08 12:30:21,677 [WARN] PackLoader:240 - Cannot read IP mode file for STMicroelectronics.FP-SNS-MOTENV1.4.3.2
2023-09-08 12:30:21,693 [WARN] PackLoader:240 - Cannot read IP mode file for STMicroelectronics.FP-SNS-FLIGHT1.5.0.2
2023-09-08 12:30:21,711 [WARN] PackLoader:240 - Cannot read IP mode file for STMicroelectronics.X-CUBE-DISPLAY.3.0.0
2023-09-08 12:30:21,732 [WARN] PackLoader:240 - Cannot read IP mode file for STMicroelectronics.X-CUBE-BLE1.7.0.0
2023-09-08 12:30:21,745 [WARN] PackLoader:240 - Cannot read IP mode file for emotas.I-CUBE-CANOPEN.1.3.0
2023-09-08 12:30:21,761 [WARN] PackLoader:240 - Cannot read IP mode file for STMicroelectronics.X-CUBE-TOUCHGFX.4.22.0
2023-09-08 12:30:21,785 [INFO] LogOutputStream:77 - [STDOUT_REDIRECT] 1 : Invalid condition id : UX_CORESTACK_Condition cause : null
2023-09-08 12:30:21,785 [INFO] LogOutputStream:77 - [STDOUT_REDIRECT] 1 : Invalid condition id : UX_CORESTACK_Condition cause : null
2023-09-08 12:30:21,786 [INFO] LogOutputStream:77 - [STDOUT_REDIRECT] 1 : Invalid condition id : UX_CORESTACK_Condition cause : null
2023-09-08 12:30:21,787 [INFO] LogOutputStream:77 - [STDOUT_REDIRECT] 1 : Invalid condition id : UX_CORESTACK_Condition cause : null
2023-09-08 12:30:21,788 [INFO] LogOutputStream:77 - [STDOUT_REDIRECT] 1 : Invalid condition id : UX_CORESTACK_Condition cause : null
2023-09-08 12:30:21,794 [WARN] PackLoader:240 - Cannot read IP mode file for STMicroelectronics.X-CUBE-AZRTOS-WL.2.0.0
2023-09-08 12:30:21,812 [WARN] PackLoader:240 - Cannot read IP mode file for WES.I-CUBE-Cesium.1.3.0
2023-09-08 12:30:21,826 [WARN] PackLoader:240 - Cannot read IP mode file for STMicroelectronics.X-CUBE-BLE2.3.3.0
2023-09-08 12:30:21,842 [WARN] PackLoader:240 - Cannot read IP mode file for STMicroelectronics.X-CUBE-ALGOBUILD.1.3.0
2023-09-08 12:30:21,873 [WARN] PackLoader:240 - Cannot read IP mode file for STMicroelectronics.X-CUBE-AZRTOS-G0.1.1.0
2023-09-08 12:30:21,894 [WARN] PackLoader:240 - Cannot read IP mode file for STMicroelectronics.X-CUBE-NFC4.3.0.0
2023-09-08 12:30:21,911 [WARN] PackLoader:240 - Cannot read IP mode file for STMicroelectronics.FP-ATR-SIGFOX1.3.2.0
2023-09-08 12:30:21,954 [WARN] PackLoader:240 - Cannot read IP mode file for SEGGER.I-CUBE-embOS.1.3.1
2023-09-08 12:30:22,018 [WARN] PackLoader:240 - Cannot read IP mode file for STMicroelectronics.X-CUBE-GNSS1.6.0.0
2023-09-08 12:30:22,052 [WARN] PackLoader:240 - Cannot read IP mode file for STMicroelectronics.X-CUBE-AZRTOS-F4.1.1.0
2023-09-08 12:30:22,072 [WARN] PackLoader:240 - Cannot read IP mode file for wolfSSL.I-CUBE-wolfSSL.5.6.3
2023-09-08 12:30:22,105 [WARN] PackLoader:240 - Cannot read IP mode file for STMicroelectronics.X-CUBE-AZRTOS-L5.2.0.0
2023-09-08 12:30:22,166 [WARN] PackLoader:240 - Cannot read IP mode file for STMicroelectronics.X-CUBE-MEMS1.9.6.0
2023-09-08 12:30:22,386 [WARN] PackLoader:240 - Cannot read IP mode file for STMicroelectronics.X-CUBE-BLEMGR.2.0.0
2023-09-08 12:30:22,466 [WARN] ConditionMgr:438 - getConditionDescription Invalid condition id : UX DEVICE CLASS RTOS Condition cause : null
2023-09-08 12:30:22,466 [WARN] ConditionMgr:438 - getConditionDescription Invalid condition id : UX DEVICE CLASS RTOS Condition cause : null
2023-09-08 12:30:22,470 [WARN] PackLoader:240 - Cannot read IP mode file for STMicroelectronics.X-CUBE-AZRTOS-H7.3.1.0
2023-09-08 12:30:22,471 [WARN] ConditionMgr:1039 - genDependencies : Invalid condition id : UX DEVICE CLASS RTOS Condition cause : null
2023-09-08 12:30:22,471 [WARN] ConditionMgr:1039 - genDependencies : Invalid condition id : UX DEVICE CLASS RTOS Condition cause : null
2023-09-08 12:30:22,472 [WARN] ConditionMgr:1039 - genDependencies : Invalid condition id : UX DEVICE CLASS RTOS Condition cause : null
2023-09-08 12:30:22,473 [WARN] ConditionMgr:1039 - genDependencies : Invalid condition id : UX DEVICE CLASS RTOS Condition cause : null
2023-09-08 12:30:22,473 [WARN] ConditionMgr:1039 - genDependencies : Invalid condition id : UX DEVICE CLASS RTOS Condition cause : null
2023-09-08 12:30:22,510 [WARN] PackLoader:240 - Cannot read IP mode file for STMicroelectronics.X-CUBE-NFC7.1.0.1
2023-09-08 12:30:22,537 [WARN] PackLoader:240 - Cannot read IP mode file for STMicroelectronics.X-CUBE-EEPRMA1.4.1.0
2023-09-08 12:30:22,566 [WARN] PackLoader:240 - Cannot read IP mode file for STMicroelectronics.X-CUBE-AI.8.1.0
2023-09-08 12:30:22,620 [WARN] ConditionMgr:438 - getConditionDescription Invalid condition id : LAN8742 Phy interface Condition cause : null
2023-09-08 12:30:22,621 [WARN] PackLoader:240 - Cannot read IP mode file for STMicroelectronics.X-CUBE-AZRTOS-L4.2.0.0
2023-09-08 12:30:22,623 [WARN] ConditionMgr:1039 - genDependencies : Invalid condition id : LAN8742 Phy interface Condition cause : null
2023-09-08 12:30:22,623 [WARN] ConditionMgr:1039 - genDependencies : Invalid condition id : LAN8742 Phy interface Condition cause : null
2023-09-08 12:30:22,624 [WARN] ConditionMgr:1039 - genDependencies : Invalid condition id : LAN8742 Phy interface Condition cause : null
2023-09-08 12:30:22,649 [WARN] PackLoader:240 - Cannot read IP mode file for STMicroelectronics.X-CUBE-SFXS2LP1.4.0.0
2023-09-08 12:30:22,669 [WARN] PackLoader:240 - Cannot read IP mode file for STMicroelectronics.X-CUBE-ISPU.1.1.0
2023-09-08 12:30:22,705 [WARN] ConditionMgr:438 - getConditionDescription Invalid condition id : UX DEVICE CLASS RTOS Condition cause : null
2023-09-08 12:30:22,705 [WARN] ConditionMgr:438 - getConditionDescription Invalid condition id : UX DEVICE CLASS RTOS Condition cause : null
2023-09-08 12:30:22,709 [WARN] PackLoader:240 - Cannot read IP mode file for STMicroelectronics.X-CUBE-AZRTOS-WB.2.0.0
2023-09-08 12:30:22,710 [WARN] ConditionMgr:1039 - genDependencies : Invalid condition id : UX DEVICE CLASS RTOS Condition cause : null
2023-09-08 12:30:22,710 [WARN] ConditionMgr:1039 - genDependencies : Invalid condition id : UX DEVICE CLASS RTOS Condition cause : null
2023-09-08 12:30:22,711 [WARN] ConditionMgr:1039 - genDependencies : Invalid condition id : UX DEVICE CLASS RTOS Condition cause : null
2023-09-08 12:30:22,711 [WARN] ConditionMgr:1039 - genDependencies : Invalid condition id : UX DEVICE CLASS RTOS Condition cause : null
2023-09-08 12:30:22,711 [WARN] ConditionMgr:1039 - genDependencies : Invalid condition id : UX DEVICE CLASS RTOS Condition cause : null
2023-09-08 12:30:22,741 [WARN] PackLoader:240 - Cannot read IP mode file for STMicroelectronics.X-CUBE-SUBG2.5.0.0
2023-09-08 12:30:22,780 [WARN] PackLoader:240 - Cannot read IP mode file for STMicroelectronics.X-CUBE-TOF1.3.3.1
2023-09-08 12:30:22,832 [WARN] PackLoader:240 - Cannot read IP mode file for STMicroelectronics.X-CUBE-AZRTOS-G4.2.0.0
2023-09-08 12:30:22,852 [WARN] PackLoader:240 - Cannot read IP mode file for STMicroelectronics.X-CUBE-FREERTOS.1.1.0
2023-09-08 12:30:22,871 [WARN] PackLoader:240 - Cannot read IP mode file for portGmbH.I-Cube-SoM-uGOAL.1.1.0
2023-09-08 12:30:22,888 [WARN] PackLoader:240 - Cannot read IP mode file for STMicroelectronics.X-CUBE-ALS.1.0.1
2023-09-08 12:30:22,906 [WARN] PackLoader:240 - Cannot read IP mode file for STMicroelectronics.FP-ATR-ASTRA1.2.0.0
2023-09-08 12:30:22,907 [INFO] ThirdParty:978 - Integrity check success = true
2023-09-08 12:30:22,907 [INFO] IntegrityCheckThread:100 - exiting critical section [integrity check]
2023-09-08 12:30:22,907 [INFO] IntegrityCheckThread:103 - End integrity checks thread
2023-09-08 12:30:41,522 [ERROR] LogOutputStream:75 - [STDERR_REDIRECT] SLF4J: Failed to load class "org.slf4j.impl.StaticLoggerBinder".
2023-09-08 12:30:41,522 [ERROR] LogOutputStream:75 - [STDERR_REDIRECT] SLF4J: Defaulting to no-operation (NOP) logger implementation
2023-09-08 12:30:41,523 [ERROR] LogOutputStream:75 - [STDERR_REDIRECT] SLF4J: See http://www.slf4j.org/codes.html#StaticLoggerBinder for further details.
2023-09-08 12:49:20,436 [ERROR] LogOutputStream:75 - [STDERR_REDIRECT] 
