2023-10-10 13:07:33,633 [ERROR] ConfigurationRetriever:142 - IOException on connection: sw-center.st.com
2023-10-10 13:07:33,655 [ERROR] ConfigurationRetriever:142 - IOException on connection: sw-center.st.com
2023-10-10 13:07:33,656 [ERROR] ConfigurationRetriever:142 - IOException on connection: sw-center.st.com
2023-10-10 13:07:36,929 [ERROR] LogOutputStream:75 - [STDERR_REDIRECT] 
2023-10-10 22:02:24,378 [INFO] Activator:176 - 


2023-10-10 22:02:24,381 [INFO] Activator:177 - !SESSION log4j initialized
2023-10-10 22:02:30,407 [INFO] LogOutputStream:77 - [STDOUT_REDIRECT] 
2023-10-10 22:02:34,830 [INFO] ApplicationProperties:184 - Using Application install path: C:\ST\STM32CubeIDE_1.13.1\STM32CubeIDE\plugins\com.st.stm32cube.common.mx_6.9.1.202307191849
2023-10-10 22:02:34,887 [INFO] DbMcusXml:78 - Set database path to: C:\ST\STM32CubeIDE_1.13.1\STM32CubeIDE\plugins\com.st.stm32cube.common.mx_6.9.1.202307191849\\db\/mcu/
2023-10-10 22:02:34,888 [INFO] ApiDb:274 - Set plugin database path to: C:\ST\STM32CubeIDE_1.13.1\STM32CubeIDE\plugins\com.st.stm32cube.common.mx_6.9.1.202307191849\\db\/plugins/boardmanager/
2023-10-10 22:02:34,889 [WARN] ApiDb:259 - Overriding images path with different value:  => C:\ST\STM32CubeIDE_1.13.1\STM32CubeIDE\plugins\com.st.stm32cube.common.mx_6.9.1.202307191849\\db\/plugins/mcufinder/images/
2023-10-10 22:02:34,919 [INFO] ApiDb:250 - Set database path to: C:\Users\Mahmu\.stmcufinder\plugins\mcufinder//mcu/
2023-10-10 22:02:34,924 [INFO] DbMcusAds:125 - Set database path to: C:\Users\Mahmu\.stmcufinder\plugins\mcufinder//mcu/
2023-10-10 22:02:34,931 [INFO] CrossReferenceDbSqlite:203 - Set database path to: C:\Users\Mahmu\.stmcufinder\plugins\mcufinder//mcu/cs/
2023-10-10 22:02:35,335 [INFO] RulesReader:64 - Compatibility file has been processed (293 Rules)
2023-10-10 22:02:35,576 [INFO] DbMcusXml:78 - Set database path to: C:\ST\STM32CubeIDE_1.13.1\STM32CubeIDE\plugins\com.st.stm32cube.common.mx_6.9.1.202307191849\\db\/mcu/
2023-10-10 22:02:35,577 [INFO] ApiDb:274 - Set plugin database path to: C:\ST\STM32CubeIDE_1.13.1\STM32CubeIDE\plugins\com.st.stm32cube.common.mx_6.9.1.202307191849\\db\/plugins/boardmanager/
2023-10-10 22:02:35,577 [INFO] ApiDb:261 - Set plugin images path to: C:\ST\STM32CubeIDE_1.13.1\STM32CubeIDE\plugins\com.st.stm32cube.common.mx_6.9.1.202307191849\\db\/plugins/mcufinder/images/
2023-10-10 22:02:35,578 [WARN] DbFile:41 - Overriding database path with different value: C:\Users\Mahmu\.stmcufinder\plugins\mcufinder/ => C:\Users\Mahmu\.stmcufinder\plugins\mcufinder
2023-10-10 22:02:35,578 [INFO] ApiDb:250 - Set database path to: C:\Users\Mahmu\.stmcufinder\plugins\mcufinder//mcu/
2023-10-10 22:02:35,578 [WARN] DbFile:41 - Overriding database path with different value: C:\Users\Mahmu\.stmcufinder\plugins\mcufinder/ => C:\Users\Mahmu\.stmcufinder\plugins\mcufinder
2023-10-10 22:02:35,579 [INFO] DbMcusAds:125 - Set database path to: C:\Users\Mahmu\.stmcufinder\plugins\mcufinder//mcu/
2023-10-10 22:02:35,579 [WARN] DbFile:41 - Overriding database path with different value: C:\Users\Mahmu\.stmcufinder\plugins\mcufinder/ => C:\Users\Mahmu\.stmcufinder\plugins\mcufinder
2023-10-10 22:02:35,579 [WARN] DbFile:41 - Overriding database path with different value: C:\Users\Mahmu\.stmcufinder\plugins\mcufinder/ => C:\Users\Mahmu\.stmcufinder\plugins\mcufinder
2023-10-10 22:02:35,579 [INFO] CrossReferenceDbSqlite:203 - Set database path to: C:\Users\Mahmu\.stmcufinder\plugins\mcufinder//mcu/cs/
2023-10-10 22:02:35,830 [INFO] MainPanel:262 - HeapMemory: 268435456
2023-10-10 22:02:36,111 [INFO] DbMcusXml:78 - Set database path to: C:\ST\STM32CubeIDE_1.13.1\STM32CubeIDE\plugins\com.st.stm32cube.common.mx_6.9.1.202307191849\\db\/mcu/
2023-10-10 22:02:36,112 [INFO] ApiDb:274 - Set plugin database path to: C:\ST\STM32CubeIDE_1.13.1\STM32CubeIDE\plugins\com.st.stm32cube.common.mx_6.9.1.202307191849\\db\/plugins/boardmanager/
2023-10-10 22:02:36,112 [INFO] ApiDb:261 - Set plugin images path to: C:\ST\STM32CubeIDE_1.13.1\STM32CubeIDE\plugins\com.st.stm32cube.common.mx_6.9.1.202307191849\\db\/plugins/mcufinder/images/
2023-10-10 22:02:36,114 [WARN] DbFile:41 - Overriding database path with different value: C:\Users\Mahmu\.stmcufinder\plugins\mcufinder/ => C:\Users\Mahmu\.stmcufinder\plugins\mcufinder
2023-10-10 22:02:36,115 [INFO] ApiDb:250 - Set database path to: C:\Users\Mahmu\.stmcufinder\plugins\mcufinder//mcu/
2023-10-10 22:02:36,115 [WARN] DbFile:41 - Overriding database path with different value: C:\Users\Mahmu\.stmcufinder\plugins\mcufinder/ => C:\Users\Mahmu\.stmcufinder\plugins\mcufinder
2023-10-10 22:02:36,115 [INFO] DbMcusAds:125 - Set database path to: C:\Users\Mahmu\.stmcufinder\plugins\mcufinder//mcu/
2023-10-10 22:02:36,116 [WARN] DbFile:41 - Overriding database path with different value: C:\Users\Mahmu\.stmcufinder\plugins\mcufinder/ => C:\Users\Mahmu\.stmcufinder\plugins\mcufinder
2023-10-10 22:02:36,116 [WARN] DbFile:41 - Overriding database path with different value: C:\Users\Mahmu\.stmcufinder\plugins\mcufinder/ => C:\Users\Mahmu\.stmcufinder\plugins\mcufinder
2023-10-10 22:02:36,117 [INFO] CrossReferenceDbSqlite:203 - Set database path to: C:\Users\Mahmu\.stmcufinder\plugins\mcufinder//mcu/cs/
2023-10-10 22:02:36,173 [INFO] ApplicationProperties:184 - Using Application install path: C:\ST\STM32CubeIDE_1.13.1\STM32CubeIDE\plugins\com.st.stm32cube.common.mx_6.9.1.202307191849
2023-10-10 22:02:36,178 [INFO] PluginManage:196 - Search for loadable plugins [exclusion list=, ]
2023-10-10 22:02:36,182 [INFO] PluginManage:310 - Check plugin analytics
2023-10-10 22:02:36,770 [INFO] AnalyticsPlugin:253 - Accepted Software Licenses: 
2023-10-10 22:02:36,770 [INFO] AnalyticsPlugin:255 - Accepted CMSIS Pack Licenses: 
2023-10-10 22:02:36,771 [INFO] AnalyticsPlugin:257 - Accepted Firmware Licenses: FW.F4.1.27.0
2023-10-10 22:02:36,778 [INFO] PluginManage:359 - Loaded plugin analytics (category:tool,tabindex:-1)
2023-10-10 22:02:36,780 [INFO] PluginManage:310 - Check plugin cadmodel
2023-10-10 22:02:36,862 [INFO] CADModel:105 - Init CAD model plugin
2023-10-10 22:02:36,863 [INFO] PluginManage:359 - Loaded plugin cadmodel (category:power,tabindex:5)
2023-10-10 22:02:36,863 [INFO] PluginManage:310 - Check plugin clock
2023-10-10 22:02:36,917 [INFO] PluginManage:359 - Loaded plugin clock (category:base,tabindex:2)
2023-10-10 22:02:36,917 [INFO] PluginManage:310 - Check plugin ddr
2023-10-10 22:02:36,924 [INFO] PluginManage:359 - Loaded plugin ddr (category:tool,tabindex:6)
2023-10-10 22:02:36,925 [INFO] PluginManage:310 - Check plugin filemanager
2023-10-10 22:02:37,369 [INFO] PluginManage:359 - Loaded plugin filemanager (category:base,tabindex:10)
2023-10-10 22:02:37,369 [INFO] PluginManage:310 - Check plugin ipmanager
2023-10-10 22:02:37,393 [INFO] PluginManage:359 - Loaded plugin ipmanager (category:base,tabindex:5)
2023-10-10 22:02:37,394 [INFO] PluginManage:310 - Check plugin lpbam
2023-10-10 22:02:37,451 [INFO] PluginManage:359 - Loaded plugin lpbam (category:base,tabindex:0)
2023-10-10 22:02:37,452 [INFO] PluginManage:310 - Check plugin memorymap
2023-10-10 22:02:37,528 [INFO] PluginManage:359 - Loaded plugin memorymap (category:base,tabindex:4)
2023-10-10 22:02:37,529 [INFO] PluginManage:310 - Check plugin pinoutandconfiguration
2023-10-10 22:02:37,588 [INFO] PluginManage:359 - Loaded plugin pinoutandconfiguration (category:base,tabindex:1)
2023-10-10 22:02:37,588 [INFO] PluginManage:310 - Check plugin pinoutconfig
2023-10-10 22:02:37,946 [WARN] SupportedApi:132 - Cannot load RTOS API schema: s4s-elt-must-match.1: The content of 'definitions' must match (annotation?, (simpleType | complexType)?, (unique | key | keyref)*)). A problem was found starting at: attribute.
2023-10-10 22:02:38,386 [INFO] PluginManage:359 - Loaded plugin pinoutconfig (category:base,tabindex:0)
2023-10-10 22:02:38,387 [INFO] PluginManage:310 - Check plugin power
2023-10-10 22:02:38,442 [INFO] PluginManage:359 - Loaded plugin power (category:power,tabindex:4)
2023-10-10 22:02:38,444 [INFO] PluginManage:310 - Check plugin projectmanager
2023-10-10 22:02:38,490 [INFO] PluginManage:359 - Loaded plugin projectmanager (category:projectmanager,tabindex:3)
2023-10-10 22:02:38,491 [INFO] PluginManage:310 - Check plugin thirdparty
2023-10-10 22:02:39,161 [INFO] PluginManage:359 - Loaded plugin thirdparty (category:base,tabindex:-1)
2023-10-10 22:02:39,161 [WARN] IntegrityCheckThread:84 - waiting for thirdparty lock release [integrity check]
2023-10-10 22:02:39,162 [INFO] PluginManage:310 - Check plugin tools
2023-10-10 22:02:39,162 [INFO] IntegrityCheckThread:86 - entering critical section [integrity check]
2023-10-10 22:02:39,163 [INFO] ThirdPartyUpdaterWithRetryManager:70 - Updater plugin not ready yet. [1/15]
2023-10-10 22:02:39,260 [INFO] PluginManage:359 - Loaded plugin tools (category:base,tabindex:7)
2023-10-10 22:02:39,260 [INFO] PluginManage:310 - Check plugin tutovideos
2023-10-10 22:02:39,816 [INFO] PluginManage:359 - Loaded plugin tutovideos (category:base,tabindex:-1)
2023-10-10 22:02:39,817 [INFO] PluginManage:310 - Check plugin updater
2023-10-10 22:02:39,839 [INFO] PluginManage:359 - Loaded plugin updater (category:base,tabindex:12)
2023-10-10 22:02:39,839 [INFO] PluginManage:310 - Check plugin userauth
2023-10-10 22:02:39,858 [INFO] UserAuth:113 - Init User Auth plugin
2023-10-10 22:02:39,858 [INFO] PluginManage:359 - Loaded plugin userauth (category:base,tabindex:14)
2023-10-10 22:02:39,860 [INFO] PluginManage:283 - PluginManage : Loaded plugins [17]
2023-10-10 22:02:40,567 [INFO] PinOutPanel:1499 - setPackage(No Configuration,No Configuration)
2023-10-10 22:02:40,911 [INFO] CADModel:165 - CPN selected for project level
2023-10-10 22:02:40,912 [INFO] CADModel:114 - Register for checkConnection events
2023-10-10 22:02:40,998 [INFO] IPUIPlugin:80 - create IPUIPlugin
2023-10-10 22:02:40,999 [INFO] PluginManager:220 - loadIPPluginJar : add adc
2023-10-10 22:02:41,113 [INFO] IPUIPlugin:80 - create IPUIPlugin
2023-10-10 22:02:41,113 [INFO] PluginManager:220 - loadIPPluginJar : add aes
2023-10-10 22:02:41,287 [INFO] IPUIPlugin:80 - create IPUIPlugin
2023-10-10 22:02:41,287 [INFO] PluginManager:220 - loadIPPluginJar : add can
2023-10-10 22:02:41,356 [INFO] IPUIPlugin:80 - create IPUIPlugin
2023-10-10 22:02:41,357 [INFO] PluginManager:220 - loadIPPluginJar : add comp
2023-10-10 22:02:41,483 [INFO] IPUIPlugin:80 - create IPUIPlugin
2023-10-10 22:02:41,483 [INFO] PluginManager:220 - loadIPPluginJar : add cryp
2023-10-10 22:02:41,601 [INFO] IPUIPlugin:80 - create IPUIPlugin
2023-10-10 22:02:41,602 [INFO] PluginManager:220 - loadIPPluginJar : add dfsdm
2023-10-10 22:02:41,656 [INFO] IPUIPlugin:80 - create IPUIPlugin
2023-10-10 22:02:41,694 [INFO] PluginManager:220 - loadIPPluginJar : add dma
2023-10-10 22:02:41,842 [INFO] IPUIPlugin:80 - create IPUIPlugin
2023-10-10 22:02:41,842 [INFO] PluginManager:220 - loadIPPluginJar : add dma3
2023-10-10 22:02:41,933 [INFO] IPUIPlugin:80 - create IPUIPlugin
2023-10-10 22:02:41,933 [INFO] PluginManager:220 - loadIPPluginJar : add fatfs
2023-10-10 22:02:42,102 [INFO] IPUIPlugin:80 - create IPUIPlugin
2023-10-10 22:02:42,102 [INFO] PluginManager:220 - loadIPPluginJar : add fmc
2023-10-10 22:02:42,165 [INFO] ThirdPartyUpdaterWithRetryManager:70 - Updater plugin not ready yet. [2/15]
2023-10-10 22:02:42,176 [INFO] IPUIPlugin:80 - create IPUIPlugin
2023-10-10 22:02:42,177 [INFO] PluginManager:220 - loadIPPluginJar : add freertos
2023-10-10 22:02:42,238 [INFO] IPUIPlugin:80 - create IPUIPlugin
2023-10-10 22:02:42,239 [INFO] PluginManager:220 - loadIPPluginJar : add genericplugin
2023-10-10 22:02:42,617 [INFO] IPUIPlugin:80 - create IPUIPlugin
2023-10-10 22:02:42,618 [INFO] PluginManager:220 - loadIPPluginJar : add gfxmmu
2023-10-10 22:02:42,982 [INFO] IPUIPlugin:80 - create IPUIPlugin
2023-10-10 22:02:42,983 [INFO] PluginManager:220 - loadIPPluginJar : add gic
2023-10-10 22:02:43,025 [INFO] IPUIPlugin:80 - create IPUIPlugin
2023-10-10 22:02:43,025 [INFO] PluginManager:220 - loadIPPluginJar : add gpio
2023-10-10 22:02:43,309 [INFO] IPUIPlugin:80 - create IPUIPlugin
2023-10-10 22:02:43,309 [INFO] PluginManager:220 - loadIPPluginJar : add gtzc
2023-10-10 22:02:43,398 [INFO] IPUIPlugin:80 - create IPUIPlugin
2023-10-10 22:02:43,399 [INFO] PluginManager:220 - loadIPPluginJar : add hash
2023-10-10 22:02:43,546 [INFO] IPUIPlugin:80 - create IPUIPlugin
2023-10-10 22:02:43,546 [INFO] PluginManager:220 - loadIPPluginJar : add i2c
2023-10-10 22:02:43,692 [INFO] IPUIPlugin:80 - create IPUIPlugin
2023-10-10 22:02:43,692 [INFO] PluginManager:220 - loadIPPluginJar : add i2s
2023-10-10 22:02:43,810 [INFO] IPUIPlugin:80 - create IPUIPlugin
2023-10-10 22:02:43,810 [INFO] PluginManager:220 - loadIPPluginJar : add i3c
2023-10-10 22:02:44,192 [INFO] IPUIPlugin:80 - create IPUIPlugin
2023-10-10 22:02:44,192 [INFO] PluginManager:220 - loadIPPluginJar : add ipddr
2023-10-10 22:02:44,494 [INFO] IPUIPlugin:80 - create IPUIPlugin
2023-10-10 22:02:44,495 [INFO] PluginManager:220 - loadIPPluginJar : add linkedlist
2023-10-10 22:02:44,594 [INFO] IPUIPlugin:80 - create IPUIPlugin
2023-10-10 22:02:44,595 [INFO] PluginManager:220 - loadIPPluginJar : add lorawan
2023-10-10 22:02:44,735 [INFO] IPUIPlugin:80 - create IPUIPlugin
2023-10-10 22:02:44,735 [INFO] PluginManager:220 - loadIPPluginJar : add ltdc
2023-10-10 22:02:44,775 [INFO] IPUIPlugin:80 - create IPUIPlugin
2023-10-10 22:02:44,776 [INFO] PluginManager:220 - loadIPPluginJar : add mdma
2023-10-10 22:02:44,812 [INFO] IPUIPlugin:80 - create IPUIPlugin
2023-10-10 22:02:44,812 [INFO] PluginManager:220 - loadIPPluginJar : add nvic
2023-10-10 22:02:44,917 [INFO] IPUIPlugin:80 - create IPUIPlugin
2023-10-10 22:02:44,918 [INFO] PluginManager:220 - loadIPPluginJar : add opamp
2023-10-10 22:02:45,122 [INFO] IPUIPlugin:80 - create IPUIPlugin
2023-10-10 22:02:45,122 [INFO] PluginManager:220 - loadIPPluginJar : add openamp
2023-10-10 22:02:45,167 [INFO] ThirdPartyUpdaterWithRetryManager:70 - Updater plugin not ready yet. [3/15]
2023-10-10 22:02:45,256 [INFO] IPUIPlugin:80 - create IPUIPlugin
2023-10-10 22:02:45,257 [INFO] PluginManager:220 - loadIPPluginJar : add pdm2pcm
2023-10-10 22:02:45,330 [INFO] IPUIPlugin:80 - create IPUIPlugin
2023-10-10 22:02:45,337 [INFO] PluginManager:220 - loadIPPluginJar : add plateformsettings
2023-10-10 22:02:45,399 [INFO] IPUIPlugin:80 - create IPUIPlugin
2023-10-10 22:02:45,399 [INFO] PluginManager:220 - loadIPPluginJar : add quadspi
2023-10-10 22:02:45,431 [INFO] IPUIPlugin:80 - create IPUIPlugin
2023-10-10 22:02:45,431 [INFO] PluginManager:220 - loadIPPluginJar : add resmgrutility
2023-10-10 22:02:45,605 [INFO] IPUIPlugin:80 - create IPUIPlugin
2023-10-10 22:02:45,605 [INFO] PluginManager:220 - loadIPPluginJar : add sai
2023-10-10 22:02:45,708 [INFO] IPUIPlugin:80 - create IPUIPlugin
2023-10-10 22:02:45,709 [INFO] PluginManager:220 - loadIPPluginJar : add spi
2023-10-10 22:02:45,869 [INFO] IPUIPlugin:80 - create IPUIPlugin
2023-10-10 22:02:45,870 [INFO] PluginManager:220 - loadIPPluginJar : add stm32_wpan
2023-10-10 22:02:45,933 [INFO] IPUIPlugin:80 - create IPUIPlugin
2023-10-10 22:02:45,934 [INFO] PluginManager:220 - loadIPPluginJar : add tim
2023-10-10 22:02:46,096 [INFO] IPUIPlugin:80 - create IPUIPlugin
2023-10-10 22:02:46,097 [INFO] PluginManager:220 - loadIPPluginJar : add touchsensing
2023-10-10 22:02:46,154 [INFO] IPUIPlugin:80 - create IPUIPlugin
2023-10-10 22:02:46,155 [INFO] PluginManager:220 - loadIPPluginJar : add tracer_emb
2023-10-10 22:02:46,216 [INFO] IPUIPlugin:80 - create IPUIPlugin
2023-10-10 22:02:46,216 [INFO] PluginManager:220 - loadIPPluginJar : add ts
2023-10-10 22:02:46,277 [INFO] IPUIPlugin:80 - create IPUIPlugin
2023-10-10 22:02:46,277 [INFO] PluginManager:220 - loadIPPluginJar : add tsc
2023-10-10 22:02:46,337 [INFO] IPUIPlugin:80 - create IPUIPlugin
2023-10-10 22:02:46,337 [INFO] PluginManager:220 - loadIPPluginJar : add ucpd
2023-10-10 22:02:46,466 [INFO] IPUIPlugin:80 - create IPUIPlugin
2023-10-10 22:02:46,466 [INFO] PluginManager:220 - loadIPPluginJar : add usart
2023-10-10 22:02:46,578 [INFO] IPUIPlugin:80 - create IPUIPlugin
2023-10-10 22:02:46,579 [INFO] PluginManager:220 - loadIPPluginJar : add usbx
2023-10-10 22:02:46,829 [INFO] CADModel:165 - CPN selected for project level
2023-10-10 22:02:46,830 [INFO] CADModel:114 - Register for checkConnection events
2023-10-10 22:02:46,830 [FATAL] Updater:308 - Updater called before beeing initialized
2023-10-10 22:02:46,831 [ERROR] CADModel:125 - Updater not yet initialized, retry later 
2023-10-10 22:02:47,303 [INFO] CADModel:165 - CPN selected for project level
2023-10-10 22:02:47,303 [INFO] CADModel:114 - Register for checkConnection events
2023-10-10 22:02:47,303 [FATAL] Updater:308 - Updater called before beeing initialized
2023-10-10 22:02:47,303 [ERROR] CADModel:125 - Updater not yet initialized, retry later 
2023-10-10 22:02:47,313 [FATAL] Updater:308 - Updater called before beeing initialized
2023-10-10 22:02:47,689 [FATAL] Updater:308 - Updater called before beeing initialized
2023-10-10 22:02:47,726 [INFO] DbMcusAds:53 - JSON generation date=Tue Mar 07 09:50:54 GMT+01:00 2023 (1678179054945)
2023-10-10 22:02:47,726 [FATAL] Updater:308 - Updater called before beeing initialized
2023-10-10 22:02:47,858 [WARN] DetailPanel:346 - Failed to get advertising image, set to default
2023-10-10 22:02:48,172 [INFO] ThirdPartyUpdaterWithRetryManager:70 - Updater plugin not ready yet. [4/15]
2023-10-10 22:02:48,174 [FATAL] Updater:308 - Updater called before beeing initialized
2023-10-10 22:02:48,180 [FATAL] Updater:308 - Updater called before beeing initialized
2023-10-10 22:02:48,180 [FATAL] Updater:308 - Updater called before beeing initialized
2023-10-10 22:02:48,181 [WARN] DetailPanel:346 - Failed to get advertising image, set to default
2023-10-10 22:02:48,183 [FATAL] Updater:308 - Updater called before beeing initialized
2023-10-10 22:02:48,381 [ERROR] Updater:1120 - MainUpdater not yet initialized. External WinMGr cannot be set.
2023-10-10 22:02:48,397 [INFO] Updater:1056 - Updater Version found : 6.9.1
2023-10-10 22:02:48,449 [INFO] ApplicationProperties:184 - Using Application install path: C:\ST\STM32CubeIDE_1.13.1\STM32CubeIDE\plugins\com.st.stm32cube.common.mx_6.9.1.202307191849
2023-10-10 22:02:48,846 [INFO] MainUpdater:2868 - connection check result : 10
2023-10-10 22:02:48,847 [INFO] MainUpdater:3562 - Updater definition file requires update
2023-10-10 22:02:48,850 [INFO] MainUpdater:285 - Updater Check For Update Now.
2023-10-10 22:02:48,850 [INFO] MicroXplorer:498 - Change Database Version : DB.6.0.91
2023-10-10 22:02:48,891 [INFO] McuFinderGlobals:63 - Set McuFinder mode to 2 (CubeIDE integrated)
2023-10-10 22:02:48,891 [INFO] UserAuth:179 - activating auth plugin
2023-10-10 22:02:48,902 [INFO] UserAuth:393 - Internet connection configuration mode: 1
2023-10-10 22:02:48,963 [INFO] JxBrowserEngine:151 - Initiate JxBrowser Engine with user profile folder
2023-10-10 22:02:49,069 [INFO] ServerAccessManage:473 - Download File updaters.zip
2023-10-10 22:02:49,384 [INFO] FileExtend:240 - Unzip File : updaters.zip
2023-10-10 22:02:49,385 [INFO] FileExtend:255 - Standard Zip Deflate
2023-10-10 22:02:50,320 [INFO] ServerAccessManage:473 - Download File PacksControlFlags.xml
2023-10-10 22:02:50,509 [INFO] ServerAccessManage:473 - Download File cubemx.pidx
2023-10-10 22:02:51,174 [WARN] MainUpdater:1189 - Updater busy. Cannot search thirdparties
2023-10-10 22:02:51,174 [INFO] ThirdPartyUpdaterWithRetryManager:96 - Updater plugin is busy. [1/15]
2023-10-10 22:02:54,175 [WARN] MainUpdater:1189 - Updater busy. Cannot search thirdparties
2023-10-10 22:02:54,176 [INFO] ThirdPartyUpdaterWithRetryManager:96 - Updater plugin is busy. [2/15]
2023-10-10 22:02:54,580 [ERROR] ServerAccessManage:1096 - Problem, Http access forbiden
2023-10-10 22:02:54,582 [ERROR] ServerAccessManage:651 - Problem, Http access forbiden : RoweBots.I-CUBE-UNISONRTOS.pdsc.
2023-10-10 22:02:55,401 [INFO] ServerAccessManage:473 - Download File Infineon.AIROC-Wi-Fi-Bluetooth-STM32.pdsc
2023-10-10 22:02:55,720 [INFO] WebApp:157 - Instantiating new browser for Auth
2023-10-10 22:02:57,097 [WARN] PackLoader:240 - Cannot read IP mode file for Infineon.AIROC-Wi-Fi-Bluetooth-STM32.1.5.1
2023-10-10 22:02:57,133 [INFO] PopulateThirdPartyThread:66 - Ending populate Thread
2023-10-10 22:02:57,136 [INFO] ThirdParty:1030 - CMSIS Pack Vendor :Infineon AIROC-Wi-Fi-Bluetooth-STM32 1.5.1
2023-10-10 22:02:57,137 [INFO] LoadServerUpdatesThread:373 - End of LoadServerUpdate Thread
2023-10-10 22:02:57,177 [WARN] MainUpdater:1189 - Updater busy. Cannot search thirdparties
2023-10-10 22:02:57,178 [INFO] ThirdPartyUpdaterWithRetryManager:96 - Updater plugin is busy. [3/15]
2023-10-10 22:02:57,208 [INFO] CheckServerUpdateThread:120 - End of CheckServer Thread
2023-10-10 22:02:57,332 [INFO] WebApp:753 - Register for checkConnection events
2023-10-10 22:02:57,333 [INFO] WebApp:390 - Apply proxy settings
2023-10-10 22:02:57,333 [INFO] WebApp:475 - Chromium requires no authentication
2023-10-10 22:02:57,353 [INFO] WebApp:418 - Direct internet connection detected
2023-10-10 22:02:57,917 [INFO] WebApp:188 - Starting web application
2023-10-10 22:02:57,918 [INFO] WebApp:520 - Web application path used C:\ST\STM32CubeIDE_1.13.1\STM32CubeIDE\plugins\com.st.stm32cube.common.mx_6.9.1.202307191849\db\plugins\mcufinder\reactClient1\index.html
2023-10-10 22:03:00,686 [WARN] PackLoader:240 - Cannot read IP mode file for STMicroelectronics.X-CUBE-SMBUS.2.1.0
2023-10-10 22:03:00,783 [WARN] PackLoader:240 - Cannot read IP mode file for STMicroelectronics.X-CUBE-AZRTOS-F7.1.1.0
2023-10-10 22:03:00,833 [WARN] PackLoader:240 - Cannot read IP mode file for STMicroelectronics.FP-SNS-MOTENV1.4.3.2
2023-10-10 22:03:00,858 [WARN] PackLoader:240 - Cannot read IP mode file for STMicroelectronics.FP-SNS-FLIGHT1.5.0.2
2023-10-10 22:03:00,902 [WARN] PackLoader:240 - Cannot read IP mode file for STMicroelectronics.X-CUBE-DISPLAY.3.0.0
2023-10-10 22:03:00,967 [WARN] PackLoader:240 - Cannot read IP mode file for STMicroelectronics.X-CUBE-BLE1.7.0.0
2023-10-10 22:03:01,000 [WARN] PackLoader:240 - Cannot read IP mode file for emotas.I-CUBE-CANOPEN.1.3.0
2023-10-10 22:03:01,036 [WARN] PackLoader:240 - Cannot read IP mode file for STMicroelectronics.X-CUBE-TOUCHGFX.4.22.0
2023-10-10 22:03:01,064 [WARN] PackLoader:240 - Cannot read IP mode file for STMicroelectronics.X-CUBE-TOUCHGFX.4.22.1
2023-10-10 22:03:01,102 [WARN] PackLoader:240 - Cannot read IP mode file for STMicroelectronics.FP-SNS-SMARTAG2.1.2.0
2023-10-10 22:03:01,165 [INFO] LogOutputStream:77 - [STDOUT_REDIRECT] 1 : Invalid condition id : UX_CORESTACK_Condition cause : null
2023-10-10 22:03:01,167 [INFO] LogOutputStream:77 - [STDOUT_REDIRECT] 1 : Invalid condition id : UX_CORESTACK_Condition cause : null
2023-10-10 22:03:01,171 [INFO] LogOutputStream:77 - [STDOUT_REDIRECT] 1 : Invalid condition id : UX_CORESTACK_Condition cause : null
2023-10-10 22:03:01,173 [INFO] LogOutputStream:77 - [STDOUT_REDIRECT] 1 : Invalid condition id : UX_CORESTACK_Condition cause : null
2023-10-10 22:03:01,176 [INFO] LogOutputStream:77 - [STDOUT_REDIRECT] 1 : Invalid condition id : UX_CORESTACK_Condition cause : null
2023-10-10 22:03:01,189 [WARN] PackLoader:240 - Cannot read IP mode file for STMicroelectronics.X-CUBE-AZRTOS-WL.2.0.0
2023-10-10 22:03:01,227 [WARN] PackLoader:240 - Cannot read IP mode file for WES.I-CUBE-Cesium.1.3.0
2023-10-10 22:03:01,261 [WARN] PackLoader:240 - Cannot read IP mode file for STMicroelectronics.X-CUBE-BLE2.3.3.0
2023-10-10 22:03:01,294 [WARN] PackLoader:240 - Cannot read IP mode file for STMicroelectronics.X-CUBE-ALGOBUILD.1.3.0
2023-10-10 22:03:01,395 [WARN] PackLoader:240 - Cannot read IP mode file for STMicroelectronics.X-CUBE-AZRTOS-G0.1.1.0
2023-10-10 22:03:01,444 [WARN] PackLoader:240 - Cannot read IP mode file for STMicroelectronics.X-CUBE-NFC4.3.0.0
2023-10-10 22:03:01,499 [WARN] PackLoader:240 - Cannot read IP mode file for STMicroelectronics.FP-ATR-SIGFOX1.3.2.0
2023-10-10 22:03:01,590 [WARN] PackLoader:240 - Cannot read IP mode file for SEGGER.I-CUBE-embOS.1.3.1
2023-10-10 22:03:01,743 [WARN] PackLoader:240 - Cannot read IP mode file for STMicroelectronics.X-CUBE-GNSS1.6.0.0
2023-10-10 22:03:01,849 [WARN] PackLoader:240 - Cannot read IP mode file for STMicroelectronics.X-CUBE-AZRTOS-F4.1.1.0
2023-10-10 22:03:01,888 [WARN] PackLoader:240 - Cannot read IP mode file for wolfSSL.I-CUBE-wolfSSL.5.6.3
2023-10-10 22:03:01,986 [WARN] PackLoader:240 - Cannot read IP mode file for STMicroelectronics.X-CUBE-AZRTOS-L5.2.0.0
2023-10-10 22:03:02,134 [WARN] PackLoader:240 - Cannot read IP mode file for STMicroelectronics.X-CUBE-MEMS1.9.6.0
2023-10-10 22:03:02,737 [WARN] PackLoader:240 - Cannot read IP mode file for ITTIA_DB.I-CUBE-ITTIADB.8.8.0
2023-10-10 22:03:02,776 [WARN] PackLoader:240 - Cannot read IP mode file for STMicroelectronics.X-CUBE-BLEMGR.2.0.0
2023-10-10 22:03:02,873 [WARN] ConditionMgr:438 - getConditionDescription Invalid condition id : UX DEVICE CLASS RTOS Condition cause : null
2023-10-10 22:03:02,873 [WARN] ConditionMgr:438 - getConditionDescription Invalid condition id : UX DEVICE CLASS RTOS Condition cause : null
2023-10-10 22:03:02,882 [WARN] PackLoader:240 - Cannot read IP mode file for STMicroelectronics.X-CUBE-AZRTOS-H7.3.1.0
2023-10-10 22:03:02,886 [WARN] ConditionMgr:1039 - genDependencies : Invalid condition id : UX DEVICE CLASS RTOS Condition cause : null
2023-10-10 22:03:02,886 [WARN] ConditionMgr:1039 - genDependencies : Invalid condition id : UX DEVICE CLASS RTOS Condition cause : null
2023-10-10 22:03:02,889 [WARN] ConditionMgr:1039 - genDependencies : Invalid condition id : UX DEVICE CLASS RTOS Condition cause : null
2023-10-10 22:03:02,890 [WARN] ConditionMgr:1039 - genDependencies : Invalid condition id : UX DEVICE CLASS RTOS Condition cause : null
2023-10-10 22:03:02,891 [WARN] ConditionMgr:1039 - genDependencies : Invalid condition id : UX DEVICE CLASS RTOS Condition cause : null
2023-10-10 22:03:02,933 [WARN] PackLoader:240 - Cannot read IP mode file for STMicroelectronics.X-CUBE-NFC7.1.0.1
2023-10-10 22:03:02,980 [WARN] PackLoader:240 - Cannot read IP mode file for STMicroelectronics.X-CUBE-NFC6.3.0.0
2023-10-10 22:03:03,025 [WARN] PackLoader:240 - Cannot read IP mode file for STMicroelectronics.X-CUBE-EEPRMA1.4.1.0
2023-10-10 22:03:03,063 [WARN] PackLoader:240 - Cannot read IP mode file for STMicroelectronics.X-CUBE-AI.8.1.0
2023-10-10 22:03:03,157 [WARN] ConditionMgr:438 - getConditionDescription Invalid condition id : LAN8742 Phy interface Condition cause : null
2023-10-10 22:03:03,159 [WARN] PackLoader:240 - Cannot read IP mode file for STMicroelectronics.X-CUBE-AZRTOS-L4.2.0.0
2023-10-10 22:03:03,163 [WARN] ConditionMgr:1039 - genDependencies : Invalid condition id : LAN8742 Phy interface Condition cause : null
2023-10-10 22:03:03,164 [WARN] ConditionMgr:1039 - genDependencies : Invalid condition id : LAN8742 Phy interface Condition cause : null
2023-10-10 22:03:03,166 [WARN] ConditionMgr:1039 - genDependencies : Invalid condition id : LAN8742 Phy interface Condition cause : null
2023-10-10 22:03:03,216 [WARN] PackLoader:240 - Cannot read IP mode file for STMicroelectronics.X-CUBE-SFXS2LP1.4.0.0
2023-10-10 22:03:03,250 [WARN] PackLoader:240 - Cannot read IP mode file for STMicroelectronics.X-CUBE-ISPU.1.1.0
2023-10-10 22:03:03,330 [WARN] ConditionMgr:438 - getConditionDescription Invalid condition id : UX DEVICE CLASS RTOS Condition cause : null
2023-10-10 22:03:03,331 [WARN] ConditionMgr:438 - getConditionDescription Invalid condition id : UX DEVICE CLASS RTOS Condition cause : null
2023-10-10 22:03:03,336 [WARN] PackLoader:240 - Cannot read IP mode file for STMicroelectronics.X-CUBE-AZRTOS-WB.2.0.0
2023-10-10 22:03:03,338 [WARN] ConditionMgr:1039 - genDependencies : Invalid condition id : UX DEVICE CLASS RTOS Condition cause : null
2023-10-10 22:03:03,338 [WARN] ConditionMgr:1039 - genDependencies : Invalid condition id : UX DEVICE CLASS RTOS Condition cause : null
2023-10-10 22:03:03,339 [WARN] ConditionMgr:1039 - genDependencies : Invalid condition id : UX DEVICE CLASS RTOS Condition cause : null
2023-10-10 22:03:03,339 [WARN] ConditionMgr:1039 - genDependencies : Invalid condition id : UX DEVICE CLASS RTOS Condition cause : null
2023-10-10 22:03:03,339 [WARN] ConditionMgr:1039 - genDependencies : Invalid condition id : UX DEVICE CLASS RTOS Condition cause : null
2023-10-10 22:03:03,401 [WARN] PackLoader:240 - Cannot read IP mode file for STMicroelectronics.X-CUBE-SUBG2.5.0.0
2023-10-10 22:03:03,460 [WARN] PackLoader:240 - Cannot read IP mode file for STMicroelectronics.X-CUBE-TOF1.3.3.1
2023-10-10 22:03:03,563 [WARN] PackLoader:240 - Cannot read IP mode file for STMicroelectronics.X-CUBE-AZRTOS-G4.2.0.0
2023-10-10 22:03:03,603 [WARN] PackLoader:240 - Cannot read IP mode file for Infineon.AIROC-Wi-Fi-Bluetooth-STM32.1.5.1
2023-10-10 22:03:03,649 [WARN] PackLoader:240 - Cannot read IP mode file for STMicroelectronics.X-CUBE-FREERTOS.1.1.0
2023-10-10 22:03:03,693 [WARN] PackLoader:240 - Cannot read IP mode file for portGmbH.I-Cube-SoM-uGOAL.1.1.0
2023-10-10 22:03:03,728 [WARN] PackLoader:240 - Cannot read IP mode file for STMicroelectronics.X-CUBE-ALS.1.0.1
2023-10-10 22:03:03,742 [WARN] PackLoader:240 - Cannot read IP mode file for STMicroelectronics.FP-ATR-ASTRA1.2.0.0
2023-10-10 22:03:03,745 [INFO] ThirdParty:978 - Integrity check success = true
2023-10-10 22:03:03,745 [INFO] IntegrityCheckThread:100 - exiting critical section [integrity check]
2023-10-10 22:03:03,745 [INFO] IntegrityCheckThread:103 - End integrity checks thread
2023-10-10 22:03:20,604 [ERROR] LogOutputStream:75 - [STDERR_REDIRECT] SLF4J: Failed to load class "org.slf4j.impl.StaticLoggerBinder".
2023-10-10 22:03:20,606 [ERROR] LogOutputStream:75 - [STDERR_REDIRECT] SLF4J: Defaulting to no-operation (NOP) logger implementation
2023-10-10 22:03:20,611 [ERROR] LogOutputStream:75 - [STDERR_REDIRECT] SLF4J: See http://www.slf4j.org/codes.html#StaticLoggerBinder for further details.
2023-10-10 23:05:39,259 [ERROR] LogOutputStream:75 - [STDERR_REDIRECT] 
