12:44:10 **** Incremental Build of configuration Debug for project lcd_screen ****
make -j8 all 
arm-none-eabi-gcc -o "lcd_screen.elf" @"objects.list"   -mcpu=cortex-m4 -T"D:\JU\Microdata_Technology\Mikrodatateknik_HT2023\labs\lab4\lcd_screen\STM32F411RETX_FLASH.ld" --specs=nosys.specs -Wl,-Map="lcd_screen.map" -Wl,--gc-sections -static --specs=nano.specs -mfpu=fpv4-sp-d16 -mfloat-abi=hard -mthumb -Wl,--start-group -lc -lm -Wl,--end-group
C:/ST/STM32CubeIDE_1.13.1/STM32CubeIDE/plugins/com.st.stm32cube.ide.mcu.externaltools.gnu-tools-for-stm32.11.3.rel1.win32_1.1.0.202305231506/tools/bin/../lib/gcc/arm-none-eabi/11.3.1/../../../../arm-none-eabi/bin/ld.exe: ./Core/Src/lcd.o: in function `TextLCD_PutChar':
D:/JU/Microdata_Technology/Mikrodatateknik_HT2023/labs/lab4/lcd_screen/Debug/../Core/Src/lcd.c:220: undefined reference to `MyDelay'
collect2.exe: error: ld returned 1 exit status
make: *** [makefile:64: lcd_screen.elf] Error 1
"make -j8 all" terminated with exit code 2. Build might be incomplete.
12:44:41 **** Incremental Build of configuration Debug for project lcd_screen ****
make -j8 all 
arm-none-eabi-gcc -o "lcd_screen.elf" @"objects.list"   -mcpu=cortex-m4 -T"D:\JU\Microdata_Technology\Mikrodatateknik_HT2023\labs\lab4\lcd_screen\STM32F411RETX_FLASH.ld" --specs=nosys.specs -Wl,-Map="lcd_screen.map" -Wl,--gc-sections -static --specs=nano.specs -mfpu=fpv4-sp-d16 -mfloat-abi=hard -mthumb -Wl,--start-group -lc -lm -Wl,--end-group
C:/ST/STM32CubeIDE_1.13.1/STM32CubeIDE/plugins/com.st.stm32cube.ide.mcu.externaltools.gnu-tools-for-stm32.11.3.rel1.win32_1.1.0.202305231506/tools/bin/../lib/gcc/arm-none-eabi/11.3.1/../../../../arm-none-eabi/bin/ld.exe: ./Core/Src/lcd.o: in function `TextLCD_PutChar':
D:/JU/Microdata_Technology/Mikrodatateknik_HT2023/labs/lab4/lcd_screen/Debug/../Core/Src/lcd.c:220: undefined reference to `MyDelay'
collect2.exe: error: ld returned 1 exit status
make: *** [makefile:64: lcd_screen.elf] Error 1
"make -j8 all" terminated with exit code 2. Build might be incomplete.
12:44:49 **** Incremental Build of configuration Debug for project lcd_screen ****
make -j8 all 
arm-none-eabi-gcc "../Core/Src/main.c" -mcpu=cortex-m4 -std=gnu11 -g3 -DDEBUG -DUSE_HAL_DRIVER -DSTM32F411xE -c -I../Core/Inc -I../Drivers/STM32F4xx_HAL_Driver/Inc -I../Drivers/STM32F4xx_HAL_Driver/Inc/Legacy -I../Drivers/CMSIS/Device/ST/STM32F4xx/Include -I../Drivers/CMSIS/Include -O0 -ffunction-sections -fdata-sections -Wall -fstack-usage -fcyclomatic-complexity -MMD -MP -MF"Core/Src/main.d" -MT"Core/Src/main.o" --specs=nano.specs -mfpu=fpv4-sp-d16 -mfloat-abi=hard -mthumb -o "Core/Src/main.o"
arm-none-eabi-gcc -o "lcd_screen.elf" @"objects.list"   -mcpu=cortex-m4 -T"D:\JU\Microdata_Technology\Mikrodatateknik_HT2023\labs\lab4\lcd_screen\STM32F411RETX_FLASH.ld" --specs=nosys.specs -Wl,-Map="lcd_screen.map" -Wl,--gc-sections -static --specs=nano.specs -mfpu=fpv4-sp-d16 -mfloat-abi=hard -mthumb -Wl,--start-group -lc -lm -Wl,--end-group
C:/ST/STM32CubeIDE_1.13.1/STM32CubeIDE/plugins/com.st.stm32cube.ide.mcu.externaltools.gnu-tools-for-stm32.11.3.rel1.win32_1.1.0.202305231506/tools/bin/../lib/gcc/arm-none-eabi/11.3.1/../../../../arm-none-eabi/bin/ld.exe: ./Core/Src/lcd.o: in function `TextLCD_PutChar':
D:/JU/Microdata_Technology/Mikrodatateknik_HT2023/labs/lab4/lcd_screen/Debug/../Core/Src/lcd.c:220: undefined reference to `MyDelay'
collect2.exe: error: ld returned 1 exit status
make: *** [makefile:64: lcd_screen.elf] Error 1
"make -j8 all" terminated with exit code 2. Build might be incomplete.
12:45:58 **** Incremental Build of configuration Debug for project lcd_screen ****
make -j8 all 
arm-none-eabi-gcc "../Core/Src/lcd.c" -mcpu=cortex-m4 -std=gnu11 -g3 -DDEBUG -DUSE_HAL_DRIVER -DSTM32F411xE -c -I../Core/Inc -I../Drivers/STM32F4xx_HAL_Driver/Inc -I../Drivers/STM32F4xx_HAL_Driver/Inc/Legacy -I../Drivers/CMSIS/Device/ST/STM32F4xx/Include -I../Drivers/CMSIS/Include -O0 -ffunction-sections -fdata-sections -Wall -fstack-usage -fcyclomatic-complexity -MMD -MP -MF"Core/Src/lcd.d" -MT"Core/Src/lcd.o" --specs=nano.specs -mfpu=fpv4-sp-d16 -mfloat-abi=hard -mthumb -o "Core/Src/lcd.o"
../Core/Src/lcd.c: In function 'TextLCD_PutChar':
../Core/Src/lcd.c:220:9: warning: implicit declaration of function 'MyDelay'; did you mean 'My_Delay'? [-Wimplicit-function-declaration]
  220 |         MyDelay(41);
      |         ^~~~~~~
      |         My_Delay
arm-none-eabi-gcc -o "lcd_screen.elf" @"objects.list"   -mcpu=cortex-m4 -T"D:\JU\Microdata_Technology\Mikrodatateknik_HT2023\labs\lab4\lcd_screen\STM32F411RETX_FLASH.ld" --specs=nosys.specs -Wl,-Map="lcd_screen.map" -Wl,--gc-sections -static --specs=nano.specs -mfpu=fpv4-sp-d16 -mfloat-abi=hard -mthumb -Wl,--start-group -lc -lm -Wl,--end-group
C:/ST/STM32CubeIDE_1.13.1/STM32CubeIDE/plugins/com.st.stm32cube.ide.mcu.externaltools.gnu-tools-for-stm32.11.3.rel1.win32_1.1.0.202305231506/tools/bin/../lib/gcc/arm-none-eabi/11.3.1/../../../../arm-none-eabi/bin/ld.exe: ./Core/Src/lcd.o: in function `TextLCD_PutChar':
D:/JU/Microdata_Technology/Mikrodatateknik_HT2023/labs/lab4/lcd_screen/Debug/../Core/Src/lcd.c:220: undefined reference to `MyDelay'
collect2.exe: error: ld returned 1 exit status
make: *** [makefile:64: lcd_screen.elf] Error 1
"make -j8 all" terminated with exit code 2. Build might be incomplete.
12:46:12 **** Incremental Build of configuration Debug for project lcd_screen ****
make -j8 all 
arm-none-eabi-gcc "../Core/Src/lcd.c" -mcpu=cortex-m4 -std=gnu11 -g3 -DDEBUG -DUSE_HAL_DRIVER -DSTM32F411xE -c -I../Core/Inc -I../Drivers/STM32F4xx_HAL_Driver/Inc -I../Drivers/STM32F4xx_HAL_Driver/Inc/Legacy -I../Drivers/CMSIS/Device/ST/STM32F4xx/Include -I../Drivers/CMSIS/Include -O0 -ffunction-sections -fdata-sections -Wall -fstack-usage -fcyclomatic-complexity -MMD -MP -MF"Core/Src/lcd.d" -MT"Core/Src/lcd.o" --specs=nano.specs -mfpu=fpv4-sp-d16 -mfloat-abi=hard -mthumb -o "Core/Src/lcd.o"
arm-none-eabi-gcc -o "lcd_screen.elf" @"objects.list"   -mcpu=cortex-m4 -T"D:\JU\Microdata_Technology\Mikrodatateknik_HT2023\labs\lab4\lcd_screen\STM32F411RETX_FLASH.ld" --specs=nosys.specs -Wl,-Map="lcd_screen.map" -Wl,--gc-sections -static --specs=nano.specs -mfpu=fpv4-sp-d16 -mfloat-abi=hard -mthumb -Wl,--start-group -lc -lm -Wl,--end-group
Finished building target: lcd_screen.elf
 
arm-none-eabi-size   lcd_screen.elf 
arm-none-eabi-objdump -h -S  lcd_screen.elf  > "lcd_screen.list"
   text	   data	    bss	    dec	    hex	filename
  14228	     24	   1880	  16132	   3f04	lcd_screen.elf
Finished building: default.size.stdout
 
Finished building: lcd_screen.list
 
12:47:49 **** Incremental Build of configuration Debug for project lcd_screen ****
make -j8 all 
arm-none-eabi-gcc "../Core/Src/main.c" -mcpu=cortex-m4 -std=gnu11 -g3 -DDEBUG -DUSE_HAL_DRIVER -DSTM32F411xE -c -I../Core/Inc -I../Drivers/STM32F4xx_HAL_Driver/Inc -I../Drivers/STM32F4xx_HAL_Driver/Inc/Legacy -I../Drivers/CMSIS/Device/ST/STM32F4xx/Include -I../Drivers/CMSIS/Include -O0 -ffunction-sections -fdata-sections -Wall -fstack-usage -fcyclomatic-complexity -MMD -MP -MF"Core/Src/main.d" -MT"Core/Src/main.o" --specs=nano.specs -mfpu=fpv4-sp-d16 -mfloat-abi=hard -mthumb -o "Core/Src/main.o"
arm-none-eabi-gcc -o "lcd_screen.elf" @"objects.list"   -mcpu=cortex-m4 -T"D:\JU\Microdata_Technology\Mikrodatateknik_HT2023\labs\lab4\lcd_screen\STM32F411RETX_FLASH.ld" --specs=nosys.specs -Wl,-Map="lcd_screen.map" -Wl,--gc-sections -static --specs=nano.specs -mfpu=fpv4-sp-d16 -mfloat-abi=hard -mthumb -Wl,--start-group -lc -lm -Wl,--end-group
Finished building target: lcd_screen.elf
 
arm-none-eabi-size   lcd_screen.elf 
arm-none-eabi-objdump -h -S  lcd_screen.elf  > "lcd_screen.list"
   text	   data	    bss	    dec	    hex	filename
  14228	     24	   1880	  16132	   3f04	lcd_screen.elf
Finished building: default.size.stdout
 
Finished building: lcd_screen.list
 
12:56:28 **** Incremental Build of configuration Debug for project lcd_screen ****
make -j8 all 
arm-none-eabi-size   lcd_screen.elf 
   text	   data	    bss	    dec	    hex	filename
  14228	     24	   1880	  16132	   3f04	lcd_screen.elf
Finished building: default.size.stdout
 
13:26:53 **** Incremental Build of configuration Debug for project lcd_screen ****
make -j8 all 
arm-none-eabi-gcc "../Core/Src/main.c" -mcpu=cortex-m4 -std=gnu11 -g3 -DDEBUG -DUSE_HAL_DRIVER -DSTM32F411xE -c -I../Core/Inc -I../Drivers/STM32F4xx_HAL_Driver/Inc -I../Drivers/STM32F4xx_HAL_Driver/Inc/Legacy -I../Drivers/CMSIS/Device/ST/STM32F4xx/Include -I../Drivers/CMSIS/Include -O0 -ffunction-sections -fdata-sections -Wall -fstack-usage -fcyclomatic-complexity -MMD -MP -MF"Core/Src/main.d" -MT"Core/Src/main.o" --specs=nano.specs -mfpu=fpv4-sp-d16 -mfloat-abi=hard -mthumb -o "Core/Src/main.o"
arm-none-eabi-gcc -o "lcd_screen.elf" @"objects.list"   -mcpu=cortex-m4 -T"D:\JU\Microdata_Technology\Mikrodatateknik_HT2023\labs\lab4\lcd_screen\STM32F411RETX_FLASH.ld" --specs=nosys.specs -Wl,-Map="lcd_screen.map" -Wl,--gc-sections -static --specs=nano.specs -mfpu=fpv4-sp-d16 -mfloat-abi=hard -mthumb -Wl,--start-group -lc -lm -Wl,--end-group
Finished building target: lcd_screen.elf
 
arm-none-eabi-size   lcd_screen.elf 
arm-none-eabi-objdump -h -S  lcd_screen.elf  > "lcd_screen.list"
   text	   data	    bss	    dec	    hex	filename
  14228	     24	   1880	  16132	   3f04	lcd_screen.elf
Finished building: default.size.stdout
 
Finished building: lcd_screen.list
 
13:27:16 **** Incremental Build of configuration Debug for project lcd_screen ****
make -j8 all 
arm-none-eabi-size   lcd_screen.elf 
   text	   data	    bss	    dec	    hex	filename
  14228	     24	   1880	  16132	   3f04	lcd_screen.elf
Finished building: default.size.stdout
 
13:27:43 **** Incremental Build of configuration Debug for project lcd_screen ****
make -j8 all 
arm-none-eabi-size   lcd_screen.elf 
   text	   data	    bss	    dec	    hex	filename
  14228	     24	   1880	  16132	   3f04	lcd_screen.elf
Finished building: default.size.stdout
 
