2023-09-26 10:32:19,664 [INFO] NvicIntPanel:101 - NVIC parent = com.st.microxplorer.plugins.ip.nvic.MultiNvicIntPanel[,0,0,497x285,layout=javax.swing.BoxLayout,alignmentX=0.0,alignmentY=0.0,border=,flags=9,maximumSize=,minimumSize=,preferredSize=]
2023-09-26 10:33:41,572 [INFO] NvicIntPanel:101 - NVIC parent = com.st.microxplorer.plugins.ip.nvic.MultiNvicIntPanel[,0,0,0x0,invalid,layout=javax.swing.BoxLayout,alignmentX=0.0,alignmentY=0.0,border=,flags=9,maximumSize=,minimumSize=,preferredSize=]
2023-09-26 10:33:44,603 [INFO] UtilMem:75 - End SaveConfig() Used Memory: 749804848 Bytes (1073741824)
2023-09-26 10:33:45,681 [INFO] UtilMem:75 - End SaveConfig() Used Memory: 772873520 Bytes (1073741824)
2023-09-26 10:33:47,565 [INFO] UtilMem:75 - End SaveConfig() Used Memory: 808002864 Bytes (1073741824)
2023-09-26 10:33:48,122 [INFO] BlockDiagram:2759 - set Specific Code input for plugin: NVIC
2023-09-26 10:33:48,122 [INFO] BlockDiagram:2759 - set Specific Code input for plugin: USART
2023-09-26 10:33:48,122 [INFO] BlockDiagram:2759 - set Specific Code input for plugin: TIM1_8
2023-09-26 10:33:48,122 [INFO] BlockDiagram:2759 - set Specific Code input for plugin: SYS
2023-09-26 10:33:48,122 [INFO] BlockDiagram:2759 - set Specific Code input for plugin: GPIO
2023-09-26 10:33:48,122 [INFO] BlockDiagram:2759 - set Specific Code input for plugin: RCC
2023-09-26 10:33:48,124 [INFO] CodeGenerator:799 - code generatio: config db path: C:\ST\STM32CubeIDE_1.13.1\STM32CubeIDE\plugins\com.st.stm32cube.common.mx_6.9.1.202307191849\\db\
2023-09-26 10:33:48,460 [INFO] CodeEngine:255 - oldGeneratedFile, D:\JU\Microdata_Technology\Mikrodatateknik_HT2023\labs\lab4\lcd_screen\MXTmpFiles\license.tmp_save
2023-09-26 10:33:48,845 [INFO] CodeEngine:279 - Generated code: D:\JU\Microdata_Technology\Mikrodatateknik_HT2023\labs\lab4\lcd_screen\MXTmpFiles\license.tmp
2023-09-26 10:33:48,994 [INFO] CodeEngine:255 - oldGeneratedFile, D:\JU\Microdata_Technology\Mikrodatateknik_HT2023\labs\lab4\lcd_screen\MXTmpFiles\gpio.tmp_save
2023-09-26 10:33:49,206 [INFO] CodeEngine:279 - Generated code: D:\JU\Microdata_Technology\Mikrodatateknik_HT2023\labs\lab4\lcd_screen\MXTmpFiles\gpio.tmp
2023-09-26 10:33:49,449 [INFO] CodeEngine:255 - oldGeneratedFile, D:\JU\Microdata_Technology\Mikrodatateknik_HT2023\labs\lab4\lcd_screen\Core\Src\stm32f4xx_it.c_save
2023-09-26 10:33:49,682 [INFO] CodeEngine:279 - Generated code: D:\JU\Microdata_Technology\Mikrodatateknik_HT2023\labs\lab4\lcd_screen\Core\Src\stm32f4xx_it.c
2023-09-26 10:33:49,708 [INFO] CodeEngine:255 - oldGeneratedFile, D:\JU\Microdata_Technology\Mikrodatateknik_HT2023\labs\lab4\lcd_screen\Core\Inc\stm32f4xx_it.h_save
2023-09-26 10:33:49,819 [INFO] CodeEngine:279 - Generated code: D:\JU\Microdata_Technology\Mikrodatateknik_HT2023\labs\lab4\lcd_screen\Core\Inc\stm32f4xx_it.h
2023-09-26 10:33:49,904 [INFO] CodeEngine:255 - oldGeneratedFile, D:\JU\Microdata_Technology\Mikrodatateknik_HT2023\labs\lab4\lcd_screen\Core\Src\stm32f4xx_hal_msp.c_save
2023-09-26 10:33:50,076 [INFO] CodeEngine:279 - Generated code: D:\JU\Microdata_Technology\Mikrodatateknik_HT2023\labs\lab4\lcd_screen\Core\Src\stm32f4xx_hal_msp.c
2023-09-26 10:33:50,129 [INFO] CodeEngine:255 - oldGeneratedFile, D:\JU\Microdata_Technology\Mikrodatateknik_HT2023\labs\lab4\lcd_screen\MXTmpFiles\system.tmp_save
2023-09-26 10:33:50,267 [INFO] CodeEngine:279 - Generated code: D:\JU\Microdata_Technology\Mikrodatateknik_HT2023\labs\lab4\lcd_screen\MXTmpFiles\system.tmp
2023-09-26 10:33:50,313 [INFO] CodeEngine:311 - oldGeneratedFile, D:\JU\Microdata_Technology\Mikrodatateknik_HT2023\labs\lab4\lcd_screen\Core\Inc\stm32f4xx_hal_conf.h_save
2023-09-26 10:33:50,555 [INFO] CodeEngine:335 - Generated code: D:\JU\Microdata_Technology\Mikrodatateknik_HT2023\labs\lab4\lcd_screen\Core\Inc\stm32f4xx_hal_conf.h
2023-09-26 10:33:50,662 [WARN] IPConfigManager:3431 - IP not found : TIM
2023-09-26 10:33:50,664 [WARN] CodeGenerator:3760 - IP not found : null
2023-09-26 10:33:50,713 [INFO] CodeEngine:255 - oldGeneratedFile, D:\JU\Microdata_Technology\Mikrodatateknik_HT2023\labs\lab4\lcd_screen\Core\Inc\main.h_save
2023-09-26 10:33:50,899 [INFO] CodeEngine:279 - Generated code: D:\JU\Microdata_Technology\Mikrodatateknik_HT2023\labs\lab4\lcd_screen\Core\Inc\main.h
2023-09-26 10:33:50,972 [INFO] CodeEngine:255 - oldGeneratedFile, D:\JU\Microdata_Technology\Mikrodatateknik_HT2023\labs\lab4\lcd_screen\Core\Src\main.c_save
2023-09-26 10:33:51,211 [INFO] CodeEngine:279 - Generated code: D:\JU\Microdata_Technology\Mikrodatateknik_HT2023\labs\lab4\lcd_screen\Core\Src\main.c
2023-09-26 10:33:52,075 [INFO] ProjectBuilder:3064 - Time for Copy HAL[1] : 236mS.
2023-09-26 10:33:52,081 [INFO] ProjectBuilder:4404 - Project Generator version: 4.1.0
2023-09-26 10:33:52,471 [INFO] ConfigFileManager:1457 - The Die is : DIE431
2023-09-26 10:33:52,496 [INFO] ApiDbMcu:507 - Load IP Config File for FATFS
2023-09-26 10:33:52,513 [INFO] ApiDbMcu:507 - Load IP Config File for FREERTOS
2023-09-26 10:33:52,524 [INFO] ApiDbMcu:507 - Load IP Config File for LIBJPEG
2023-09-26 10:33:52,540 [INFO] ApiDbMcu:507 - Load IP Config File for MBEDTLS
2023-09-26 10:33:52,569 [INFO] ApiDbMcu:507 - Load IP Config File for USB_DEVICE
2023-09-26 10:33:52,600 [INFO] ApiDbMcu:507 - Load IP Config File for USB_HOST
