2023-09-29 12:02:31,314 [ERROR] ConfigurationRetriever:142 - IOException on connection: sw-center.st.com
2023-09-29 12:02:31,323 [ERROR] ConfigurationRetriever:142 - IOException on connection: sw-center.st.com
2023-09-29 12:02:31,323 [ERROR] ConfigurationRetriever:142 - IOException on connection: sw-center.st.com
2023-09-29 12:02:31,601 [ERROR] ConfigurationRetriever:142 - IOException on connection: sw-center.st.com
2023-09-29 12:02:31,602 [ERROR] ConfigurationRetriever:142 - IOException on connection: sw-center.st.com
2023-09-29 12:02:31,602 [ERROR] ConfigurationRetriever:142 - IOException on connection: sw-center.st.com
2023-09-29 12:05:47,285 [ERROR] ConfigurationRetriever:142 - IOException on connection: sw-center.st.com
2023-09-29 12:05:47,286 [ERROR] ConfigurationRetriever:142 - IOException on connection: sw-center.st.com
2023-09-29 12:05:47,286 [ERROR] ConfigurationRetriever:142 - IOException on connection: sw-center.st.com
2023-09-29 12:05:47,518 [ERROR] ConfigurationRetriever:142 - IOException on connection: sw-center.st.com
2023-09-29 12:05:47,518 [ERROR] ConfigurationRetriever:142 - IOException on connection: sw-center.st.com
2023-09-29 12:05:47,519 [ERROR] ConfigurationRetriever:142 - IOException on connection: sw-center.st.com
2023-09-29 13:28:28,135 [ERROR] LogOutputStream:75 - [STDERR_REDIRECT] 
2023-09-29 13:29:10,607 [INFO] Activator:176 - 


2023-09-29 13:29:10,609 [INFO] Activator:177 - !SESSION log4j initialized
2023-09-29 13:29:16,606 [INFO] LogOutputStream:77 - [STDOUT_REDIRECT] 
2023-09-29 13:29:17,795 [INFO] ApplicationProperties:184 - Using Application install path: C:\ST\STM32CubeIDE_1.13.1\STM32CubeIDE\plugins\com.st.stm32cube.common.mx_6.9.1.202307191849
2023-09-29 13:29:17,817 [INFO] DbMcusXml:78 - Set database path to: C:\ST\STM32CubeIDE_1.13.1\STM32CubeIDE\plugins\com.st.stm32cube.common.mx_6.9.1.202307191849\\db\/mcu/
2023-09-29 13:29:17,818 [INFO] ApiDb:274 - Set plugin database path to: C:\ST\STM32CubeIDE_1.13.1\STM32CubeIDE\plugins\com.st.stm32cube.common.mx_6.9.1.202307191849\\db\/plugins/boardmanager/
2023-09-29 13:29:17,818 [WARN] ApiDb:259 - Overriding images path with different value:  => C:\ST\STM32CubeIDE_1.13.1\STM32CubeIDE\plugins\com.st.stm32cube.common.mx_6.9.1.202307191849\\db\/plugins/mcufinder/images/
2023-09-29 13:29:17,829 [INFO] ApiDb:250 - Set database path to: C:\Users\Mahmu\.stmcufinder\plugins\mcufinder//mcu/
2023-09-29 13:29:17,831 [INFO] DbMcusAds:125 - Set database path to: C:\Users\Mahmu\.stmcufinder\plugins\mcufinder//mcu/
2023-09-29 13:29:17,833 [INFO] CrossReferenceDbSqlite:203 - Set database path to: C:\Users\Mahmu\.stmcufinder\plugins\mcufinder//mcu/cs/
2023-09-29 13:29:17,975 [INFO] RulesReader:64 - Compatibility file has been processed (293 Rules)
2023-09-29 13:29:18,077 [INFO] DbMcusXml:78 - Set database path to: C:\ST\STM32CubeIDE_1.13.1\STM32CubeIDE\plugins\com.st.stm32cube.common.mx_6.9.1.202307191849\\db\/mcu/
2023-09-29 13:29:18,077 [INFO] ApiDb:274 - Set plugin database path to: C:\ST\STM32CubeIDE_1.13.1\STM32CubeIDE\plugins\com.st.stm32cube.common.mx_6.9.1.202307191849\\db\/plugins/boardmanager/
2023-09-29 13:29:18,077 [INFO] ApiDb:261 - Set plugin images path to: C:\ST\STM32CubeIDE_1.13.1\STM32CubeIDE\plugins\com.st.stm32cube.common.mx_6.9.1.202307191849\\db\/plugins/mcufinder/images/
2023-09-29 13:29:18,078 [WARN] DbFile:41 - Overriding database path with different value: C:\Users\Mahmu\.stmcufinder\plugins\mcufinder/ => C:\Users\Mahmu\.stmcufinder\plugins\mcufinder
2023-09-29 13:29:18,078 [INFO] ApiDb:250 - Set database path to: C:\Users\Mahmu\.stmcufinder\plugins\mcufinder//mcu/
2023-09-29 13:29:18,078 [WARN] DbFile:41 - Overriding database path with different value: C:\Users\Mahmu\.stmcufinder\plugins\mcufinder/ => C:\Users\Mahmu\.stmcufinder\plugins\mcufinder
2023-09-29 13:29:18,078 [INFO] DbMcusAds:125 - Set database path to: C:\Users\Mahmu\.stmcufinder\plugins\mcufinder//mcu/
2023-09-29 13:29:18,078 [WARN] DbFile:41 - Overriding database path with different value: C:\Users\Mahmu\.stmcufinder\plugins\mcufinder/ => C:\Users\Mahmu\.stmcufinder\plugins\mcufinder
2023-09-29 13:29:18,078 [WARN] DbFile:41 - Overriding database path with different value: C:\Users\Mahmu\.stmcufinder\plugins\mcufinder/ => C:\Users\Mahmu\.stmcufinder\plugins\mcufinder
2023-09-29 13:29:18,078 [INFO] CrossReferenceDbSqlite:203 - Set database path to: C:\Users\Mahmu\.stmcufinder\plugins\mcufinder//mcu/cs/
2023-09-29 13:29:18,178 [INFO] MainPanel:262 - HeapMemory: 268435456
2023-09-29 13:29:18,305 [INFO] DbMcusXml:78 - Set database path to: C:\ST\STM32CubeIDE_1.13.1\STM32CubeIDE\plugins\com.st.stm32cube.common.mx_6.9.1.202307191849\\db\/mcu/
2023-09-29 13:29:18,305 [INFO] ApiDb:274 - Set plugin database path to: C:\ST\STM32CubeIDE_1.13.1\STM32CubeIDE\plugins\com.st.stm32cube.common.mx_6.9.1.202307191849\\db\/plugins/boardmanager/
2023-09-29 13:29:18,306 [INFO] ApiDb:261 - Set plugin images path to: C:\ST\STM32CubeIDE_1.13.1\STM32CubeIDE\plugins\com.st.stm32cube.common.mx_6.9.1.202307191849\\db\/plugins/mcufinder/images/
2023-09-29 13:29:18,306 [WARN] DbFile:41 - Overriding database path with different value: C:\Users\Mahmu\.stmcufinder\plugins\mcufinder/ => C:\Users\Mahmu\.stmcufinder\plugins\mcufinder
2023-09-29 13:29:18,306 [INFO] ApiDb:250 - Set database path to: C:\Users\Mahmu\.stmcufinder\plugins\mcufinder//mcu/
2023-09-29 13:29:18,306 [WARN] DbFile:41 - Overriding database path with different value: C:\Users\Mahmu\.stmcufinder\plugins\mcufinder/ => C:\Users\Mahmu\.stmcufinder\plugins\mcufinder
2023-09-29 13:29:18,306 [INFO] DbMcusAds:125 - Set database path to: C:\Users\Mahmu\.stmcufinder\plugins\mcufinder//mcu/
2023-09-29 13:29:18,306 [WARN] DbFile:41 - Overriding database path with different value: C:\Users\Mahmu\.stmcufinder\plugins\mcufinder/ => C:\Users\Mahmu\.stmcufinder\plugins\mcufinder
2023-09-29 13:29:18,307 [WARN] DbFile:41 - Overriding database path with different value: C:\Users\Mahmu\.stmcufinder\plugins\mcufinder/ => C:\Users\Mahmu\.stmcufinder\plugins\mcufinder
2023-09-29 13:29:18,307 [INFO] CrossReferenceDbSqlite:203 - Set database path to: C:\Users\Mahmu\.stmcufinder\plugins\mcufinder//mcu/cs/
2023-09-29 13:29:18,330 [INFO] ApplicationProperties:184 - Using Application install path: C:\ST\STM32CubeIDE_1.13.1\STM32CubeIDE\plugins\com.st.stm32cube.common.mx_6.9.1.202307191849
2023-09-29 13:29:18,332 [INFO] PluginManage:196 - Search for loadable plugins [exclusion list=, ]
2023-09-29 13:29:18,335 [INFO] PluginManage:310 - Check plugin analytics
2023-09-29 13:29:18,550 [INFO] AnalyticsPlugin:253 - Accepted Software Licenses: 
2023-09-29 13:29:18,550 [INFO] AnalyticsPlugin:255 - Accepted CMSIS Pack Licenses: 
2023-09-29 13:29:18,551 [INFO] AnalyticsPlugin:257 - Accepted Firmware Licenses: FW.F4.1.27.0
2023-09-29 13:29:18,554 [INFO] PluginManage:359 - Loaded plugin analytics (category:tool,tabindex:-1)
2023-09-29 13:29:18,554 [INFO] PluginManage:310 - Check plugin cadmodel
2023-09-29 13:29:18,569 [INFO] CADModel:105 - Init CAD model plugin
2023-09-29 13:29:18,569 [INFO] PluginManage:359 - Loaded plugin cadmodel (category:power,tabindex:5)
2023-09-29 13:29:18,569 [INFO] PluginManage:310 - Check plugin clock
2023-09-29 13:29:18,590 [INFO] PluginManage:359 - Loaded plugin clock (category:base,tabindex:2)
2023-09-29 13:29:18,590 [INFO] PluginManage:310 - Check plugin ddr
2023-09-29 13:29:18,594 [INFO] PluginManage:359 - Loaded plugin ddr (category:tool,tabindex:6)
2023-09-29 13:29:18,594 [INFO] PluginManage:310 - Check plugin filemanager
2023-09-29 13:29:18,741 [INFO] PluginManage:359 - Loaded plugin filemanager (category:base,tabindex:10)
2023-09-29 13:29:18,741 [INFO] PluginManage:310 - Check plugin ipmanager
2023-09-29 13:29:18,749 [INFO] PluginManage:359 - Loaded plugin ipmanager (category:base,tabindex:5)
2023-09-29 13:29:18,749 [INFO] PluginManage:310 - Check plugin lpbam
2023-09-29 13:29:18,769 [INFO] PluginManage:359 - Loaded plugin lpbam (category:base,tabindex:0)
2023-09-29 13:29:18,769 [INFO] PluginManage:310 - Check plugin memorymap
2023-09-29 13:29:18,794 [INFO] PluginManage:359 - Loaded plugin memorymap (category:base,tabindex:4)
2023-09-29 13:29:18,794 [INFO] PluginManage:310 - Check plugin pinoutandconfiguration
2023-09-29 13:29:18,810 [INFO] PluginManage:359 - Loaded plugin pinoutandconfiguration (category:base,tabindex:1)
2023-09-29 13:29:18,811 [INFO] PluginManage:310 - Check plugin pinoutconfig
2023-09-29 13:29:18,944 [WARN] SupportedApi:132 - Cannot load RTOS API schema: s4s-elt-must-match.1: The content of 'definitions' must match (annotation?, (simpleType | complexType)?, (unique | key | keyref)*)). A problem was found starting at: attribute.
2023-09-29 13:29:19,106 [INFO] PluginManage:359 - Loaded plugin pinoutconfig (category:base,tabindex:0)
2023-09-29 13:29:19,106 [INFO] PluginManage:310 - Check plugin power
2023-09-29 13:29:19,124 [INFO] PluginManage:359 - Loaded plugin power (category:power,tabindex:4)
2023-09-29 13:29:19,125 [INFO] PluginManage:310 - Check plugin projectmanager
2023-09-29 13:29:19,142 [INFO] PluginManage:359 - Loaded plugin projectmanager (category:projectmanager,tabindex:3)
2023-09-29 13:29:19,143 [INFO] PluginManage:310 - Check plugin thirdparty
2023-09-29 13:29:19,466 [INFO] PluginManage:359 - Loaded plugin thirdparty (category:base,tabindex:-1)
2023-09-29 13:29:19,465 [WARN] IntegrityCheckThread:84 - waiting for thirdparty lock release [integrity check]
2023-09-29 13:29:19,466 [INFO] IntegrityCheckThread:86 - entering critical section [integrity check]
2023-09-29 13:29:19,466 [INFO] PluginManage:310 - Check plugin tools
2023-09-29 13:29:19,466 [INFO] ThirdPartyUpdaterWithRetryManager:70 - Updater plugin not ready yet. [1/15]
2023-09-29 13:29:19,502 [INFO] PluginManage:359 - Loaded plugin tools (category:base,tabindex:7)
2023-09-29 13:29:19,502 [INFO] PluginManage:310 - Check plugin tutovideos
2023-09-29 13:29:19,736 [INFO] PluginManage:359 - Loaded plugin tutovideos (category:base,tabindex:-1)
2023-09-29 13:29:19,737 [INFO] PluginManage:310 - Check plugin updater
2023-09-29 13:29:19,746 [INFO] PluginManage:359 - Loaded plugin updater (category:base,tabindex:12)
2023-09-29 13:29:19,746 [INFO] PluginManage:310 - Check plugin userauth
2023-09-29 13:29:19,755 [INFO] UserAuth:113 - Init User Auth plugin
2023-09-29 13:29:19,756 [INFO] PluginManage:359 - Loaded plugin userauth (category:base,tabindex:14)
2023-09-29 13:29:19,756 [INFO] PluginManage:283 - PluginManage : Loaded plugins [17]
2023-09-29 13:29:20,042 [INFO] PinOutPanel:1499 - setPackage(No Configuration,No Configuration)
2023-09-29 13:29:20,167 [INFO] CADModel:165 - CPN selected for project level
2023-09-29 13:29:20,167 [INFO] CADModel:114 - Register for checkConnection events
2023-09-29 13:29:20,197 [INFO] IPUIPlugin:80 - create IPUIPlugin
2023-09-29 13:29:20,198 [INFO] PluginManager:220 - loadIPPluginJar : add adc
2023-09-29 13:29:20,235 [INFO] IPUIPlugin:80 - create IPUIPlugin
2023-09-29 13:29:20,236 [INFO] PluginManager:220 - loadIPPluginJar : add aes
2023-09-29 13:29:20,288 [INFO] IPUIPlugin:80 - create IPUIPlugin
2023-09-29 13:29:20,289 [INFO] PluginManager:220 - loadIPPluginJar : add can
2023-09-29 13:29:20,312 [INFO] IPUIPlugin:80 - create IPUIPlugin
2023-09-29 13:29:20,313 [INFO] PluginManager:220 - loadIPPluginJar : add comp
2023-09-29 13:29:20,345 [INFO] IPUIPlugin:80 - create IPUIPlugin
2023-09-29 13:29:20,345 [INFO] PluginManager:220 - loadIPPluginJar : add cryp
2023-09-29 13:29:20,375 [INFO] IPUIPlugin:80 - create IPUIPlugin
2023-09-29 13:29:20,376 [INFO] PluginManager:220 - loadIPPluginJar : add dfsdm
2023-09-29 13:29:20,391 [INFO] IPUIPlugin:80 - create IPUIPlugin
2023-09-29 13:29:20,392 [INFO] PluginManager:220 - loadIPPluginJar : add dma
2023-09-29 13:29:20,435 [INFO] IPUIPlugin:80 - create IPUIPlugin
2023-09-29 13:29:20,436 [INFO] PluginManager:220 - loadIPPluginJar : add dma3
2023-09-29 13:29:20,454 [INFO] IPUIPlugin:80 - create IPUIPlugin
2023-09-29 13:29:20,454 [INFO] PluginManager:220 - loadIPPluginJar : add fatfs
2023-09-29 13:29:20,511 [INFO] IPUIPlugin:80 - create IPUIPlugin
2023-09-29 13:29:20,511 [INFO] PluginManager:220 - loadIPPluginJar : add fmc
2023-09-29 13:29:20,529 [INFO] IPUIPlugin:80 - create IPUIPlugin
2023-09-29 13:29:20,529 [INFO] PluginManager:220 - loadIPPluginJar : add freertos
2023-09-29 13:29:20,557 [INFO] IPUIPlugin:80 - create IPUIPlugin
2023-09-29 13:29:20,557 [INFO] PluginManager:220 - loadIPPluginJar : add genericplugin
2023-09-29 13:29:20,645 [INFO] IPUIPlugin:80 - create IPUIPlugin
2023-09-29 13:29:20,645 [INFO] PluginManager:220 - loadIPPluginJar : add gfxmmu
2023-09-29 13:29:20,804 [INFO] IPUIPlugin:80 - create IPUIPlugin
2023-09-29 13:29:20,805 [INFO] PluginManager:220 - loadIPPluginJar : add gic
2023-09-29 13:29:20,817 [INFO] IPUIPlugin:80 - create IPUIPlugin
2023-09-29 13:29:20,817 [INFO] PluginManager:220 - loadIPPluginJar : add gpio
2023-09-29 13:29:20,907 [INFO] IPUIPlugin:80 - create IPUIPlugin
2023-09-29 13:29:20,907 [INFO] PluginManager:220 - loadIPPluginJar : add gtzc
2023-09-29 13:29:20,937 [INFO] IPUIPlugin:80 - create IPUIPlugin
2023-09-29 13:29:20,937 [INFO] PluginManager:220 - loadIPPluginJar : add hash
2023-09-29 13:29:20,991 [INFO] IPUIPlugin:80 - create IPUIPlugin
2023-09-29 13:29:20,991 [INFO] PluginManager:220 - loadIPPluginJar : add i2c
2023-09-29 13:29:21,036 [INFO] IPUIPlugin:80 - create IPUIPlugin
2023-09-29 13:29:21,036 [INFO] PluginManager:220 - loadIPPluginJar : add i2s
2023-09-29 13:29:21,087 [INFO] IPUIPlugin:80 - create IPUIPlugin
2023-09-29 13:29:21,087 [INFO] PluginManager:220 - loadIPPluginJar : add i3c
2023-09-29 13:29:21,189 [INFO] IPUIPlugin:80 - create IPUIPlugin
2023-09-29 13:29:21,189 [INFO] PluginManager:220 - loadIPPluginJar : add ipddr
2023-09-29 13:29:21,275 [INFO] IPUIPlugin:80 - create IPUIPlugin
2023-09-29 13:29:21,275 [INFO] PluginManager:220 - loadIPPluginJar : add linkedlist
2023-09-29 13:29:21,311 [INFO] IPUIPlugin:80 - create IPUIPlugin
2023-09-29 13:29:21,311 [INFO] PluginManager:220 - loadIPPluginJar : add lorawan
2023-09-29 13:29:21,358 [INFO] IPUIPlugin:80 - create IPUIPlugin
2023-09-29 13:29:21,359 [INFO] PluginManager:220 - loadIPPluginJar : add ltdc
2023-09-29 13:29:21,375 [INFO] IPUIPlugin:80 - create IPUIPlugin
2023-09-29 13:29:21,375 [INFO] PluginManager:220 - loadIPPluginJar : add mdma
2023-09-29 13:29:21,388 [INFO] IPUIPlugin:80 - create IPUIPlugin
2023-09-29 13:29:21,389 [INFO] PluginManager:220 - loadIPPluginJar : add nvic
2023-09-29 13:29:21,426 [INFO] IPUIPlugin:80 - create IPUIPlugin
2023-09-29 13:29:21,427 [INFO] PluginManager:220 - loadIPPluginJar : add opamp
2023-09-29 13:29:21,491 [INFO] IPUIPlugin:80 - create IPUIPlugin
2023-09-29 13:29:21,491 [INFO] PluginManager:220 - loadIPPluginJar : add openamp
2023-09-29 13:29:21,544 [INFO] IPUIPlugin:80 - create IPUIPlugin
2023-09-29 13:29:21,544 [INFO] PluginManager:220 - loadIPPluginJar : add pdm2pcm
2023-09-29 13:29:21,564 [INFO] IPUIPlugin:80 - create IPUIPlugin
2023-09-29 13:29:21,567 [INFO] PluginManager:220 - loadIPPluginJar : add plateformsettings
2023-09-29 13:29:21,599 [INFO] IPUIPlugin:80 - create IPUIPlugin
2023-09-29 13:29:21,599 [INFO] PluginManager:220 - loadIPPluginJar : add quadspi
2023-09-29 13:29:21,617 [INFO] IPUIPlugin:80 - create IPUIPlugin
2023-09-29 13:29:21,617 [INFO] PluginManager:220 - loadIPPluginJar : add resmgrutility
2023-09-29 13:29:21,669 [INFO] IPUIPlugin:80 - create IPUIPlugin
2023-09-29 13:29:21,669 [INFO] PluginManager:220 - loadIPPluginJar : add sai
2023-09-29 13:29:21,707 [INFO] IPUIPlugin:80 - create IPUIPlugin
2023-09-29 13:29:21,707 [INFO] PluginManager:220 - loadIPPluginJar : add spi
2023-09-29 13:29:21,772 [INFO] IPUIPlugin:80 - create IPUIPlugin
2023-09-29 13:29:21,772 [INFO] PluginManager:220 - loadIPPluginJar : add stm32_wpan
2023-09-29 13:29:21,808 [INFO] IPUIPlugin:80 - create IPUIPlugin
2023-09-29 13:29:21,808 [INFO] PluginManager:220 - loadIPPluginJar : add tim
2023-09-29 13:29:21,888 [INFO] IPUIPlugin:80 - create IPUIPlugin
2023-09-29 13:29:21,888 [INFO] PluginManager:220 - loadIPPluginJar : add touchsensing
2023-09-29 13:29:21,915 [INFO] IPUIPlugin:80 - create IPUIPlugin
2023-09-29 13:29:21,915 [INFO] PluginManager:220 - loadIPPluginJar : add tracer_emb
2023-09-29 13:29:21,951 [INFO] IPUIPlugin:80 - create IPUIPlugin
2023-09-29 13:29:21,952 [INFO] PluginManager:220 - loadIPPluginJar : add ts
2023-09-29 13:29:21,981 [INFO] IPUIPlugin:80 - create IPUIPlugin
2023-09-29 13:29:21,981 [INFO] PluginManager:220 - loadIPPluginJar : add tsc
2023-09-29 13:29:22,005 [INFO] IPUIPlugin:80 - create IPUIPlugin
2023-09-29 13:29:22,005 [INFO] PluginManager:220 - loadIPPluginJar : add ucpd
2023-09-29 13:29:22,168 [INFO] IPUIPlugin:80 - create IPUIPlugin
2023-09-29 13:29:22,169 [INFO] PluginManager:220 - loadIPPluginJar : add usart
2023-09-29 13:29:22,217 [INFO] IPUIPlugin:80 - create IPUIPlugin
2023-09-29 13:29:22,217 [INFO] PluginManager:220 - loadIPPluginJar : add usbx
2023-09-29 13:29:22,344 [INFO] CADModel:165 - CPN selected for project level
2023-09-29 13:29:22,344 [INFO] CADModel:114 - Register for checkConnection events
2023-09-29 13:29:22,345 [FATAL] Updater:308 - Updater called before beeing initialized
2023-09-29 13:29:22,345 [ERROR] CADModel:125 - Updater not yet initialized, retry later 
2023-09-29 13:29:22,467 [INFO] ThirdPartyUpdaterWithRetryManager:70 - Updater plugin not ready yet. [2/15]
2023-09-29 13:29:22,541 [INFO] CADModel:165 - CPN selected for project level
2023-09-29 13:29:22,541 [INFO] CADModel:114 - Register for checkConnection events
2023-09-29 13:29:22,541 [FATAL] Updater:308 - Updater called before beeing initialized
2023-09-29 13:29:22,542 [ERROR] CADModel:125 - Updater not yet initialized, retry later 
2023-09-29 13:29:22,544 [FATAL] Updater:308 - Updater called before beeing initialized
2023-09-29 13:29:22,637 [FATAL] Updater:308 - Updater called before beeing initialized
2023-09-29 13:29:22,647 [INFO] DbMcusAds:53 - JSON generation date=Tue Mar 07 09:50:55 GMT+01:00 2023 (1678179055114)
2023-09-29 13:29:22,647 [FATAL] Updater:308 - Updater called before beeing initialized
2023-09-29 13:29:22,678 [WARN] DetailPanel:346 - Failed to get advertising image, set to default
2023-09-29 13:29:22,781 [FATAL] Updater:308 - Updater called before beeing initialized
2023-09-29 13:29:22,784 [FATAL] Updater:308 - Updater called before beeing initialized
2023-09-29 13:29:22,784 [FATAL] Updater:308 - Updater called before beeing initialized
2023-09-29 13:29:22,784 [WARN] DetailPanel:346 - Failed to get advertising image, set to default
2023-09-29 13:29:22,785 [FATAL] Updater:308 - Updater called before beeing initialized
2023-09-29 13:29:22,856 [ERROR] Updater:1120 - MainUpdater not yet initialized. External WinMGr cannot be set.
2023-09-29 13:29:22,872 [INFO] Updater:1056 - Updater Version found : 6.9.1
2023-09-29 13:29:22,901 [INFO] ApplicationProperties:184 - Using Application install path: C:\ST\STM32CubeIDE_1.13.1\STM32CubeIDE\plugins\com.st.stm32cube.common.mx_6.9.1.202307191849
2023-09-29 13:29:23,081 [INFO] MainUpdater:2868 - connection check result : 10
2023-09-29 13:29:23,081 [INFO] MainUpdater:285 - Updater Check For Update Now.
2023-09-29 13:29:23,082 [INFO] MicroXplorer:498 - Change Database Version : DB.6.0.91
2023-09-29 13:29:23,100 [INFO] McuFinderGlobals:63 - Set McuFinder mode to 2 (CubeIDE integrated)
2023-09-29 13:29:23,100 [INFO] UserAuth:179 - activating auth plugin
2023-09-29 13:29:23,104 [INFO] UserAuth:393 - Internet connection configuration mode: 1
2023-09-29 13:29:23,141 [INFO] JxBrowserEngine:151 - Initiate JxBrowser Engine with user profile folder
2023-09-29 13:29:23,298 [INFO] CheckServerUpdateThread:120 - End of CheckServer Thread
2023-09-29 13:29:25,477 [INFO] WebApp:157 - Instantiating new browser for Auth
2023-09-29 13:29:25,713 [WARN] PackLoader:240 - Cannot read IP mode file for STMicroelectronics.X-CUBE-SMBUS.2.1.0
2023-09-29 13:29:25,797 [WARN] PackLoader:240 - Cannot read IP mode file for STMicroelectronics.X-CUBE-AZRTOS-F7.1.1.0
2023-09-29 13:29:25,828 [WARN] PackLoader:240 - Cannot read IP mode file for STMicroelectronics.FP-SNS-MOTENV1.4.3.2
2023-09-29 13:29:25,847 [WARN] PackLoader:240 - Cannot read IP mode file for STMicroelectronics.FP-SNS-FLIGHT1.5.0.2
2023-09-29 13:29:25,868 [WARN] PackLoader:240 - Cannot read IP mode file for STMicroelectronics.X-CUBE-DISPLAY.3.0.0
2023-09-29 13:29:25,893 [WARN] PackLoader:240 - Cannot read IP mode file for STMicroelectronics.X-CUBE-BLE1.7.0.0
2023-09-29 13:29:25,912 [WARN] PackLoader:240 - Cannot read IP mode file for emotas.I-CUBE-CANOPEN.1.3.0
2023-09-29 13:29:25,927 [WARN] PackLoader:240 - Cannot read IP mode file for STMicroelectronics.X-CUBE-TOUCHGFX.4.22.0
2023-09-29 13:29:25,945 [WARN] PackLoader:240 - Cannot read IP mode file for STMicroelectronics.FP-SNS-SMARTAG2.1.2.0
2023-09-29 13:29:25,973 [INFO] LogOutputStream:77 - [STDOUT_REDIRECT] 1 : Invalid condition id : UX_CORESTACK_Condition cause : null
2023-09-29 13:29:25,975 [INFO] LogOutputStream:77 - [STDOUT_REDIRECT] 1 : Invalid condition id : UX_CORESTACK_Condition cause : null
2023-09-29 13:29:25,976 [INFO] LogOutputStream:77 - [STDOUT_REDIRECT] 1 : Invalid condition id : UX_CORESTACK_Condition cause : null
2023-09-29 13:29:25,977 [INFO] LogOutputStream:77 - [STDOUT_REDIRECT] 1 : Invalid condition id : UX_CORESTACK_Condition cause : null
2023-09-29 13:29:25,979 [INFO] LogOutputStream:77 - [STDOUT_REDIRECT] 1 : Invalid condition id : UX_CORESTACK_Condition cause : null
2023-09-29 13:29:25,985 [WARN] PackLoader:240 - Cannot read IP mode file for STMicroelectronics.X-CUBE-AZRTOS-WL.2.0.0
2023-09-29 13:29:26,014 [WARN] PackLoader:240 - Cannot read IP mode file for WES.I-CUBE-Cesium.1.3.0
2023-09-29 13:29:26,037 [WARN] PackLoader:240 - Cannot read IP mode file for STMicroelectronics.X-CUBE-BLE2.3.3.0
2023-09-29 13:29:26,055 [WARN] PackLoader:240 - Cannot read IP mode file for STMicroelectronics.X-CUBE-ALGOBUILD.1.3.0
2023-09-29 13:29:26,096 [WARN] PackLoader:240 - Cannot read IP mode file for STMicroelectronics.X-CUBE-AZRTOS-G0.1.1.0
2023-09-29 13:29:26,118 [WARN] PackLoader:240 - Cannot read IP mode file for STMicroelectronics.X-CUBE-NFC4.3.0.0
2023-09-29 13:29:26,133 [WARN] PackLoader:240 - Cannot read IP mode file for STMicroelectronics.FP-ATR-SIGFOX1.3.2.0
2023-09-29 13:29:26,177 [WARN] PackLoader:240 - Cannot read IP mode file for SEGGER.I-CUBE-embOS.1.3.1
2023-09-29 13:29:26,233 [WARN] PackLoader:240 - Cannot read IP mode file for STMicroelectronics.X-CUBE-GNSS1.6.0.0
2023-09-29 13:29:26,269 [WARN] PackLoader:240 - Cannot read IP mode file for STMicroelectronics.X-CUBE-AZRTOS-F4.1.1.0
2023-09-29 13:29:26,285 [WARN] PackLoader:240 - Cannot read IP mode file for wolfSSL.I-CUBE-wolfSSL.5.6.3
2023-09-29 13:29:26,309 [INFO] WebApp:753 - Register for checkConnection events
2023-09-29 13:29:26,309 [INFO] WebApp:390 - Apply proxy settings
2023-09-29 13:29:26,310 [INFO] WebApp:475 - Chromium requires no authentication
2023-09-29 13:29:26,320 [WARN] PackLoader:240 - Cannot read IP mode file for STMicroelectronics.X-CUBE-AZRTOS-L5.2.0.0
2023-09-29 13:29:26,320 [INFO] WebApp:418 - Direct internet connection detected
2023-09-29 13:29:26,379 [WARN] PackLoader:240 - Cannot read IP mode file for STMicroelectronics.X-CUBE-MEMS1.9.6.0
2023-09-29 13:29:26,536 [WARN] PackLoader:240 - Cannot read IP mode file for STMicroelectronics.X-CUBE-BLEMGR.2.0.0
2023-09-29 13:29:26,565 [INFO] WebApp:188 - Starting web application
2023-09-29 13:29:26,565 [INFO] WebApp:520 - Web application path used C:\ST\STM32CubeIDE_1.13.1\STM32CubeIDE\plugins\com.st.stm32cube.common.mx_6.9.1.202307191849\db\plugins\mcufinder\reactClient1\index.html
2023-09-29 13:29:26,575 [WARN] ConditionMgr:438 - getConditionDescription Invalid condition id : UX DEVICE CLASS RTOS Condition cause : null
2023-09-29 13:29:26,575 [WARN] ConditionMgr:438 - getConditionDescription Invalid condition id : UX DEVICE CLASS RTOS Condition cause : null
2023-09-29 13:29:26,579 [WARN] PackLoader:240 - Cannot read IP mode file for STMicroelectronics.X-CUBE-AZRTOS-H7.3.1.0
2023-09-29 13:29:26,580 [WARN] ConditionMgr:1039 - genDependencies : Invalid condition id : UX DEVICE CLASS RTOS Condition cause : null
2023-09-29 13:29:26,581 [WARN] ConditionMgr:1039 - genDependencies : Invalid condition id : UX DEVICE CLASS RTOS Condition cause : null
2023-09-29 13:29:26,582 [WARN] ConditionMgr:1039 - genDependencies : Invalid condition id : UX DEVICE CLASS RTOS Condition cause : null
2023-09-29 13:29:26,582 [WARN] ConditionMgr:1039 - genDependencies : Invalid condition id : UX DEVICE CLASS RTOS Condition cause : null
2023-09-29 13:29:26,583 [WARN] ConditionMgr:1039 - genDependencies : Invalid condition id : UX DEVICE CLASS RTOS Condition cause : null
2023-09-29 13:29:26,600 [WARN] PackLoader:240 - Cannot read IP mode file for STMicroelectronics.X-CUBE-NFC7.1.0.1
2023-09-29 13:29:26,623 [WARN] PackLoader:240 - Cannot read IP mode file for STMicroelectronics.X-CUBE-NFC6.3.0.0
2023-09-29 13:29:26,643 [WARN] PackLoader:240 - Cannot read IP mode file for STMicroelectronics.X-CUBE-EEPRMA1.4.1.0
2023-09-29 13:29:26,662 [WARN] PackLoader:240 - Cannot read IP mode file for STMicroelectronics.X-CUBE-AI.8.1.0
2023-09-29 13:29:26,718 [WARN] ConditionMgr:438 - getConditionDescription Invalid condition id : LAN8742 Phy interface Condition cause : null
2023-09-29 13:29:26,719 [WARN] PackLoader:240 - Cannot read IP mode file for STMicroelectronics.X-CUBE-AZRTOS-L4.2.0.0
2023-09-29 13:29:26,720 [WARN] ConditionMgr:1039 - genDependencies : Invalid condition id : LAN8742 Phy interface Condition cause : null
2023-09-29 13:29:26,720 [WARN] ConditionMgr:1039 - genDependencies : Invalid condition id : LAN8742 Phy interface Condition cause : null
2023-09-29 13:29:26,721 [WARN] ConditionMgr:1039 - genDependencies : Invalid condition id : LAN8742 Phy interface Condition cause : null
2023-09-29 13:29:26,756 [WARN] PackLoader:240 - Cannot read IP mode file for STMicroelectronics.X-CUBE-SFXS2LP1.4.0.0
2023-09-29 13:29:26,774 [WARN] PackLoader:240 - Cannot read IP mode file for STMicroelectronics.X-CUBE-ISPU.1.1.0
2023-09-29 13:29:26,810 [WARN] ConditionMgr:438 - getConditionDescription Invalid condition id : UX DEVICE CLASS RTOS Condition cause : null
2023-09-29 13:29:26,811 [WARN] ConditionMgr:438 - getConditionDescription Invalid condition id : UX DEVICE CLASS RTOS Condition cause : null
2023-09-29 13:29:26,814 [WARN] PackLoader:240 - Cannot read IP mode file for STMicroelectronics.X-CUBE-AZRTOS-WB.2.0.0
2023-09-29 13:29:26,815 [WARN] ConditionMgr:1039 - genDependencies : Invalid condition id : UX DEVICE CLASS RTOS Condition cause : null
2023-09-29 13:29:26,815 [WARN] ConditionMgr:1039 - genDependencies : Invalid condition id : UX DEVICE CLASS RTOS Condition cause : null
2023-09-29 13:29:26,816 [WARN] ConditionMgr:1039 - genDependencies : Invalid condition id : UX DEVICE CLASS RTOS Condition cause : null
2023-09-29 13:29:26,816 [WARN] ConditionMgr:1039 - genDependencies : Invalid condition id : UX DEVICE CLASS RTOS Condition cause : null
2023-09-29 13:29:26,816 [WARN] ConditionMgr:1039 - genDependencies : Invalid condition id : UX DEVICE CLASS RTOS Condition cause : null
2023-09-29 13:29:26,843 [WARN] PackLoader:240 - Cannot read IP mode file for STMicroelectronics.X-CUBE-SUBG2.5.0.0
2023-09-29 13:29:26,874 [WARN] PackLoader:240 - Cannot read IP mode file for STMicroelectronics.X-CUBE-TOF1.3.3.1
2023-09-29 13:29:26,915 [WARN] PackLoader:240 - Cannot read IP mode file for STMicroelectronics.X-CUBE-AZRTOS-G4.2.0.0
2023-09-29 13:29:26,933 [WARN] PackLoader:240 - Cannot read IP mode file for STMicroelectronics.X-CUBE-FREERTOS.1.1.0
2023-09-29 13:29:26,949 [WARN] PackLoader:240 - Cannot read IP mode file for portGmbH.I-Cube-SoM-uGOAL.1.1.0
2023-09-29 13:29:26,964 [WARN] PackLoader:240 - Cannot read IP mode file for STMicroelectronics.X-CUBE-ALS.1.0.1
2023-09-29 13:29:26,978 [WARN] PackLoader:240 - Cannot read IP mode file for STMicroelectronics.FP-ATR-ASTRA1.2.0.0
2023-09-29 13:29:26,979 [INFO] ThirdParty:978 - Integrity check success = true
2023-09-29 13:29:26,979 [INFO] IntegrityCheckThread:100 - exiting critical section [integrity check]
2023-09-29 13:29:26,980 [INFO] IntegrityCheckThread:103 - End integrity checks thread
2023-09-29 13:29:47,598 [ERROR] LogOutputStream:75 - [STDERR_REDIRECT] SLF4J: Failed to load class "org.slf4j.impl.StaticLoggerBinder".
2023-09-29 13:29:47,599 [ERROR] LogOutputStream:75 - [STDERR_REDIRECT] SLF4J: Defaulting to no-operation (NOP) logger implementation
2023-09-29 13:29:47,600 [ERROR] LogOutputStream:75 - [STDERR_REDIRECT] SLF4J: See http://www.slf4j.org/codes.html#StaticLoggerBinder for further details.
2023-09-29 16:29:40,729 [ERROR] LogOutputStream:75 - [STDERR_REDIRECT] 
2023-09-29 16:45:17,654 [INFO] Activator:176 - 


2023-09-29 16:45:17,656 [INFO] Activator:177 - !SESSION log4j initialized
2023-09-29 16:45:22,728 [INFO] LogOutputStream:77 - [STDOUT_REDIRECT] 
2023-09-29 16:45:23,491 [INFO] ApplicationProperties:184 - Using Application install path: C:\ST\STM32CubeIDE_1.13.1\STM32CubeIDE\plugins\com.st.stm32cube.common.mx_6.9.1.202307191849
2023-09-29 16:45:23,511 [INFO] DbMcusXml:78 - Set database path to: C:\ST\STM32CubeIDE_1.13.1\STM32CubeIDE\plugins\com.st.stm32cube.common.mx_6.9.1.202307191849\\db\/mcu/
2023-09-29 16:45:23,511 [INFO] ApiDb:274 - Set plugin database path to: C:\ST\STM32CubeIDE_1.13.1\STM32CubeIDE\plugins\com.st.stm32cube.common.mx_6.9.1.202307191849\\db\/plugins/boardmanager/
2023-09-29 16:45:23,511 [WARN] ApiDb:259 - Overriding images path with different value:  => C:\ST\STM32CubeIDE_1.13.1\STM32CubeIDE\plugins\com.st.stm32cube.common.mx_6.9.1.202307191849\\db\/plugins/mcufinder/images/
2023-09-29 16:45:23,519 [INFO] ApiDb:250 - Set database path to: C:\Users\Mahmu\.stmcufinder\plugins\mcufinder//mcu/
2023-09-29 16:45:23,520 [INFO] DbMcusAds:125 - Set database path to: C:\Users\Mahmu\.stmcufinder\plugins\mcufinder//mcu/
2023-09-29 16:45:23,522 [INFO] CrossReferenceDbSqlite:203 - Set database path to: C:\Users\Mahmu\.stmcufinder\plugins\mcufinder//mcu/cs/
2023-09-29 16:45:23,675 [INFO] RulesReader:64 - Compatibility file has been processed (293 Rules)
2023-09-29 16:45:23,824 [INFO] DbMcusXml:78 - Set database path to: C:\ST\STM32CubeIDE_1.13.1\STM32CubeIDE\plugins\com.st.stm32cube.common.mx_6.9.1.202307191849\\db\/mcu/
2023-09-29 16:45:23,825 [INFO] ApiDb:274 - Set plugin database path to: C:\ST\STM32CubeIDE_1.13.1\STM32CubeIDE\plugins\com.st.stm32cube.common.mx_6.9.1.202307191849\\db\/plugins/boardmanager/
2023-09-29 16:45:23,825 [INFO] ApiDb:261 - Set plugin images path to: C:\ST\STM32CubeIDE_1.13.1\STM32CubeIDE\plugins\com.st.stm32cube.common.mx_6.9.1.202307191849\\db\/plugins/mcufinder/images/
2023-09-29 16:45:23,826 [WARN] DbFile:41 - Overriding database path with different value: C:\Users\Mahmu\.stmcufinder\plugins\mcufinder/ => C:\Users\Mahmu\.stmcufinder\plugins\mcufinder
2023-09-29 16:45:23,826 [INFO] ApiDb:250 - Set database path to: C:\Users\Mahmu\.stmcufinder\plugins\mcufinder//mcu/
2023-09-29 16:45:23,826 [WARN] DbFile:41 - Overriding database path with different value: C:\Users\Mahmu\.stmcufinder\plugins\mcufinder/ => C:\Users\Mahmu\.stmcufinder\plugins\mcufinder
2023-09-29 16:45:23,827 [INFO] DbMcusAds:125 - Set database path to: C:\Users\Mahmu\.stmcufinder\plugins\mcufinder//mcu/
2023-09-29 16:45:23,827 [WARN] DbFile:41 - Overriding database path with different value: C:\Users\Mahmu\.stmcufinder\plugins\mcufinder/ => C:\Users\Mahmu\.stmcufinder\plugins\mcufinder
2023-09-29 16:45:23,827 [WARN] DbFile:41 - Overriding database path with different value: C:\Users\Mahmu\.stmcufinder\plugins\mcufinder/ => C:\Users\Mahmu\.stmcufinder\plugins\mcufinder
2023-09-29 16:45:23,827 [INFO] CrossReferenceDbSqlite:203 - Set database path to: C:\Users\Mahmu\.stmcufinder\plugins\mcufinder//mcu/cs/
2023-09-29 16:45:23,920 [INFO] MainPanel:262 - HeapMemory: 268435456
2023-09-29 16:45:24,000 [INFO] DbMcusXml:78 - Set database path to: C:\ST\STM32CubeIDE_1.13.1\STM32CubeIDE\plugins\com.st.stm32cube.common.mx_6.9.1.202307191849\\db\/mcu/
2023-09-29 16:45:24,001 [INFO] ApiDb:274 - Set plugin database path to: C:\ST\STM32CubeIDE_1.13.1\STM32CubeIDE\plugins\com.st.stm32cube.common.mx_6.9.1.202307191849\\db\/plugins/boardmanager/
2023-09-29 16:45:24,001 [INFO] ApiDb:261 - Set plugin images path to: C:\ST\STM32CubeIDE_1.13.1\STM32CubeIDE\plugins\com.st.stm32cube.common.mx_6.9.1.202307191849\\db\/plugins/mcufinder/images/
2023-09-29 16:45:24,002 [WARN] DbFile:41 - Overriding database path with different value: C:\Users\Mahmu\.stmcufinder\plugins\mcufinder/ => C:\Users\Mahmu\.stmcufinder\plugins\mcufinder
2023-09-29 16:45:24,002 [INFO] ApiDb:250 - Set database path to: C:\Users\Mahmu\.stmcufinder\plugins\mcufinder//mcu/
2023-09-29 16:45:24,002 [WARN] DbFile:41 - Overriding database path with different value: C:\Users\Mahmu\.stmcufinder\plugins\mcufinder/ => C:\Users\Mahmu\.stmcufinder\plugins\mcufinder
2023-09-29 16:45:24,002 [INFO] DbMcusAds:125 - Set database path to: C:\Users\Mahmu\.stmcufinder\plugins\mcufinder//mcu/
2023-09-29 16:45:24,002 [WARN] DbFile:41 - Overriding database path with different value: C:\Users\Mahmu\.stmcufinder\plugins\mcufinder/ => C:\Users\Mahmu\.stmcufinder\plugins\mcufinder
2023-09-29 16:45:24,002 [WARN] DbFile:41 - Overriding database path with different value: C:\Users\Mahmu\.stmcufinder\plugins\mcufinder/ => C:\Users\Mahmu\.stmcufinder\plugins\mcufinder
2023-09-29 16:45:24,002 [INFO] CrossReferenceDbSqlite:203 - Set database path to: C:\Users\Mahmu\.stmcufinder\plugins\mcufinder//mcu/cs/
2023-09-29 16:45:24,020 [INFO] ApplicationProperties:184 - Using Application install path: C:\ST\STM32CubeIDE_1.13.1\STM32CubeIDE\plugins\com.st.stm32cube.common.mx_6.9.1.202307191849
2023-09-29 16:45:24,022 [INFO] PluginManage:196 - Search for loadable plugins [exclusion list=, ]
2023-09-29 16:45:24,023 [INFO] PluginManage:310 - Check plugin analytics
2023-09-29 16:45:24,238 [INFO] AnalyticsPlugin:253 - Accepted Software Licenses: 
2023-09-29 16:45:24,238 [INFO] AnalyticsPlugin:255 - Accepted CMSIS Pack Licenses: 
2023-09-29 16:45:24,238 [INFO] AnalyticsPlugin:257 - Accepted Firmware Licenses: FW.F4.1.27.0
2023-09-29 16:45:24,241 [INFO] PluginManage:359 - Loaded plugin analytics (category:tool,tabindex:-1)
2023-09-29 16:45:24,242 [INFO] PluginManage:310 - Check plugin cadmodel
2023-09-29 16:45:24,246 [INFO] CADModel:105 - Init CAD model plugin
2023-09-29 16:45:24,246 [INFO] PluginManage:359 - Loaded plugin cadmodel (category:power,tabindex:5)
2023-09-29 16:45:24,246 [INFO] PluginManage:310 - Check plugin clock
2023-09-29 16:45:24,257 [INFO] PluginManage:359 - Loaded plugin clock (category:base,tabindex:2)
2023-09-29 16:45:24,257 [INFO] PluginManage:310 - Check plugin ddr
2023-09-29 16:45:24,259 [INFO] PluginManage:359 - Loaded plugin ddr (category:tool,tabindex:6)
2023-09-29 16:45:24,260 [INFO] PluginManage:310 - Check plugin filemanager
2023-09-29 16:45:24,440 [INFO] PluginManage:359 - Loaded plugin filemanager (category:base,tabindex:10)
2023-09-29 16:45:24,441 [INFO] PluginManage:310 - Check plugin ipmanager
2023-09-29 16:45:24,448 [INFO] PluginManage:359 - Loaded plugin ipmanager (category:base,tabindex:5)
2023-09-29 16:45:24,448 [INFO] PluginManage:310 - Check plugin lpbam
2023-09-29 16:45:24,458 [INFO] PluginManage:359 - Loaded plugin lpbam (category:base,tabindex:0)
2023-09-29 16:45:24,458 [INFO] PluginManage:310 - Check plugin memorymap
2023-09-29 16:45:24,468 [INFO] PluginManage:359 - Loaded plugin memorymap (category:base,tabindex:4)
2023-09-29 16:45:24,468 [INFO] PluginManage:310 - Check plugin pinoutandconfiguration
2023-09-29 16:45:24,475 [INFO] PluginManage:359 - Loaded plugin pinoutandconfiguration (category:base,tabindex:1)
2023-09-29 16:45:24,475 [INFO] PluginManage:310 - Check plugin pinoutconfig
2023-09-29 16:45:24,559 [WARN] SupportedApi:132 - Cannot load RTOS API schema: s4s-elt-must-match.1: The content of 'definitions' must match (annotation?, (simpleType | complexType)?, (unique | key | keyref)*)). A problem was found starting at: attribute.
2023-09-29 16:45:24,701 [INFO] PluginManage:359 - Loaded plugin pinoutconfig (category:base,tabindex:0)
2023-09-29 16:45:24,702 [INFO] PluginManage:310 - Check plugin power
2023-09-29 16:45:24,712 [INFO] PluginManage:359 - Loaded plugin power (category:power,tabindex:4)
2023-09-29 16:45:24,713 [INFO] PluginManage:310 - Check plugin projectmanager
2023-09-29 16:45:24,729 [INFO] PluginManage:359 - Loaded plugin projectmanager (category:projectmanager,tabindex:3)
2023-09-29 16:45:24,729 [INFO] PluginManage:310 - Check plugin thirdparty
2023-09-29 16:45:24,845 [WARN] IntegrityCheckThread:84 - waiting for thirdparty lock release [integrity check]
2023-09-29 16:45:24,845 [INFO] PluginManage:359 - Loaded plugin thirdparty (category:base,tabindex:-1)
2023-09-29 16:45:24,846 [INFO] IntegrityCheckThread:86 - entering critical section [integrity check]
2023-09-29 16:45:24,846 [INFO] PluginManage:310 - Check plugin tools
2023-09-29 16:45:24,846 [INFO] ThirdPartyUpdaterWithRetryManager:70 - Updater plugin not ready yet. [1/15]
2023-09-29 16:45:24,848 [INFO] PluginManage:359 - Loaded plugin tools (category:base,tabindex:7)
2023-09-29 16:45:24,848 [INFO] PluginManage:310 - Check plugin tutovideos
2023-09-29 16:45:25,005 [INFO] PluginManage:359 - Loaded plugin tutovideos (category:base,tabindex:-1)
2023-09-29 16:45:25,006 [INFO] PluginManage:310 - Check plugin updater
2023-09-29 16:45:25,017 [INFO] PluginManage:359 - Loaded plugin updater (category:base,tabindex:12)
2023-09-29 16:45:25,017 [INFO] PluginManage:310 - Check plugin userauth
2023-09-29 16:45:25,023 [INFO] UserAuth:113 - Init User Auth plugin
2023-09-29 16:45:25,023 [INFO] PluginManage:359 - Loaded plugin userauth (category:base,tabindex:14)
2023-09-29 16:45:25,024 [INFO] PluginManage:283 - PluginManage : Loaded plugins [17]
2023-09-29 16:45:25,295 [INFO] PinOutPanel:1499 - setPackage(No Configuration,No Configuration)
2023-09-29 16:45:25,397 [INFO] CADModel:165 - CPN selected for project level
2023-09-29 16:45:25,397 [INFO] CADModel:114 - Register for checkConnection events
2023-09-29 16:45:25,412 [INFO] IPUIPlugin:80 - create IPUIPlugin
2023-09-29 16:45:25,413 [INFO] PluginManager:220 - loadIPPluginJar : add adc
2023-09-29 16:45:25,415 [INFO] IPUIPlugin:80 - create IPUIPlugin
2023-09-29 16:45:25,416 [INFO] PluginManager:220 - loadIPPluginJar : add aes
2023-09-29 16:45:25,418 [INFO] IPUIPlugin:80 - create IPUIPlugin
2023-09-29 16:45:25,418 [INFO] PluginManager:220 - loadIPPluginJar : add can
2023-09-29 16:45:25,419 [INFO] IPUIPlugin:80 - create IPUIPlugin
2023-09-29 16:45:25,419 [INFO] PluginManager:220 - loadIPPluginJar : add comp
2023-09-29 16:45:25,421 [INFO] IPUIPlugin:80 - create IPUIPlugin
2023-09-29 16:45:25,421 [INFO] PluginManager:220 - loadIPPluginJar : add cryp
2023-09-29 16:45:25,423 [INFO] IPUIPlugin:80 - create IPUIPlugin
2023-09-29 16:45:25,423 [INFO] PluginManager:220 - loadIPPluginJar : add dfsdm
2023-09-29 16:45:25,428 [INFO] IPUIPlugin:80 - create IPUIPlugin
2023-09-29 16:45:25,429 [INFO] PluginManager:220 - loadIPPluginJar : add dma
2023-09-29 16:45:25,431 [INFO] IPUIPlugin:80 - create IPUIPlugin
2023-09-29 16:45:25,431 [INFO] PluginManager:220 - loadIPPluginJar : add dma3
2023-09-29 16:45:25,432 [INFO] IPUIPlugin:80 - create IPUIPlugin
2023-09-29 16:45:25,432 [INFO] PluginManager:220 - loadIPPluginJar : add fatfs
2023-09-29 16:45:25,436 [INFO] IPUIPlugin:80 - create IPUIPlugin
2023-09-29 16:45:25,436 [INFO] PluginManager:220 - loadIPPluginJar : add fmc
2023-09-29 16:45:25,441 [INFO] IPUIPlugin:80 - create IPUIPlugin
2023-09-29 16:45:25,441 [INFO] PluginManager:220 - loadIPPluginJar : add freertos
2023-09-29 16:45:25,442 [INFO] IPUIPlugin:80 - create IPUIPlugin
2023-09-29 16:45:25,442 [INFO] PluginManager:220 - loadIPPluginJar : add genericplugin
2023-09-29 16:45:25,445 [INFO] IPUIPlugin:80 - create IPUIPlugin
2023-09-29 16:45:25,445 [INFO] PluginManager:220 - loadIPPluginJar : add gfxmmu
2023-09-29 16:45:25,450 [INFO] IPUIPlugin:80 - create IPUIPlugin
2023-09-29 16:45:25,450 [INFO] PluginManager:220 - loadIPPluginJar : add gic
2023-09-29 16:45:25,454 [INFO] IPUIPlugin:80 - create IPUIPlugin
2023-09-29 16:45:25,454 [INFO] PluginManager:220 - loadIPPluginJar : add gpio
2023-09-29 16:45:25,457 [INFO] IPUIPlugin:80 - create IPUIPlugin
2023-09-29 16:45:25,457 [INFO] PluginManager:220 - loadIPPluginJar : add gtzc
2023-09-29 16:45:25,460 [INFO] IPUIPlugin:80 - create IPUIPlugin
2023-09-29 16:45:25,460 [INFO] PluginManager:220 - loadIPPluginJar : add hash
2023-09-29 16:45:25,463 [INFO] IPUIPlugin:80 - create IPUIPlugin
2023-09-29 16:45:25,463 [INFO] PluginManager:220 - loadIPPluginJar : add i2c
2023-09-29 16:45:25,465 [INFO] IPUIPlugin:80 - create IPUIPlugin
2023-09-29 16:45:25,465 [INFO] PluginManager:220 - loadIPPluginJar : add i2s
2023-09-29 16:45:25,467 [INFO] IPUIPlugin:80 - create IPUIPlugin
2023-09-29 16:45:25,467 [INFO] PluginManager:220 - loadIPPluginJar : add i3c
2023-09-29 16:45:25,470 [INFO] IPUIPlugin:80 - create IPUIPlugin
2023-09-29 16:45:25,470 [INFO] PluginManager:220 - loadIPPluginJar : add ipddr
2023-09-29 16:45:25,478 [INFO] IPUIPlugin:80 - create IPUIPlugin
2023-09-29 16:45:25,479 [INFO] PluginManager:220 - loadIPPluginJar : add linkedlist
2023-09-29 16:45:25,481 [INFO] IPUIPlugin:80 - create IPUIPlugin
2023-09-29 16:45:25,482 [INFO] PluginManager:220 - loadIPPluginJar : add lorawan
2023-09-29 16:45:25,483 [INFO] IPUIPlugin:80 - create IPUIPlugin
2023-09-29 16:45:25,483 [INFO] PluginManager:220 - loadIPPluginJar : add ltdc
2023-09-29 16:45:25,489 [INFO] IPUIPlugin:80 - create IPUIPlugin
2023-09-29 16:45:25,489 [INFO] PluginManager:220 - loadIPPluginJar : add mdma
2023-09-29 16:45:25,492 [INFO] IPUIPlugin:80 - create IPUIPlugin
2023-09-29 16:45:25,493 [INFO] PluginManager:220 - loadIPPluginJar : add nvic
2023-09-29 16:45:25,495 [INFO] IPUIPlugin:80 - create IPUIPlugin
2023-09-29 16:45:25,496 [INFO] PluginManager:220 - loadIPPluginJar : add opamp
2023-09-29 16:45:25,498 [INFO] IPUIPlugin:80 - create IPUIPlugin
2023-09-29 16:45:25,498 [INFO] PluginManager:220 - loadIPPluginJar : add openamp
2023-09-29 16:45:25,500 [INFO] IPUIPlugin:80 - create IPUIPlugin
2023-09-29 16:45:25,500 [INFO] PluginManager:220 - loadIPPluginJar : add pdm2pcm
2023-09-29 16:45:25,506 [INFO] IPUIPlugin:80 - create IPUIPlugin
2023-09-29 16:45:25,508 [INFO] PluginManager:220 - loadIPPluginJar : add plateformsettings
2023-09-29 16:45:25,510 [INFO] IPUIPlugin:80 - create IPUIPlugin
2023-09-29 16:45:25,510 [INFO] PluginManager:220 - loadIPPluginJar : add quadspi
2023-09-29 16:45:25,513 [INFO] IPUIPlugin:80 - create IPUIPlugin
2023-09-29 16:45:25,513 [INFO] PluginManager:220 - loadIPPluginJar : add resmgrutility
2023-09-29 16:45:25,516 [INFO] IPUIPlugin:80 - create IPUIPlugin
2023-09-29 16:45:25,516 [INFO] PluginManager:220 - loadIPPluginJar : add sai
2023-09-29 16:45:25,518 [INFO] IPUIPlugin:80 - create IPUIPlugin
2023-09-29 16:45:25,518 [INFO] PluginManager:220 - loadIPPluginJar : add spi
2023-09-29 16:45:25,523 [INFO] IPUIPlugin:80 - create IPUIPlugin
2023-09-29 16:45:25,523 [INFO] PluginManager:220 - loadIPPluginJar : add stm32_wpan
2023-09-29 16:45:25,524 [INFO] IPUIPlugin:80 - create IPUIPlugin
2023-09-29 16:45:25,525 [INFO] PluginManager:220 - loadIPPluginJar : add tim
2023-09-29 16:45:25,529 [INFO] IPUIPlugin:80 - create IPUIPlugin
2023-09-29 16:45:25,529 [INFO] PluginManager:220 - loadIPPluginJar : add touchsensing
2023-09-29 16:45:25,531 [INFO] IPUIPlugin:80 - create IPUIPlugin
2023-09-29 16:45:25,531 [INFO] PluginManager:220 - loadIPPluginJar : add tracer_emb
2023-09-29 16:45:25,533 [INFO] IPUIPlugin:80 - create IPUIPlugin
2023-09-29 16:45:25,534 [INFO] PluginManager:220 - loadIPPluginJar : add ts
2023-09-29 16:45:25,535 [INFO] IPUIPlugin:80 - create IPUIPlugin
2023-09-29 16:45:25,535 [INFO] PluginManager:220 - loadIPPluginJar : add tsc
2023-09-29 16:45:25,537 [INFO] IPUIPlugin:80 - create IPUIPlugin
2023-09-29 16:45:25,538 [INFO] PluginManager:220 - loadIPPluginJar : add ucpd
2023-09-29 16:45:25,540 [INFO] IPUIPlugin:80 - create IPUIPlugin
2023-09-29 16:45:25,540 [INFO] PluginManager:220 - loadIPPluginJar : add usart
2023-09-29 16:45:25,543 [INFO] IPUIPlugin:80 - create IPUIPlugin
2023-09-29 16:45:25,543 [INFO] PluginManager:220 - loadIPPluginJar : add usbx
2023-09-29 16:45:25,704 [INFO] CADModel:165 - CPN selected for project level
2023-09-29 16:45:25,704 [INFO] CADModel:114 - Register for checkConnection events
2023-09-29 16:45:25,704 [FATAL] Updater:308 - Updater called before beeing initialized
2023-09-29 16:45:25,704 [ERROR] CADModel:125 - Updater not yet initialized, retry later 
2023-09-29 16:45:25,945 [INFO] CADModel:165 - CPN selected for project level
2023-09-29 16:45:25,945 [INFO] CADModel:114 - Register for checkConnection events
2023-09-29 16:45:25,945 [FATAL] Updater:308 - Updater called before beeing initialized
2023-09-29 16:45:25,945 [ERROR] CADModel:125 - Updater not yet initialized, retry later 
2023-09-29 16:45:25,949 [FATAL] Updater:308 - Updater called before beeing initialized
2023-09-29 16:45:26,065 [FATAL] Updater:308 - Updater called before beeing initialized
2023-09-29 16:45:26,070 [INFO] DbMcusAds:53 - JSON generation date=Tue Mar 07 09:50:55 GMT+01:00 2023 (1678179055114)
2023-09-29 16:45:26,071 [FATAL] Updater:308 - Updater called before beeing initialized
2023-09-29 16:45:26,105 [WARN] DetailPanel:346 - Failed to get advertising image, set to default
2023-09-29 16:45:26,209 [FATAL] Updater:308 - Updater called before beeing initialized
2023-09-29 16:45:26,212 [FATAL] Updater:308 - Updater called before beeing initialized
2023-09-29 16:45:26,212 [FATAL] Updater:308 - Updater called before beeing initialized
2023-09-29 16:45:26,212 [WARN] DetailPanel:346 - Failed to get advertising image, set to default
2023-09-29 16:45:26,213 [FATAL] Updater:308 - Updater called before beeing initialized
2023-09-29 16:45:26,265 [ERROR] Updater:1120 - MainUpdater not yet initialized. External WinMGr cannot be set.
2023-09-29 16:45:26,267 [INFO] Updater:1056 - Updater Version found : 6.9.1
2023-09-29 16:45:26,286 [INFO] ApplicationProperties:184 - Using Application install path: C:\ST\STM32CubeIDE_1.13.1\STM32CubeIDE\plugins\com.st.stm32cube.common.mx_6.9.1.202307191849
2023-09-29 16:45:26,417 [INFO] MainUpdater:2868 - connection check result : 10
2023-09-29 16:45:26,418 [INFO] MainUpdater:285 - Updater Check For Update Now.
2023-09-29 16:45:26,418 [INFO] MicroXplorer:498 - Change Database Version : DB.6.0.91
2023-09-29 16:45:26,424 [INFO] McuFinderGlobals:63 - Set McuFinder mode to 2 (CubeIDE integrated)
2023-09-29 16:45:26,424 [INFO] UserAuth:179 - activating auth plugin
2023-09-29 16:45:26,427 [INFO] UserAuth:393 - Internet connection configuration mode: 1
2023-09-29 16:45:26,442 [INFO] JxBrowserEngine:151 - Initiate JxBrowser Engine with user profile folder
2023-09-29 16:45:26,594 [INFO] CheckServerUpdateThread:120 - End of CheckServer Thread
2023-09-29 16:45:27,248 [INFO] WebApp:157 - Instantiating new browser for Auth
2023-09-29 16:45:27,842 [INFO] WebApp:753 - Register for checkConnection events
2023-09-29 16:45:27,842 [INFO] WebApp:390 - Apply proxy settings
2023-09-29 16:45:27,842 [INFO] WebApp:475 - Chromium requires no authentication
2023-09-29 16:45:27,853 [INFO] WebApp:418 - Direct internet connection detected
2023-09-29 16:45:27,995 [WARN] PackLoader:240 - Cannot read IP mode file for STMicroelectronics.X-CUBE-SMBUS.2.1.0
2023-09-29 16:45:28,034 [WARN] PackLoader:240 - Cannot read IP mode file for STMicroelectronics.X-CUBE-AZRTOS-F7.1.1.0
2023-09-29 16:45:28,069 [INFO] WebApp:188 - Starting web application
2023-09-29 16:45:28,069 [INFO] WebApp:520 - Web application path used C:\ST\STM32CubeIDE_1.13.1\STM32CubeIDE\plugins\com.st.stm32cube.common.mx_6.9.1.202307191849\db\plugins\mcufinder\reactClient1\index.html
2023-09-29 16:45:28,080 [WARN] PackLoader:240 - Cannot read IP mode file for STMicroelectronics.FP-SNS-MOTENV1.4.3.2
2023-09-29 16:45:28,092 [WARN] PackLoader:240 - Cannot read IP mode file for STMicroelectronics.FP-SNS-FLIGHT1.5.0.2
2023-09-29 16:45:28,103 [WARN] PackLoader:240 - Cannot read IP mode file for STMicroelectronics.X-CUBE-DISPLAY.3.0.0
2023-09-29 16:45:28,120 [WARN] PackLoader:240 - Cannot read IP mode file for STMicroelectronics.X-CUBE-BLE1.7.0.0
2023-09-29 16:45:28,126 [WARN] PackLoader:240 - Cannot read IP mode file for emotas.I-CUBE-CANOPEN.1.3.0
2023-09-29 16:45:28,134 [WARN] PackLoader:240 - Cannot read IP mode file for STMicroelectronics.X-CUBE-TOUCHGFX.4.22.0
2023-09-29 16:45:28,139 [WARN] PackLoader:240 - Cannot read IP mode file for STMicroelectronics.FP-SNS-SMARTAG2.1.2.0
2023-09-29 16:45:28,152 [INFO] LogOutputStream:77 - [STDOUT_REDIRECT] 1 : Invalid condition id : UX_CORESTACK_Condition cause : null
2023-09-29 16:45:28,153 [INFO] LogOutputStream:77 - [STDOUT_REDIRECT] 1 : Invalid condition id : UX_CORESTACK_Condition cause : null
2023-09-29 16:45:28,154 [INFO] LogOutputStream:77 - [STDOUT_REDIRECT] 1 : Invalid condition id : UX_CORESTACK_Condition cause : null
2023-09-29 16:45:28,156 [INFO] LogOutputStream:77 - [STDOUT_REDIRECT] 1 : Invalid condition id : UX_CORESTACK_Condition cause : null
2023-09-29 16:45:28,156 [INFO] LogOutputStream:77 - [STDOUT_REDIRECT] 1 : Invalid condition id : UX_CORESTACK_Condition cause : null
2023-09-29 16:45:28,160 [WARN] PackLoader:240 - Cannot read IP mode file for STMicroelectronics.X-CUBE-AZRTOS-WL.2.0.0
2023-09-29 16:45:28,171 [WARN] PackLoader:240 - Cannot read IP mode file for WES.I-CUBE-Cesium.1.3.0
2023-09-29 16:45:28,176 [WARN] PackLoader:240 - Cannot read IP mode file for STMicroelectronics.X-CUBE-BLE2.3.3.0
2023-09-29 16:45:28,187 [WARN] PackLoader:240 - Cannot read IP mode file for STMicroelectronics.X-CUBE-ALGOBUILD.1.3.0
2023-09-29 16:45:28,221 [WARN] PackLoader:240 - Cannot read IP mode file for STMicroelectronics.X-CUBE-AZRTOS-G0.1.1.0
2023-09-29 16:45:28,231 [WARN] PackLoader:240 - Cannot read IP mode file for STMicroelectronics.X-CUBE-NFC4.3.0.0
2023-09-29 16:45:28,239 [WARN] PackLoader:240 - Cannot read IP mode file for STMicroelectronics.FP-ATR-SIGFOX1.3.2.0
2023-09-29 16:45:28,287 [WARN] PackLoader:240 - Cannot read IP mode file for SEGGER.I-CUBE-embOS.1.3.1
2023-09-29 16:45:28,340 [WARN] PackLoader:240 - Cannot read IP mode file for STMicroelectronics.X-CUBE-GNSS1.6.0.0
2023-09-29 16:45:28,355 [WARN] PackLoader:240 - Cannot read IP mode file for STMicroelectronics.X-CUBE-AZRTOS-F4.1.1.0
2023-09-29 16:45:28,363 [WARN] PackLoader:240 - Cannot read IP mode file for wolfSSL.I-CUBE-wolfSSL.5.6.3
2023-09-29 16:45:28,380 [WARN] PackLoader:240 - Cannot read IP mode file for STMicroelectronics.X-CUBE-AZRTOS-L5.2.0.0
2023-09-29 16:45:28,418 [WARN] PackLoader:240 - Cannot read IP mode file for STMicroelectronics.X-CUBE-MEMS1.9.6.0
2023-09-29 16:45:28,676 [WARN] PackLoader:240 - Cannot read IP mode file for STMicroelectronics.X-CUBE-BLEMGR.2.0.0
2023-09-29 16:45:28,692 [WARN] ConditionMgr:438 - getConditionDescription Invalid condition id : UX DEVICE CLASS RTOS Condition cause : null
2023-09-29 16:45:28,692 [WARN] ConditionMgr:438 - getConditionDescription Invalid condition id : UX DEVICE CLASS RTOS Condition cause : null
2023-09-29 16:45:28,695 [WARN] PackLoader:240 - Cannot read IP mode file for STMicroelectronics.X-CUBE-AZRTOS-H7.3.1.0
2023-09-29 16:45:28,696 [WARN] ConditionMgr:1039 - genDependencies : Invalid condition id : UX DEVICE CLASS RTOS Condition cause : null
2023-09-29 16:45:28,697 [WARN] ConditionMgr:1039 - genDependencies : Invalid condition id : UX DEVICE CLASS RTOS Condition cause : null
2023-09-29 16:45:28,697 [WARN] ConditionMgr:1039 - genDependencies : Invalid condition id : UX DEVICE CLASS RTOS Condition cause : null
2023-09-29 16:45:28,698 [WARN] ConditionMgr:1039 - genDependencies : Invalid condition id : UX DEVICE CLASS RTOS Condition cause : null
2023-09-29 16:45:28,698 [WARN] ConditionMgr:1039 - genDependencies : Invalid condition id : UX DEVICE CLASS RTOS Condition cause : null
2023-09-29 16:45:28,704 [WARN] PackLoader:240 - Cannot read IP mode file for STMicroelectronics.X-CUBE-NFC7.1.0.1
2023-09-29 16:45:28,709 [WARN] PackLoader:240 - Cannot read IP mode file for STMicroelectronics.X-CUBE-NFC6.3.0.0
2023-09-29 16:45:28,715 [WARN] PackLoader:240 - Cannot read IP mode file for STMicroelectronics.X-CUBE-EEPRMA1.4.1.0
2023-09-29 16:45:28,721 [WARN] PackLoader:240 - Cannot read IP mode file for STMicroelectronics.X-CUBE-AI.8.1.0
2023-09-29 16:45:28,733 [WARN] ConditionMgr:438 - getConditionDescription Invalid condition id : LAN8742 Phy interface Condition cause : null
2023-09-29 16:45:28,734 [WARN] PackLoader:240 - Cannot read IP mode file for STMicroelectronics.X-CUBE-AZRTOS-L4.2.0.0
2023-09-29 16:45:28,735 [WARN] ConditionMgr:1039 - genDependencies : Invalid condition id : LAN8742 Phy interface Condition cause : null
2023-09-29 16:45:28,735 [WARN] ConditionMgr:1039 - genDependencies : Invalid condition id : LAN8742 Phy interface Condition cause : null
2023-09-29 16:45:28,735 [WARN] ConditionMgr:1039 - genDependencies : Invalid condition id : LAN8742 Phy interface Condition cause : null
2023-09-29 16:45:28,746 [WARN] PackLoader:240 - Cannot read IP mode file for STMicroelectronics.X-CUBE-SFXS2LP1.4.0.0
2023-09-29 16:45:28,750 [WARN] PackLoader:240 - Cannot read IP mode file for STMicroelectronics.X-CUBE-ISPU.1.1.0
2023-09-29 16:45:28,760 [WARN] ConditionMgr:438 - getConditionDescription Invalid condition id : UX DEVICE CLASS RTOS Condition cause : null
2023-09-29 16:45:28,760 [WARN] ConditionMgr:438 - getConditionDescription Invalid condition id : UX DEVICE CLASS RTOS Condition cause : null
2023-09-29 16:45:28,762 [WARN] PackLoader:240 - Cannot read IP mode file for STMicroelectronics.X-CUBE-AZRTOS-WB.2.0.0
2023-09-29 16:45:28,762 [WARN] ConditionMgr:1039 - genDependencies : Invalid condition id : UX DEVICE CLASS RTOS Condition cause : null
2023-09-29 16:45:28,763 [WARN] ConditionMgr:1039 - genDependencies : Invalid condition id : UX DEVICE CLASS RTOS Condition cause : null
2023-09-29 16:45:28,763 [WARN] ConditionMgr:1039 - genDependencies : Invalid condition id : UX DEVICE CLASS RTOS Condition cause : null
2023-09-29 16:45:28,763 [WARN] ConditionMgr:1039 - genDependencies : Invalid condition id : UX DEVICE CLASS RTOS Condition cause : null
2023-09-29 16:45:28,763 [WARN] ConditionMgr:1039 - genDependencies : Invalid condition id : UX DEVICE CLASS RTOS Condition cause : null
2023-09-29 16:45:28,776 [WARN] PackLoader:240 - Cannot read IP mode file for STMicroelectronics.X-CUBE-SUBG2.5.0.0
2023-09-29 16:45:28,790 [WARN] PackLoader:240 - Cannot read IP mode file for STMicroelectronics.X-CUBE-TOF1.3.3.1
2023-09-29 16:45:28,813 [WARN] PackLoader:240 - Cannot read IP mode file for STMicroelectronics.X-CUBE-AZRTOS-G4.2.0.0
2023-09-29 16:45:28,819 [WARN] PackLoader:240 - Cannot read IP mode file for STMicroelectronics.X-CUBE-FREERTOS.1.1.0
2023-09-29 16:45:28,826 [WARN] PackLoader:240 - Cannot read IP mode file for portGmbH.I-Cube-SoM-uGOAL.1.1.0
2023-09-29 16:45:28,830 [WARN] PackLoader:240 - Cannot read IP mode file for STMicroelectronics.X-CUBE-ALS.1.0.1
2023-09-29 16:45:28,833 [WARN] PackLoader:240 - Cannot read IP mode file for STMicroelectronics.FP-ATR-ASTRA1.2.0.0
2023-09-29 16:45:28,834 [INFO] ThirdParty:978 - Integrity check success = true
2023-09-29 16:45:28,834 [INFO] IntegrityCheckThread:100 - exiting critical section [integrity check]
2023-09-29 16:45:28,834 [INFO] IntegrityCheckThread:103 - End integrity checks thread
2023-09-29 16:45:48,836 [ERROR] LogOutputStream:75 - [STDERR_REDIRECT] SLF4J: Failed to load class "org.slf4j.impl.StaticLoggerBinder".
2023-09-29 16:45:48,837 [ERROR] LogOutputStream:75 - [STDERR_REDIRECT] SLF4J: Defaulting to no-operation (NOP) logger implementation
2023-09-29 16:45:48,838 [ERROR] LogOutputStream:75 - [STDERR_REDIRECT] SLF4J: See http://www.slf4j.org/codes.html#StaticLoggerBinder for further details.
2023-09-29 16:49:42,867 [ERROR] LogOutputStream:75 - [STDERR_REDIRECT] 
