2023-09-26 10:33:54,007 [INFO] LogOutputStream:77 - [STDOUT_REDIRECT] 
2023-09-26 10:33:55,646 [INFO] ProjectBuilder:4626 - Time for Generating toolchain IDE Files: 3565mS.
2023-09-26 10:33:55,647 [INFO] ProjectBuilder:2935 - Time for Copy CMSIS : 0mS.
2023-09-26 10:33:55,650 [INFO] ProjectBuilder:2935 - Time for Copy CMSIS : 0mS.
2023-09-26 10:38:44,195 [INFO] NvicIntPanel:101 - NVIC parent = com.st.microxplorer.plugins.ip.nvic.MultiNvicIntPanel[,0,0,0x0,invalid,layout=javax.swing.BoxLayout,alignmentX=0.0,alignmentY=0.0,border=,flags=9,maximumSize=,minimumSize=,preferredSize=]
2023-09-26 10:38:47,208 [INFO] UtilMem:75 - End SaveConfig() Used Memory: 827292712 Bytes (1073741824)
2023-09-26 10:38:48,153 [INFO] UtilMem:75 - End SaveConfig() Used Memory: 847741992 Bytes (1073741824)
2023-09-26 10:38:50,663 [INFO] UtilMem:75 - End SaveConfig() Used Memory: 596083752 Bytes (1073741824)
2023-09-26 10:38:50,914 [INFO] BlockDiagram:2759 - set Specific Code input for plugin: NVIC
2023-09-26 10:38:50,914 [INFO] BlockDiagram:2759 - set Specific Code input for plugin: USART
2023-09-26 10:38:50,915 [INFO] BlockDiagram:2759 - set Specific Code input for plugin: TIM1_8
2023-09-26 10:38:50,915 [INFO] BlockDiagram:2759 - set Specific Code input for plugin: SYS
2023-09-26 10:38:50,915 [INFO] BlockDiagram:2759 - set Specific Code input for plugin: GPIO
2023-09-26 10:38:50,915 [INFO] BlockDiagram:2759 - set Specific Code input for plugin: RCC
2023-09-26 10:38:50,917 [INFO] CodeGenerator:799 - code generatio: config db path: C:\ST\STM32CubeIDE_1.13.1\STM32CubeIDE\plugins\com.st.stm32cube.common.mx_6.9.1.202307191849\\db\
2023-09-26 10:38:51,041 [INFO] CodeEngine:255 - oldGeneratedFile, D:\JU\Microdata_Technology\Mikrodatateknik_HT2023\labs\lab4\lcd_screen\MXTmpFiles\license.tmp_save
2023-09-26 10:38:51,247 [INFO] CodeEngine:279 - Generated code: D:\JU\Microdata_Technology\Mikrodatateknik_HT2023\labs\lab4\lcd_screen\MXTmpFiles\license.tmp
2023-09-26 10:38:51,278 [INFO] CodeEngine:255 - oldGeneratedFile, D:\JU\Microdata_Technology\Mikrodatateknik_HT2023\labs\lab4\lcd_screen\MXTmpFiles\gpio.tmp_save
2023-09-26 10:38:51,443 [INFO] CodeEngine:279 - Generated code: D:\JU\Microdata_Technology\Mikrodatateknik_HT2023\labs\lab4\lcd_screen\MXTmpFiles\gpio.tmp
2023-09-26 10:38:51,530 [INFO] CodeEngine:255 - oldGeneratedFile, D:\JU\Microdata_Technology\Mikrodatateknik_HT2023\labs\lab4\lcd_screen\Core\Src\stm32f4xx_it.c_save
2023-09-26 10:38:51,701 [INFO] CodeEngine:279 - Generated code: D:\JU\Microdata_Technology\Mikrodatateknik_HT2023\labs\lab4\lcd_screen\Core\Src\stm32f4xx_it.c
2023-09-26 10:38:51,709 [INFO] CodeEngine:255 - oldGeneratedFile, D:\JU\Microdata_Technology\Mikrodatateknik_HT2023\labs\lab4\lcd_screen\Core\Inc\stm32f4xx_it.h_save
2023-09-26 10:38:51,775 [INFO] CodeEngine:279 - Generated code: D:\JU\Microdata_Technology\Mikrodatateknik_HT2023\labs\lab4\lcd_screen\Core\Inc\stm32f4xx_it.h
2023-09-26 10:38:51,814 [INFO] CodeEngine:255 - oldGeneratedFile, D:\JU\Microdata_Technology\Mikrodatateknik_HT2023\labs\lab4\lcd_screen\Core\Src\stm32f4xx_hal_msp.c_save
2023-09-26 10:38:52,030 [INFO] CodeEngine:279 - Generated code: D:\JU\Microdata_Technology\Mikrodatateknik_HT2023\labs\lab4\lcd_screen\Core\Src\stm32f4xx_hal_msp.c
2023-09-26 10:38:52,036 [INFO] CodeEngine:255 - oldGeneratedFile, D:\JU\Microdata_Technology\Mikrodatateknik_HT2023\labs\lab4\lcd_screen\MXTmpFiles\system.tmp_save
2023-09-26 10:38:52,130 [INFO] CodeEngine:279 - Generated code: D:\JU\Microdata_Technology\Mikrodatateknik_HT2023\labs\lab4\lcd_screen\MXTmpFiles\system.tmp
2023-09-26 10:38:52,167 [INFO] CodeEngine:311 - oldGeneratedFile, D:\JU\Microdata_Technology\Mikrodatateknik_HT2023\labs\lab4\lcd_screen\Core\Inc\stm32f4xx_hal_conf.h_save
2023-09-26 10:38:52,429 [INFO] CodeEngine:335 - Generated code: D:\JU\Microdata_Technology\Mikrodatateknik_HT2023\labs\lab4\lcd_screen\Core\Inc\stm32f4xx_hal_conf.h
2023-09-26 10:38:52,483 [WARN] IPConfigManager:3431 - IP not found : TIM
2023-09-26 10:38:52,484 [WARN] CodeGenerator:3760 - IP not found : null
2023-09-26 10:38:52,519 [INFO] CodeEngine:255 - oldGeneratedFile, D:\JU\Microdata_Technology\Mikrodatateknik_HT2023\labs\lab4\lcd_screen\Core\Inc\main.h_save
2023-09-26 10:38:52,670 [INFO] CodeEngine:279 - Generated code: D:\JU\Microdata_Technology\Mikrodatateknik_HT2023\labs\lab4\lcd_screen\Core\Inc\main.h
2023-09-26 10:38:52,698 [INFO] CodeEngine:255 - oldGeneratedFile, D:\JU\Microdata_Technology\Mikrodatateknik_HT2023\labs\lab4\lcd_screen\Core\Src\main.c_save
2023-09-26 10:38:52,902 [INFO] CodeEngine:279 - Generated code: D:\JU\Microdata_Technology\Mikrodatateknik_HT2023\labs\lab4\lcd_screen\Core\Src\main.c
2023-09-26 10:38:53,586 [INFO] ProjectBuilder:3064 - Time for Copy HAL[1] : 125mS.
2023-09-26 10:38:53,588 [INFO] ProjectBuilder:4404 - Project Generator version: 4.1.0
2023-09-26 10:38:53,921 [INFO] ConfigFileManager:1457 - The Die is : DIE431
2023-09-26 10:38:55,371 [INFO] ProjectBuilder:4626 - Time for Generating toolchain IDE Files: 1783mS.
2023-09-26 10:38:55,373 [INFO] ProjectBuilder:2935 - Time for Copy CMSIS : 1mS.
2023-09-26 10:38:55,374 [INFO] ProjectBuilder:2935 - Time for Copy CMSIS : 0mS.
2023-09-26 10:51:58,472 [INFO] NvicIntPanel:101 - NVIC parent = com.st.microxplorer.plugins.ip.nvic.MultiNvicIntPanel[,0,0,0x0,invalid,layout=javax.swing.BoxLayout,alignmentX=0.0,alignmentY=0.0,border=,flags=9,maximumSize=,minimumSize=,preferredSize=]
2023-09-26 10:52:12,907 [INFO] NvicIntPanel:101 - NVIC parent = com.st.microxplorer.plugins.ip.nvic.MultiNvicIntPanel[,0,0,0x0,invalid,layout=javax.swing.BoxLayout,alignmentX=0.0,alignmentY=0.0,border=,flags=9,maximumSize=,minimumSize=,preferredSize=]
2023-09-26 10:52:26,970 [INFO] NvicIntPanel:101 - NVIC parent = com.st.microxplorer.plugins.ip.nvic.MultiNvicIntPanel[,0,0,0x0,invalid,layout=javax.swing.BoxLayout,alignmentX=0.0,alignmentY=0.0,border=,flags=9,maximumSize=,minimumSize=,preferredSize=]
2023-09-26 10:52:38,076 [INFO] UtilMem:75 - End SaveConfig() Used Memory: 664070728 Bytes (1073741824)
2023-09-26 10:52:39,268 [INFO] UtilMem:75 - End SaveConfig() Used Memory: 685564488 Bytes (1073741824)
2023-09-26 10:52:40,846 [INFO] UtilMem:75 - End SaveConfig() Used Memory: 723839560 Bytes (1073741824)
2023-09-26 10:52:41,045 [INFO] BlockDiagram:2759 - set Specific Code input for plugin: NVIC
2023-09-26 10:52:41,045 [INFO] BlockDiagram:2759 - set Specific Code input for plugin: USART
2023-09-26 10:52:41,045 [INFO] BlockDiagram:2759 - set Specific Code input for plugin: TIM1_8
2023-09-26 10:52:41,045 [INFO] BlockDiagram:2759 - set Specific Code input for plugin: SYS
2023-09-26 10:52:41,045 [INFO] BlockDiagram:2759 - set Specific Code input for plugin: GPIO
2023-09-26 10:52:41,045 [INFO] BlockDiagram:2759 - set Specific Code input for plugin: RCC
2023-09-26 10:52:41,046 [INFO] CodeGenerator:799 - code generatio: config db path: C:\ST\STM32CubeIDE_1.13.1\STM32CubeIDE\plugins\com.st.stm32cube.common.mx_6.9.1.202307191849\\db\
2023-09-26 10:52:41,229 [INFO] CodeEngine:255 - oldGeneratedFile, D:\JU\Microdata_Technology\Mikrodatateknik_HT2023\labs\lab4\lcd_screen\MXTmpFiles\license.tmp_save
2023-09-26 10:52:41,338 [INFO] CodeEngine:279 - Generated code: D:\JU\Microdata_Technology\Mikrodatateknik_HT2023\labs\lab4\lcd_screen\MXTmpFiles\license.tmp
2023-09-26 10:52:41,367 [INFO] CodeEngine:255 - oldGeneratedFile, D:\JU\Microdata_Technology\Mikrodatateknik_HT2023\labs\lab4\lcd_screen\MXTmpFiles\gpio.tmp_save
2023-09-26 10:52:41,494 [INFO] CodeEngine:279 - Generated code: D:\JU\Microdata_Technology\Mikrodatateknik_HT2023\labs\lab4\lcd_screen\MXTmpFiles\gpio.tmp
2023-09-26 10:52:41,621 [INFO] CodeEngine:255 - oldGeneratedFile, D:\JU\Microdata_Technology\Mikrodatateknik_HT2023\labs\lab4\lcd_screen\Core\Src\stm32f4xx_it.c_save
2023-09-26 10:52:41,790 [INFO] CodeEngine:279 - Generated code: D:\JU\Microdata_Technology\Mikrodatateknik_HT2023\labs\lab4\lcd_screen\Core\Src\stm32f4xx_it.c
2023-09-26 10:52:41,801 [INFO] CodeEngine:255 - oldGeneratedFile, D:\JU\Microdata_Technology\Mikrodatateknik_HT2023\labs\lab4\lcd_screen\Core\Inc\stm32f4xx_it.h_save
2023-09-26 10:52:41,863 [INFO] CodeEngine:279 - Generated code: D:\JU\Microdata_Technology\Mikrodatateknik_HT2023\labs\lab4\lcd_screen\Core\Inc\stm32f4xx_it.h
2023-09-26 10:52:41,887 [INFO] CodeEngine:255 - oldGeneratedFile, D:\JU\Microdata_Technology\Mikrodatateknik_HT2023\labs\lab4\lcd_screen\Core\Src\stm32f4xx_hal_msp.c_save
2023-09-26 10:52:42,042 [INFO] CodeEngine:279 - Generated code: D:\JU\Microdata_Technology\Mikrodatateknik_HT2023\labs\lab4\lcd_screen\Core\Src\stm32f4xx_hal_msp.c
2023-09-26 10:52:42,054 [INFO] CodeEngine:255 - oldGeneratedFile, D:\JU\Microdata_Technology\Mikrodatateknik_HT2023\labs\lab4\lcd_screen\MXTmpFiles\system.tmp_save
2023-09-26 10:52:42,109 [INFO] CodeEngine:279 - Generated code: D:\JU\Microdata_Technology\Mikrodatateknik_HT2023\labs\lab4\lcd_screen\MXTmpFiles\system.tmp
2023-09-26 10:52:42,144 [INFO] CodeEngine:311 - oldGeneratedFile, D:\JU\Microdata_Technology\Mikrodatateknik_HT2023\labs\lab4\lcd_screen\Core\Inc\stm32f4xx_hal_conf.h_save
2023-09-26 10:52:42,245 [INFO] CodeEngine:335 - Generated code: D:\JU\Microdata_Technology\Mikrodatateknik_HT2023\labs\lab4\lcd_screen\Core\Inc\stm32f4xx_hal_conf.h
2023-09-26 10:52:42,264 [WARN] IPConfigManager:3431 - IP not found : TIM
2023-09-26 10:52:42,264 [WARN] CodeGenerator:3760 - IP not found : null
2023-09-26 10:52:42,282 [INFO] CodeEngine:255 - oldGeneratedFile, D:\JU\Microdata_Technology\Mikrodatateknik_HT2023\labs\lab4\lcd_screen\Core\Inc\main.h_save
2023-09-26 10:52:42,365 [INFO] CodeEngine:279 - Generated code: D:\JU\Microdata_Technology\Mikrodatateknik_HT2023\labs\lab4\lcd_screen\Core\Inc\main.h
2023-09-26 10:52:42,383 [INFO] CodeEngine:255 - oldGeneratedFile, D:\JU\Microdata_Technology\Mikrodatateknik_HT2023\labs\lab4\lcd_screen\Core\Src\main.c_save
2023-09-26 10:52:42,498 [INFO] CodeEngine:279 - Generated code: D:\JU\Microdata_Technology\Mikrodatateknik_HT2023\labs\lab4\lcd_screen\Core\Src\main.c
2023-09-26 10:52:42,939 [INFO] ProjectBuilder:3064 - Time for Copy HAL[1] : 101mS.
2023-09-26 10:52:42,942 [INFO] ProjectBuilder:4404 - Project Generator version: 4.1.0
2023-09-26 10:52:43,135 [INFO] ConfigFileManager:1457 - The Die is : DIE431
2023-09-26 10:52:44,492 [INFO] ProjectBuilder:4626 - Time for Generating toolchain IDE Files: 1550mS.
2023-09-26 10:52:44,494 [INFO] ProjectBuilder:2935 - Time for Copy CMSIS : 0mS.
2023-09-26 10:52:44,496 [INFO] ProjectBuilder:2935 - Time for Copy CMSIS : 0mS.
