2023-09-12 13:23:27,294 [INFO] Activator:176 - 


2023-09-12 13:23:27,301 [INFO] Activator:177 - !SESSION log4j initialized
2023-09-12 13:23:31,947 [INFO] LogOutputStream:77 - [STDOUT_REDIRECT] 
2023-09-12 13:23:33,240 [INFO] ApplicationProperties:184 - Using Application install path: C:\ST\STM32CubeIDE_1.13.1\STM32CubeIDE\plugins\com.st.stm32cube.common.mx_6.9.1.202307191849
2023-09-12 13:23:33,255 [INFO] DbMcusXml:78 - Set database path to: C:\ST\STM32CubeIDE_1.13.1\STM32CubeIDE\plugins\com.st.stm32cube.common.mx_6.9.1.202307191849\\db\/mcu/
2023-09-12 13:23:33,255 [INFO] ApiDb:274 - Set plugin database path to: C:\ST\STM32CubeIDE_1.13.1\STM32CubeIDE\plugins\com.st.stm32cube.common.mx_6.9.1.202307191849\\db\/plugins/boardmanager/
2023-09-12 13:23:33,256 [WARN] ApiDb:259 - Overriding images path with different value:  => C:\ST\STM32CubeIDE_1.13.1\STM32CubeIDE\plugins\com.st.stm32cube.common.mx_6.9.1.202307191849\\db\/plugins/mcufinder/images/
2023-09-12 13:23:33,266 [INFO] ApiDb:250 - Set database path to: C:\Users\Mahmu\.stmcufinder\plugins\mcufinder//mcu/
2023-09-12 13:23:33,267 [INFO] DbMcusAds:125 - Set database path to: C:\Users\Mahmu\.stmcufinder\plugins\mcufinder//mcu/
2023-09-12 13:23:33,268 [INFO] CrossReferenceDbSqlite:203 - Set database path to: C:\Users\Mahmu\.stmcufinder\plugins\mcufinder//mcu/cs/
2023-09-12 13:23:33,366 [INFO] RulesReader:64 - Compatibility file has been processed (293 Rules)
2023-09-12 13:23:33,457 [INFO] DbMcusXml:78 - Set database path to: C:\ST\STM32CubeIDE_1.13.1\STM32CubeIDE\plugins\com.st.stm32cube.common.mx_6.9.1.202307191849\\db\/mcu/
2023-09-12 13:23:33,458 [INFO] ApiDb:274 - Set plugin database path to: C:\ST\STM32CubeIDE_1.13.1\STM32CubeIDE\plugins\com.st.stm32cube.common.mx_6.9.1.202307191849\\db\/plugins/boardmanager/
2023-09-12 13:23:33,458 [INFO] ApiDb:261 - Set plugin images path to: C:\ST\STM32CubeIDE_1.13.1\STM32CubeIDE\plugins\com.st.stm32cube.common.mx_6.9.1.202307191849\\db\/plugins/mcufinder/images/
2023-09-12 13:23:33,458 [WARN] DbFile:41 - Overriding database path with different value: C:\Users\Mahmu\.stmcufinder\plugins\mcufinder/ => C:\Users\Mahmu\.stmcufinder\plugins\mcufinder
2023-09-12 13:23:33,458 [INFO] ApiDb:250 - Set database path to: C:\Users\Mahmu\.stmcufinder\plugins\mcufinder//mcu/
2023-09-12 13:23:33,459 [WARN] DbFile:41 - Overriding database path with different value: C:\Users\Mahmu\.stmcufinder\plugins\mcufinder/ => C:\Users\Mahmu\.stmcufinder\plugins\mcufinder
2023-09-12 13:23:33,459 [INFO] DbMcusAds:125 - Set database path to: C:\Users\Mahmu\.stmcufinder\plugins\mcufinder//mcu/
2023-09-12 13:23:33,459 [WARN] DbFile:41 - Overriding database path with different value: C:\Users\Mahmu\.stmcufinder\plugins\mcufinder/ => C:\Users\Mahmu\.stmcufinder\plugins\mcufinder
2023-09-12 13:23:33,459 [WARN] DbFile:41 - Overriding database path with different value: C:\Users\Mahmu\.stmcufinder\plugins\mcufinder/ => C:\Users\Mahmu\.stmcufinder\plugins\mcufinder
2023-09-12 13:23:33,459 [INFO] CrossReferenceDbSqlite:203 - Set database path to: C:\Users\Mahmu\.stmcufinder\plugins\mcufinder//mcu/cs/
2023-09-12 13:23:33,537 [INFO] MainPanel:262 - HeapMemory: 268435456
2023-09-12 13:23:33,643 [INFO] DbMcusXml:78 - Set database path to: C:\ST\STM32CubeIDE_1.13.1\STM32CubeIDE\plugins\com.st.stm32cube.common.mx_6.9.1.202307191849\\db\/mcu/
2023-09-12 13:23:33,643 [INFO] ApiDb:274 - Set plugin database path to: C:\ST\STM32CubeIDE_1.13.1\STM32CubeIDE\plugins\com.st.stm32cube.common.mx_6.9.1.202307191849\\db\/plugins/boardmanager/
2023-09-12 13:23:33,643 [INFO] ApiDb:261 - Set plugin images path to: C:\ST\STM32CubeIDE_1.13.1\STM32CubeIDE\plugins\com.st.stm32cube.common.mx_6.9.1.202307191849\\db\/plugins/mcufinder/images/
2023-09-12 13:23:33,644 [WARN] DbFile:41 - Overriding database path with different value: C:\Users\Mahmu\.stmcufinder\plugins\mcufinder/ => C:\Users\Mahmu\.stmcufinder\plugins\mcufinder
2023-09-12 13:23:33,644 [INFO] ApiDb:250 - Set database path to: C:\Users\Mahmu\.stmcufinder\plugins\mcufinder//mcu/
2023-09-12 13:23:33,644 [WARN] DbFile:41 - Overriding database path with different value: C:\Users\Mahmu\.stmcufinder\plugins\mcufinder/ => C:\Users\Mahmu\.stmcufinder\plugins\mcufinder
2023-09-12 13:23:33,644 [INFO] DbMcusAds:125 - Set database path to: C:\Users\Mahmu\.stmcufinder\plugins\mcufinder//mcu/
2023-09-12 13:23:33,644 [WARN] DbFile:41 - Overriding database path with different value: C:\Users\Mahmu\.stmcufinder\plugins\mcufinder/ => C:\Users\Mahmu\.stmcufinder\plugins\mcufinder
2023-09-12 13:23:33,644 [WARN] DbFile:41 - Overriding database path with different value: C:\Users\Mahmu\.stmcufinder\plugins\mcufinder/ => C:\Users\Mahmu\.stmcufinder\plugins\mcufinder
2023-09-12 13:23:33,645 [INFO] CrossReferenceDbSqlite:203 - Set database path to: C:\Users\Mahmu\.stmcufinder\plugins\mcufinder//mcu/cs/
2023-09-12 13:23:33,665 [INFO] ApplicationProperties:184 - Using Application install path: C:\ST\STM32CubeIDE_1.13.1\STM32CubeIDE\plugins\com.st.stm32cube.common.mx_6.9.1.202307191849
2023-09-12 13:23:33,666 [INFO] PluginManage:196 - Search for loadable plugins [exclusion list=, ]
2023-09-12 13:23:33,667 [INFO] PluginManage:310 - Check plugin analytics
2023-09-12 13:23:33,826 [INFO] AnalyticsPlugin:253 - Accepted Software Licenses: 
2023-09-12 13:23:33,826 [INFO] AnalyticsPlugin:255 - Accepted CMSIS Pack Licenses: 
2023-09-12 13:23:33,827 [INFO] AnalyticsPlugin:257 - Accepted Firmware Licenses: FW.F4.1.27.0
2023-09-12 13:23:33,829 [INFO] PluginManage:359 - Loaded plugin analytics (category:tool,tabindex:-1)
2023-09-12 13:23:33,829 [INFO] PluginManage:310 - Check plugin cadmodel
2023-09-12 13:23:33,844 [INFO] CADModel:105 - Init CAD model plugin
2023-09-12 13:23:33,844 [INFO] PluginManage:359 - Loaded plugin cadmodel (category:power,tabindex:5)
2023-09-12 13:23:33,844 [INFO] PluginManage:310 - Check plugin clock
2023-09-12 13:23:33,861 [INFO] PluginManage:359 - Loaded plugin clock (category:base,tabindex:2)
2023-09-12 13:23:33,861 [INFO] PluginManage:310 - Check plugin ddr
2023-09-12 13:23:33,864 [INFO] PluginManage:359 - Loaded plugin ddr (category:tool,tabindex:6)
2023-09-12 13:23:33,864 [INFO] PluginManage:310 - Check plugin filemanager
2023-09-12 13:23:33,994 [INFO] PluginManage:359 - Loaded plugin filemanager (category:base,tabindex:10)
2023-09-12 13:23:33,994 [INFO] PluginManage:310 - Check plugin ipmanager
2023-09-12 13:23:34,004 [INFO] PluginManage:359 - Loaded plugin ipmanager (category:base,tabindex:5)
2023-09-12 13:23:34,004 [INFO] PluginManage:310 - Check plugin lpbam
2023-09-12 13:23:34,020 [INFO] PluginManage:359 - Loaded plugin lpbam (category:base,tabindex:0)
2023-09-12 13:23:34,021 [INFO] PluginManage:310 - Check plugin memorymap
2023-09-12 13:23:34,044 [INFO] PluginManage:359 - Loaded plugin memorymap (category:base,tabindex:4)
2023-09-12 13:23:34,045 [INFO] PluginManage:310 - Check plugin pinoutandconfiguration
2023-09-12 13:23:34,063 [INFO] PluginManage:359 - Loaded plugin pinoutandconfiguration (category:base,tabindex:1)
2023-09-12 13:23:34,063 [INFO] PluginManage:310 - Check plugin pinoutconfig
2023-09-12 13:23:34,163 [WARN] SupportedApi:132 - Cannot load RTOS API schema: s4s-elt-must-match.1: The content of 'definitions' must match (annotation?, (simpleType | complexType)?, (unique | key | keyref)*)). A problem was found starting at: attribute.
2023-09-12 13:23:34,299 [INFO] PluginManage:359 - Loaded plugin pinoutconfig (category:base,tabindex:0)
2023-09-12 13:23:34,299 [INFO] PluginManage:310 - Check plugin power
2023-09-12 13:23:34,324 [INFO] PluginManage:359 - Loaded plugin power (category:power,tabindex:4)
2023-09-12 13:23:34,324 [INFO] PluginManage:310 - Check plugin projectmanager
2023-09-12 13:23:34,342 [INFO] PluginManage:359 - Loaded plugin projectmanager (category:projectmanager,tabindex:3)
2023-09-12 13:23:34,342 [INFO] PluginManage:310 - Check plugin thirdparty
2023-09-12 13:23:34,604 [WARN] IntegrityCheckThread:84 - waiting for thirdparty lock release [integrity check]
2023-09-12 13:23:34,604 [INFO] PluginManage:359 - Loaded plugin thirdparty (category:base,tabindex:-1)
2023-09-12 13:23:34,605 [INFO] PluginManage:310 - Check plugin tools
2023-09-12 13:23:34,605 [INFO] IntegrityCheckThread:86 - entering critical section [integrity check]
2023-09-12 13:23:34,605 [INFO] ThirdPartyUpdaterWithRetryManager:70 - Updater plugin not ready yet. [1/15]
2023-09-12 13:23:34,634 [INFO] PluginManage:359 - Loaded plugin tools (category:base,tabindex:7)
2023-09-12 13:23:34,635 [INFO] PluginManage:310 - Check plugin tutovideos
2023-09-12 13:23:34,830 [INFO] PluginManage:359 - Loaded plugin tutovideos (category:base,tabindex:-1)
2023-09-12 13:23:34,830 [INFO] PluginManage:310 - Check plugin updater
2023-09-12 13:23:34,842 [INFO] PluginManage:359 - Loaded plugin updater (category:base,tabindex:12)
2023-09-12 13:23:34,842 [INFO] PluginManage:310 - Check plugin userauth
2023-09-12 13:23:34,847 [INFO] UserAuth:113 - Init User Auth plugin
2023-09-12 13:23:34,847 [INFO] PluginManage:359 - Loaded plugin userauth (category:base,tabindex:14)
2023-09-12 13:23:34,847 [INFO] PluginManage:283 - PluginManage : Loaded plugins [17]
2023-09-12 13:23:35,049 [INFO] PinOutPanel:1499 - setPackage(No Configuration,No Configuration)
2023-09-12 13:23:35,149 [INFO] CADModel:165 - CPN selected for project level
2023-09-12 13:23:35,150 [INFO] CADModel:114 - Register for checkConnection events
2023-09-12 13:23:35,177 [INFO] IPUIPlugin:80 - create IPUIPlugin
2023-09-12 13:23:35,177 [INFO] PluginManager:220 - loadIPPluginJar : add adc
2023-09-12 13:23:35,225 [INFO] IPUIPlugin:80 - create IPUIPlugin
2023-09-12 13:23:35,225 [INFO] PluginManager:220 - loadIPPluginJar : add aes
2023-09-12 13:23:35,261 [INFO] IPUIPlugin:80 - create IPUIPlugin
2023-09-12 13:23:35,262 [INFO] PluginManager:220 - loadIPPluginJar : add can
2023-09-12 13:23:35,280 [INFO] IPUIPlugin:80 - create IPUIPlugin
2023-09-12 13:23:35,280 [INFO] PluginManager:220 - loadIPPluginJar : add comp
2023-09-12 13:23:35,309 [INFO] IPUIPlugin:80 - create IPUIPlugin
2023-09-12 13:23:35,309 [INFO] PluginManager:220 - loadIPPluginJar : add cryp
2023-09-12 13:23:35,353 [INFO] IPUIPlugin:80 - create IPUIPlugin
2023-09-12 13:23:35,354 [INFO] PluginManager:220 - loadIPPluginJar : add dfsdm
2023-09-12 13:23:35,373 [INFO] IPUIPlugin:80 - create IPUIPlugin
2023-09-12 13:23:35,374 [INFO] PluginManager:220 - loadIPPluginJar : add dma
2023-09-12 13:23:35,414 [INFO] IPUIPlugin:80 - create IPUIPlugin
2023-09-12 13:23:35,414 [INFO] PluginManager:220 - loadIPPluginJar : add dma3
2023-09-12 13:23:35,434 [INFO] IPUIPlugin:80 - create IPUIPlugin
2023-09-12 13:23:35,435 [INFO] PluginManager:220 - loadIPPluginJar : add fatfs
2023-09-12 13:23:35,495 [INFO] IPUIPlugin:80 - create IPUIPlugin
2023-09-12 13:23:35,495 [INFO] PluginManager:220 - loadIPPluginJar : add fmc
2023-09-12 13:23:35,513 [INFO] IPUIPlugin:80 - create IPUIPlugin
2023-09-12 13:23:35,514 [INFO] PluginManager:220 - loadIPPluginJar : add freertos
2023-09-12 13:23:35,548 [INFO] IPUIPlugin:80 - create IPUIPlugin
2023-09-12 13:23:35,548 [INFO] PluginManager:220 - loadIPPluginJar : add genericplugin
2023-09-12 13:23:35,658 [INFO] IPUIPlugin:80 - create IPUIPlugin
2023-09-12 13:23:35,658 [INFO] PluginManager:220 - loadIPPluginJar : add gfxmmu
2023-09-12 13:23:35,826 [INFO] IPUIPlugin:80 - create IPUIPlugin
2023-09-12 13:23:35,826 [INFO] PluginManager:220 - loadIPPluginJar : add gic
2023-09-12 13:23:35,840 [INFO] IPUIPlugin:80 - create IPUIPlugin
2023-09-12 13:23:35,841 [INFO] PluginManager:220 - loadIPPluginJar : add gpio
2023-09-12 13:23:35,936 [INFO] IPUIPlugin:80 - create IPUIPlugin
2023-09-12 13:23:35,936 [INFO] PluginManager:220 - loadIPPluginJar : add gtzc
2023-09-12 13:23:35,988 [INFO] IPUIPlugin:80 - create IPUIPlugin
2023-09-12 13:23:35,988 [INFO] PluginManager:220 - loadIPPluginJar : add hash
2023-09-12 13:23:36,080 [INFO] IPUIPlugin:80 - create IPUIPlugin
2023-09-12 13:23:36,080 [INFO] PluginManager:220 - loadIPPluginJar : add i2c
2023-09-12 13:23:36,141 [INFO] IPUIPlugin:80 - create IPUIPlugin
2023-09-12 13:23:36,141 [INFO] PluginManager:220 - loadIPPluginJar : add i2s
2023-09-12 13:23:36,177 [INFO] IPUIPlugin:80 - create IPUIPlugin
2023-09-12 13:23:36,178 [INFO] PluginManager:220 - loadIPPluginJar : add i3c
2023-09-12 13:23:36,265 [INFO] IPUIPlugin:80 - create IPUIPlugin
2023-09-12 13:23:36,265 [INFO] PluginManager:220 - loadIPPluginJar : add ipddr
2023-09-12 13:23:36,379 [INFO] IPUIPlugin:80 - create IPUIPlugin
2023-09-12 13:23:36,381 [INFO] PluginManager:220 - loadIPPluginJar : add linkedlist
2023-09-12 13:23:36,408 [INFO] IPUIPlugin:80 - create IPUIPlugin
2023-09-12 13:23:36,408 [INFO] PluginManager:220 - loadIPPluginJar : add lorawan
2023-09-12 13:23:36,438 [INFO] IPUIPlugin:80 - create IPUIPlugin
2023-09-12 13:23:36,438 [INFO] PluginManager:220 - loadIPPluginJar : add ltdc
2023-09-12 13:23:36,450 [INFO] IPUIPlugin:80 - create IPUIPlugin
2023-09-12 13:23:36,450 [INFO] PluginManager:220 - loadIPPluginJar : add mdma
2023-09-12 13:23:36,463 [INFO] IPUIPlugin:80 - create IPUIPlugin
2023-09-12 13:23:36,463 [INFO] PluginManager:220 - loadIPPluginJar : add nvic
2023-09-12 13:23:36,510 [INFO] IPUIPlugin:80 - create IPUIPlugin
2023-09-12 13:23:36,510 [INFO] PluginManager:220 - loadIPPluginJar : add opamp
2023-09-12 13:23:36,564 [INFO] IPUIPlugin:80 - create IPUIPlugin
2023-09-12 13:23:36,564 [INFO] PluginManager:220 - loadIPPluginJar : add openamp
2023-09-12 13:23:36,629 [INFO] IPUIPlugin:80 - create IPUIPlugin
2023-09-12 13:23:36,629 [INFO] PluginManager:220 - loadIPPluginJar : add pdm2pcm
2023-09-12 13:23:36,642 [INFO] IPUIPlugin:80 - create IPUIPlugin
2023-09-12 13:23:36,644 [INFO] PluginManager:220 - loadIPPluginJar : add plateformsettings
2023-09-12 13:23:36,668 [INFO] IPUIPlugin:80 - create IPUIPlugin
2023-09-12 13:23:36,669 [INFO] PluginManager:220 - loadIPPluginJar : add quadspi
2023-09-12 13:23:36,678 [INFO] IPUIPlugin:80 - create IPUIPlugin
2023-09-12 13:23:36,678 [INFO] PluginManager:220 - loadIPPluginJar : add resmgrutility
2023-09-12 13:23:36,733 [INFO] IPUIPlugin:80 - create IPUIPlugin
2023-09-12 13:23:36,733 [INFO] PluginManager:220 - loadIPPluginJar : add sai
2023-09-12 13:23:36,805 [INFO] IPUIPlugin:80 - create IPUIPlugin
2023-09-12 13:23:36,807 [INFO] PluginManager:220 - loadIPPluginJar : add spi
2023-09-12 13:23:36,879 [INFO] IPUIPlugin:80 - create IPUIPlugin
2023-09-12 13:23:36,880 [INFO] PluginManager:220 - loadIPPluginJar : add stm32_wpan
2023-09-12 13:23:36,920 [INFO] IPUIPlugin:80 - create IPUIPlugin
2023-09-12 13:23:36,921 [INFO] PluginManager:220 - loadIPPluginJar : add tim
2023-09-12 13:23:36,983 [INFO] IPUIPlugin:80 - create IPUIPlugin
2023-09-12 13:23:36,983 [INFO] PluginManager:220 - loadIPPluginJar : add touchsensing
2023-09-12 13:23:37,005 [INFO] IPUIPlugin:80 - create IPUIPlugin
2023-09-12 13:23:37,005 [INFO] PluginManager:220 - loadIPPluginJar : add tracer_emb
2023-09-12 13:23:37,037 [INFO] IPUIPlugin:80 - create IPUIPlugin
2023-09-12 13:23:37,037 [INFO] PluginManager:220 - loadIPPluginJar : add ts
2023-09-12 13:23:37,066 [INFO] IPUIPlugin:80 - create IPUIPlugin
2023-09-12 13:23:37,066 [INFO] PluginManager:220 - loadIPPluginJar : add tsc
2023-09-12 13:23:37,105 [INFO] IPUIPlugin:80 - create IPUIPlugin
2023-09-12 13:23:37,106 [INFO] PluginManager:220 - loadIPPluginJar : add ucpd
2023-09-12 13:23:37,141 [INFO] IPUIPlugin:80 - create IPUIPlugin
2023-09-12 13:23:37,141 [INFO] PluginManager:220 - loadIPPluginJar : add usart
2023-09-12 13:23:37,187 [INFO] IPUIPlugin:80 - create IPUIPlugin
2023-09-12 13:23:37,187 [INFO] PluginManager:220 - loadIPPluginJar : add usbx
2023-09-12 13:23:37,314 [INFO] CADModel:165 - CPN selected for project level
2023-09-12 13:23:37,314 [INFO] CADModel:114 - Register for checkConnection events
2023-09-12 13:23:37,315 [FATAL] Updater:308 - Updater called before beeing initialized
2023-09-12 13:23:37,315 [ERROR] CADModel:125 - Updater not yet initialized, retry later 
2023-09-12 13:23:37,459 [INFO] CADModel:165 - CPN selected for project level
2023-09-12 13:23:37,459 [INFO] CADModel:114 - Register for checkConnection events
2023-09-12 13:23:37,459 [FATAL] Updater:308 - Updater called before beeing initialized
2023-09-12 13:23:37,459 [ERROR] CADModel:125 - Updater not yet initialized, retry later 
2023-09-12 13:23:37,463 [FATAL] Updater:308 - Updater called before beeing initialized
2023-09-12 13:23:37,547 [FATAL] Updater:308 - Updater called before beeing initialized
2023-09-12 13:23:37,558 [INFO] DbMcusAds:53 - JSON generation date=Tue Mar 07 09:50:55 GMT+01:00 2023 (1678179055114)
2023-09-12 13:23:37,558 [FATAL] Updater:308 - Updater called before beeing initialized
2023-09-12 13:23:37,599 [WARN] DetailPanel:346 - Failed to get advertising image, set to default
2023-09-12 13:23:37,606 [INFO] ThirdPartyUpdaterWithRetryManager:70 - Updater plugin not ready yet. [2/15]
2023-09-12 13:23:37,680 [FATAL] Updater:308 - Updater called before beeing initialized
2023-09-12 13:23:37,682 [FATAL] Updater:308 - Updater called before beeing initialized
2023-09-12 13:23:37,682 [FATAL] Updater:308 - Updater called before beeing initialized
2023-09-12 13:23:37,682 [WARN] DetailPanel:346 - Failed to get advertising image, set to default
2023-09-12 13:23:37,684 [FATAL] Updater:308 - Updater called before beeing initialized
2023-09-12 13:23:37,730 [ERROR] Updater:1120 - MainUpdater not yet initialized. External WinMGr cannot be set.
2023-09-12 13:23:37,738 [INFO] Updater:1056 - Updater Version found : 6.9.1
2023-09-12 13:23:37,755 [INFO] ApplicationProperties:184 - Using Application install path: C:\ST\STM32CubeIDE_1.13.1\STM32CubeIDE\plugins\com.st.stm32cube.common.mx_6.9.1.202307191849
2023-09-12 13:23:37,898 [INFO] MainUpdater:2868 - connection check result : 10
2023-09-12 13:23:37,899 [INFO] MainUpdater:3562 - Updater definition file requires update
2023-09-12 13:23:37,899 [INFO] MainUpdater:285 - Updater Check For Update Now.
2023-09-12 13:23:37,899 [INFO] MicroXplorer:498 - Change Database Version : DB.6.0.91
2023-09-12 13:23:37,913 [INFO] McuFinderGlobals:63 - Set McuFinder mode to 2 (CubeIDE integrated)
2023-09-12 13:23:37,913 [INFO] UserAuth:179 - activating auth plugin
2023-09-12 13:23:37,917 [INFO] UserAuth:393 - Internet connection configuration mode: 1
2023-09-12 13:23:37,948 [INFO] JxBrowserEngine:151 - Initiate JxBrowser Engine with user profile folder
2023-09-12 13:23:37,949 [INFO] ServerAccessManage:473 - Download File updaters.zip
2023-09-12 13:23:38,034 [INFO] FileExtend:240 - Unzip File : updaters.zip
2023-09-12 13:23:38,035 [INFO] FileExtend:255 - Standard Zip Deflate
2023-09-12 13:23:38,371 [INFO] ServerAccessManage:473 - Download File PacksControlFlags.xml
2023-09-12 13:23:38,448 [INFO] ServerAccessManage:473 - Download File cubemx.pidx
2023-09-12 13:23:38,891 [INFO] ServerAccessManage:473 - Download File STMicroelectronics.FP-SNS-SMARTAG2.pdsc
2023-09-12 13:23:39,291 [INFO] ServerAccessManage:473 - Download File STMicroelectronics.X-CUBE-NFC6.pdsc
2023-09-12 13:23:40,394 [ERROR] ServerAccessManage:1096 - Problem, Http access forbiden
2023-09-12 13:23:40,394 [ERROR] ServerAccessManage:651 - Problem, Http access forbiden : RoweBots.I-CUBE-UNISONRTOS.pdsc.
2023-09-12 13:23:40,585 [WARN] PackLoader:240 - Cannot read IP mode file for STMicroelectronics.FP-SNS-SMARTAG2.1.2.0
2023-09-12 13:23:40,601 [WARN] PackLoader:240 - Cannot read IP mode file for STMicroelectronics.X-CUBE-NFC6.3.0.0
2023-09-12 13:23:40,606 [INFO] PopulateThirdPartyThread:66 - Ending populate Thread
2023-09-12 13:23:40,607 [INFO] ThirdParty:1030 - CMSIS Pack Vendor :STMicroelectronics FP-SNS-SMARTAG2 1.2.0
2023-09-12 13:23:40,608 [INFO] ThirdParty:1030 - CMSIS Pack Vendor :STMicroelectronics X-CUBE-NFC6 3.0.0
2023-09-12 13:23:40,608 [INFO] LoadServerUpdatesThread:373 - End of LoadServerUpdate Thread
2023-09-12 13:23:40,613 [WARN] MainUpdater:1189 - Updater busy. Cannot search thirdparties
2023-09-12 13:23:40,613 [INFO] ThirdPartyUpdaterWithRetryManager:96 - Updater plugin is busy. [1/15]
2023-09-12 13:23:40,719 [INFO] CheckServerUpdateThread:120 - End of CheckServer Thread
2023-09-12 13:23:40,828 [INFO] WebApp:157 - Instantiating new browser for Auth
2023-09-12 13:23:41,395 [INFO] WebApp:753 - Register for checkConnection events
2023-09-12 13:23:41,395 [INFO] WebApp:390 - Apply proxy settings
2023-09-12 13:23:41,395 [INFO] WebApp:475 - Chromium requires no authentication
2023-09-12 13:23:41,402 [INFO] WebApp:418 - Direct internet connection detected
2023-09-12 13:23:41,568 [INFO] WebApp:188 - Starting web application
2023-09-12 13:23:41,568 [INFO] WebApp:520 - Web application path used C:\ST\STM32CubeIDE_1.13.1\STM32CubeIDE\plugins\com.st.stm32cube.common.mx_6.9.1.202307191849\db\plugins\mcufinder\reactClient1\index.html
2023-09-12 13:23:43,757 [WARN] PackLoader:240 - Cannot read IP mode file for STMicroelectronics.X-CUBE-SMBUS.2.1.0
2023-09-12 13:23:43,796 [WARN] PackLoader:240 - Cannot read IP mode file for STMicroelectronics.X-CUBE-AZRTOS-F7.1.1.0
2023-09-12 13:23:43,812 [WARN] PackLoader:240 - Cannot read IP mode file for STMicroelectronics.FP-SNS-MOTENV1.4.3.2
2023-09-12 13:23:43,820 [WARN] PackLoader:240 - Cannot read IP mode file for STMicroelectronics.FP-SNS-FLIGHT1.5.0.2
2023-09-12 13:23:43,835 [WARN] PackLoader:240 - Cannot read IP mode file for STMicroelectronics.X-CUBE-DISPLAY.3.0.0
2023-09-12 13:23:43,850 [WARN] PackLoader:240 - Cannot read IP mode file for STMicroelectronics.X-CUBE-BLE1.7.0.0
2023-09-12 13:23:43,862 [WARN] PackLoader:240 - Cannot read IP mode file for emotas.I-CUBE-CANOPEN.1.3.0
2023-09-12 13:23:43,873 [WARN] PackLoader:240 - Cannot read IP mode file for STMicroelectronics.X-CUBE-TOUCHGFX.4.22.0
2023-09-12 13:23:43,877 [WARN] PackLoader:240 - Cannot read IP mode file for STMicroelectronics.FP-SNS-SMARTAG2.1.2.0
2023-09-12 13:23:43,893 [INFO] LogOutputStream:77 - [STDOUT_REDIRECT] 1 : Invalid condition id : UX_CORESTACK_Condition cause : null
2023-09-12 13:23:43,894 [INFO] LogOutputStream:77 - [STDOUT_REDIRECT] 1 : Invalid condition id : UX_CORESTACK_Condition cause : null
2023-09-12 13:23:43,895 [INFO] LogOutputStream:77 - [STDOUT_REDIRECT] 1 : Invalid condition id : UX_CORESTACK_Condition cause : null
2023-09-12 13:23:43,896 [INFO] LogOutputStream:77 - [STDOUT_REDIRECT] 1 : Invalid condition id : UX_CORESTACK_Condition cause : null
2023-09-12 13:23:43,897 [INFO] LogOutputStream:77 - [STDOUT_REDIRECT] 1 : Invalid condition id : UX_CORESTACK_Condition cause : null
2023-09-12 13:23:43,902 [WARN] PackLoader:240 - Cannot read IP mode file for STMicroelectronics.X-CUBE-AZRTOS-WL.2.0.0
2023-09-12 13:23:43,916 [WARN] PackLoader:240 - Cannot read IP mode file for WES.I-CUBE-Cesium.1.3.0
2023-09-12 13:23:43,925 [WARN] PackLoader:240 - Cannot read IP mode file for STMicroelectronics.X-CUBE-BLE2.3.3.0
2023-09-12 13:23:43,941 [WARN] PackLoader:240 - Cannot read IP mode file for STMicroelectronics.X-CUBE-ALGOBUILD.1.3.0
2023-09-12 13:23:43,971 [WARN] PackLoader:240 - Cannot read IP mode file for STMicroelectronics.X-CUBE-AZRTOS-G0.1.1.0
2023-09-12 13:23:43,986 [WARN] PackLoader:240 - Cannot read IP mode file for STMicroelectronics.X-CUBE-NFC4.3.0.0
2023-09-12 13:23:43,993 [WARN] PackLoader:240 - Cannot read IP mode file for STMicroelectronics.FP-ATR-SIGFOX1.3.2.0
2023-09-12 13:23:44,038 [WARN] PackLoader:240 - Cannot read IP mode file for SEGGER.I-CUBE-embOS.1.3.1
2023-09-12 13:23:44,090 [WARN] PackLoader:240 - Cannot read IP mode file for STMicroelectronics.X-CUBE-GNSS1.6.0.0
2023-09-12 13:23:44,120 [WARN] PackLoader:240 - Cannot read IP mode file for STMicroelectronics.X-CUBE-AZRTOS-F4.1.1.0
2023-09-12 13:23:44,137 [WARN] PackLoader:240 - Cannot read IP mode file for wolfSSL.I-CUBE-wolfSSL.5.6.3
2023-09-12 13:23:44,166 [WARN] PackLoader:240 - Cannot read IP mode file for STMicroelectronics.X-CUBE-AZRTOS-L5.2.0.0
2023-09-12 13:23:44,223 [WARN] PackLoader:240 - Cannot read IP mode file for STMicroelectronics.X-CUBE-MEMS1.9.6.0
2023-09-12 13:23:44,382 [WARN] PackLoader:240 - Cannot read IP mode file for STMicroelectronics.X-CUBE-BLEMGR.2.0.0
2023-09-12 13:23:44,413 [WARN] ConditionMgr:438 - getConditionDescription Invalid condition id : UX DEVICE CLASS RTOS Condition cause : null
2023-09-12 13:23:44,414 [WARN] ConditionMgr:438 - getConditionDescription Invalid condition id : UX DEVICE CLASS RTOS Condition cause : null
2023-09-12 13:23:44,417 [WARN] PackLoader:240 - Cannot read IP mode file for STMicroelectronics.X-CUBE-AZRTOS-H7.3.1.0
2023-09-12 13:23:44,418 [WARN] ConditionMgr:1039 - genDependencies : Invalid condition id : UX DEVICE CLASS RTOS Condition cause : null
2023-09-12 13:23:44,418 [WARN] ConditionMgr:1039 - genDependencies : Invalid condition id : UX DEVICE CLASS RTOS Condition cause : null
2023-09-12 13:23:44,419 [WARN] ConditionMgr:1039 - genDependencies : Invalid condition id : UX DEVICE CLASS RTOS Condition cause : null
2023-09-12 13:23:44,419 [WARN] ConditionMgr:1039 - genDependencies : Invalid condition id : UX DEVICE CLASS RTOS Condition cause : null
2023-09-12 13:23:44,419 [WARN] ConditionMgr:1039 - genDependencies : Invalid condition id : UX DEVICE CLASS RTOS Condition cause : null
2023-09-12 13:23:44,430 [WARN] PackLoader:240 - Cannot read IP mode file for STMicroelectronics.X-CUBE-NFC7.1.0.1
2023-09-12 13:23:44,441 [WARN] PackLoader:240 - Cannot read IP mode file for STMicroelectronics.X-CUBE-NFC6.3.0.0
2023-09-12 13:23:44,456 [WARN] PackLoader:240 - Cannot read IP mode file for STMicroelectronics.X-CUBE-EEPRMA1.4.1.0
2023-09-12 13:23:44,466 [WARN] PackLoader:240 - Cannot read IP mode file for STMicroelectronics.X-CUBE-AI.8.1.0
2023-09-12 13:23:44,488 [WARN] ConditionMgr:438 - getConditionDescription Invalid condition id : LAN8742 Phy interface Condition cause : null
2023-09-12 13:23:44,488 [WARN] PackLoader:240 - Cannot read IP mode file for STMicroelectronics.X-CUBE-AZRTOS-L4.2.0.0
2023-09-12 13:23:44,489 [WARN] ConditionMgr:1039 - genDependencies : Invalid condition id : LAN8742 Phy interface Condition cause : null
2023-09-12 13:23:44,489 [WARN] ConditionMgr:1039 - genDependencies : Invalid condition id : LAN8742 Phy interface Condition cause : null
2023-09-12 13:23:44,490 [WARN] ConditionMgr:1039 - genDependencies : Invalid condition id : LAN8742 Phy interface Condition cause : null
2023-09-12 13:23:44,501 [WARN] PackLoader:240 - Cannot read IP mode file for STMicroelectronics.X-CUBE-SFXS2LP1.4.0.0
2023-09-12 13:23:44,512 [WARN] PackLoader:240 - Cannot read IP mode file for STMicroelectronics.X-CUBE-ISPU.1.1.0
2023-09-12 13:23:44,535 [WARN] ConditionMgr:438 - getConditionDescription Invalid condition id : UX DEVICE CLASS RTOS Condition cause : null
2023-09-12 13:23:44,536 [WARN] ConditionMgr:438 - getConditionDescription Invalid condition id : UX DEVICE CLASS RTOS Condition cause : null
2023-09-12 13:23:44,537 [WARN] PackLoader:240 - Cannot read IP mode file for STMicroelectronics.X-CUBE-AZRTOS-WB.2.0.0
2023-09-12 13:23:44,538 [WARN] ConditionMgr:1039 - genDependencies : Invalid condition id : UX DEVICE CLASS RTOS Condition cause : null
2023-09-12 13:23:44,538 [WARN] ConditionMgr:1039 - genDependencies : Invalid condition id : UX DEVICE CLASS RTOS Condition cause : null
2023-09-12 13:23:44,538 [WARN] ConditionMgr:1039 - genDependencies : Invalid condition id : UX DEVICE CLASS RTOS Condition cause : null
2023-09-12 13:23:44,538 [WARN] ConditionMgr:1039 - genDependencies : Invalid condition id : UX DEVICE CLASS RTOS Condition cause : null
2023-09-12 13:23:44,539 [WARN] ConditionMgr:1039 - genDependencies : Invalid condition id : UX DEVICE CLASS RTOS Condition cause : null
2023-09-12 13:23:44,557 [WARN] PackLoader:240 - Cannot read IP mode file for STMicroelectronics.X-CUBE-SUBG2.5.0.0
2023-09-12 13:23:44,578 [WARN] PackLoader:240 - Cannot read IP mode file for STMicroelectronics.X-CUBE-TOF1.3.3.1
2023-09-12 13:23:44,609 [WARN] PackLoader:240 - Cannot read IP mode file for STMicroelectronics.X-CUBE-AZRTOS-G4.2.0.0
2023-09-12 13:23:44,624 [WARN] PackLoader:240 - Cannot read IP mode file for STMicroelectronics.X-CUBE-FREERTOS.1.1.0
2023-09-12 13:23:44,638 [WARN] PackLoader:240 - Cannot read IP mode file for portGmbH.I-Cube-SoM-uGOAL.1.1.0
2023-09-12 13:23:44,652 [WARN] PackLoader:240 - Cannot read IP mode file for STMicroelectronics.X-CUBE-ALS.1.0.1
2023-09-12 13:23:44,657 [WARN] PackLoader:240 - Cannot read IP mode file for STMicroelectronics.FP-ATR-ASTRA1.2.0.0
2023-09-12 13:23:44,658 [INFO] ThirdParty:978 - Integrity check success = true
2023-09-12 13:23:44,658 [INFO] IntegrityCheckThread:100 - exiting critical section [integrity check]
2023-09-12 13:23:44,658 [INFO] IntegrityCheckThread:103 - End integrity checks thread
2023-09-12 13:24:02,641 [ERROR] LogOutputStream:75 - [STDERR_REDIRECT] SLF4J: Failed to load class "org.slf4j.impl.StaticLoggerBinder".
2023-09-12 13:24:02,642 [ERROR] LogOutputStream:75 - [STDERR_REDIRECT] SLF4J: Defaulting to no-operation (NOP) logger implementation
2023-09-12 13:24:02,644 [ERROR] LogOutputStream:75 - [STDERR_REDIRECT] SLF4J: See http://www.slf4j.org/codes.html#StaticLoggerBinder for further details.
2023-09-12 20:47:08,444 [INFO] McuFinderGlobals:63 - Set McuFinder mode to 2 (CubeIDE integrated)
2023-09-12 20:47:08,515 [INFO] MainUpdater:2868 - connection check result : 10
2023-09-12 20:47:08,525 [INFO] MainUpdater:2868 - connection check result : 10
2023-09-12 20:47:08,693 [INFO] MicroXplorer:468 - Change Database Path : 
2023-09-12 20:47:08,693 [INFO] MicroXplorer:498 - Change Database Version : DB.6.0.91
2023-09-12 20:47:08,696 [WARN] ThirdParty:871 - waiting for thirdparty lock release [close project]
2023-09-12 20:47:08,697 [INFO] ThirdParty:873 - entering critical section [close project]
2023-09-12 20:47:08,710 [INFO] ThirdParty:883 - exiting critical section [close project]
2023-09-12 20:47:08,712 [INFO] PinOutPanel:1499 - setPackage(No Configuration,No Configuration)
2023-09-12 20:47:08,717 [INFO] UtilMem:75 - Begin LoadConfig() Used Memory: 302543840 Bytes (455081984)
2023-09-12 20:47:08,718 [INFO] MicroXplorer:468 - Change Database Path : 
2023-09-12 20:47:08,718 [INFO] MicroXplorer:498 - Change Database Version : DB.6.0.91
2023-09-12 20:47:08,718 [INFO] OpenFileManager:308 - Change cursor
2023-09-12 20:47:08,762 [INFO] Mcu:1946 - Initializing MCU STM32F411R(C-E)Tx STM32F411RETx STM32F411RET6
2023-09-12 20:47:09,744 [INFO] Context:659 - Trying to add GPIOservice into a context  which must be forbidden
2023-09-12 20:47:10,184 [INFO] RtosManager:555 - Registered RTOS mode: class=CMSIS, group=RTOS, mode=CMSIS_V1, owner=FREERTOS
2023-09-12 20:47:10,184 [INFO] RtosManager:555 - Registered RTOS mode: class=CMSIS, group=RTOS2, mode=CMSIS_V2, owner=FREERTOS
2023-09-12 20:47:10,184 [INFO] RtosManager:555 - Registered RTOS mode: class=RTOS, group=Core, mode=CMSIS_V1, owner=FREERTOS
2023-09-12 20:47:10,184 [INFO] RtosManager:555 - Registered RTOS mode: class=RTOS, group=Core, mode=CMSIS_V2, owner=FREERTOS
2023-09-12 20:47:10,185 [WARN] ModelIntegratedComponent:184 - Missing modes for component STMicroelectronics:FreeRTOS:0.0.1:STMicroelectronics:RTOS:FreeRTOS:Core:::10.2.0:
2023-09-12 20:47:10,189 [WARN] ModelIntegratedComponent:182 - Modes not found for component STMicroelectronics:USB_HOST:1.0.0:STMicroelectronics:USB::USB Host:Audio HS::1.0:USB_HOST_1_0_RESTRICTED_HS
2023-09-12 20:47:10,189 [WARN] ModelIntegratedComponent:188 - Modes not found for component STMicroelectronics:USB_HOST:1.0.0:STMicroelectronics:USB::USB Host:Audio HS::1.0:USB_HOST_1_0_RESTRICTED_HS
2023-09-12 20:47:10,189 [WARN] ModelIntegratedComponent:182 - Modes not found for component STMicroelectronics:USB_HOST:1.0.0:STMicroelectronics:USB::USB Host:CDC HS::1.0:USB_HOST_1_0_RESTRICTED_HS
2023-09-12 20:47:10,189 [WARN] ModelIntegratedComponent:188 - Modes not found for component STMicroelectronics:USB_HOST:1.0.0:STMicroelectronics:USB::USB Host:CDC HS::1.0:USB_HOST_1_0_RESTRICTED_HS
2023-09-12 20:47:10,190 [WARN] ModelIntegratedComponent:182 - Modes not found for component STMicroelectronics:USB_HOST:1.0.0:STMicroelectronics:USB::USB Host:MSC HS::1.0:USB_HOST_1_0_RESTRICTED_HS
2023-09-12 20:47:10,190 [WARN] ModelIntegratedComponent:188 - Modes not found for component STMicroelectronics:USB_HOST:1.0.0:STMicroelectronics:USB::USB Host:MSC HS::1.0:USB_HOST_1_0_RESTRICTED_HS
2023-09-12 20:47:10,190 [WARN] ModelIntegratedComponent:182 - Modes not found for component STMicroelectronics:USB_HOST:1.0.0:STMicroelectronics:USB::USB Host:HID HS::1.0:USB_HOST_1_0_RESTRICTED_HS
2023-09-12 20:47:10,190 [WARN] ModelIntegratedComponent:188 - Modes not found for component STMicroelectronics:USB_HOST:1.0.0:STMicroelectronics:USB::USB Host:HID HS::1.0:USB_HOST_1_0_RESTRICTED_HS
2023-09-12 20:47:10,190 [WARN] ModelIntegratedComponent:182 - Modes not found for component STMicroelectronics:USB_HOST:1.0.0:STMicroelectronics:USB::USB Host:MTP HS::1.0:USB_HOST_1_0_RESTRICTED_HS
2023-09-12 20:47:10,190 [WARN] ModelIntegratedComponent:188 - Modes not found for component STMicroelectronics:USB_HOST:1.0.0:STMicroelectronics:USB::USB Host:MTP HS::1.0:USB_HOST_1_0_RESTRICTED_HS
2023-09-12 20:47:10,206 [WARN] ModelIntegratedComponent:63 - No mode defined for component null
2023-09-12 20:47:10,206 [WARN] ModelIntegratedComponent:63 - No mode defined for component null
2023-09-12 20:47:10,206 [WARN] ModelIntegratedComponent:63 - No mode defined for component null
2023-09-12 20:47:10,206 [WARN] ModelIntegratedComponent:63 - No mode defined for component null
2023-09-12 20:47:10,206 [WARN] ModelIntegratedComponent:63 - No mode defined for component null
2023-09-12 20:47:10,206 [WARN] ModelIntegratedComponent:63 - No mode defined for component null
2023-09-12 20:47:10,206 [WARN] ModelIntegratedComponent:63 - No mode defined for component null
2023-09-12 20:47:10,206 [WARN] ModelIntegratedComponent:63 - No mode defined for component null
2023-09-12 20:47:10,206 [WARN] ModelIntegratedComponent:63 - No mode defined for component null
2023-09-12 20:47:10,206 [WARN] ModelIntegratedComponent:63 - No mode defined for component null
2023-09-12 20:47:10,206 [WARN] ModelIntegratedComponent:63 - No mode defined for component null
2023-09-12 20:47:10,206 [WARN] ModelIntegratedComponent:63 - No mode defined for component null
2023-09-12 20:47:10,206 [WARN] ModelIntegratedComponent:63 - No mode defined for component null
2023-09-12 20:47:10,206 [WARN] ModelIntegratedComponent:63 - No mode defined for component null
2023-09-12 20:47:10,206 [WARN] ModelIntegratedComponent:63 - No mode defined for component null
2023-09-12 20:47:10,206 [WARN] ModelIntegratedComponent:63 - No mode defined for component null
2023-09-12 20:47:10,206 [WARN] ModelIntegratedComponent:63 - No mode defined for component null
2023-09-12 20:47:10,206 [WARN] ModelIntegratedComponent:63 - No mode defined for component null
2023-09-12 20:47:10,206 [WARN] ModelIntegratedComponent:63 - No mode defined for component null
2023-09-12 20:47:10,206 [WARN] ModelIntegratedComponent:63 - No mode defined for component null
2023-09-12 20:47:10,206 [WARN] ModelIntegratedComponent:63 - No mode defined for component null
2023-09-12 20:47:10,206 [WARN] ModelIntegratedComponent:63 - No mode defined for component null
2023-09-12 20:47:10,206 [WARN] ModelIntegratedComponent:63 - No mode defined for component null
2023-09-12 20:47:10,207 [WARN] ModelIntegratedComponent:63 - No mode defined for component null
2023-09-12 20:47:10,207 [WARN] ModelIntegratedComponent:63 - No mode defined for component null
2023-09-12 20:47:10,207 [WARN] ModelIntegratedComponent:63 - No mode defined for component null
2023-09-12 20:47:10,207 [WARN] ModelIntegratedComponent:63 - No mode defined for component null
2023-09-12 20:47:10,207 [WARN] ModelIntegratedComponent:63 - No mode defined for component null
2023-09-12 20:47:10,207 [WARN] ModelIntegratedComponent:63 - No mode defined for component null
2023-09-12 20:47:10,207 [WARN] ModelIntegratedComponent:63 - No mode defined for component null
2023-09-12 20:47:10,207 [WARN] ModelIntegratedComponent:63 - No mode defined for component null
2023-09-12 20:47:10,207 [WARN] ModelIntegratedComponent:63 - No mode defined for component null
2023-09-12 20:47:10,207 [WARN] ModelIntegratedComponent:63 - No mode defined for component null
2023-09-12 20:47:10,216 [WARN] ModelIntegratedComponent:182 - Modes not found for component STMicroelectronics:USB_DEVICE:1.0.0:STMicroelectronics:USB::USB Device:Audio HS::1.0:USB_DEVICE_1_0_RESTRICTED_HS
2023-09-12 20:47:10,216 [WARN] ModelIntegratedComponent:188 - Modes not found for component STMicroelectronics:USB_DEVICE:1.0.0:STMicroelectronics:USB::USB Device:Audio HS::1.0:USB_DEVICE_1_0_RESTRICTED_HS
2023-09-12 20:47:10,216 [WARN] ModelIntegratedComponent:182 - Modes not found for component STMicroelectronics:USB_DEVICE:1.0.0:STMicroelectronics:USB::USB Device:CDC HS::1.0:USB_DEVICE_1_0_RESTRICTED_HS
2023-09-12 20:47:10,216 [WARN] ModelIntegratedComponent:188 - Modes not found for component STMicroelectronics:USB_DEVICE:1.0.0:STMicroelectronics:USB::USB Device:CDC HS::1.0:USB_DEVICE_1_0_RESTRICTED_HS
2023-09-12 20:47:10,216 [WARN] ModelIntegratedComponent:182 - Modes not found for component STMicroelectronics:USB_DEVICE:1.0.0:STMicroelectronics:USB::USB Device:DFU HS::1.0:USB_DEVICE_1_0_RESTRICTED_HS
2023-09-12 20:47:10,216 [WARN] ModelIntegratedComponent:188 - Modes not found for component STMicroelectronics:USB_DEVICE:1.0.0:STMicroelectronics:USB::USB Device:DFU HS::1.0:USB_DEVICE_1_0_RESTRICTED_HS
2023-09-12 20:47:10,216 [WARN] ModelIntegratedComponent:182 - Modes not found for component STMicroelectronics:USB_DEVICE:1.0.0:STMicroelectronics:USB::USB Device:HID HS::1.0:USB_DEVICE_1_0_RESTRICTED_HS
2023-09-12 20:47:10,216 [WARN] ModelIntegratedComponent:188 - Modes not found for component STMicroelectronics:USB_DEVICE:1.0.0:STMicroelectronics:USB::USB Device:HID HS::1.0:USB_DEVICE_1_0_RESTRICTED_HS
2023-09-12 20:47:10,216 [WARN] ModelIntegratedComponent:182 - Modes not found for component STMicroelectronics:USB_DEVICE:1.0.0:STMicroelectronics:USB::USB Device:Custom HID HS::1.0:USB_DEVICE_1_0_RESTRICTED_HS
2023-09-12 20:47:10,216 [WARN] ModelIntegratedComponent:188 - Modes not found for component STMicroelectronics:USB_DEVICE:1.0.0:STMicroelectronics:USB::USB Device:Custom HID HS::1.0:USB_DEVICE_1_0_RESTRICTED_HS
2023-09-12 20:47:10,216 [WARN] ModelIntegratedComponent:182 - Modes not found for component STMicroelectronics:USB_DEVICE:1.0.0:STMicroelectronics:USB::USB Device:MSC HS::1.0:USB_DEVICE_1_0_RESTRICTED_HS
2023-09-12 20:47:10,216 [WARN] ModelIntegratedComponent:188 - Modes not found for component STMicroelectronics:USB_DEVICE:1.0.0:STMicroelectronics:USB::USB Device:MSC HS::1.0:USB_DEVICE_1_0_RESTRICTED_HS
2023-09-12 20:47:10,227 [INFO] ThirdPartyModel:298 - Start build external matchings
2023-09-12 20:47:10,403 [INFO] ThirdPartyModel:316 - End build external matchings
2023-09-12 20:47:10,410 [INFO] ImportTextPane:194 - (OptionalMessage_ERROR) IP (RCC) : Parameter (48MHZClocksFreq_Value) has invalid value (84000000)
2023-09-12 20:47:10,411 [INFO] ImportTextPane:194 - (OptionalMessage_ERROR) IP (RCC) : Parameter (FLatency) has Id (AdvancedSettings) currently not set
2023-09-12 20:47:10,411 [INFO] ImportTextPane:194 - (OptionalMessage_ERROR) IP (RCC) : Parameter (RTCHSEDivFreq_Value) has invalid value (4000000)
2023-09-12 20:47:10,608 [INFO] UtilMem:75 - End LoadConfig() Used Memory: 242010264 Bytes (455081984)
2023-09-12 20:47:10,728 [INFO] ApiDb:581 - Connected to CubeFinder SQLite database (C:\Users\Mahmu\.stmcufinder\plugins\mcufinder\mcu\cube-finder-db.db)
2023-09-12 20:47:10,792 [INFO] ApiDb:668 - CubeFinder database Data Model version=2.1
2023-09-12 20:47:10,792 [INFO] ApiDb:669 - CubeFinder database Configuration version=3.0.37
2023-09-12 20:47:10,793 [INFO] ApiDb:670 - CubeFinder database generation date=2023-08-09 (1691586011)
2023-09-12 20:47:10,793 [INFO] ApiDb:671 - CubeFinder database FW Pack versions=[FP-ATR-ASTRA1_V2.0.0, FP-SNS-FLIGHT1_V5.0.1, FP-SNS-FLIGHT1_V5.0.2, FP-SNS-MOTENV1_V4.3.1, FP-SNS-MOTENV1_V4.3.2, STM32Cube_FW_C0_V1.1.0, STM32Cube_FW_F4_V1.27.1, STM32Cube_FW_F7_V1.17.0, STM32Cube_FW_G0_V1.6.1, STM32Cube_FW_G4_V1.5.1, STM32Cube_FW_H5_V0.5.1, STM32Cube_FW_H5_V1.1.0, STM32Cube_FW_H7_V1.11.0, STM32Cube_FW_L0_V1.12.2, STM32Cube_FW_L5_V1.5.0, STM32Cube_FW_U5_V1.3.0, STM32Cube_FW_U5_V1.3.0RC4, STM32Cube_FW_WBA_V1.0.0RC1, STM32Cube_FW_WBA_V1.1.0, STM32Cube_FW_WBA_V1.1.0RC1, STM32Cube_FW_WB_V1.15.0RC1, STM32Cube_FW_WB_V1.16.0, STM32Cube_FW_WB_V1.16.0RC2, STM32Cube_FW_WB_V1.17.0, STM32Cube_FW_WL_V1.3.0, X-CUBE-ALGOBUILD_V1.3.0, X-CUBE-ALS_V1.0.1, X-CUBE-AZRTOS-F4_V1.1.0, X-CUBE-AZRTOS-F7_V1.1.0, X-CUBE-AZRTOS-G0_V1.1.0, X-CUBE-AZRTOS-G4_V2.0.0, X-CUBE-AZRTOS-H7_V3.1.0, X-CUBE-AZRTOS-L4_V1.0.0, X-CUBE-AZRTOS-L4_V2.0.0, X-CUBE-AZRTOS-L5_V1.1.0, X-CUBE-AZRTOS-WB_V1.1.0, X-CUBE-AZRTOS-WL_V2.0.0, X-CUBE-BLE1_V7.0.0, X-CUBE-BLE2_V3.3.0, X-CUBE-BLEMGR_V2.0.0, X-CUBE-EEPRMA1_V4.1.0, X-CUBE-FREERTOS_V1.1.0, X-CUBE-GNSS1_V6.0.0, X-CUBE-MEMS1_V9.1.0, X-CUBE-MEMS1_V9.4.0, X-CUBE-MEMS1_V9.6.0, X-CUBE-NFC4_V3.0.0, X-CUBE-NFC7_V1.0.0, X-CUBE-SFXS2LP1_V4.0.0, X-CUBE-SUBG2_V5.0.0, X-CUBE-TOF1_V3.3.1]
2023-09-12 20:47:12,703 [INFO] ApiDb:240 - Found 323 in-development CPN: [B-G473E-ZEST1S, B-WB1M-WPAN1, B-WL5M-SUBG1, NUCLEO-C031C6, NUCLEO-H503RB, NUCLEO-H563ZI, NUCLEO-U545RE-Q, NUCLEO-U5A5ZJ-Q, NUCLEO-WBA52CG, STEVAL-PROTEUS1, STEVAL-SMARTAG2, STEVAL-STWINBX1, STM320518-EVAL, STM32C0116-DK, STM32C011D6Y3TR, STM32C011D6Y6TR, STM32C011F4P3, STM32C011F4P6, STM32C011F4U3, STM32C011F4U6TR, STM32C011F6P3, STM32C011F6P6, STM32C011F6U3, STM32C011F6U6TR, STM32C011J4M3, STM32C011J4M6, STM32C011J6M3, STM32C011J6M6, STM32C0316-DK, STM32C031C4T3, STM32C031C4T6, STM32C031C4U3, STM32C031C4U6, STM32C031C6T3, STM32C031C6T6, STM32C031C6U3, STM32C031C6U6, STM32C031F4P3, STM32C031F4P6, STM32C031F6P3, STM32C031F6P6, STM32C031G4U3, STM32C031G4U6, STM32C031G6U3, STM32C031G6U6, STM32C031K4T3, STM32C031K4T6, STM32C031K4U3, STM32C031K4U6, STM32C031K6T3, STM32C031K6T6, STM32C031K6U3, STM32C031K6U6, STM32G071K8TXN, STM32G071K8UXN, STM32G081GBU6N, STM32G081KBT6N, STM32G081KBUXN, STM32G0B1CCT6N, STM32G0B1KCT6, STM32G0B1NEY6TR, STM32G0B1RCT6N, STM32G0C1CCT6, STM32G0C1CCT6N, STM32G0C1CCU6N, STM32G0C1CET6N, STM32G0C1CEU6N, STM32G0C1KCT6, STM32G0C1NEY6TR, STM32G0C1RCI6N, STM32G0C1RCT6N, STM32G0C1REI6N, STM32G0C1RET6N, STM32G0C1VCI6, STM32G0C1VEI6, STM32G471CCT6, STM32G471CCU6, STM32G471CET3, STM32G471CET6, STM32G471CEU3, STM32G471CEU6, STM32G471MCT6, STM32G471MET3, STM32G471MET6, STM32G471MEY6TR, STM32G471QCT6, STM32G471QET3, STM32G471RCT6, STM32G471RET3, STM32G471RET6, STM32G471VCH6, STM32G471VCI6, STM32G471VCT6, STM32G471VEH3, STM32G471VEH6, STM32G471VEI3, STM32G471VEI6, STM32G471VET3, STM32G471VET6, STM32G474CCT6, STM32H503CBT6, STM32H503CBU6, STM32H503EBY6TR, STM32H503KBU6, STM32H503RBT6, STM32H562AGI6, STM32H562AII6, STM32H562IGK6, STM32H562IGT6, STM32H562IIK6, STM32H562IIT6, STM32H562RGT6, STM32H562RGV6, STM32H562RIT6, STM32H562RIV6, STM32H562VGT6, STM32H562VIT6, STM32H562ZGT6, STM32H562ZIT6, STM32H563AGI6, STM32H563AII3Q, STM32H563AII6, STM32H563IGK6, STM32H563IGT6, STM32H563IIK3Q, STM32H563IIK6, STM32H563IIT3Q, STM32H563IIT6, STM32H563MIY3QTR, STM32H563RGT6, STM32H563RGV6, STM32H563RIT6, STM32H563RIV6, STM32H563VGT6, STM32H563VIT3Q, STM32H563VIT6, STM32H563ZGT6, STM32H563ZIT3Q, STM32H563ZIT6, STM32H573AII3Q, STM32H573AII6, STM32H573I-DK, STM32H573IIK3Q, STM32H573IIK6, STM32H573IIT3Q, STM32H573IIT6, STM32H573MIY3QTR, STM32H573RIT6, STM32H573RIV6, STM32H573VIT3Q, STM32H573VIT6, STM32H573ZIT3Q, STM32H573ZIT6, STM32L4R5QGI6STR, STM32MP131AAE3, STM32MP131AAF3, STM32MP131AAG3, STM32MP131CAE3, STM32MP131CAF3, STM32MP131CAG3, STM32MP131DAE7, STM32MP131DAF7, STM32MP131DAG7, STM32MP131FAE7, STM32MP131FAF7, STM32MP131FAG7, STM32MP133AAE3, STM32MP133AAF3, STM32MP133AAG3, STM32MP133CAE3, STM32MP133CAF3, STM32MP133CAG3, STM32MP133DAE7, STM32MP133DAF7, STM32MP133DAG7, STM32MP133FAE7, STM32MP133FAF7, STM32MP133FAG7, STM32MP135AAE3, STM32MP135AAF3, STM32MP135AAG3, STM32MP135CAE3, STM32MP135CAF3, STM32MP135CAG3, STM32MP135DAE7, STM32MP135DAF7, STM32MP135DAG7, STM32MP135F-DK, STM32MP135FAE7, STM32MP135FAF7, STM32MP135FAF7T, STM32MP135FAF7U, STM32MP135FAG7, STM32U535CBT6, STM32U535CBT6Q, STM32U535CBU6, STM32U535CBU6Q, STM32U535CCT6, STM32U535CCT6Q, STM32U535CCU6, STM32U535CCU6Q, STM32U535CET6, STM32U535CET6Q, STM32U535CEU6, STM32U535CEU6Q, STM32U535JEY6QTR, STM32U535NCY6QTR, STM32U535NEY6QTR, STM32U535RBI6, STM32U535RBI6Q, STM32U535RBT6, STM32U535RBT6Q, STM32U535RCI6, STM32U535RCI6Q, STM32U535RCT6, STM32U535RCT6Q, STM32U535REI6, STM32U535REI6Q, STM32U535RET6, STM32U535RET6Q, STM32U535VCI6, STM32U535VCI6Q, STM32U535VCT6, STM32U535VCT6Q, STM32U535VEI6, STM32U535VEI6Q, STM32U535VET6, STM32U535VET6Q, STM32U545CET6, STM32U545CET6Q, STM32U545CEU6, STM32U545CEU6Q, STM32U545JEY6QTR, STM32U545NEY6QTR, STM32U545REI6, STM32U545REI6Q, STM32U545RET6, STM32U545RET6Q, STM32U545VEI6, STM32U545VEI6Q, STM32U545VET6, STM32U545VET6Q, STM32U595AIH6, STM32U595AIH6Q, STM32U595AJH6, STM32U595AJH6Q, STM32U595QII6, STM32U595QII6Q, STM32U595QJI6, STM32U595QJI6Q, STM32U595RIT6, STM32U595RIT6Q, STM32U595RJT6, STM32U595RJT6Q, STM32U595VIT6, STM32U595VIT6Q, STM32U595VJT6, STM32U595VJT6Q, STM32U595ZIT6, STM32U595ZIT6Q, STM32U595ZIY6QTR, STM32U595ZJT6, STM32U595ZJT6Q, STM32U595ZJY6QTR, STM32U599BJY6QTR, STM32U599NIH6Q, STM32U599NJH6Q, STM32U599VIT6Q, STM32U599VJT6, STM32U599VJT6Q, STM32U599ZIT6Q, STM32U599ZIY6QTR, STM32U599ZJT6Q, STM32U599ZJY6QTR, STM32U5A5AJH6, STM32U5A5AJH6Q, STM32U5A5QJI6, STM32U5A5QJI6Q, STM32U5A5RJT6, STM32U5A5RJT6Q, STM32U5A5VJT6, STM32U5A5VJT6Q, STM32U5A5ZJT6, STM32U5A5ZJT6Q, STM32U5A5ZJY6QTR, STM32U5A9BJY6QTR, STM32U5A9J-DK, STM32U5A9NJH6Q, STM32U5A9VJT6Q, STM32U5A9ZJT6Q, STM32U5A9ZJY6QTR, STM32U5F7VIT6, STM32U5F7VIT6Q, STM32U5F7VJT6, STM32U5F7VJT6Q, STM32U5F9BJY6QTR, STM32U5F9NJH6Q, STM32U5F9VIT6Q, STM32U5F9VJT6Q, STM32U5F9ZIJ6QTR, STM32U5F9ZIT6Q, STM32U5F9ZJJ6QTR, STM32U5F9ZJT6Q, STM32U5G7VJT6, STM32U5G7VJT6Q, STM32U5G9BJY6QTR, STM32U5G9J-DK1, STM32U5G9J-DK2, STM32U5G9NJH6Q, STM32U5G9VJT6Q, STM32U5G9ZJJ6QTR, STM32U5G9ZJT6Q, STM32WB1MMCH6, STM32WBA52CEU6, STM32WBA52CEU6T, STM32WBA52CGU6, STM32WBA52CGU6T, STM32WBA52KEU6, STM32WBA52KEU6T, STM32WBA52KGU6, STM32WBA52KGU6T, STM32WL5MOCH6, STM32WL5MOCH6TR]
2023-09-12 20:47:12,705 [INFO] DbMcus:217 - Found 3848 MCUs, 3848 are supported
2023-09-12 20:47:12,705 [INFO] ApiDb:423 - Load user favorites file C:\Users\Mahmu/.stm32cubeide/favorites.mcus.txt: 0 item(s)
2023-09-12 20:47:12,705 [INFO] ApiDb:427 - User favorites MCUs=[]
2023-09-12 20:47:12,705 [INFO] DbMcus:223 - Set 0 / 0 favorites MCUs
2023-09-12 20:47:12,942 [WARN] ThirdParty:833 - waiting for thirdparty lock release [change project]
2023-09-12 20:47:12,942 [INFO] ThirdParty:835 - entering critical section [change project]
2023-09-12 20:47:12,942 [INFO] ThirdParty:1030 - CMSIS Pack Vendor :STMicroelectronics X-CUBE-ISPU 1.1.0
2023-09-12 20:47:12,942 [INFO] ThirdParty:1030 - CMSIS Pack Vendor :STMicroelectronics USBPD 4.1
2023-09-12 20:47:12,942 [INFO] ThirdParty:1030 - CMSIS Pack Vendor :STMicroelectronics X-CUBE-GNSS1 6.0.0
2023-09-12 20:47:12,942 [INFO] ThirdParty:1030 - CMSIS Pack Vendor :STMicroelectronics USB_HOST 2.0.0
2023-09-12 20:47:12,942 [INFO] ThirdParty:1030 - CMSIS Pack Vendor :STMicroelectronics X-CUBE-AZRTOS-F4 1.1.0
2023-09-12 20:47:12,942 [INFO] ThirdParty:1030 - CMSIS Pack Vendor :STMicroelectronics LIBJPEG 8.0.0
2023-09-12 20:47:12,942 [INFO] ThirdParty:1030 - CMSIS Pack Vendor :wolfSSL I-CUBE-wolfSSL 5.6.3
2023-09-12 20:47:12,942 [INFO] ThirdParty:1030 - CMSIS Pack Vendor :STMicroelectronics X-CUBE-SMBUS 2.1.0
2023-09-12 20:47:12,942 [INFO] ThirdParty:1030 - CMSIS Pack Vendor :STMicroelectronics USB_DEVICE 3.0.0
2023-09-12 20:47:12,942 [INFO] ThirdParty:1030 - CMSIS Pack Vendor :STMicroelectronics X-CUBE-AZRTOS-WB 2.0.0
2023-09-12 20:47:12,942 [INFO] ThirdParty:1030 - CMSIS Pack Vendor :STMicroelectronics X-CUBE-AZRTOS-F7 1.1.0
2023-09-12 20:47:12,942 [INFO] ThirdParty:1030 - CMSIS Pack Vendor :STMicroelectronics X-CUBE-AZRTOS-L5 2.0.0
2023-09-12 20:47:12,942 [INFO] ThirdParty:1030 - CMSIS Pack Vendor :STMicroelectronics USB_DEVICE 2.0.0
2023-09-12 20:47:12,942 [INFO] ThirdParty:1030 - CMSIS Pack Vendor :STMicroelectronics X-CUBE-MEMS1 9.6.0
2023-09-12 20:47:12,942 [INFO] ThirdParty:1030 - CMSIS Pack Vendor :STMicroelectronics FP-SNS-MOTENV1 4.3.2
2023-09-12 20:47:12,942 [INFO] ThirdParty:1030 - CMSIS Pack Vendor :STMicroelectronics X-CUBE-ALGOBUILD 1.3.0
2023-09-12 20:47:12,942 [INFO] ThirdParty:1030 - CMSIS Pack Vendor :STMicroelectronics FreeRTOS 0.0.1
2023-09-12 20:47:12,942 [INFO] ThirdParty:1030 - CMSIS Pack Vendor :STMicroelectronics X-CUBE-AZRTOS-G0 1.1.0
2023-09-12 20:47:12,942 [INFO] ThirdParty:1030 - CMSIS Pack Vendor :STMicroelectronics X-CUBE-BLEMGR 2.0.0
2023-09-12 20:47:12,942 [INFO] ThirdParty:1030 - CMSIS Pack Vendor :STMicroelectronics X-CUBE-NFC4 3.0.0
2023-09-12 20:47:12,942 [INFO] ThirdParty:1030 - CMSIS Pack Vendor :STMicroelectronics X-CUBE-SUBG2 5.0.0
2023-09-12 20:47:12,943 [INFO] ThirdParty:1030 - CMSIS Pack Vendor :STMicroelectronics STM32_WPAN 1.0.0
2023-09-12 20:47:12,943 [INFO] ThirdParty:1030 - CMSIS Pack Vendor :STMicroelectronics lwIP 2.0.3
2023-09-12 20:47:12,943 [INFO] ThirdParty:1030 - CMSIS Pack Vendor :STMicroelectronics FP-SNS-FLIGHT1 5.0.2
2023-09-12 20:47:12,943 [INFO] ThirdParty:1030 - CMSIS Pack Vendor :STMicroelectronics USB_HOST 1.0.0
2023-09-12 20:47:12,943 [INFO] ThirdParty:1030 - CMSIS Pack Vendor :STMicroelectronics X-CUBE-TOF1 3.3.1
2023-09-12 20:47:12,943 [INFO] ThirdParty:1030 - CMSIS Pack Vendor :STMicroelectronics X-CUBE-AZRTOS-G4 2.0.0
2023-09-12 20:47:12,943 [INFO] ThirdParty:1030 - CMSIS Pack Vendor :STMicroelectronics PDM2PCM 3.1.0
2023-09-12 20:47:12,943 [INFO] ThirdParty:1030 - CMSIS Pack Vendor :STMicroelectronics X-CUBE-AZRTOS-H7 3.1.0
2023-09-12 20:47:12,943 [INFO] ThirdParty:1030 - CMSIS Pack Vendor :STMicroelectronics PDM2PCM 3.3.0
2023-09-12 20:47:12,943 [INFO] ThirdParty:1030 - CMSIS Pack Vendor :STMicroelectronics X-CUBE-DISPLAY 3.0.0
2023-09-12 20:47:12,943 [INFO] ThirdParty:1030 - CMSIS Pack Vendor :STMicroelectronics X-CUBE-BLE1 7.0.0
2023-09-12 20:47:12,943 [INFO] ThirdParty:1030 - CMSIS Pack Vendor :STMicroelectronics FP-ATR-SIGFOX1 3.2.0
2023-09-12 20:47:12,943 [INFO] ThirdParty:1030 - CMSIS Pack Vendor :STMicroelectronics HAL Drivers 0.0.0
2023-09-12 20:47:12,943 [INFO] ThirdParty:1030 - CMSIS Pack Vendor :STMicroelectronics MBEDTLS 2.16.2
2023-09-12 20:47:12,943 [INFO] ThirdParty:1030 - CMSIS Pack Vendor :emotas I-CUBE-CANOPEN 1.3.0
2023-09-12 20:47:12,943 [INFO] ThirdParty:1030 - CMSIS Pack Vendor :STMicroelectronics X-CUBE-FREERTOS 1.1.0
2023-09-12 20:47:12,943 [INFO] ThirdParty:1030 - CMSIS Pack Vendor :STMicroelectronics X-CUBE-TOUCHGFX 4.22.0
2023-09-12 20:47:12,943 [INFO] ThirdParty:1030 - CMSIS Pack Vendor :STMicroelectronics X-CUBE-NFC7 1.0.1
2023-09-12 20:47:12,943 [INFO] ThirdParty:1030 - CMSIS Pack Vendor :STMicroelectronics MBEDTLS 2.14.1
2023-09-12 20:47:12,943 [INFO] ThirdParty:1030 - CMSIS Pack Vendor :STMicroelectronics X-CUBE-NFC6 3.0.0
2023-09-12 20:47:12,943 [INFO] ThirdParty:1030 - CMSIS Pack Vendor :STMicroelectronics X-CUBE-EEPRMA1 4.1.0
2023-09-12 20:47:12,943 [INFO] ThirdParty:1030 - CMSIS Pack Vendor :portGmbH I-Cube-SoM-uGOAL 1.1.0
2023-09-12 20:47:12,943 [INFO] ThirdParty:1030 - CMSIS Pack Vendor :STMicroelectronics X-CUBE-ALS 1.0.1
2023-09-12 20:47:12,943 [INFO] ThirdParty:1030 - CMSIS Pack Vendor :STMicroelectronics ThreadX 1.0.0
2023-09-12 20:47:12,943 [INFO] ThirdParty:1030 - CMSIS Pack Vendor :STMicroelectronics FP-SNS-SMARTAG2 1.2.0
2023-09-12 20:47:12,943 [INFO] ThirdParty:1030 - CMSIS Pack Vendor :STMicroelectronics X-CUBE-AZRTOS-WL 2.0.0
2023-09-12 20:47:12,943 [INFO] ThirdParty:1030 - CMSIS Pack Vendor :SEGGER I-CUBE-embOS 1.3.1
2023-09-12 20:47:12,943 [INFO] ThirdParty:1030 - CMSIS Pack Vendor :STMicroelectronics USB_DEVICE 1.0.0
2023-09-12 20:47:12,943 [INFO] ThirdParty:1030 - CMSIS Pack Vendor :STMicroelectronics X-CUBE-AI 8.1.0
2023-09-12 20:47:12,943 [INFO] ThirdParty:1030 - CMSIS Pack Vendor :STMicroelectronics X-CUBE-AZRTOS-L4 2.0.0
2023-09-12 20:47:12,943 [INFO] ThirdParty:1030 - CMSIS Pack Vendor :STMicroelectronics ThreadX 0.0.2
2023-09-12 20:47:12,943 [INFO] ThirdParty:1030 - CMSIS Pack Vendor :WES I-CUBE-Cesium 1.3.0
2023-09-12 20:47:12,943 [INFO] ThirdParty:1030 - CMSIS Pack Vendor :STMicroelectronics FP-ATR-ASTRA1 2.0.0
2023-09-12 20:47:12,943 [INFO] ThirdParty:1030 - CMSIS Pack Vendor :STMicroelectronics lwIP 2.1.2
2023-09-12 20:47:12,943 [INFO] ThirdParty:1030 - CMSIS Pack Vendor :STMicroelectronics X-CUBE-SFXS2LP1 4.0.0
2023-09-12 20:47:12,943 [INFO] ThirdParty:1030 - CMSIS Pack Vendor :STMicroelectronics X-CUBE-BLE2 3.3.0
2023-09-12 20:47:12,943 [INFO] ThirdParty:1030 - CMSIS Pack Vendor :STMicroelectronics PDM2PCM 3.2.0
2023-09-12 20:47:12,943 [INFO] ThirdParty:841 - exiting critical section [change project]
2023-09-12 20:47:13,194 [INFO] PinOutPanel:1499 - setPackage(No Configuration,No Configuration)
2023-09-12 20:47:13,196 [INFO] PinOutPanel:1499 - setPackage(STM32F411RETx,LQFP64)
2023-09-12 20:47:13,600 [INFO] UtilMem:75 - Before build in PCC Used Memory: 236571776 Bytes (455081984)
2023-09-12 20:47:14,238 [INFO] UtilMem:75 - After build in PCC Used Memory: 329488320 Bytes (455081984)
2023-09-12 20:47:14,262 [INFO] IPUIPlugin:80 - create IPUIPlugin
2023-09-12 20:47:14,262 [INFO] IPUIPlugin:80 - create IPUIPlugin
2023-09-12 20:47:14,262 [INFO] IPUIPlugin:80 - create IPUIPlugin
2023-09-12 20:47:14,262 [INFO] IPUIPlugin:80 - create IPUIPlugin
2023-09-12 20:47:14,262 [INFO] IPUIPlugin:80 - create IPUIPlugin
2023-09-12 20:47:14,262 [INFO] IPUIPlugin:80 - create IPUIPlugin
2023-09-12 20:47:14,262 [INFO] IPUIPlugin:80 - create IPUIPlugin
2023-09-12 20:47:14,263 [INFO] IPUIPlugin:80 - create IPUIPlugin
2023-09-12 20:47:14,263 [INFO] IPUIPlugin:80 - create IPUIPlugin
2023-09-12 20:47:14,263 [INFO] IPUIPlugin:80 - create IPUIPlugin
2023-09-12 20:47:14,263 [INFO] IPUIPlugin:80 - create IPUIPlugin
2023-09-12 20:47:14,263 [INFO] IPUIPlugin:80 - create IPUIPlugin
2023-09-12 20:47:14,263 [INFO] IPUIPlugin:80 - create IPUIPlugin
2023-09-12 20:47:14,263 [INFO] IPUIPlugin:80 - create IPUIPlugin
2023-09-12 20:47:14,263 [INFO] IPUIPlugin:80 - create IPUIPlugin
2023-09-12 20:47:14,264 [INFO] IPUIPlugin:80 - create IPUIPlugin
2023-09-12 20:47:14,265 [INFO] IPUIPlugin:80 - create IPUIPlugin
2023-09-12 20:47:14,265 [INFO] IPUIPlugin:80 - create IPUIPlugin
2023-09-12 20:47:14,265 [INFO] IPUIPlugin:80 - create IPUIPlugin
2023-09-12 20:47:14,265 [INFO] IPUIPlugin:80 - create IPUIPlugin
2023-09-12 20:47:14,265 [INFO] IPUIPlugin:80 - create IPUIPlugin
2023-09-12 20:47:14,265 [INFO] IPUIPlugin:80 - create IPUIPlugin
2023-09-12 20:47:14,266 [INFO] IPUIPlugin:80 - create IPUIPlugin
2023-09-12 20:47:14,266 [INFO] IPUIPlugin:80 - create IPUIPlugin
2023-09-12 20:47:14,266 [INFO] IPUIPlugin:80 - create IPUIPlugin
2023-09-12 20:47:14,266 [INFO] IPUIPlugin:80 - create IPUIPlugin
2023-09-12 20:47:14,266 [INFO] IPUIPlugin:80 - create IPUIPlugin
2023-09-12 20:47:14,267 [INFO] IPUIPlugin:80 - create IPUIPlugin
2023-09-12 20:47:14,267 [INFO] IPUIPlugin:80 - create IPUIPlugin
2023-09-12 20:47:14,267 [INFO] IPUIPlugin:80 - create IPUIPlugin
2023-09-12 20:47:14,267 [INFO] IPUIPlugin:80 - create IPUIPlugin
2023-09-12 20:47:14,268 [INFO] IPUIPlugin:80 - create IPUIPlugin
2023-09-12 20:47:14,268 [INFO] IPUIPlugin:80 - create IPUIPlugin
2023-09-12 20:47:14,268 [INFO] IPUIPlugin:80 - create IPUIPlugin
2023-09-12 20:47:14,268 [INFO] IPUIPlugin:80 - create IPUIPlugin
2023-09-12 20:47:14,269 [INFO] IPUIPlugin:80 - create IPUIPlugin
2023-09-12 20:47:14,269 [INFO] IPUIPlugin:80 - create IPUIPlugin
2023-09-12 20:47:14,269 [INFO] IPUIPlugin:80 - create IPUIPlugin
2023-09-12 20:47:14,269 [INFO] IPUIPlugin:80 - create IPUIPlugin
2023-09-12 20:47:14,270 [INFO] IPUIPlugin:80 - create IPUIPlugin
2023-09-12 20:47:14,270 [INFO] IPUIPlugin:80 - create IPUIPlugin
2023-09-12 20:47:14,270 [INFO] IPUIPlugin:80 - create IPUIPlugin
2023-09-12 20:47:14,270 [INFO] IPUIPlugin:80 - create IPUIPlugin
2023-09-12 20:47:14,333 [INFO] ApiDbMcu:507 - Load IP Config File for PDM2PCM
2023-09-12 20:47:14,497 [INFO] CADModel:165 - CPN selected for project levelSTM32F411RET6
2023-09-12 20:47:14,497 [INFO] CADModel:114 - Register for checkConnection events
2023-09-12 20:47:14,555 [INFO] OpenFileManager:328 - Restore cursor
2023-09-12 21:22:30,064 [INFO] DmaTabbedPanel:205 - Cannot restore the selected Tab for DMA
2023-09-12 21:22:30,673 [INFO] Gpio:273 - dependency for GPIO [RCC, SYS, USART2]
2023-09-12 21:24:40,680 [INFO] UtilMem:75 - End SaveConfig() Used Memory: 289726560 Bytes (683671552)
2023-09-12 21:24:42,171 [INFO] UtilMem:75 - End SaveConfig() Used Memory: 336912480 Bytes (683671552)
2023-09-12 21:24:44,052 [INFO] UtilMem:75 - End SaveConfig() Used Memory: 401924192 Bytes (683671552)
2023-09-12 21:24:44,368 [INFO] BlockDiagram:2759 - set Specific Code input for plugin: NVIC
2023-09-12 21:24:44,368 [INFO] BlockDiagram:2759 - set Specific Code input for plugin: USART
2023-09-12 21:24:44,368 [INFO] BlockDiagram:2759 - set Specific Code input for plugin: SYS
2023-09-12 21:24:44,369 [INFO] BlockDiagram:2759 - set Specific Code input for plugin: GPIO
2023-09-12 21:24:44,369 [INFO] BlockDiagram:2759 - set Specific Code input for plugin: RCC
2023-09-12 21:24:44,369 [INFO] CodeGenerator:799 - code generatio: config db path: C:\ST\STM32CubeIDE_1.13.1\STM32CubeIDE\plugins\com.st.stm32cube.common.mx_6.9.1.202307191849\\db\
2023-09-12 21:24:44,541 [INFO] CodeEngine:255 - oldGeneratedFile, D:\JU\Microdata_Technology\Mikrodatateknik_HT2023\labs\lab2\trafikljus\MXTmpFiles\license.tmp_save
2023-09-12 21:24:45,017 [INFO] CodeEngine:279 - Generated code: D:\JU\Microdata_Technology\Mikrodatateknik_HT2023\labs\lab2\trafikljus\MXTmpFiles\license.tmp
2023-09-12 21:24:45,115 [INFO] CodeEngine:255 - oldGeneratedFile, D:\JU\Microdata_Technology\Mikrodatateknik_HT2023\labs\lab2\trafikljus\MXTmpFiles\gpio.tmp_save
2023-09-12 21:24:45,273 [INFO] CodeEngine:279 - Generated code: D:\JU\Microdata_Technology\Mikrodatateknik_HT2023\labs\lab2\trafikljus\MXTmpFiles\gpio.tmp
2023-09-12 21:24:45,375 [INFO] CodeEngine:255 - oldGeneratedFile, D:\JU\Microdata_Technology\Mikrodatateknik_HT2023\labs\lab2\trafikljus\Core\Src\stm32f4xx_it.c_save
2023-09-12 21:24:45,504 [INFO] CodeEngine:279 - Generated code: D:\JU\Microdata_Technology\Mikrodatateknik_HT2023\labs\lab2\trafikljus\Core\Src\stm32f4xx_it.c
2023-09-12 21:24:45,518 [INFO] CodeEngine:255 - oldGeneratedFile, D:\JU\Microdata_Technology\Mikrodatateknik_HT2023\labs\lab2\trafikljus\Core\Inc\stm32f4xx_it.h_save
2023-09-12 21:24:45,584 [INFO] CodeEngine:279 - Generated code: D:\JU\Microdata_Technology\Mikrodatateknik_HT2023\labs\lab2\trafikljus\Core\Inc\stm32f4xx_it.h
2023-09-12 21:24:45,611 [INFO] CodeEngine:255 - oldGeneratedFile, D:\JU\Microdata_Technology\Mikrodatateknik_HT2023\labs\lab2\trafikljus\Core\Src\stm32f4xx_hal_msp.c_save
2023-09-12 21:24:45,713 [INFO] CodeEngine:279 - Generated code: D:\JU\Microdata_Technology\Mikrodatateknik_HT2023\labs\lab2\trafikljus\Core\Src\stm32f4xx_hal_msp.c
2023-09-12 21:24:45,758 [INFO] CodeEngine:255 - oldGeneratedFile, D:\JU\Microdata_Technology\Mikrodatateknik_HT2023\labs\lab2\trafikljus\MXTmpFiles\system.tmp_save
2023-09-12 21:24:45,814 [INFO] CodeEngine:279 - Generated code: D:\JU\Microdata_Technology\Mikrodatateknik_HT2023\labs\lab2\trafikljus\MXTmpFiles\system.tmp
2023-09-12 21:24:45,833 [INFO] CodeEngine:311 - oldGeneratedFile, D:\JU\Microdata_Technology\Mikrodatateknik_HT2023\labs\lab2\trafikljus\Core\Inc\stm32f4xx_hal_conf.h_save
2023-09-12 21:24:45,907 [INFO] CodeEngine:335 - Generated code: D:\JU\Microdata_Technology\Mikrodatateknik_HT2023\labs\lab2\trafikljus\Core\Inc\stm32f4xx_hal_conf.h
2023-09-12 21:24:45,962 [INFO] CodeEngine:255 - oldGeneratedFile, D:\JU\Microdata_Technology\Mikrodatateknik_HT2023\labs\lab2\trafikljus\Core\Inc\main.h_save
2023-09-12 21:24:46,046 [INFO] CodeEngine:279 - Generated code: D:\JU\Microdata_Technology\Mikrodatateknik_HT2023\labs\lab2\trafikljus\Core\Inc\main.h
2023-09-12 21:24:46,062 [INFO] CodeEngine:255 - oldGeneratedFile, D:\JU\Microdata_Technology\Mikrodatateknik_HT2023\labs\lab2\trafikljus\Core\Src\main.c_save
2023-09-12 21:24:46,189 [INFO] CodeEngine:279 - Generated code: D:\JU\Microdata_Technology\Mikrodatateknik_HT2023\labs\lab2\trafikljus\Core\Src\main.c
2023-09-12 21:24:46,576 [INFO] ProjectBuilder:3064 - Time for Copy HAL[1] : 96mS.
2023-09-12 21:24:46,580 [INFO] ProjectBuilder:4404 - Project Generator version: 4.1.0
2023-09-12 21:24:46,808 [INFO] ConfigFileManager:1457 - The Die is : DIE431
2023-09-12 21:24:46,858 [INFO] ApiDbMcu:507 - Load IP Config File for FATFS
2023-09-12 21:24:46,870 [INFO] ApiDbMcu:507 - Load IP Config File for FREERTOS
2023-09-12 21:24:46,880 [INFO] ApiDbMcu:507 - Load IP Config File for LIBJPEG
2023-09-12 21:24:46,900 [INFO] ApiDbMcu:507 - Load IP Config File for MBEDTLS
2023-09-12 21:24:46,920 [INFO] ApiDbMcu:507 - Load IP Config File for USB_DEVICE
2023-09-12 21:24:46,935 [INFO] ApiDbMcu:507 - Load IP Config File for USB_HOST
2023-09-12 21:24:47,829 [INFO] LogOutputStream:77 - [STDOUT_REDIRECT] 
2023-09-12 21:24:49,334 [INFO] ProjectBuilder:4626 - Time for Generating toolchain IDE Files: 2754mS.
2023-09-12 21:24:49,335 [INFO] ProjectBuilder:2935 - Time for Copy CMSIS : 0mS.
2023-09-12 21:24:49,335 [INFO] ProjectBuilder:2935 - Time for Copy CMSIS : 0mS.
